<?xml version="1.0" encoding="UTF-8"?>
<coverage generated="1750673940709" clover="3.2.0">
  <project timestamp="1750673940709" name="All files">
    <metrics statements="2936" coveredstatements="2350" conditionals="1975" coveredconditionals="1586" methods="1107" coveredmethods="831" elements="6018" coveredelements="4767" complexity="0" loc="2936" ncloc="2936" packages="56" files="293" classes="293"/>
    <package name="src">
      <metrics statements="54" coveredstatements="0" conditionals="0" coveredconditionals="0" methods="25" coveredmethods="0"/>
      <file name="routeTree.gen.ts" path="/home/xs517-vissai/Documents/code/nexastack-ai-frontend/src/routeTree.gen.ts">
        <metrics statements="54" coveredstatements="0" conditionals="0" coveredconditionals="0" methods="25" coveredmethods="0"/>
        <line num="42" count="0" type="stmt"/>
        <line num="45" count="0" type="stmt"/>
        <line num="48" count="0" type="stmt"/>
        <line num="51" count="0" type="stmt"/>
        <line num="54" count="0" type="stmt"/>
        <line num="57" count="0" type="stmt"/>
        <line num="60" count="0" type="stmt"/>
        <line num="63" count="0" type="stmt"/>
        <line num="66" count="0" type="stmt"/>
        <line num="69" count="0" type="stmt"/>
        <line num="72" count="0" type="stmt"/>
        <line num="75" count="0" type="stmt"/>
        <line num="78" count="0" type="stmt"/>
        <line num="81" count="0" type="stmt"/>
        <line num="84" count="0" type="stmt"/>
        <line num="87" count="0" type="stmt"/>
        <line num="90" count="0" type="stmt"/>
        <line num="93" count="0" type="stmt"/>
        <line num="96" count="0" type="stmt"/>
        <line num="99" count="0" type="stmt"/>
        <line num="102" count="0" type="stmt"/>
        <line num="104" count="0" type="stmt"/>
        <line num="107" count="0" type="stmt"/>
        <line num="110" count="0" type="stmt"/>
        <line num="113" count="0" type="stmt"/>
        <line num="116" count="0" type="stmt"/>
        <line num="119" count="0" type="stmt"/>
        <line num="122" count="0" type="stmt"/>
        <line num="125" count="0" type="stmt"/>
        <line num="128" count="0" type="stmt"/>
        <line num="131" count="0" type="stmt"/>
        <line num="134" count="0" type="stmt"/>
        <line num="137" count="0" type="stmt"/>
        <line num="140" count="0" type="stmt"/>
        <line num="143" count="0" type="stmt"/>
        <line num="146" count="0" type="stmt"/>
        <line num="149" count="0" type="stmt"/>
        <line num="152" count="0" type="stmt"/>
        <line num="155" count="0" type="stmt"/>
        <line num="158" count="0" type="stmt"/>
        <line num="161" count="0" type="stmt"/>
        <line num="164" count="0" type="stmt"/>
        <line num="167" count="0" type="stmt"/>
        <line num="170" count="0" type="stmt"/>
        <line num="173" count="0" type="stmt"/>
        <line num="176" count="0" type="stmt"/>
        <line num="179" count="0" type="stmt"/>
        <line num="182" count="0" type="stmt"/>
        <line num="185" count="0" type="stmt"/>
        <line num="188" count="0" type="stmt"/>
        <line num="391" count="0" type="stmt"/>
        <line num="407" count="0" type="stmt"/>
        <line num="594" count="0" type="stmt"/>
        <line num="609" count="0" type="stmt"/>
      </file>
    </package>
    <package name="src.api">
      <metrics statements="141" coveredstatements="141" conditionals="3" coveredconditionals="3" methods="53" coveredmethods="53"/>
      <file name="addClusterApi.ts" path="/home/xs517-vissai/Documents/code/nexastack-ai-frontend/src/api/addClusterApi.ts">
        <metrics statements="16" coveredstatements="16" conditionals="0" coveredconditionals="0" methods="7" coveredmethods="7"/>
        <line num="12" count="3" type="stmt"/>
        <line num="16" count="1" type="stmt"/>
        <line num="25" count="1" type="stmt"/>
        <line num="30" count="1" type="stmt"/>
        <line num="34" count="1" type="stmt"/>
        <line num="39" count="1" type="stmt"/>
        <line num="40" count="1" type="stmt"/>
        <line num="44" count="1" type="stmt"/>
        <line num="48" count="1" type="stmt"/>
        <line num="52" count="1" type="stmt"/>
        <line num="55" count="1" type="stmt"/>
        <line num="59" count="1" type="stmt"/>
        <line num="63" count="1" type="stmt"/>
        <line num="68" count="1" type="stmt"/>
        <line num="69" count="1" type="stmt"/>
        <line num="73" count="3" type="stmt"/>
      </file>
      <file name="authApi.ts" path="/home/xs517-vissai/Documents/code/nexastack-ai-frontend/src/api/authApi.ts">
        <metrics statements="16" coveredstatements="16" conditionals="0" coveredconditionals="0" methods="7" coveredmethods="7"/>
        <line num="12" count="1" type="stmt"/>
        <line num="15" count="1" type="stmt"/>
        <line num="16" count="1" type="stmt"/>
        <line num="20" count="1" type="stmt"/>
        <line num="21" count="1" type="stmt"/>
        <line num="25" count="1" type="stmt"/>
        <line num="26" count="1" type="stmt"/>
        <line num="30" count="1" type="stmt"/>
        <line num="31" count="1" type="stmt"/>
        <line num="35" count="1" type="stmt"/>
        <line num="36" count="1" type="stmt"/>
        <line num="40" count="1" type="stmt"/>
        <line num="41" count="1" type="stmt"/>
        <line num="45" count="1" type="stmt"/>
        <line num="46" count="1" type="stmt"/>
        <line num="50" count="1" type="stmt"/>
      </file>
      <file name="clustersApi.ts" path="/home/xs517-vissai/Documents/code/nexastack-ai-frontend/src/api/clustersApi.ts">
        <metrics statements="6" coveredstatements="6" conditionals="0" coveredconditionals="0" methods="2" coveredmethods="2"/>
        <line num="4" count="2" type="stmt"/>
        <line num="7" count="1" type="stmt"/>
        <line num="8" count="1" type="stmt"/>
        <line num="12" count="1" type="stmt"/>
        <line num="13" count="1" type="stmt"/>
        <line num="17" count="2" type="stmt"/>
      </file>
      <file name="deploymentApi.ts" path="/home/xs517-vissai/Documents/code/nexastack-ai-frontend/src/api/deploymentApi.ts">
        <metrics statements="10" coveredstatements="10" conditionals="0" coveredconditionals="0" methods="4" coveredmethods="4"/>
        <line num="9" count="1" type="stmt"/>
        <line num="12" count="1" type="stmt"/>
        <line num="13" count="1" type="stmt"/>
        <line num="17" count="1" type="stmt"/>
        <line num="21" count="1" type="stmt"/>
        <line num="25" count="1" type="stmt"/>
        <line num="26" count="1" type="stmt"/>
        <line num="30" count="1" type="stmt"/>
        <line num="31" count="1" type="stmt"/>
        <line num="35" count="1" type="stmt"/>
      </file>
      <file name="deploymentsApi.ts" path="/home/xs517-vissai/Documents/code/nexastack-ai-frontend/src/api/deploymentsApi.ts">
        <metrics statements="6" coveredstatements="6" conditionals="0" coveredconditionals="0" methods="2" coveredmethods="2"/>
        <line num="4" count="1" type="stmt"/>
        <line num="7" count="1" type="stmt"/>
        <line num="8" count="1" type="stmt"/>
        <line num="12" count="1" type="stmt"/>
        <line num="13" count="1" type="stmt"/>
        <line num="17" count="1" type="stmt"/>
      </file>
      <file name="headerApi.ts" path="/home/xs517-vissai/Documents/code/nexastack-ai-frontend/src/api/headerApi.ts">
        <metrics statements="7" coveredstatements="7" conditionals="0" coveredconditionals="0" methods="2" coveredmethods="2"/>
        <line num="6" count="1" type="stmt"/>
        <line num="9" count="1" type="stmt"/>
        <line num="10" count="1" type="stmt"/>
        <line num="15" count="1" type="stmt"/>
        <line num="20" count="1" type="stmt"/>
        <line num="23" count="1" type="stmt"/>
        <line num="31" count="1" type="stmt"/>
      </file>
      <file name="marketplaceApi.ts" path="/home/xs517-vissai/Documents/code/nexastack-ai-frontend/src/api/marketplaceApi.ts">
        <metrics statements="8" coveredstatements="8" conditionals="0" coveredconditionals="0" methods="3" coveredmethods="3"/>
        <line num="8" count="1" type="stmt"/>
        <line num="11" count="1" type="stmt"/>
        <line num="14" count="1" type="stmt"/>
        <line num="18" count="1" type="stmt"/>
        <line num="19" count="1" type="stmt"/>
        <line num="23" count="1" type="stmt"/>
        <line num="24" count="1" type="stmt"/>
        <line num="28" count="1" type="stmt"/>
      </file>
      <file name="memberInvitationApi.ts" path="/home/xs517-vissai/Documents/code/nexastack-ai-frontend/src/api/memberInvitationApi.ts">
        <metrics statements="10" coveredstatements="10" conditionals="0" coveredconditionals="0" methods="4" coveredmethods="4"/>
        <line num="10" count="1" type="stmt"/>
        <line num="13" count="1" type="stmt"/>
        <line num="14" count="1" type="stmt"/>
        <line num="18" count="1" type="stmt"/>
        <line num="19" count="1" type="stmt"/>
        <line num="23" count="1" type="stmt"/>
        <line num="24" count="1" type="stmt"/>
        <line num="28" count="1" type="stmt"/>
        <line num="32" count="1" type="stmt"/>
        <line num="36" count="1" type="stmt"/>
      </file>
      <file name="platformSetupApi.ts" path="/home/xs517-vissai/Documents/code/nexastack-ai-frontend/src/api/platformSetupApi.ts">
        <metrics statements="8" coveredstatements="8" conditionals="0" coveredconditionals="0" methods="3" coveredmethods="3"/>
        <line num="9" count="1" type="stmt"/>
        <line num="12" count="1" type="stmt"/>
        <line num="13" count="1" type="stmt"/>
        <line num="17" count="1" type="stmt"/>
        <line num="21" count="1" type="stmt"/>
        <line num="25" count="1" type="stmt"/>
        <line num="26" count="1" type="stmt"/>
        <line num="30" count="1" type="stmt"/>
      </file>
      <file name="playgroundApi.ts" path="/home/xs517-vissai/Documents/code/nexastack-ai-frontend/src/api/playgroundApi.ts">
        <metrics statements="8" coveredstatements="8" conditionals="0" coveredconditionals="0" methods="3" coveredmethods="3"/>
        <line num="8" count="1" type="stmt"/>
        <line num="11" count="1" type="stmt"/>
        <line num="12" count="1" type="stmt"/>
        <line num="16" count="1" type="stmt"/>
        <line num="17" count="1" type="stmt"/>
        <line num="21" count="1" type="stmt"/>
        <line num="24" count="1" type="stmt"/>
        <line num="28" count="1" type="stmt"/>
      </file>
      <file name="projectApi.ts" path="/home/xs517-vissai/Documents/code/nexastack-ai-frontend/src/api/projectApi.ts">
        <metrics statements="12" coveredstatements="12" conditionals="0" coveredconditionals="0" methods="5" coveredmethods="5"/>
        <line num="5" count="1" type="stmt"/>
        <line num="8" count="1" type="stmt"/>
        <line num="9" count="1" type="stmt"/>
        <line num="13" count="1" type="stmt"/>
        <line num="16" count="1" type="stmt"/>
        <line num="20" count="1" type="stmt"/>
        <line num="23" count="1" type="stmt"/>
        <line num="27" count="1" type="stmt"/>
        <line num="31" count="1" type="stmt"/>
        <line num="35" count="1" type="stmt"/>
        <line num="36" count="1" type="stmt"/>
        <line num="40" count="1" type="stmt"/>
      </file>
      <file name="projectsApi.ts" path="/home/xs517-vissai/Documents/code/nexastack-ai-frontend/src/api/projectsApi.ts">
        <metrics statements="6" coveredstatements="6" conditionals="0" coveredconditionals="0" methods="2" coveredmethods="2"/>
        <line num="5" count="2" type="stmt"/>
        <line num="8" count="1" type="stmt"/>
        <line num="9" count="1" type="stmt"/>
        <line num="13" count="1" type="stmt"/>
        <line num="14" count="1" type="stmt"/>
        <line num="18" count="2" type="stmt"/>
      </file>
      <file name="rolesApi.ts" path="/home/xs517-vissai/Documents/code/nexastack-ai-frontend/src/api/rolesApi.ts">
        <metrics statements="4" coveredstatements="4" conditionals="0" coveredconditionals="0" methods="1" coveredmethods="1"/>
        <line num="4" count="1" type="stmt"/>
        <line num="7" count="2" type="stmt"/>
        <line num="8" count="1" type="stmt"/>
        <line num="12" count="1" type="stmt"/>
      </file>
      <file name="serverApi.ts" path="/home/xs517-vissai/Documents/code/nexastack-ai-frontend/src/api/serverApi.ts">
        <metrics statements="6" coveredstatements="6" conditionals="0" coveredconditionals="0" methods="2" coveredmethods="2"/>
        <line num="4" count="2" type="stmt"/>
        <line num="7" count="2" type="stmt"/>
        <line num="12" count="1" type="stmt"/>
        <line num="16" count="2" type="stmt"/>
        <line num="19" count="1" type="stmt"/>
        <line num="23" count="2" type="stmt"/>
      </file>
      <file name="serversApi.ts" path="/home/xs517-vissai/Documents/code/nexastack-ai-frontend/src/api/serversApi.ts">
        <metrics statements="4" coveredstatements="4" conditionals="3" coveredconditionals="3" methods="1" coveredmethods="1"/>
        <line num="4" count="2" type="stmt"/>
        <line num="7" count="3" type="stmt"/>
        <line num="10" count="2" type="stmt"/>
        <line num="14" count="2" type="stmt"/>
      </file>
      <file name="userDetailsApi.ts" path="/home/xs517-vissai/Documents/code/nexastack-ai-frontend/src/api/userDetailsApi.ts">
        <metrics statements="8" coveredstatements="8" conditionals="0" coveredconditionals="0" methods="3" coveredmethods="3"/>
        <line num="8" count="2" type="stmt"/>
        <line num="11" count="2" type="stmt"/>
        <line num="12" count="1" type="stmt"/>
        <line num="16" count="2" type="stmt"/>
        <line num="17" count="1" type="stmt"/>
        <line num="21" count="3" type="stmt"/>
        <line num="22" count="2" type="stmt"/>
        <line num="26" count="2" type="stmt"/>
      </file>
      <file name="workspaceApi.ts" path="/home/xs517-vissai/Documents/code/nexastack-ai-frontend/src/api/workspaceApi.ts">
        <metrics statements="6" coveredstatements="6" conditionals="0" coveredconditionals="0" methods="2" coveredmethods="2"/>
        <line num="5" count="1" type="stmt"/>
        <line num="8" count="2" type="stmt"/>
        <line num="9" count="1" type="stmt"/>
        <line num="13" count="2" type="stmt"/>
        <line num="14" count="1" type="stmt"/>
        <line num="18" count="1" type="stmt"/>
      </file>
    </package>
    <package name="src.assets.agent-icons">
      <metrics statements="1" coveredstatements="0" conditionals="0" coveredconditionals="0" methods="0" coveredmethods="0"/>
      <file name="index.ts" path="/home/xs517-vissai/Documents/code/nexastack-ai-frontend/src/assets/agent-icons/index.ts">
        <metrics statements="1" coveredstatements="0" conditionals="0" coveredconditionals="0" methods="0" coveredmethods="0"/>
        <line num="36" count="0" type="stmt"/>
      </file>
    </package>
    <package name="src.assets.mcp-icons">
      <metrics statements="1" coveredstatements="1" conditionals="0" coveredconditionals="0" methods="0" coveredmethods="0"/>
      <file name="index.ts" path="/home/xs517-vissai/Documents/code/nexastack-ai-frontend/src/assets/mcp-icons/index.ts">
        <metrics statements="1" coveredstatements="1" conditionals="0" coveredconditionals="0" methods="0" coveredmethods="0"/>
        <line num="151" count="2" type="stmt"/>
      </file>
    </package>
    <package name="src.components">
      <metrics statements="15" coveredstatements="15" conditionals="6" coveredconditionals="6" methods="3" coveredmethods="3"/>
      <file name="RouteProtection.tsx" path="/home/xs517-vissai/Documents/code/nexastack-ai-frontend/src/components/RouteProtection.tsx">
        <metrics statements="15" coveredstatements="15" conditionals="6" coveredconditionals="6" methods="3" coveredmethods="3"/>
        <line num="20" count="1" type="stmt"/>
        <line num="21" count="2" type="stmt"/>
        <line num="23" count="2" type="cond" truecount="2" falsecount="0"/>
        <line num="24" count="1" type="stmt"/>
        <line num="27" count="1" type="stmt"/>
        <line num="34" count="1" type="stmt"/>
        <line num="35" count="2" type="stmt"/>
        <line num="37" count="2" type="cond" truecount="2" falsecount="0"/>
        <line num="38" count="1" type="stmt"/>
        <line num="41" count="1" type="stmt"/>
        <line num="49" count="1" type="stmt"/>
        <line num="53" count="3" type="stmt"/>
        <line num="55" count="3" type="cond" truecount="2" falsecount="0"/>
        <line num="56" count="1" type="stmt"/>
        <line num="59" count="2" type="stmt"/>
      </file>
    </package>
    <package name="src.components.accountSettings">
      <metrics statements="77" coveredstatements="69" conditionals="98" coveredconditionals="80" methods="30" coveredmethods="25"/>
      <file name="AccountSettingsBody.tsx" path="/home/xs517-vissai/Documents/code/nexastack-ai-frontend/src/components/accountSettings/AccountSettingsBody.tsx">
        <metrics statements="6" coveredstatements="6" conditionals="6" coveredconditionals="6" methods="3" coveredmethods="3"/>
        <line num="12" count="10" type="stmt"/>
        <line num="14" count="10" type="stmt"/>
        <line num="16" count="10" type="stmt"/>
        <line num="37" count="10" type="stmt"/>
        <line num="52" count="30" type="stmt"/>
        <line num="66" count="30" type="stmt"/>
      </file>
      <file name="AccountSettingsFallback.tsx" path="/home/xs517-vissai/Documents/code/nexastack-ai-frontend/src/components/accountSettings/AccountSettingsFallback.tsx">
        <metrics statements="6" coveredstatements="6" conditionals="14" coveredconditionals="7" methods="5" coveredmethods="5"/>
        <line num="14" count="4" type="stmt"/>
        <line num="16" count="4" type="stmt"/>
        <line num="65" count="4" type="stmt"/>
        <line num="95" count="4" type="stmt"/>
        <line num="125" count="4" type="stmt"/>
        <line num="138" count="12" type="stmt"/>
      </file>
      <file name="AccountSettingsHeader.tsx" path="/home/xs517-vissai/Documents/code/nexastack-ai-frontend/src/components/accountSettings/AccountSettingsHeader.tsx">
        <metrics statements="1" coveredstatements="1" conditionals="0" coveredconditionals="0" methods="1" coveredmethods="1"/>
        <line num="8" count="4" type="stmt"/>
      </file>
      <file name="ChangePassword.tsx" path="/home/xs517-vissai/Documents/code/nexastack-ai-frontend/src/components/accountSettings/ChangePassword.tsx">
        <metrics statements="19" coveredstatements="16" conditionals="4" coveredconditionals="2" methods="7" coveredmethods="4"/>
        <line num="26" count="1" type="stmt"/>
        <line num="34" count="14" type="stmt"/>
        <line num="35" count="14" type="stmt"/>
        <line num="37" count="14" type="stmt"/>
        <line num="52" count="0" type="stmt"/>
        <line num="57" count="14" type="stmt"/>
        <line num="67" count="14" type="stmt"/>
        <line num="69" count="14" type="stmt"/>
        <line num="70" count="56" type="stmt"/>
        <line num="77" count="14" type="stmt"/>
        <line num="78" count="14" type="cond" truecount="2" falsecount="2"/>
        <line num="80" count="14" type="stmt"/>
        <line num="81" count="3" type="stmt"/>
        <line num="85" count="3" type="stmt"/>
        <line num="87" count="1" type="stmt"/>
        <line num="88" count="1" type="stmt"/>
        <line num="93" count="14" type="stmt"/>
        <line num="131" count="0" type="stmt"/>
        <line num="132" count="0" type="stmt"/>
      </file>
      <file name="PasswordRequirement.tsx" path="/home/xs517-vissai/Documents/code/nexastack-ai-frontend/src/components/accountSettings/PasswordRequirement.tsx">
        <metrics statements="1" coveredstatements="1" conditionals="4" coveredconditionals="4" methods="1" coveredmethods="1"/>
        <line num="11" count="14" type="stmt"/>
      </file>
      <file name="ProjectDetails.tsx" path="/home/xs517-vissai/Documents/code/nexastack-ai-frontend/src/components/accountSettings/ProjectDetails.tsx">
        <metrics statements="10" coveredstatements="10" conditionals="10" coveredconditionals="9" methods="4" coveredmethods="4"/>
        <line num="28" count="13" type="stmt"/>
        <line num="29" count="13" type="stmt"/>
        <line num="32" count="13" type="stmt"/>
        <line num="33" count="13" type="stmt"/>
        <line num="39" count="13" type="stmt"/>
        <line num="40" count="1" type="stmt"/>
        <line num="43" count="13" type="stmt"/>
        <line num="44" count="51" type="stmt"/>
        <line num="67" count="13" type="stmt"/>
        <line num="97" count="51" type="stmt"/>
      </file>
      <file name="UserDetails.tsx" path="/home/xs517-vissai/Documents/code/nexastack-ai-frontend/src/components/accountSettings/UserDetails.tsx">
        <metrics statements="25" coveredstatements="20" conditionals="42" coveredconditionals="37" methods="6" coveredmethods="4"/>
        <line num="25" count="7" type="cond" truecount="2" falsecount="0"/>
        <line num="26" count="7" type="cond" truecount="2" falsecount="0"/>
        <line num="27" count="7" type="cond" truecount="2" falsecount="0"/>
        <line num="28" count="7" type="cond" truecount="2" falsecount="0"/>
        <line num="29" count="7" type="cond" truecount="2" falsecount="0"/>
        <line num="33" count="7" type="stmt"/>
        <line num="34" count="7" type="stmt"/>
        <line num="36" count="7" type="stmt"/>
        <line num="45" count="7" type="stmt"/>
        <line num="54" count="7" type="stmt"/>
        <line num="55" count="0" type="stmt"/>
        <line num="60" count="0" type="stmt"/>
        <line num="63" count="0" type="stmt"/>
        <line num="64" count="0" type="stmt"/>
        <line num="69" count="7" type="stmt"/>
        <line num="70" count="42" type="cond" truecount="3" falsecount="1"/>
        <line num="72" count="14" type="stmt"/>
        <line num="74" count="14" type="stmt"/>
        <line num="76" count="14" type="stmt"/>
        <line num="78" count="0" type="stmt"/>
        <line num="82" count="7" type="stmt"/>
        <line num="83" count="70" type="stmt"/>
        <line num="86" count="7" type="stmt"/>
        <line num="113" count="7" type="stmt"/>
        <line num="128" count="42" type="stmt"/>
      </file>
      <file name="UserProfileHeader.tsx" path="/home/xs517-vissai/Documents/code/nexastack-ai-frontend/src/components/accountSettings/UserProfileHeader.tsx">
        <metrics statements="6" coveredstatements="6" conditionals="10" coveredconditionals="10" methods="1" coveredmethods="1"/>
        <line num="19" count="15" type="cond" truecount="2" falsecount="0"/>
        <line num="20" count="15" type="cond" truecount="2" falsecount="0"/>
        <line num="21" count="15" type="cond" truecount="2" falsecount="0"/>
        <line num="24" count="15" type="stmt"/>
        <line num="26" count="15" type="stmt"/>
        <line num="27" count="15" type="stmt"/>
      </file>
      <file name="WorkspaceDetails.tsx" path="/home/xs517-vissai/Documents/code/nexastack-ai-frontend/src/components/accountSettings/WorkspaceDetails.tsx">
        <metrics statements="3" coveredstatements="3" conditionals="8" coveredconditionals="5" methods="2" coveredmethods="2"/>
        <line num="15" count="8" type="stmt"/>
        <line num="17" count="8" type="stmt"/>
        <line num="51" count="8" type="stmt"/>
      </file>
      <file name="index.ts" path="/home/xs517-vissai/Documents/code/nexastack-ai-frontend/src/components/accountSettings/index.ts">
        <metrics statements="0" coveredstatements="0" conditionals="0" coveredconditionals="0" methods="0" coveredmethods="0"/>
      </file>
    </package>
    <package name="src.components.addCluster">
      <metrics statements="18" coveredstatements="18" conditionals="24" coveredconditionals="24" methods="8" coveredmethods="8"/>
      <file name="AddClusterCards.tsx" path="/home/xs517-vissai/Documents/code/nexastack-ai-frontend/src/components/addCluster/AddClusterCards.tsx">
        <metrics statements="15" coveredstatements="15" conditionals="24" coveredconditionals="24" methods="5" coveredmethods="5"/>
        <line num="15" count="2" type="stmt"/>
        <line num="21" count="2" type="stmt"/>
        <line num="28" count="19" type="stmt"/>
        <line num="31" count="19" type="stmt"/>
        <line num="34" count="19" type="stmt"/>
        <line num="38" count="19" type="stmt"/>
        <line num="39" count="19" type="stmt"/>
        <line num="40" count="19" type="stmt"/>
        <line num="42" count="19" type="stmt"/>
        <line num="44" count="19" type="stmt"/>
        <line num="45" count="8" type="stmt"/>
        <line num="48" count="19" type="stmt"/>
        <line num="76" count="57" type="stmt"/>
        <line num="86" count="8" type="stmt"/>
        <line num="119" count="4" type="stmt"/>
      </file>
      <file name="AddClusterFallback.tsx" path="/home/xs517-vissai/Documents/code/nexastack-ai-frontend/src/components/addCluster/AddClusterFallback.tsx">
        <metrics statements="2" coveredstatements="2" conditionals="0" coveredconditionals="0" methods="2" coveredmethods="2"/>
        <line num="5" count="5" type="stmt"/>
        <line num="18" count="15" type="stmt"/>
      </file>
      <file name="AddClusterHeader.tsx" path="/home/xs517-vissai/Documents/code/nexastack-ai-frontend/src/components/addCluster/AddClusterHeader.tsx">
        <metrics statements="1" coveredstatements="1" conditionals="0" coveredconditionals="0" methods="1" coveredmethods="1"/>
        <line num="4" count="1" type="stmt"/>
      </file>
      <file name="index.ts" path="/home/xs517-vissai/Documents/code/nexastack-ai-frontend/src/components/addCluster/index.ts">
        <metrics statements="0" coveredstatements="0" conditionals="0" coveredconditionals="0" methods="0" coveredmethods="0"/>
      </file>
    </package>
    <package name="src.components.addCluster.Modals">
      <metrics statements="105" coveredstatements="99" conditionals="40" coveredconditionals="25" methods="33" coveredmethods="31"/>
      <file name="AWSModal.tsx" path="/home/xs517-vissai/Documents/code/nexastack-ai-frontend/src/components/addCluster/Modals/AWSModal.tsx">
        <metrics statements="29" coveredstatements="24" conditionals="22" coveredconditionals="13" methods="5" coveredmethods="4"/>
        <line num="22" count="2" type="stmt"/>
        <line num="30" count="15" type="stmt"/>
        <line num="31" count="15" type="stmt"/>
        <line num="33" count="15" type="stmt"/>
        <line num="34" count="15" type="stmt"/>
        <line num="35" count="15" type="stmt"/>
        <line num="37" count="15" type="stmt"/>
        <line num="40" count="15" type="stmt"/>
        <line num="42" count="15" type="stmt"/>
        <line num="44" count="12" type="cond" truecount="4" falsecount="0"/>
        <line num="45" count="7" type="stmt"/>
        <line num="47" count="7" type="cond" truecount="1" falsecount="1"/>
        <line num="48" count="0" type="stmt"/>
        <line num="51" count="7" type="stmt"/>
        <line num="52" count="7" type="cond" truecount="1" falsecount="1"/>
        <line num="54" count="7" type="stmt"/>
        <line num="56" count="7" type="stmt"/>
        <line num="59" count="5" type="cond" truecount="1" falsecount="1"/>
        <line num="61" count="0" type="cond" truecount="0" falsecount="2"/>
        <line num="62" count="0" type="stmt"/>
        <line num="65" count="0" type="stmt"/>
        <line num="74" count="0" type="stmt"/>
        <line num="81" count="5" type="cond" truecount="1" falsecount="1"/>
        <line num="82" count="5" type="stmt"/>
        <line num="86" count="15" type="stmt"/>
        <line num="87" count="1" type="cond" truecount="1" falsecount="1"/>
        <line num="88" count="1" type="stmt"/>
        <line num="92" count="15" type="stmt"/>
        <line num="151" count="60" type="stmt"/>
      </file>
      <file name="AzureModal.tsx" path="/home/xs517-vissai/Documents/code/nexastack-ai-frontend/src/components/addCluster/Modals/AzureModal.tsx">
        <metrics statements="21" coveredstatements="20" conditionals="6" coveredconditionals="4" methods="8" coveredmethods="7"/>
        <line num="37" count="2" type="stmt"/>
        <line num="44" count="28" type="stmt"/>
        <line num="47" count="28" type="stmt"/>
        <line num="50" count="28" type="stmt"/>
        <line num="53" count="28" type="stmt"/>
        <line num="63" count="28" type="stmt"/>
        <line num="69" count="28" type="stmt"/>
        <line num="71" count="4" type="stmt"/>
        <line num="75" count="28" type="stmt"/>
        <line num="76" count="2" type="stmt"/>
        <line num="87" count="2" type="stmt"/>
        <line num="94" count="28" type="stmt"/>
        <line num="95" count="1" type="stmt"/>
        <line num="96" count="1" type="stmt"/>
        <line num="98" count="1" type="stmt"/>
        <line num="102" count="28" type="stmt"/>
        <line num="103" count="0" type="stmt"/>
        <line num="106" count="28" type="stmt"/>
        <line num="218" count="4" type="stmt"/>
        <line num="263" count="1" type="stmt"/>
        <line num="264" count="1" type="stmt"/>
      </file>
      <file name="GCPModal.tsx" path="/home/xs517-vissai/Documents/code/nexastack-ai-frontend/src/components/addCluster/Modals/GCPModal.tsx">
        <metrics statements="21" coveredstatements="21" conditionals="6" coveredconditionals="4" methods="8" coveredmethods="8"/>
        <line num="37" count="2" type="stmt"/>
        <line num="42" count="26" type="stmt"/>
        <line num="44" count="26" type="stmt"/>
        <line num="47" count="26" type="stmt"/>
        <line num="50" count="26" type="stmt"/>
        <line num="58" count="26" type="stmt"/>
        <line num="64" count="26" type="stmt"/>
        <line num="66" count="6" type="stmt"/>
        <line num="70" count="26" type="stmt"/>
        <line num="71" count="2" type="stmt"/>
        <line num="78" count="2" type="stmt"/>
        <line num="85" count="26" type="stmt"/>
        <line num="86" count="1" type="stmt"/>
        <line num="87" count="1" type="stmt"/>
        <line num="89" count="1" type="stmt"/>
        <line num="93" count="26" type="stmt"/>
        <line num="94" count="1" type="stmt"/>
        <line num="97" count="26" type="stmt"/>
        <line num="198" count="5" type="stmt"/>
        <line num="243" count="1" type="stmt"/>
        <line num="244" count="1" type="stmt"/>
      </file>
      <file name="ManagedNexastackModal.tsx" path="/home/xs517-vissai/Documents/code/nexastack-ai-frontend/src/components/addCluster/Modals/ManagedNexastackModal.tsx">
        <metrics statements="13" coveredstatements="13" conditionals="0" coveredconditionals="0" methods="4" coveredmethods="4"/>
        <line num="26" count="2" type="stmt"/>
        <line num="31" count="14" type="stmt"/>
        <line num="33" count="14" type="stmt"/>
        <line num="36" count="14" type="stmt"/>
        <line num="39" count="14" type="stmt"/>
        <line num="47" count="14" type="stmt"/>
        <line num="48" count="2" type="stmt"/>
        <line num="55" count="2" type="stmt"/>
        <line num="62" count="14" type="stmt"/>
        <line num="63" count="1" type="stmt"/>
        <line num="64" count="1" type="stmt"/>
        <line num="66" count="1" type="stmt"/>
        <line num="69" count="14" type="stmt"/>
      </file>
      <file name="OnPremisesModal.tsx" path="/home/xs517-vissai/Documents/code/nexastack-ai-frontend/src/components/addCluster/Modals/OnPremisesModal.tsx">
        <metrics statements="21" coveredstatements="21" conditionals="6" coveredconditionals="4" methods="8" coveredmethods="8"/>
        <line num="37" count="2" type="stmt"/>
        <line num="44" count="29" type="stmt"/>
        <line num="47" count="29" type="stmt"/>
        <line num="50" count="29" type="stmt"/>
        <line num="53" count="29" type="stmt"/>
        <line num="63" count="29" type="stmt"/>
        <line num="69" count="29" type="stmt"/>
        <line num="71" count="9" type="stmt"/>
        <line num="75" count="29" type="stmt"/>
        <line num="76" count="3" type="stmt"/>
        <line num="87" count="3" type="stmt"/>
        <line num="94" count="29" type="stmt"/>
        <line num="95" count="1" type="stmt"/>
        <line num="96" count="1" type="stmt"/>
        <line num="98" count="1" type="stmt"/>
        <line num="102" count="29" type="stmt"/>
        <line num="103" count="1" type="stmt"/>
        <line num="106" count="29" type="stmt"/>
        <line num="219" count="9" type="stmt"/>
        <line num="264" count="1" type="stmt"/>
        <line num="265" count="1" type="stmt"/>
      </file>
    </package>
    <package name="src.components.addCluster.Modals.AWSModal">
      <metrics statements="36" coveredstatements="34" conditionals="10" coveredconditionals="9" methods="17" coveredmethods="17"/>
      <file name="AssignPermissions.tsx" path="/home/xs517-vissai/Documents/code/nexastack-ai-frontend/src/components/addCluster/Modals/AWSModal/AssignPermissions.tsx">
        <metrics statements="29" coveredstatements="27" conditionals="2" coveredconditionals="1" methods="12" coveredmethods="12"/>
        <line num="15" count="2" type="stmt"/>
        <line num="52" count="2" type="stmt"/>
        <line num="62" count="2" type="stmt"/>
        <line num="63" count="19" type="stmt"/>
        <line num="64" count="19" type="stmt"/>
        <line num="65" count="19" type="stmt"/>
        <line num="67" count="19" type="stmt"/>
        <line num="68" count="19" type="stmt"/>
        <line num="76" count="19" type="stmt"/>
        <line num="77" count="2" type="stmt"/>
        <line num="85" count="2" type="stmt"/>
        <line num="87" count="1" type="stmt"/>
        <line num="89" count="2" type="stmt"/>
        <line num="96" count="1" type="stmt"/>
        <line num="97" count="1" type="stmt"/>
        <line num="105" count="19" type="stmt"/>
        <line num="107" count="2" type="stmt"/>
        <line num="108" count="2" type="stmt"/>
        <line num="111" count="2" type="stmt"/>
        <line num="112" count="2" type="stmt"/>
        <line num="114" count="2" type="cond" truecount="1" falsecount="1"/>
        <line num="115" count="0" type="stmt"/>
        <line num="116" count="0" type="stmt"/>
        <line num="119" count="2" type="stmt"/>
        <line num="127" count="1" type="stmt"/>
        <line num="128" count="1" type="stmt"/>
        <line num="131" count="1" type="stmt"/>
        <line num="139" count="19" type="stmt"/>
        <line num="153" count="646" type="stmt"/>
      </file>
      <file name="ConfigureAccount.tsx" path="/home/xs517-vissai/Documents/code/nexastack-ai-frontend/src/components/addCluster/Modals/AWSModal/ConfigureAccount.tsx">
        <metrics statements="1" coveredstatements="1" conditionals="0" coveredconditionals="0" methods="1" coveredmethods="1"/>
        <line num="4" count="3" type="stmt"/>
      </file>
      <file name="SelectInstances.tsx" path="/home/xs517-vissai/Documents/code/nexastack-ai-frontend/src/components/addCluster/Modals/AWSModal/SelectInstances.tsx">
        <metrics statements="3" coveredstatements="3" conditionals="2" coveredconditionals="2" methods="2" coveredmethods="2"/>
        <line num="13" count="5" type="stmt"/>
        <line num="15" count="5" type="stmt"/>
        <line num="30" count="5" type="stmt"/>
      </file>
      <file name="SelectTrustedEntity.tsx" path="/home/xs517-vissai/Documents/code/nexastack-ai-frontend/src/components/addCluster/Modals/AWSModal/SelectTrustedEntity.tsx">
        <metrics statements="3" coveredstatements="3" conditionals="6" coveredconditionals="6" methods="2" coveredmethods="2"/>
        <line num="13" count="5" type="stmt"/>
        <line num="15" count="5" type="stmt"/>
        <line num="44" count="1" type="stmt"/>
      </file>
    </package>
    <package name="src.components.authContainer">
      <metrics statements="2" coveredstatements="2" conditionals="2" coveredconditionals="2" methods="1" coveredmethods="1"/>
      <file name="authContainer.tsx" path="/home/xs517-vissai/Documents/code/nexastack-ai-frontend/src/components/authContainer/authContainer.tsx">
        <metrics statements="2" coveredstatements="2" conditionals="2" coveredconditionals="2" methods="1" coveredmethods="1"/>
        <line num="16" count="14" type="stmt"/>
        <line num="18" count="14" type="stmt"/>
      </file>
    </package>
    <package name="src.components.clusters">
      <metrics statements="63" coveredstatements="57" conditionals="96" coveredconditionals="87" methods="30" coveredmethods="26"/>
      <file name="ClustersCard.tsx" path="/home/xs517-vissai/Documents/code/nexastack-ai-frontend/src/components/clusters/ClustersCard.tsx">
        <metrics statements="37" coveredstatements="31" conditionals="54" coveredconditionals="49" methods="16" coveredmethods="12"/>
        <line num="39" count="24" type="stmt"/>
        <line num="40" count="24" type="cond" truecount="6" falsecount="0"/>
        <line num="42" count="19" type="stmt"/>
        <line num="44" count="1" type="stmt"/>
        <line num="46" count="1" type="stmt"/>
        <line num="48" count="1" type="stmt"/>
        <line num="50" count="1" type="stmt"/>
        <line num="52" count="1" type="stmt"/>
        <line num="56" count="1" type="stmt"/>
        <line num="57" count="42" type="cond" truecount="2" falsecount="0"/>
        <line num="58" count="2" type="stmt"/>
        <line num="59" count="40" type="cond" truecount="2" falsecount="0"/>
        <line num="60" count="2" type="stmt"/>
        <line num="61" count="38" type="cond" truecount="4" falsecount="0"/>
        <line num="62" count="36" type="stmt"/>
        <line num="64" count="2" type="stmt"/>
        <line num="73" count="24" type="stmt"/>
        <line num="74" count="24" type="stmt"/>
        <line num="75" count="24" type="stmt"/>
        <line num="77" count="24" type="stmt"/>
        <line num="90" count="24" type="stmt"/>
        <line num="144" count="0" type="cond" truecount="0" falsecount="2"/>
        <line num="145" count="0" type="stmt"/>
        <line num="154" count="0" type="stmt"/>
        <line num="158" count="4" type="stmt"/>
        <line num="186" count="0" type="cond" truecount="0" falsecount="2"/>
        <line num="187" count="0" type="stmt"/>
        <line num="196" count="0" type="stmt"/>
        <line num="200" count="2" type="stmt"/>
        <line num="223" count="92" type="stmt"/>
        <line num="231" count="46" type="stmt"/>
        <line num="233" count="184" type="stmt"/>
        <line num="259" count="1" type="cond" truecount="1" falsecount="1"/>
        <line num="260" count="1" type="stmt"/>
        <line num="269" count="1" type="stmt"/>
        <line num="273" count="42" type="stmt"/>
        <line num="293" count="42" type="stmt"/>
      </file>
      <file name="ClustersFallback.tsx" path="/home/xs517-vissai/Documents/code/nexastack-ai-frontend/src/components/clusters/ClustersFallback.tsx">
        <metrics statements="7" coveredstatements="7" conditionals="8" coveredconditionals="7" methods="5" coveredmethods="5"/>
        <line num="5" count="7" type="stmt"/>
        <line num="6" count="7" type="stmt"/>
        <line num="8" count="7" type="stmt"/>
        <line num="19" count="21" type="stmt"/>
        <line num="43" count="84" type="stmt"/>
        <line num="51" count="42" type="stmt"/>
        <line num="53" count="168" type="stmt"/>
      </file>
      <file name="ClustersHeader.tsx" path="/home/xs517-vissai/Documents/code/nexastack-ai-frontend/src/components/clusters/ClustersHeader.tsx">
        <metrics statements="6" coveredstatements="6" conditionals="4" coveredconditionals="4" methods="2" coveredmethods="2"/>
        <line num="12" count="7" type="stmt"/>
        <line num="13" count="7" type="stmt"/>
        <line num="15" count="7" type="stmt"/>
        <line num="17" count="7" type="stmt"/>
        <line num="18" count="2" type="stmt"/>
        <line num="21" count="7" type="stmt"/>
      </file>
      <file name="ClustersList.tsx" path="/home/xs517-vissai/Documents/code/nexastack-ai-frontend/src/components/clusters/ClustersList.tsx">
        <metrics statements="7" coveredstatements="7" conditionals="18" coveredconditionals="15" methods="4" coveredmethods="4"/>
        <line num="10" count="4" type="cond" truecount="4" falsecount="0"/>
        <line num="11" count="2" type="stmt"/>
        <line num="20" count="2" type="stmt"/>
        <line num="21" count="3" type="stmt"/>
        <line num="28" count="2" type="cond" truecount="1" falsecount="1"/>
        <line num="40" count="2" type="stmt"/>
        <line num="43" count="3" type="stmt"/>
      </file>
      <file name="DeleteClusterModal.tsx" path="/home/xs517-vissai/Documents/code/nexastack-ai-frontend/src/components/clusters/DeleteClusterModal.tsx">
        <metrics statements="6" coveredstatements="6" conditionals="12" coveredconditionals="12" methods="3" coveredmethods="3"/>
        <line num="12" count="9" type="stmt"/>
        <line num="13" count="9" type="stmt"/>
        <line num="15" count="9" type="stmt"/>
        <line num="16" count="2" type="stmt"/>
        <line num="18" count="1" type="stmt"/>
        <line num="23" count="9" type="stmt"/>
      </file>
      <file name="index.ts" path="/home/xs517-vissai/Documents/code/nexastack-ai-frontend/src/components/clusters/index.ts">
        <metrics statements="0" coveredstatements="0" conditionals="0" coveredconditionals="0" methods="0" coveredmethods="0"/>
      </file>
    </package>
    <package name="src.components.confirmEmail">
      <metrics statements="6" coveredstatements="6" conditionals="4" coveredconditionals="4" methods="3" coveredmethods="3"/>
      <file name="ConfirmEmailFormComponent.tsx" path="/home/xs517-vissai/Documents/code/nexastack-ai-frontend/src/components/confirmEmail/ConfirmEmailFormComponent.tsx">
        <metrics statements="5" coveredstatements="5" conditionals="4" coveredconditionals="4" methods="2" coveredmethods="2"/>
        <line num="17" count="8" type="stmt"/>
        <line num="19" count="8" type="stmt"/>
        <line num="22" count="8" type="stmt"/>
        <line num="23" count="1" type="stmt"/>
        <line num="29" count="8" type="stmt"/>
      </file>
      <file name="ConfirmEmailHeader.tsx" path="/home/xs517-vissai/Documents/code/nexastack-ai-frontend/src/components/confirmEmail/ConfirmEmailHeader.tsx">
        <metrics statements="1" coveredstatements="1" conditionals="0" coveredconditionals="0" methods="1" coveredmethods="1"/>
        <line num="5" count="4" type="stmt"/>
      </file>
      <file name="index.ts" path="/home/xs517-vissai/Documents/code/nexastack-ai-frontend/src/components/confirmEmail/index.ts">
        <metrics statements="0" coveredstatements="0" conditionals="0" coveredconditionals="0" methods="0" coveredmethods="0"/>
      </file>
    </package>
    <package name="src.components.containerWithTopBar">
      <metrics statements="2" coveredstatements="2" conditionals="4" coveredconditionals="4" methods="1" coveredmethods="1"/>
      <file name="ContainerWithTopBar.tsx" path="/home/xs517-vissai/Documents/code/nexastack-ai-frontend/src/components/containerWithTopBar/ContainerWithTopBar.tsx">
        <metrics statements="2" coveredstatements="2" conditionals="4" coveredconditionals="4" methods="1" coveredmethods="1"/>
        <line num="11" count="2" type="stmt"/>
        <line num="13" count="2" type="stmt"/>
      </file>
    </package>
    <package name="src.components.deployment">
      <metrics statements="51" coveredstatements="51" conditionals="71" coveredconditionals="67" methods="20" coveredmethods="20"/>
      <file name="ClusterInfoCard.tsx" path="/home/xs517-vissai/Documents/code/nexastack-ai-frontend/src/components/deployment/ClusterInfoCard.tsx">
        <metrics statements="11" coveredstatements="11" conditionals="18" coveredconditionals="18" methods="5" coveredmethods="5"/>
        <line num="10" count="8" type="cond" truecount="5" falsecount="0"/>
        <line num="12" count="3" type="stmt"/>
        <line num="14" count="2" type="stmt"/>
        <line num="16" count="1" type="stmt"/>
        <line num="18" count="1" type="stmt"/>
        <line num="20" count="1" type="stmt"/>
        <line num="30" count="8" type="stmt"/>
        <line num="32" count="8" type="stmt"/>
        <line num="83" count="18" type="stmt"/>
        <line num="91" count="9" type="stmt"/>
        <line num="93" count="27" type="stmt"/>
      </file>
      <file name="ClustersFallback.tsx" path="/home/xs517-vissai/Documents/code/nexastack-ai-frontend/src/components/deployment/ClustersFallback.tsx">
        <metrics statements="2" coveredstatements="2" conditionals="0" coveredconditionals="0" methods="2" coveredmethods="2"/>
        <line num="4" count="6" type="stmt"/>
        <line num="16" count="18" type="stmt"/>
      </file>
      <file name="ClustersList.tsx" path="/home/xs517-vissai/Documents/code/nexastack-ai-frontend/src/components/deployment/ClustersList.tsx">
        <metrics statements="5" coveredstatements="5" conditionals="2" coveredconditionals="2" methods="3" coveredmethods="3"/>
        <line num="16" count="9" type="stmt"/>
        <line num="18" count="9" type="stmt"/>
        <line num="20" count="9" type="stmt"/>
        <line num="28" count="1" type="stmt"/>
        <line num="37" count="1" type="stmt"/>
      </file>
      <file name="ModalDetails.tsx" path="/home/xs517-vissai/Documents/code/nexastack-ai-frontend/src/components/deployment/ModalDetails.tsx">
        <metrics statements="13" coveredstatements="13" conditionals="14" coveredconditionals="14" methods="3" coveredmethods="3"/>
        <line num="27" count="12" type="stmt"/>
        <line num="29" count="12" type="stmt"/>
        <line num="31" count="12" type="stmt"/>
        <line num="32" count="3" type="stmt"/>
        <line num="33" count="3" type="stmt"/>
        <line num="34" count="3" type="stmt"/>
        <line num="36" count="2" type="stmt"/>
        <line num="40" count="12" type="cond" truecount="2" falsecount="0"/>
        <line num="41" count="1" type="stmt"/>
        <line num="45" count="11" type="stmt"/>
        <line num="46" count="11" type="cond" truecount="2" falsecount="0"/>
        <line num="48" count="11" type="stmt"/>
        <line num="121" count="44" type="stmt"/>
      </file>
      <file name="RenderClusters.tsx" path="/home/xs517-vissai/Documents/code/nexastack-ai-frontend/src/components/deployment/RenderClusters.tsx">
        <metrics statements="20" coveredstatements="20" conditionals="37" coveredconditionals="33" methods="7" coveredmethods="7"/>
        <line num="19" count="1" type="stmt"/>
        <line num="31" count="10" type="stmt"/>
        <line num="34" count="10" type="stmt"/>
        <line num="37" count="10" type="stmt"/>
        <line num="39" count="10" type="stmt"/>
        <line num="40" count="10" type="cond" truecount="2" falsecount="0"/>
        <line num="45" count="2" type="stmt"/>
        <line num="54" count="8" type="stmt"/>
        <line num="55" count="13" type="stmt"/>
        <line num="56" count="13" type="cond" truecount="2" falsecount="0"/>
        <line num="58" count="13" type="stmt"/>
        <line num="74" count="1" type="stmt"/>
        <line num="85" count="8" type="stmt"/>
        <line num="88" count="13" type="stmt"/>
        <line num="92" count="4" type="stmt"/>
        <line num="93" count="4" type="cond" truecount="2" falsecount="0"/>
        <line num="94" count="3" type="stmt"/>
        <line num="100" count="1" type="stmt"/>
        <line num="107" count="3" type="stmt"/>
        <line num="111" count="1" type="stmt"/>
      </file>
      <file name="index.ts" path="/home/xs517-vissai/Documents/code/nexastack-ai-frontend/src/components/deployment/index.ts">
        <metrics statements="0" coveredstatements="0" conditionals="0" coveredconditionals="0" methods="0" coveredmethods="0"/>
      </file>
    </package>
    <package name="src.components.deployments">
      <metrics statements="71" coveredstatements="66" conditionals="76" coveredconditionals="62" methods="35" coveredmethods="33"/>
      <file name="DeleteDeploymentsModal.tsx" path="/home/xs517-vissai/Documents/code/nexastack-ai-frontend/src/components/deployments/DeleteDeploymentsModal.tsx">
        <metrics statements="7" coveredstatements="7" conditionals="12" coveredconditionals="12" methods="3" coveredmethods="3"/>
        <line num="11" count="1" type="stmt"/>
        <line num="16" count="8" type="stmt"/>
        <line num="17" count="8" type="stmt"/>
        <line num="19" count="8" type="stmt"/>
        <line num="20" count="2" type="stmt"/>
        <line num="22" count="1" type="stmt"/>
        <line num="27" count="8" type="stmt"/>
      </file>
      <file name="DeploymentsCard.tsx" path="/home/xs517-vissai/Documents/code/nexastack-ai-frontend/src/components/deployments/DeploymentsCard.tsx">
        <metrics statements="29" coveredstatements="25" conditionals="34" coveredconditionals="23" methods="16" coveredmethods="14"/>
        <line num="41" count="23" type="stmt"/>
        <line num="42" count="23" type="stmt"/>
        <line num="44" count="23" type="stmt"/>
        <line num="45" count="23" type="stmt"/>
        <line num="46" count="23" type="stmt"/>
        <line num="48" count="23" type="cond" truecount="2" falsecount="0"/>
        <line num="50" count="23" type="stmt"/>
        <line num="105" count="1" type="stmt"/>
        <line num="113" count="2" type="cond" truecount="1" falsecount="1"/>
        <line num="114" count="2" type="stmt"/>
        <line num="124" count="0" type="cond" truecount="0" falsecount="2"/>
        <line num="125" count="0" type="stmt"/>
        <line num="135" count="1" type="cond" truecount="1" falsecount="1"/>
        <line num="136" count="1" type="stmt"/>
        <line num="147" count="20" type="stmt"/>
        <line num="174" count="1" type="stmt"/>
        <line num="182" count="1" type="cond" truecount="1" falsecount="1"/>
        <line num="183" count="1" type="stmt"/>
        <line num="193" count="0" type="cond" truecount="0" falsecount="2"/>
        <line num="194" count="0" type="stmt"/>
        <line num="204" count="1" type="cond" truecount="1" falsecount="1"/>
        <line num="205" count="1" type="stmt"/>
        <line num="216" count="15" type="stmt"/>
        <line num="256" count="69" type="stmt"/>
        <line num="279" count="23" type="stmt"/>
        <line num="314" count="1" type="stmt"/>
        <line num="337" count="48" type="stmt"/>
        <line num="343" count="4" type="cond" truecount="1" falsecount="1"/>
        <line num="344" count="4" type="stmt"/>
      </file>
      <file name="DeploymentsFallback.tsx" path="/home/xs517-vissai/Documents/code/nexastack-ai-frontend/src/components/deployments/DeploymentsFallback.tsx">
        <metrics statements="7" coveredstatements="7" conditionals="6" coveredconditionals="6" methods="5" coveredmethods="5"/>
        <line num="5" count="3" type="stmt"/>
        <line num="6" count="3" type="stmt"/>
        <line num="8" count="3" type="stmt"/>
        <line num="18" count="9" type="stmt"/>
        <line num="32" count="27" type="stmt"/>
        <line num="55" count="15" type="stmt"/>
        <line num="68" count="15" type="stmt"/>
      </file>
      <file name="DeploymentsHeader.tsx" path="/home/xs517-vissai/Documents/code/nexastack-ai-frontend/src/components/deployments/DeploymentsHeader.tsx">
        <metrics statements="6" coveredstatements="6" conditionals="4" coveredconditionals="4" methods="2" coveredmethods="2"/>
        <line num="12" count="6" type="stmt"/>
        <line num="13" count="6" type="stmt"/>
        <line num="15" count="6" type="stmt"/>
        <line num="17" count="6" type="stmt"/>
        <line num="18" count="2" type="stmt"/>
        <line num="21" count="6" type="stmt"/>
      </file>
      <file name="DeploymentsList.tsx" path="/home/xs517-vissai/Documents/code/nexastack-ai-frontend/src/components/deployments/DeploymentsList.tsx">
        <metrics statements="22" coveredstatements="21" conditionals="20" coveredconditionals="17" methods="9" coveredmethods="9"/>
        <line num="13" count="1" type="stmt"/>
        <line num="14" count="6" type="stmt"/>
        <line num="15" count="5" type="stmt"/>
        <line num="23" count="8" type="cond" truecount="2" falsecount="0"/>
        <line num="24" count="1" type="stmt"/>
        <line num="34" count="7" type="stmt"/>
        <line num="36" count="6" type="cond" truecount="1" falsecount="1"/>
        <line num="38" count="7" type="stmt"/>
        <line num="41" count="6" type="cond" truecount="1" falsecount="1"/>
        <line num="42" count="0" type="stmt"/>
        <line num="43" count="6" type="stmt"/>
        <line num="44" count="5" type="stmt"/>
        <line num="53" count="7" type="stmt"/>
        <line num="54" count="7" type="stmt"/>
        <line num="56" count="7" type="stmt"/>
        <line num="57" count="8" type="cond" truecount="2" falsecount="0"/>
        <line num="58" count="1" type="stmt"/>
        <line num="62" count="7" type="stmt"/>
        <line num="65" count="7" type="stmt"/>
        <line num="67" count="8" type="stmt"/>
        <line num="90" count="7" type="stmt"/>
        <line num="93" count="8" type="stmt"/>
      </file>
      <file name="index.ts" path="/home/xs517-vissai/Documents/code/nexastack-ai-frontend/src/components/deployments/index.ts">
        <metrics statements="0" coveredstatements="0" conditionals="0" coveredconditionals="0" methods="0" coveredmethods="0"/>
      </file>
    </package>
    <package name="src.components.fileUpload">
      <metrics statements="62" coveredstatements="62" conditionals="48" coveredconditionals="40" methods="13" coveredmethods="13"/>
      <file name="FileUpload.tsx" path="/home/xs517-vissai/Documents/code/nexastack-ai-frontend/src/components/fileUpload/FileUpload.tsx">
        <metrics statements="62" coveredstatements="62" conditionals="48" coveredconditionals="40" methods="13" coveredmethods="13"/>
        <line num="25" count="38" type="stmt"/>
        <line num="26" count="38" type="stmt"/>
        <line num="27" count="38" type="stmt"/>
        <line num="29" count="38" type="stmt"/>
        <line num="30" count="15" type="cond" truecount="2" falsecount="0"/>
        <line num="31" count="12" type="cond" truecount="2" falsecount="0"/>
        <line num="32" count="1" type="stmt"/>
        <line num="33" count="1" type="cond" truecount="1" falsecount="1"/>
        <line num="34" count="1" type="stmt"/>
        <line num="36" count="1" type="stmt"/>
        <line num="38" count="11" type="stmt"/>
        <line num="41" count="11" type="stmt"/>
        <line num="43" count="11" type="stmt"/>
        <line num="44" count="13" type="cond" truecount="2" falsecount="0"/>
        <line num="45" count="13" type="stmt"/>
        <line num="46" count="34" type="stmt"/>
        <line num="50" count="11" type="stmt"/>
        <line num="51" count="13" type="stmt"/>
        <line num="54" count="11" type="cond" truecount="2" falsecount="0"/>
        <line num="55" count="5" type="stmt"/>
        <line num="56" count="6" type="cond" truecount="2" falsecount="0"/>
        <line num="58" count="5" type="stmt"/>
        <line num="60" count="5" type="cond" truecount="2" falsecount="0"/>
        <line num="61" count="4" type="stmt"/>
        <line num="65" count="1" type="stmt"/>
        <line num="71" count="5" type="cond" truecount="1" falsecount="1"/>
        <line num="72" count="5" type="stmt"/>
        <line num="74" count="5" type="stmt"/>
        <line num="77" count="6" type="cond" truecount="2" falsecount="0"/>
        <line num="78" count="1" type="stmt"/>
        <line num="79" count="1" type="cond" truecount="1" falsecount="1"/>
        <line num="80" count="1" type="stmt"/>
        <line num="82" count="1" type="stmt"/>
        <line num="85" count="6" type="stmt"/>
        <line num="86" count="5" type="stmt"/>
        <line num="90" count="5" type="cond" truecount="1" falsecount="1"/>
        <line num="91" count="5" type="stmt"/>
        <line num="96" count="38" type="stmt"/>
        <line num="97" count="16" type="stmt"/>
        <line num="98" count="16" type="cond" truecount="2" falsecount="0"/>
        <line num="99" count="14" type="stmt"/>
        <line num="100" count="14" type="stmt"/>
        <line num="104" count="38" type="stmt"/>
        <line num="105" count="2" type="stmt"/>
        <line num="106" count="2" type="stmt"/>
        <line num="107" count="2" type="cond" truecount="1" falsecount="1"/>
        <line num="108" count="2" type="stmt"/>
        <line num="112" count="38" type="stmt"/>
        <line num="113" count="1" type="stmt"/>
        <line num="114" count="1" type="stmt"/>
        <line num="115" count="1" type="stmt"/>
        <line num="118" count="38" type="stmt"/>
        <line num="119" count="1" type="stmt"/>
        <line num="120" count="1" type="stmt"/>
        <line num="121" count="1" type="stmt"/>
        <line num="123" count="1" type="cond" truecount="1" falsecount="1"/>
        <line num="124" count="1" type="stmt"/>
        <line num="125" count="1" type="stmt"/>
        <line num="129" count="38" type="stmt"/>
        <line num="130" count="2" type="cond" truecount="4" falsecount="0"/>
        <line num="131" count="1" type="stmt"/>
        <line num="135" count="38" type="stmt"/>
      </file>
    </package>
    <package name="src.components.forgetPassword">
      <metrics statements="2" coveredstatements="2" conditionals="0" coveredconditionals="0" methods="2" coveredmethods="2"/>
      <file name="ForgetPasswordFormComponent.tsx" path="/home/xs517-vissai/Documents/code/nexastack-ai-frontend/src/components/forgetPassword/ForgetPasswordFormComponent.tsx">
        <metrics statements="1" coveredstatements="1" conditionals="0" coveredconditionals="0" methods="1" coveredmethods="1"/>
        <line num="16" count="5" type="stmt"/>
      </file>
      <file name="ForgetPasswordHeader.tsx" path="/home/xs517-vissai/Documents/code/nexastack-ai-frontend/src/components/forgetPassword/ForgetPasswordHeader.tsx">
        <metrics statements="1" coveredstatements="1" conditionals="0" coveredconditionals="0" methods="1" coveredmethods="1"/>
        <line num="4" count="2" type="stmt"/>
      </file>
      <file name="index.ts" path="/home/xs517-vissai/Documents/code/nexastack-ai-frontend/src/components/forgetPassword/index.ts">
        <metrics statements="0" coveredstatements="0" conditionals="0" coveredconditionals="0" methods="0" coveredmethods="0"/>
      </file>
    </package>
    <package name="src.components.forgetWorkspace">
      <metrics statements="2" coveredstatements="2" conditionals="0" coveredconditionals="0" methods="2" coveredmethods="2"/>
      <file name="ForgetWorkspaceFormComponent.tsx" path="/home/xs517-vissai/Documents/code/nexastack-ai-frontend/src/components/forgetWorkspace/ForgetWorkspaceFormComponent.tsx">
        <metrics statements="1" coveredstatements="1" conditionals="0" coveredconditionals="0" methods="1" coveredmethods="1"/>
        <line num="16" count="5" type="stmt"/>
      </file>
      <file name="ForgetWorkspaceHeader.tsx" path="/home/xs517-vissai/Documents/code/nexastack-ai-frontend/src/components/forgetWorkspace/ForgetWorkspaceHeader.tsx">
        <metrics statements="1" coveredstatements="1" conditionals="0" coveredconditionals="0" methods="1" coveredmethods="1"/>
        <line num="5" count="4" type="stmt"/>
      </file>
      <file name="index.ts" path="/home/xs517-vissai/Documents/code/nexastack-ai-frontend/src/components/forgetWorkspace/index.ts">
        <metrics statements="0" coveredstatements="0" conditionals="0" coveredconditionals="0" methods="0" coveredmethods="0"/>
      </file>
    </package>
    <package name="src.components.header">
      <metrics statements="49" coveredstatements="49" conditionals="54" coveredconditionals="48" methods="13" coveredmethods="13"/>
      <file name="Header.tsx" path="/home/xs517-vissai/Documents/code/nexastack-ai-frontend/src/components/header/Header.tsx">
        <metrics statements="12" coveredstatements="12" conditionals="18" coveredconditionals="18" methods="5" coveredmethods="5"/>
        <line num="27" count="1" type="stmt"/>
        <line num="42" count="35" type="stmt"/>
        <line num="43" count="35" type="stmt"/>
        <line num="45" count="35" type="stmt"/>
        <line num="47" count="35" type="stmt"/>
        <line num="48" count="35" type="cond" truecount="2" falsecount="0"/>
        <line num="49" count="5" type="stmt"/>
        <line num="51" count="30" type="stmt"/>
        <line num="55" count="35" type="stmt"/>
        <line num="79" count="2" type="stmt"/>
        <line num="115" count="2" type="cond" truecount="2" falsecount="0"/>
        <line num="131" count="3" type="stmt"/>
      </file>
      <file name="ProjectPopover.tsx" path="/home/xs517-vissai/Documents/code/nexastack-ai-frontend/src/components/header/ProjectPopover.tsx">
        <metrics statements="37" coveredstatements="37" conditionals="36" coveredconditionals="30" methods="8" coveredmethods="8"/>
        <line num="10" count="13" type="stmt"/>
        <line num="12" count="13" type="stmt"/>
        <line num="14" count="13" type="stmt"/>
        <line num="16" count="13" type="stmt"/>
        <line num="19" count="13" type="stmt"/>
        <line num="21" count="6" type="stmt"/>
        <line num="22" count="6" type="stmt"/>
        <line num="25" count="6" type="stmt"/>
        <line num="26" count="6" type="stmt"/>
        <line num="27" count="6" type="stmt"/>
        <line num="31" count="13" type="stmt"/>
        <line num="35" count="1" type="stmt"/>
        <line num="39" count="13" type="stmt"/>
        <line num="40" count="1" type="cond" truecount="1" falsecount="1"/>
        <line num="41" count="1" type="stmt"/>
        <line num="46" count="13" type="stmt"/>
        <line num="49" count="6" type="stmt"/>
        <line num="50" count="6" type="stmt"/>
        <line num="51" count="6" type="cond" truecount="2" falsecount="0"/>
        <line num="53" count="6" type="cond" truecount="4" falsecount="0"/>
        <line num="54" count="1" type="stmt"/>
        <line num="70" count="1" type="stmt"/>
        <line num="75" count="13" type="stmt"/>
        <line num="76" count="6" type="cond" truecount="4" falsecount="0"/>
        <line num="77" count="4" type="stmt"/>
        <line num="80" count="4" type="stmt"/>
        <line num="81" count="4" type="stmt"/>
        <line num="85" count="4" type="cond" truecount="2" falsecount="0"/>
        <line num="86" count="1" type="stmt"/>
        <line num="87" count="2" type="stmt"/>
        <line num="91" count="4" type="cond" truecount="2" falsecount="0"/>
        <line num="92" count="3" type="stmt"/>
        <line num="96" count="4" type="stmt"/>
        <line num="104" count="13" type="stmt"/>
        <line num="105" count="12" type="cond" truecount="1" falsecount="1"/>
        <line num="107" count="13" type="cond" truecount="2" falsecount="0"/>
        <line num="113" count="13" type="stmt"/>
      </file>
    </package>
    <package name="src.components.login">
      <metrics statements="7" coveredstatements="7" conditionals="4" coveredconditionals="3" methods="5" coveredmethods="5"/>
      <file name="LoginBottomNavigation.tsx" path="/home/xs517-vissai/Documents/code/nexastack-ai-frontend/src/components/login/LoginBottomNavigation.tsx">
        <metrics statements="3" coveredstatements="3" conditionals="2" coveredconditionals="2" methods="2" coveredmethods="2"/>
        <line num="14" count="4" type="stmt"/>
        <line num="15" count="4" type="cond" truecount="2" falsecount="0"/>
        <line num="18" count="4" type="stmt"/>
      </file>
      <file name="LoginFormComponent.tsx" path="/home/xs517-vissai/Documents/code/nexastack-ai-frontend/src/components/login/LoginFormComponent.tsx">
        <metrics statements="3" coveredstatements="3" conditionals="2" coveredconditionals="1" methods="2" coveredmethods="2"/>
        <line num="23" count="5" type="stmt"/>
        <line num="24" count="10" type="cond" truecount="1" falsecount="1"/>
        <line num="27" count="5" type="stmt"/>
      </file>
      <file name="LoginHeader.tsx" path="/home/xs517-vissai/Documents/code/nexastack-ai-frontend/src/components/login/LoginHeader.tsx">
        <metrics statements="1" coveredstatements="1" conditionals="0" coveredconditionals="0" methods="1" coveredmethods="1"/>
        <line num="4" count="2" type="stmt"/>
      </file>
      <file name="index.ts" path="/home/xs517-vissai/Documents/code/nexastack-ai-frontend/src/components/login/index.ts">
        <metrics statements="0" coveredstatements="0" conditionals="0" coveredconditionals="0" methods="0" coveredmethods="0"/>
      </file>
    </package>
    <package name="src.components.marketplace">
      <metrics statements="123" coveredstatements="120" conditionals="96" coveredconditionals="86" methods="51" coveredmethods="51"/>
      <file name="MarketplaceFilters.tsx" path="/home/xs517-vissai/Documents/code/nexastack-ai-frontend/src/components/marketplace/MarketplaceFilters.tsx">
        <metrics statements="9" coveredstatements="9" conditionals="2" coveredconditionals="2" methods="4" coveredmethods="4"/>
        <line num="9" count="10" type="stmt"/>
        <line num="10" count="10" type="stmt"/>
        <line num="12" count="10" type="stmt"/>
        <line num="24" count="10" type="stmt"/>
        <line num="25" count="4" type="stmt"/>
        <line num="27" count="4" type="stmt"/>
        <line num="30" count="10" type="stmt"/>
        <line num="36" count="90" type="stmt"/>
        <line num="43" count="4" type="stmt"/>
      </file>
      <file name="MarketplaceHeader.tsx" path="/home/xs517-vissai/Documents/code/nexastack-ai-frontend/src/components/marketplace/MarketplaceHeader.tsx">
        <metrics statements="11" coveredstatements="10" conditionals="8" coveredconditionals="6" methods="3" coveredmethods="3"/>
        <line num="13" count="10" type="stmt"/>
        <line num="14" count="10" type="stmt"/>
        <line num="16" count="10" type="stmt"/>
        <line num="17" count="10" type="stmt"/>
        <line num="19" count="10" type="stmt"/>
        <line num="21" count="10" type="stmt"/>
        <line num="22" count="10" type="cond" truecount="1" falsecount="1"/>
        <line num="23" count="0" type="stmt"/>
        <line num="27" count="10" type="stmt"/>
        <line num="28" count="1" type="stmt"/>
        <line num="31" count="10" type="stmt"/>
      </file>
      <file name="MarketplaceSearch.tsx" path="/home/xs517-vissai/Documents/code/nexastack-ai-frontend/src/components/marketplace/MarketplaceSearch.tsx">
        <metrics statements="21" coveredstatements="21" conditionals="10" coveredconditionals="10" methods="12" coveredmethods="12"/>
        <line num="31" count="55" type="stmt"/>
        <line num="33" count="55" type="stmt"/>
        <line num="39" count="55" type="stmt"/>
        <line num="41" count="2" type="stmt"/>
        <line num="47" count="55" type="stmt"/>
        <line num="49" count="1" type="stmt"/>
        <line num="55" count="55" type="stmt"/>
        <line num="56" count="26" type="stmt"/>
        <line num="62" count="55" type="stmt"/>
        <line num="82" count="55" type="stmt"/>
        <line num="84" count="3" type="stmt"/>
        <line num="85" count="3" type="stmt"/>
        <line num="89" count="3" type="stmt"/>
        <line num="90" count="3" type="stmt"/>
        <line num="96" count="55" type="stmt"/>
        <line num="130" count="110" type="stmt"/>
        <line num="132" count="34" type="stmt"/>
        <line num="146" count="1" type="stmt"/>
        <line num="182" count="110" type="stmt"/>
        <line num="186" count="2" type="stmt"/>
        <line num="190" count="275" type="stmt"/>
      </file>
      <file name="ModelCard.tsx" path="/home/xs517-vissai/Documents/code/nexastack-ai-frontend/src/components/marketplace/ModelCard.tsx">
        <metrics statements="8" coveredstatements="8" conditionals="18" coveredconditionals="15" methods="3" coveredmethods="3"/>
        <line num="23" count="11" type="stmt"/>
        <line num="26" count="11" type="cond" truecount="2" falsecount="0"/>
        <line num="30" count="11" type="stmt"/>
        <line num="36" count="1" type="stmt"/>
        <line num="37" count="1" type="stmt"/>
        <line num="102" count="1" type="stmt"/>
        <line num="103" count="1" type="stmt"/>
        <line num="104" count="1" type="stmt"/>
      </file>
      <file name="ModelFallback.tsx" path="/home/xs517-vissai/Documents/code/nexastack-ai-frontend/src/components/marketplace/ModelFallback.tsx">
        <metrics statements="8" coveredstatements="8" conditionals="4" coveredconditionals="4" methods="3" coveredmethods="3"/>
        <line num="6" count="6" type="stmt"/>
        <line num="7" count="6" type="stmt"/>
        <line num="9" count="6" type="stmt"/>
        <line num="10" count="6" type="cond" truecount="2" falsecount="0"/>
        <line num="11" count="4" type="cond" truecount="2" falsecount="0"/>
        <line num="12" count="3" type="stmt"/>
        <line num="14" count="6" type="stmt"/>
        <line num="28" count="39" type="stmt"/>
      </file>
      <file name="ModelSection.tsx" path="/home/xs517-vissai/Documents/code/nexastack-ai-frontend/src/components/marketplace/ModelSection.tsx">
        <metrics statements="16" coveredstatements="16" conditionals="18" coveredconditionals="17" methods="6" coveredmethods="6"/>
        <line num="25" count="12" type="stmt"/>
        <line num="27" count="12" type="stmt"/>
        <line num="29" count="12" type="stmt"/>
        <line num="30" count="12" type="cond" truecount="2" falsecount="0"/>
        <line num="33" count="12" type="stmt"/>
        <line num="35" count="12" type="stmt"/>
        <line num="36" count="26" type="cond" truecount="1" falsecount="1"/>
        <line num="44" count="12" type="stmt"/>
        <line num="45" count="3" type="cond" truecount="2" falsecount="0"/>
        <line num="46" count="2" type="stmt"/>
        <line num="47" count="2" type="stmt"/>
        <line num="53" count="1" type="stmt"/>
        <line num="54" count="1" type="stmt"/>
        <line num="66" count="12" type="stmt"/>
        <line num="87" count="26" type="stmt"/>
        <line num="106" count="3" type="stmt"/>
      </file>
      <file name="ModelSectionTable.tsx" path="/home/xs517-vissai/Documents/code/nexastack-ai-frontend/src/components/marketplace/ModelSectionTable.tsx">
        <metrics statements="13" coveredstatements="13" conditionals="8" coveredconditionals="8" methods="5" coveredmethods="5"/>
        <line num="16" count="13" type="stmt"/>
        <line num="17" count="13" type="stmt"/>
        <line num="19" count="13" type="stmt"/>
        <line num="21" count="13" type="stmt"/>
        <line num="22" count="3" type="cond" truecount="2" falsecount="0"/>
        <line num="23" count="2" type="stmt"/>
        <line num="24" count="2" type="stmt"/>
        <line num="30" count="1" type="stmt"/>
        <line num="31" count="1" type="stmt"/>
        <line num="43" count="13" type="stmt"/>
        <line num="44" count="24" type="cond" truecount="2" falsecount="0"/>
        <line num="52" count="13" type="stmt"/>
        <line num="81" count="22" type="stmt"/>
      </file>
      <file name="RenderModelsTable.tsx" path="/home/xs517-vissai/Documents/code/nexastack-ai-frontend/src/components/marketplace/RenderModelsTable.tsx">
        <metrics statements="6" coveredstatements="6" conditionals="12" coveredconditionals="12" methods="2" coveredmethods="2"/>
        <line num="17" count="25" type="stmt"/>
        <line num="20" count="25" type="cond" truecount="2" falsecount="0"/>
        <line num="24" count="25" type="stmt"/>
        <line num="94" count="1" type="stmt"/>
        <line num="95" count="1" type="stmt"/>
        <line num="96" count="1" type="stmt"/>
      </file>
      <file name="UploadModel.tsx" path="/home/xs517-vissai/Documents/code/nexastack-ai-frontend/src/components/marketplace/UploadModel.tsx">
        <metrics statements="31" coveredstatements="29" conditionals="16" coveredconditionals="12" methods="13" coveredmethods="13"/>
        <line num="28" count="21" type="stmt"/>
        <line num="30" count="21" type="stmt"/>
        <line num="35" count="21" type="stmt"/>
        <line num="44" count="1" type="cond" truecount="3" falsecount="1"/>
        <line num="45" count="1" type="stmt"/>
        <line num="47" count="0" type="stmt"/>
        <line num="51" count="1" type="cond" truecount="3" falsecount="1"/>
        <line num="52" count="1" type="stmt"/>
        <line num="54" count="0" type="stmt"/>
        <line num="60" count="21" type="stmt"/>
        <line num="61" count="1" type="stmt"/>
        <line num="62" count="1" type="stmt"/>
        <line num="63" count="1" type="stmt"/>
        <line num="68" count="21" type="stmt"/>
        <line num="69" count="1" type="stmt"/>
        <line num="72" count="1" type="stmt"/>
        <line num="75" count="1" type="stmt"/>
        <line num="76" count="1" type="stmt"/>
        <line num="77" count="1" type="stmt"/>
        <line num="80" count="1" type="stmt"/>
        <line num="81" count="1" type="stmt"/>
        <line num="82" count="1" type="stmt"/>
        <line num="85" count="1" type="stmt"/>
        <line num="88" count="21" type="stmt"/>
        <line num="99" count="11" type="cond" truecount="2" falsecount="0"/>
        <line num="100" count="8" type="stmt"/>
        <line num="108" count="1" type="stmt"/>
        <line num="115" count="21" type="stmt"/>
        <line num="156" count="5" type="stmt"/>
        <line num="165" count="1" type="stmt"/>
        <line num="173" count="1" type="stmt"/>
      </file>
      <file name="index.ts" path="/home/xs517-vissai/Documents/code/nexastack-ai-frontend/src/components/marketplace/index.ts">
        <metrics statements="0" coveredstatements="0" conditionals="0" coveredconditionals="0" methods="0" coveredmethods="0"/>
      </file>
    </package>
    <package name="src.components.memberLogin">
      <metrics statements="4" coveredstatements="4" conditionals="0" coveredconditionals="0" methods="3" coveredmethods="3"/>
      <file name="MemberLoginBottomNavigation.tsx" path="/home/xs517-vissai/Documents/code/nexastack-ai-frontend/src/components/memberLogin/MemberLoginBottomNavigation.tsx">
        <metrics statements="1" coveredstatements="1" conditionals="0" coveredconditionals="0" methods="1" coveredmethods="1"/>
        <line num="7" count="2" type="stmt"/>
      </file>
      <file name="MemberLoginFormComponent.tsx" path="/home/xs517-vissai/Documents/code/nexastack-ai-frontend/src/components/memberLogin/MemberLoginFormComponent.tsx">
        <metrics statements="1" coveredstatements="1" conditionals="0" coveredconditionals="0" methods="1" coveredmethods="1"/>
        <line num="17" count="4" type="stmt"/>
      </file>
      <file name="MemberLoginHeader.tsx" path="/home/xs517-vissai/Documents/code/nexastack-ai-frontend/src/components/memberLogin/MemberLoginHeader.tsx">
        <metrics statements="2" coveredstatements="2" conditionals="0" coveredconditionals="0" methods="1" coveredmethods="1"/>
        <line num="4" count="2" type="stmt"/>
        <line num="6" count="2" type="stmt"/>
      </file>
      <file name="index.ts" path="/home/xs517-vissai/Documents/code/nexastack-ai-frontend/src/components/memberLogin/index.ts">
        <metrics statements="0" coveredstatements="0" conditionals="0" coveredconditionals="0" methods="0" coveredmethods="0"/>
      </file>
    </package>
    <package name="src.components.memberRegistration">
      <metrics statements="4" coveredstatements="4" conditionals="0" coveredconditionals="0" methods="3" coveredmethods="3"/>
      <file name="MemberRegistrationBottomNavigation.tsx" path="/home/xs517-vissai/Documents/code/nexastack-ai-frontend/src/components/memberRegistration/MemberRegistrationBottomNavigation.tsx">
        <metrics statements="1" coveredstatements="1" conditionals="0" coveredconditionals="0" methods="1" coveredmethods="1"/>
        <line num="7" count="2" type="stmt"/>
      </file>
      <file name="MemberRegistrationFormComponent.tsx" path="/home/xs517-vissai/Documents/code/nexastack-ai-frontend/src/components/memberRegistration/MemberRegistrationFormComponent.tsx">
        <metrics statements="1" coveredstatements="1" conditionals="0" coveredconditionals="0" methods="1" coveredmethods="1"/>
        <line num="14" count="4" type="stmt"/>
      </file>
      <file name="MemberRegistrationHeader.tsx" path="/home/xs517-vissai/Documents/code/nexastack-ai-frontend/src/components/memberRegistration/MemberRegistrationHeader.tsx">
        <metrics statements="2" coveredstatements="2" conditionals="0" coveredconditionals="0" methods="1" coveredmethods="1"/>
        <line num="4" count="2" type="stmt"/>
        <line num="6" count="2" type="stmt"/>
      </file>
      <file name="index.ts" path="/home/xs517-vissai/Documents/code/nexastack-ai-frontend/src/components/memberRegistration/index.ts">
        <metrics statements="0" coveredstatements="0" conditionals="0" coveredconditionals="0" methods="0" coveredmethods="0"/>
      </file>
    </package>
    <package name="src.components.memberSignup">
      <metrics statements="4" coveredstatements="4" conditionals="2" coveredconditionals="2" methods="3" coveredmethods="3"/>
      <file name="MemberSignupBottomNavigation.tsx" path="/home/xs517-vissai/Documents/code/nexastack-ai-frontend/src/components/memberSignup/MemberSignupBottomNavigation.tsx">
        <metrics statements="1" coveredstatements="1" conditionals="0" coveredconditionals="0" methods="1" coveredmethods="1"/>
        <line num="7" count="2" type="stmt"/>
      </file>
      <file name="MemberSignupFormComponent.tsx" path="/home/xs517-vissai/Documents/code/nexastack-ai-frontend/src/components/memberSignup/MemberSignupFormComponent.tsx">
        <metrics statements="1" coveredstatements="1" conditionals="0" coveredconditionals="0" methods="1" coveredmethods="1"/>
        <line num="14" count="4" type="stmt"/>
      </file>
      <file name="MemberSignupHeader.tsx" path="/home/xs517-vissai/Documents/code/nexastack-ai-frontend/src/components/memberSignup/MemberSignupHeader.tsx">
        <metrics statements="2" coveredstatements="2" conditionals="2" coveredconditionals="2" methods="1" coveredmethods="1"/>
        <line num="8" count="3" type="stmt"/>
        <line num="10" count="3" type="stmt"/>
      </file>
      <file name="index.ts" path="/home/xs517-vissai/Documents/code/nexastack-ai-frontend/src/components/memberSignup/index.ts">
        <metrics statements="0" coveredstatements="0" conditionals="0" coveredconditionals="0" methods="0" coveredmethods="0"/>
      </file>
    </package>
    <package name="src.components.navbar">
      <metrics statements="34" coveredstatements="32" conditionals="27" coveredconditionals="23" methods="13" coveredmethods="10"/>
[...]
      <file name="accountDetailsType.ts" path="/home/xs517-vissai/Documents/code/nexastack-ai-frontend/src/types/accountDetailsType.ts">
        <metrics statements="0" coveredstatements="0" conditionals="0" coveredconditionals="0" methods="0" coveredmethods="0"/>
      </file>
      <file name="addClusterType.ts" path="/home/xs517-vissai/Documents/code/nexastack-ai-frontend/src/types/addClusterType.ts">
        <metrics statements="0" coveredstatements="0" conditionals="0" coveredconditionals="0" methods="0" coveredmethods="0"/>
      </file>
      <file name="clustersType.ts" path="/home/xs517-vissai/Documents/code/nexastack-ai-frontend/src/types/clustersType.ts">
        <metrics statements="0" coveredstatements="0" conditionals="0" coveredconditionals="0" methods="0" coveredmethods="0"/>
      </file>
      <file name="confirmEmailType.ts" path="/home/xs517-vissai/Documents/code/nexastack-ai-frontend/src/types/confirmEmailType.ts">
        <metrics statements="0" coveredstatements="0" conditionals="0" coveredconditionals="0" methods="0" coveredmethods="0"/>
      </file>
      <file name="deploymentType.ts" path="/home/xs517-vissai/Documents/code/nexastack-ai-frontend/src/types/deploymentType.ts">
        <metrics statements="0" coveredstatements="0" conditionals="0" coveredconditionals="0" methods="0" coveredmethods="0"/>
      </file>
      <file name="deploymentsType.ts" path="/home/xs517-vissai/Documents/code/nexastack-ai-frontend/src/types/deploymentsType.ts">
        <metrics statements="0" coveredstatements="0" conditionals="0" coveredconditionals="0" methods="0" coveredmethods="0"/>
      </file>
      <file name="fileUploadType.ts" path="/home/xs517-vissai/Documents/code/nexastack-ai-frontend/src/types/fileUploadType.ts">
        <metrics statements="0" coveredstatements="0" conditionals="0" coveredconditionals="0" methods="0" coveredmethods="0"/>
      </file>
      <file name="forgetPasswordType.ts" path="/home/xs517-vissai/Documents/code/nexastack-ai-frontend/src/types/forgetPasswordType.ts">
        <metrics statements="0" coveredstatements="0" conditionals="0" coveredconditionals="0" methods="0" coveredmethods="0"/>
      </file>
      <file name="forgetWorkspaceType.ts" path="/home/xs517-vissai/Documents/code/nexastack-ai-frontend/src/types/forgetWorkspaceType.ts">
        <metrics statements="0" coveredstatements="0" conditionals="0" coveredconditionals="0" methods="0" coveredmethods="0"/>
      </file>
      <file name="headerType.ts" path="/home/xs517-vissai/Documents/code/nexastack-ai-frontend/src/types/headerType.ts">
        <metrics statements="0" coveredstatements="0" conditionals="0" coveredconditionals="0" methods="0" coveredmethods="0"/>
      </file>
      <file name="loginType.ts" path="/home/xs517-vissai/Documents/code/nexastack-ai-frontend/src/types/loginType.ts">
        <metrics statements="0" coveredstatements="0" conditionals="0" coveredconditionals="0" methods="0" coveredmethods="0"/>
      </file>
      <file name="marketplaceType.ts" path="/home/xs517-vissai/Documents/code/nexastack-ai-frontend/src/types/marketplaceType.ts">
        <metrics statements="0" coveredstatements="0" conditionals="0" coveredconditionals="0" methods="0" coveredmethods="0"/>
      </file>
      <file name="memberInvitationType.ts" path="/home/xs517-vissai/Documents/code/nexastack-ai-frontend/src/types/memberInvitationType.ts">
        <metrics statements="0" coveredstatements="0" conditionals="0" coveredconditionals="0" methods="0" coveredmethods="0"/>
      </file>
      <file name="platformSetupType.ts" path="/home/xs517-vissai/Documents/code/nexastack-ai-frontend/src/types/platformSetupType.ts">
        <metrics statements="0" coveredstatements="0" conditionals="0" coveredconditionals="0" methods="0" coveredmethods="0"/>
      </file>
      <file name="playgroundType.ts" path="/home/xs517-vissai/Documents/code/nexastack-ai-frontend/src/types/playgroundType.ts">
        <metrics statements="0" coveredstatements="0" conditionals="0" coveredconditionals="0" methods="0" coveredmethods="0"/>
      </file>
      <file name="projectType.ts" path="/home/xs517-vissai/Documents/code/nexastack-ai-frontend/src/types/projectType.ts">
        <metrics statements="0" coveredstatements="0" conditionals="0" coveredconditionals="0" methods="0" coveredmethods="0"/>
      </file>
      <file name="projectsType.ts" path="/home/xs517-vissai/Documents/code/nexastack-ai-frontend/src/types/projectsType.ts">
        <metrics statements="0" coveredstatements="0" conditionals="0" coveredconditionals="0" methods="0" coveredmethods="0"/>
      </file>
      <file name="serverType.ts" path="/home/xs517-vissai/Documents/code/nexastack-ai-frontend/src/types/serverType.ts">
        <metrics statements="0" coveredstatements="0" conditionals="0" coveredconditionals="0" methods="0" coveredmethods="0"/>
      </file>
      <file name="serversType.ts" path="/home/xs517-vissai/Documents/code/nexastack-ai-frontend/src/types/serversType.ts">
        <metrics statements="0" coveredstatements="0" conditionals="0" coveredconditionals="0" methods="0" coveredmethods="0"/>
      </file>
      <file name="signupType.ts" path="/home/xs517-vissai/Documents/code/nexastack-ai-frontend/src/types/signupType.ts">
        <metrics statements="0" coveredstatements="0" conditionals="0" coveredconditionals="0" methods="0" coveredmethods="0"/>
      </file>
      <file name="workspaceType.ts" path="/home/xs517-vissai/Documents/code/nexastack-ai-frontend/src/types/workspaceType.ts">
        <metrics statements="0" coveredstatements="0" conditionals="0" coveredconditionals="0" methods="0" coveredmethods="0"/>
      </file>
    </package>
    <package name="src.utils">
      <metrics statements="237" coveredstatements="232" conditionals="170" coveredconditionals="161" methods="37" coveredmethods="37"/>
      <file name="commonFunction.tsx" path="/home/xs517-vissai/Documents/code/nexastack-ai-frontend/src/utils/commonFunction.tsx">
        <metrics statements="172" coveredstatements="170" conditionals="141" coveredconditionals="133" methods="20" coveredmethods="20"/>
        <line num="3" count="3" type="stmt"/>
        <line num="4" count="5" type="cond" truecount="4" falsecount="0"/>
        <line num="5" count="4" type="stmt"/>
        <line num="8" count="1" type="stmt"/>
        <line num="13" count="3" type="stmt"/>
        <line num="14" count="8" type="cond" truecount="2" falsecount="0"/>
        <line num="15" count="5" type="cond" truecount="2" falsecount="0"/>
        <line num="18" count="3" type="stmt"/>
        <line num="19" count="5" type="cond" truecount="5" falsecount="0"/>
        <line num="21" count="1" type="stmt"/>
        <line num="23" count="1" type="stmt"/>
        <line num="25" count="1" type="stmt"/>
        <line num="27" count="1" type="stmt"/>
        <line num="29" count="1" type="stmt"/>
        <line num="33" count="3" type="stmt"/>
        <line num="34" count="9" type="stmt"/>
        <line num="36" count="9" type="cond" truecount="4" falsecount="0"/>
        <line num="37" count="1" type="stmt"/>
        <line num="40" count="8" type="cond" truecount="4" falsecount="0"/>
        <line num="41" count="2" type="stmt"/>
        <line num="45" count="6" type="cond" truecount="2" falsecount="0"/>
        <line num="46" count="2" type="stmt"/>
        <line num="47" count="4" type="cond" truecount="2" falsecount="0"/>
        <line num="48" count="2" type="stmt"/>
        <line num="50" count="2" type="stmt"/>
        <line num="53" count="6" type="stmt"/>
        <line num="58" count="3" type="stmt"/>
        <line num="60" count="12" type="cond" truecount="4" falsecount="0"/>
        <line num="61" count="4" type="stmt"/>
        <line num="64" count="8" type="stmt"/>
        <line num="65" count="8" type="stmt"/>
        <line num="68" count="8" type="stmt"/>
        <line num="69" count="8" type="stmt"/>
        <line num="70" count="8" type="stmt"/>
        <line num="72" count="8" type="cond" truecount="2" falsecount="0"/>
        <line num="73" count="1" type="stmt"/>
        <line num="74" count="7" type="cond" truecount="2" falsecount="0"/>
        <line num="75" count="1" type="stmt"/>
        <line num="76" count="6" type="cond" truecount="2" falsecount="0"/>
        <line num="77" count="1" type="stmt"/>
        <line num="78" count="5" type="cond" truecount="2" falsecount="0"/>
        <line num="79" count="1" type="stmt"/>
        <line num="80" count="4" type="cond" truecount="2" falsecount="0"/>
        <line num="81" count="1" type="stmt"/>
        <line num="82" count="3" type="cond" truecount="2" falsecount="0"/>
        <line num="83" count="1" type="stmt"/>
        <line num="84" count="1" type="cond" truecount="1" falsecount="1"/>
        <line num="85" count="2" type="cond" truecount="2" falsecount="0"/>
        <line num="86" count="1" type="stmt"/>
        <line num="87" count="1" type="cond" truecount="1" falsecount="1"/>
        <line num="89" count="1" type="stmt"/>
        <line num="90" count="1" type="cond" truecount="1" falsecount="1"/>
        <line num="94" count="3" type="stmt"/>
        <line num="95" count="5" type="cond" truecount="2" falsecount="0"/>
        <line num="96" count="4" type="cond" truecount="2" falsecount="0"/>
        <line num="97" count="3" type="cond" truecount="2" falsecount="0"/>
        <line num="98" count="2" type="stmt"/>
        <line num="103" count="18" type="cond" truecount="4" falsecount="0"/>
        <line num="104" count="4" type="stmt"/>
        <line num="108" count="14" type="stmt"/>
        <line num="112" count="14" type="cond" truecount="2" falsecount="0"/>
        <line num="115" count="14" type="stmt"/>
        <line num="118" count="14" type="cond" truecount="2" falsecount="0"/>
        <line num="119" count="1" type="stmt"/>
        <line num="121" count="13" type="cond" truecount="1" falsecount="1"/>
        <line num="123" count="0" type="stmt"/>
        <line num="126" count="13" type="stmt"/>
        <line num="129" count="13" type="stmt"/>
        <line num="130" count="13" type="stmt"/>
        <line num="131" count="13" type="stmt"/>
        <line num="132" count="13" type="stmt"/>
        <line num="133" count="13" type="stmt"/>
        <line num="134" count="13" type="stmt"/>
        <line num="137" count="13" type="cond" truecount="2" falsecount="0"/>
        <line num="138" count="1" type="stmt"/>
        <line num="139" count="12" type="cond" truecount="2" falsecount="0"/>
        <line num="140" count="2" type="stmt"/>
        <line num="141" count="2" type="cond" truecount="1" falsecount="1"/>
        <line num="142" count="10" type="cond" truecount="2" falsecount="0"/>
        <line num="143" count="2" type="stmt"/>
        <line num="144" count="2" type="cond" truecount="2" falsecount="0"/>
        <line num="145" count="8" type="cond" truecount="2" falsecount="0"/>
        <line num="146" count="2" type="stmt"/>
        <line num="147" count="2" type="cond" truecount="2" falsecount="0"/>
        <line num="148" count="6" type="cond" truecount="2" falsecount="0"/>
        <line num="149" count="2" type="stmt"/>
        <line num="150" count="2" type="cond" truecount="2" falsecount="0"/>
        <line num="151" count="4" type="cond" truecount="2" falsecount="0"/>
        <line num="152" count="2" type="stmt"/>
        <line num="153" count="2" type="cond" truecount="2" falsecount="0"/>
        <line num="155" count="2" type="stmt"/>
        <line num="156" count="2" type="cond" truecount="2" falsecount="0"/>
        <line num="160" count="3" type="stmt"/>
        <line num="162" count="19" type="cond" truecount="4" falsecount="0"/>
        <line num="163" count="5" type="stmt"/>
        <line num="166" count="14" type="stmt"/>
        <line num="167" count="14" type="stmt"/>
        <line num="170" count="14" type="stmt"/>
        <line num="171" count="14" type="stmt"/>
        <line num="172" count="14" type="stmt"/>
        <line num="174" count="14" type="cond" truecount="2" falsecount="0"/>
        <line num="175" count="1" type="stmt"/>
        <line num="176" count="13" type="cond" truecount="2" falsecount="0"/>
        <line num="177" count="1" type="stmt"/>
        <line num="178" count="12" type="cond" truecount="2" falsecount="0"/>
        <line num="179" count="1" type="stmt"/>
        <line num="180" count="11" type="cond" truecount="2" falsecount="0"/>
        <line num="181" count="1" type="stmt"/>
        <line num="182" count="10" type="cond" truecount="2" falsecount="0"/>
        <line num="183" count="1" type="stmt"/>
        <line num="184" count="9" type="cond" truecount="2" falsecount="0"/>
        <line num="185" count="1" type="stmt"/>
        <line num="186" count="1" type="cond" truecount="1" falsecount="1"/>
        <line num="187" count="8" type="cond" truecount="2" falsecount="0"/>
        <line num="188" count="1" type="stmt"/>
        <line num="189" count="1" type="cond" truecount="1" falsecount="1"/>
        <line num="191" count="7" type="stmt"/>
        <line num="192" count="7" type="cond" truecount="2" falsecount="0"/>
        <line num="209" count="4" type="stmt"/>
        <line num="210" count="4" type="stmt"/>
        <line num="211" count="4" type="stmt"/>
        <line num="213" count="4" type="cond" truecount="4" falsecount="0"/>
        <line num="214" count="2" type="stmt"/>
        <line num="217" count="2" type="stmt"/>
        <line num="219" count="2" type="stmt"/>
        <line num="220" count="2" type="stmt"/>
        <line num="226" count="65" type="stmt"/>
        <line num="230" count="3" type="stmt"/>
        <line num="231" count="23" type="stmt"/>
        <line num="233" count="23" type="stmt"/>
        <line num="235" count="23" type="cond" truecount="2" falsecount="0"/>
        <line num="236" count="6" type="stmt"/>
        <line num="238" count="6" type="stmt"/>
        <line num="239" count="7" type="stmt"/>
        <line num="240" count="7" type="stmt"/>
        <line num="243" count="6" type="cond" truecount="1" falsecount="1"/>
        <line num="249" count="6" type="stmt"/>
        <line num="250" count="6" type="stmt"/>
        <line num="251" count="16" type="stmt"/>
        <line num="254" count="6" type="stmt"/>
        <line num="257" count="6" type="stmt"/>
        <line num="260" count="6" type="stmt"/>
        <line num="261" count="6" type="stmt"/>
        <line num="262" count="11" type="stmt"/>
        <line num="265" count="6" type="stmt"/>
        <line num="266" count="9" type="stmt"/>
        <line num="267" count="18" type="stmt"/>
        <line num="268" count="18" type="cond" truecount="4" falsecount="0"/>
        <line num="269" count="15" type="cond" truecount="2" falsecount="0"/>
        <line num="270" count="6" type="stmt"/>
        <line num="272" count="9" type="stmt"/>
        <line num="275" count="6" type="stmt"/>
        <line num="278" count="6" type="stmt"/>
        <line num="285" count="1" type="stmt"/>
        <line num="289" count="6" type="stmt"/>
        <line num="293" count="0" type="stmt"/>
        <line num="296" count="17" type="stmt"/>
        <line num="300" count="3" type="stmt"/>
        <line num="301" count="15" type="stmt"/>
        <line num="303" count="15" type="cond" truecount="4" falsecount="0"/>
        <line num="304" count="4" type="stmt"/>
        <line num="307" count="15" type="stmt"/>
        <line num="309" count="15" type="stmt"/>
        <line num="312" count="15" type="stmt"/>
        <line num="315" count="15" type="stmt"/>
        <line num="317" count="15" type="stmt"/>
        <line num="321" count="3" type="stmt"/>
        <line num="329" count="14" type="cond" truecount="2" falsecount="0"/>
        <line num="331" count="14" type="stmt"/>
        <line num="332" count="56" type="cond" truecount="2" falsecount="0"/>
        <line num="333" count="28" type="stmt"/>
        <line num="337" count="14" type="stmt"/>
      </file>
      <file name="notification.tsx" path="/home/xs517-vissai/Documents/code/nexastack-ai-frontend/src/utils/notification.tsx">
        <metrics statements="9" coveredstatements="8" conditionals="4" coveredconditionals="3" methods="2" coveredmethods="2"/>
        <line num="7" count="3" type="stmt"/>
        <line num="8" count="3" type="cond" truecount="3" falsecount="1"/>
        <line num="10" count="1" type="stmt"/>
        <line num="12" count="1" type="stmt"/>
        <line num="14" count="1" type="stmt"/>
        <line num="16" count="0" type="stmt"/>
        <line num="20" count="3" type="stmt"/>
        <line num="26" count="3" type="stmt"/>
        <line num="27" count="3" type="stmt"/>
      </file>
      <file name="routeProtection.ts" path="/home/xs517-vissai/Documents/code/nexastack-ai-frontend/src/utils/routeProtection.ts">
        <metrics statements="56" coveredstatements="54" conditionals="25" coveredconditionals="25" methods="15" coveredmethods="15"/>
        <line num="7" count="2" type="stmt"/>
        <line num="9" count="3" type="stmt"/>
        <line num="11" count="3" type="stmt"/>
        <line num="15" count="2" type="stmt"/>
        <line num="16" count="12" type="cond" truecount="2" falsecount="0"/>
        <line num="20" count="2" type="stmt"/>
        <line num="21" count="3" type="stmt"/>
        <line num="22" count="3" type="stmt"/>
        <line num="23" count="3" type="stmt"/>
        <line num="25" count="3" type="stmt"/>
        <line num="27" count="6" type="cond" truecount="2" falsecount="0"/>
        <line num="28" count="2" type="stmt"/>
        <line num="29" count="2" type="stmt"/>
        <line num="30" count="2" type="stmt"/>
        <line num="34" count="4" type="cond" truecount="2" falsecount="0"/>
        <line num="35" count="2" type="stmt"/>
        <line num="40" count="3" type="stmt"/>
        <line num="41" count="6" type="stmt"/>
        <line num="42" count="6" type="stmt"/>
        <line num="43" count="6" type="cond" truecount="2" falsecount="0"/>
        <line num="44" count="1" type="stmt"/>
        <line num="45" count="1" type="stmt"/>
        <line num="50" count="6" type="stmt"/>
        <line num="53" count="6" type="stmt"/>
        <line num="56" count="6" type="stmt"/>
        <line num="59" count="3" type="stmt"/>
        <line num="63" count="2" type="stmt"/>
        <line num="64" count="2" type="stmt"/>
        <line num="65" count="2" type="stmt"/>
        <line num="67" count="2" type="stmt"/>
        <line num="68" count="4" type="cond" truecount="2" falsecount="0"/>
        <line num="69" count="2" type="stmt"/>
        <line num="73" count="2" type="stmt"/>
        <line num="77" count="2" type="stmt"/>
        <line num="78" count="4" type="stmt"/>
        <line num="80" count="4" type="stmt"/>
        <line num="81" count="10" type="stmt"/>
        <line num="82" count="10" type="cond" truecount="4" falsecount="0"/>
        <line num="83" count="1" type="stmt"/>
        <line num="86" count="9" type="stmt"/>
        <line num="87" count="9" type="stmt"/>
        <line num="88" count="9" type="cond" truecount="2" falsecount="0"/>
        <line num="92" count="6" type="stmt"/>
        <line num="93" count="6" type="stmt"/>
        <line num="96" count="3" type="stmt"/>
        <line num="98" count="0" type="stmt"/>
        <line num="99" count="0" type="stmt"/>
        <line num="103" count="4" type="stmt"/>
        <line num="104" count="8" type="cond" truecount="4" falsecount="0"/>
        <line num="105" count="2" type="stmt"/>
        <line num="106" count="2" type="stmt"/>
        <line num="107" count="2" type="stmt"/>
        <line num="110" count="6" type="stmt"/>
        <line num="111" count="6" type="cond" truecount="2" falsecount="0"/>
        <line num="112" count="4" type="stmt"/>
        <line num="116" count="4" type="stmt"/>
      </file>
    </package>
  </project>
</coverage>
