{"/home/xs517-vissai/Documents/code/nexastack-ai-frontend/src/routeTree.gen.ts": {"path":"/home/xs517-vissai/Documents/code/nexastack-ai-frontend/src/routeTree.gen.ts","statementMap":{"0":{"start":{"line":42,"column":20},"end":{"line":46,"column":9}},"1":{"start":{"line":45,"column":24},"end":{"line":45,"column":33}},"2":{"start":{"line":48,"column":31},"end":{"line":52,"column":9}},"3":{"start":{"line":51,"column":24},"end":{"line":51,"column":33}},"4":{"start":{"line":54,"column":27},"end":{"line":58,"column":9}},"5":{"start":{"line":57,"column":24},"end":{"line":57,"column":33}},"6":{"start":{"line":60,"column":26},"end":{"line":64,"column":9}},"7":{"start":{"line":63,"column":24},"end":{"line":63,"column":33}},"8":{"start":{"line":66,"column":32},"end":{"line":70,"column":9}},"9":{"start":{"line":69,"column":24},"end":{"line":69,"column":33}},"10":{"start":{"line":72,"column":25},"end":{"line":76,"column":9}},"11":{"start":{"line":75,"column":24},"end":{"line":75,"column":33}},"12":{"start":{"line":78,"column":19},"end":{"line":82,"column":9}},"13":{"start":{"line":81,"column":24},"end":{"line":81,"column":33}},"14":{"start":{"line":84,"column":29},"end":{"line":88,"column":9}},"15":{"start":{"line":87,"column":24},"end":{"line":87,"column":33}},"16":{"start":{"line":90,"column":28},"end":{"line":94,"column":9}},"17":{"start":{"line":93,"column":24},"end":{"line":93,"column":33}},"18":{"start":{"line":96,"column":26},"end":{"line":100,"column":9}},"19":{"start":{"line":99,"column":24},"end":{"line":99,"column":33}},"20":{"start":{"line":102,"column":17},"end":{"line":105,"column":9}},"21":{"start":{"line":104,"column":24},"end":{"line":104,"column":33}},"22":{"start":{"line":107,"column":19},"end":{"line":111,"column":9}},"23":{"start":{"line":110,"column":24},"end":{"line":110,"column":33}},"24":{"start":{"line":113,"column":26},"end":{"line":117,"column":9}},"25":{"start":{"line":116,"column":24},"end":{"line":116,"column":32}},"26":{"start":{"line":119,"column":25},"end":{"line":123,"column":9}},"27":{"start":{"line":122,"column":24},"end":{"line":122,"column":32}},"28":{"start":{"line":125,"column":24},"end":{"line":129,"column":9}},"29":{"start":{"line":128,"column":24},"end":{"line":128,"column":32}},"30":{"start":{"line":131,"column":25},"end":{"line":135,"column":9}},"31":{"start":{"line":134,"column":24},"end":{"line":134,"column":32}},"32":{"start":{"line":137,"column":27},"end":{"line":141,"column":9}},"33":{"start":{"line":140,"column":24},"end":{"line":140,"column":32}},"34":{"start":{"line":143,"column":28},"end":{"line":147,"column":9}},"35":{"start":{"line":146,"column":24},"end":{"line":146,"column":32}},"36":{"start":{"line":149,"column":28},"end":{"line":153,"column":9}},"37":{"start":{"line":152,"column":24},"end":{"line":152,"column":32}},"38":{"start":{"line":155,"column":27},"end":{"line":159,"column":9}},"39":{"start":{"line":158,"column":24},"end":{"line":158,"column":32}},"40":{"start":{"line":161,"column":25},"end":{"line":165,"column":9}},"41":{"start":{"line":164,"column":24},"end":{"line":164,"column":32}},"42":{"start":{"line":167,"column":27},"end":{"line":171,"column":9}},"43":{"start":{"line":170,"column":24},"end":{"line":170,"column":32}},"44":{"start":{"line":173,"column":25},"end":{"line":177,"column":9}},"45":{"start":{"line":176,"column":24},"end":{"line":176,"column":32}},"46":{"start":{"line":179,"column":31},"end":{"line":183,"column":9}},"47":{"start":{"line":182,"column":24},"end":{"line":182,"column":32}},"48":{"start":{"line":185,"column":33},"end":{"line":189,"column":9}},"49":{"start":{"line":188,"column":24},"end":{"line":188,"column":32}},"50":{"start":{"line":391,"column":43},"end":{"line":405,"column":1}},"51":{"start":{"line":407,"column":29},"end":{"line":407,"column":72}},"52":{"start":{"line":594,"column":45},"end":{"line":607,"column":1}},"53":{"start":{"line":609,"column":25},"end":{"line":611,"column":34}}},"fnMap":{"0":{"name":"(anonymous_0)","decl":{"start":{"line":45,"column":18},"end":{"line":45,"column":19}},"loc":{"start":{"line":45,"column":24},"end":{"line":45,"column":33}},"line":45},"1":{"name":"(anonymous_1)","decl":{"start":{"line":51,"column":18},"end":{"line":51,"column":19}},"loc":{"start":{"line":51,"column":24},"end":{"line":51,"column":33}},"line":51},"2":{"name":"(anonymous_2)","decl":{"start":{"line":57,"column":18},"end":{"line":57,"column":19}},"loc":{"start":{"line":57,"column":24},"end":{"line":57,"column":33}},"line":57},"3":{"name":"(anonymous_3)","decl":{"start":{"line":63,"column":18},"end":{"line":63,"column":19}},"loc":{"start":{"line":63,"column":24},"end":{"line":63,"column":33}},"line":63},"4":{"name":"(anonymous_4)","decl":{"start":{"line":69,"column":18},"end":{"line":69,"column":19}},"loc":{"start":{"line":69,"column":24},"end":{"line":69,"column":33}},"line":69},"5":{"name":"(anonymous_5)","decl":{"start":{"line":75,"column":18},"end":{"line":75,"column":19}},"loc":{"start":{"line":75,"column":24},"end":{"line":75,"column":33}},"line":75},"6":{"name":"(anonymous_6)","decl":{"start":{"line":81,"column":18},"end":{"line":81,"column":19}},"loc":{"start":{"line":81,"column":24},"end":{"line":81,"column":33}},"line":81},"7":{"name":"(anonymous_7)","decl":{"start":{"line":87,"column":18},"end":{"line":87,"column":19}},"loc":{"start":{"line":87,"column":24},"end":{"line":87,"column":33}},"line":87},"8":{"name":"(anonymous_8)","decl":{"start":{"line":93,"column":18},"end":{"line":93,"column":19}},"loc":{"start":{"line":93,"column":24},"end":{"line":93,"column":33}},"line":93},"9":{"name":"(anonymous_9)","decl":{"start":{"line":99,"column":18},"end":{"line":99,"column":19}},"loc":{"start":{"line":99,"column":24},"end":{"line":99,"column":33}},"line":99},"10":{"name":"(anonymous_10)","decl":{"start":{"line":104,"column":18},"end":{"line":104,"column":19}},"loc":{"start":{"line":104,"column":24},"end":{"line":104,"column":33}},"line":104},"11":{"name":"(anonymous_11)","decl":{"start":{"line":110,"column":18},"end":{"line":110,"column":19}},"loc":{"start":{"line":110,"column":24},"end":{"line":110,"column":33}},"line":110},"12":{"name":"(anonymous_12)","decl":{"start":{"line":116,"column":18},"end":{"line":116,"column":19}},"loc":{"start":{"line":116,"column":24},"end":{"line":116,"column":32}},"line":116},"13":{"name":"(anonymous_13)","decl":{"start":{"line":122,"column":18},"end":{"line":122,"column":19}},"loc":{"start":{"line":122,"column":24},"end":{"line":122,"column":32}},"line":122},"14":{"name":"(anonymous_14)","decl":{"start":{"line":128,"column":18},"end":{"line":128,"column":19}},"loc":{"start":{"line":128,"column":24},"end":{"line":128,"column":32}},"line":128},"15":{"name":"(anonymous_15)","decl":{"start":{"line":134,"column":18},"end":{"line":134,"column":19}},"loc":{"start":{"line":134,"column":24},"end":{"line":134,"column":32}},"line":134},"16":{"name":"(anonymous_16)","decl":{"start":{"line":140,"column":18},"end":{"line":140,"column":19}},"loc":{"start":{"line":140,"column":24},"end":{"line":140,"column":32}},"line":140},"17":{"name":"(anonymous_17)","decl":{"start":{"line":146,"column":18},"end":{"line":146,"column":19}},"loc":{"start":{"line":146,"column":24},"end":{"line":146,"column":32}},"line":146},"18":{"name":"(anonymous_18)","decl":{"start":{"line":152,"column":18},"end":{"line":152,"column":19}},"loc":{"start":{"line":152,"column":24},"end":{"line":152,"column":32}},"line":152},"19":{"name":"(anonymous_19)","decl":{"start":{"line":158,"column":18},"end":{"line":158,"column":19}},"loc":{"start":{"line":158,"column":24},"end":{"line":158,"column":32}},"line":158},"20":{"name":"(anonymous_20)","decl":{"start":{"line":164,"column":18},"end":{"line":164,"column":19}},"loc":{"start":{"line":164,"column":24},"end":{"line":164,"column":32}},"line":164},"21":{"name":"(anonymous_21)","decl":{"start":{"line":170,"column":18},"end":{"line":170,"column":19}},"loc":{"start":{"line":170,"column":24},"end":{"line":170,"column":32}},"line":170},"22":{"name":"(anonymous_22)","decl":{"start":{"line":176,"column":18},"end":{"line":176,"column":19}},"loc":{"start":{"line":176,"column":24},"end":{"line":176,"column":32}},"line":176},"23":{"name":"(anonymous_23)","decl":{"start":{"line":182,"column":18},"end":{"line":182,"column":19}},"loc":{"start":{"line":182,"column":24},"end":{"line":182,"column":32}},"line":182},"24":{"name":"(anonymous_24)","decl":{"start":{"line":188,"column":18},"end":{"line":188,"column":19}},"loc":{"start":{"line":188,"column":24},"end":{"line":188,"column":32}},"line":188}},"branchMap":{},"s":{"0":0,"1":0,"2":0,"3":0,"4":0,"5":0,"6":0,"7":0,"8":0,"9":0,"10":0,"11":0,"12":0,"13":0,"14":0,"15":0,"16":0,"17":0,"18":0,"19":0,"20":0,"21":0,"22":0,"23":0,"24":0,"25":0,"26":0,"27":0,"28":0,"29":0,"30":0,"31":0,"32":0,"33":0,"34":0,"35":0,"36":0,"37":0,"38":0,"39":0,"40":0,"41":0,"42":0,"43":0,"44":0,"45":0,"46":0,"47":0,"48":0,"49":0,"50":0,"51":0,"52":0,"53":0},"f":{"0":0,"1":0,"2":0,"3":0,"4":0,"5":0,"6":0,"7":0,"8":0,"9":0,"10":0,"11":0,"12":0,"13":0,"14":0,"15":0,"16":0,"17":0,"18":0,"19":0,"20":0,"21":0,"22":0,"23":0,"24":0},"b":{}}
,"/home/xs517-vissai/Documents/code/nexastack-ai-frontend/src/api/addClusterApi.ts": {"path":"/home/xs517-vissai/Documents/code/nexastack-ai-frontend/src/api/addClusterApi.ts","statementMap":{"0":{"start":{"line":12,"column":26},"end":{"line":12,"column":39}},"1":{"start":{"line":16,"column":21},"end":{"line":24,"column":5}},"2":{"start":{"line":25,"column":4},"end":{"line":25,"column":24}},"3":{"start":{"line":30,"column":21},"end":{"line":33,"column":5}},"4":{"start":{"line":34,"column":4},"end":{"line":34,"column":24}},"5":{"start":{"line":39,"column":21},"end":{"line":39,"column":62}},"6":{"start":{"line":40,"column":4},"end":{"line":40,"column":24}},"7":{"start":{"line":44,"column":21},"end":{"line":47,"column":5}},"8":{"start":{"line":48,"column":4},"end":{"line":48,"column":24}},"9":{"start":{"line":52,"column":21},"end":{"line":54,"column":5}},"10":{"start":{"line":55,"column":4},"end":{"line":55,"column":24}},"11":{"start":{"line":59,"column":21},"end":{"line":62,"column":5}},"12":{"start":{"line":63,"column":4},"end":{"line":63,"column":24}},"13":{"start":{"line":68,"column":21},"end":{"line":68,"column":75}},"14":{"start":{"line":69,"column":4},"end":{"line":69,"column":24}},"15":{"start":{"line":73,"column":22},"end":{"line":73,"column":41}}},"fnMap":{"0":{"name":"(anonymous_0)","decl":{"start":{"line":15,"column":2},"end":{"line":15,"column":3}},"loc":{"start":{"line":15,"column":54},"end":{"line":26,"column":3}},"line":15},"1":{"name":"(anonymous_1)","decl":{"start":{"line":29,"column":2},"end":{"line":29,"column":3}},"loc":{"start":{"line":29,"column":55},"end":{"line":35,"column":3}},"line":29},"2":{"name":"(anonymous_2)","decl":{"start":{"line":38,"column":2},"end":{"line":38,"column":3}},"loc":{"start":{"line":38,"column":21},"end":{"line":41,"column":3}},"line":38},"3":{"name":"(anonymous_3)","decl":{"start":{"line":43,"column":2},"end":{"line":43,"column":3}},"loc":{"start":{"line":43,"column":61},"end":{"line":49,"column":3}},"line":43},"4":{"name":"(anonymous_4)","decl":{"start":{"line":51,"column":2},"end":{"line":51,"column":3}},"loc":{"start":{"line":51,"column":75},"end":{"line":56,"column":3}},"line":51},"5":{"name":"(anonymous_5)","decl":{"start":{"line":58,"column":2},"end":{"line":58,"column":3}},"loc":{"start":{"line":58,"column":57},"end":{"line":64,"column":3}},"line":58},"6":{"name":"(anonymous_6)","decl":{"start":{"line":67,"column":2},"end":{"line":67,"column":3}},"loc":{"start":{"line":67,"column":47},"end":{"line":70,"column":3}},"line":67}},"branchMap":{},"s":{"0":3,"1":1,"2":1,"3":1,"4":1,"5":1,"6":1,"7":1,"8":1,"9":1,"10":1,"11":1,"12":1,"13":1,"14":1,"15":3},"f":{"0":1,"1":1,"2":1,"3":1,"4":1,"5":1,"6":1},"b":{},"_coverageSchema":"1a1c01bbd47fc00a2c39e90264f33305004495a9","hash":"b542f8c4da21fcd03fe55852c1c95f9ed3567d0c"}
,"/home/xs517-vissai/Documents/code/nexastack-ai-frontend/src/api/authApi.ts": {"path":"/home/xs517-vissai/Documents/code/nexastack-ai-frontend/src/api/authApi.ts","statementMap":{"0":{"start":{"line":12,"column":26},"end":{"line":12,"column":39}},"1":{"start":{"line":15,"column":21},"end":{"line":15,"column":66}},"2":{"start":{"line":16,"column":4},"end":{"line":16,"column":24}},"3":{"start":{"line":20,"column":21},"end":{"line":20,"column":67}},"4":{"start":{"line":21,"column":4},"end":{"line":21,"column":24}},"5":{"start":{"line":25,"column":21},"end":{"line":25,"column":60}},"6":{"start":{"line":26,"column":4},"end":{"line":26,"column":24}},"7":{"start":{"line":30,"column":21},"end":{"line":30,"column":71}},"8":{"start":{"line":31,"column":4},"end":{"line":31,"column":24}},"9":{"start":{"line":35,"column":21},"end":{"line":35,"column":76}},"10":{"start":{"line":36,"column":4},"end":{"line":36,"column":24}},"11":{"start":{"line":40,"column":21},"end":{"line":40,"column":71}},"12":{"start":{"line":41,"column":4},"end":{"line":41,"column":24}},"13":{"start":{"line":45,"column":21},"end":{"line":45,"column":77}},"14":{"start":{"line":46,"column":4},"end":{"line":46,"column":24}},"15":{"start":{"line":50,"column":16},"end":{"line":50,"column":29}}},"fnMap":{"0":{"name":"(anonymous_0)","decl":{"start":{"line":14,"column":2},"end":{"line":14,"column":3}},"loc":{"start":{"line":14,"column":34},"end":{"line":17,"column":3}},"line":14},"1":{"name":"(anonymous_1)","decl":{"start":{"line":19,"column":2},"end":{"line":19,"column":3}},"loc":{"start":{"line":19,"column":36},"end":{"line":22,"column":3}},"line":19},"2":{"name":"(anonymous_2)","decl":{"start":{"line":24,"column":2},"end":{"line":24,"column":3}},"loc":{"start":{"line":24,"column":17},"end":{"line":27,"column":3}},"line":24},"3":{"name":"(anonymous_3)","decl":{"start":{"line":29,"column":2},"end":{"line":29,"column":3}},"loc":{"start":{"line":29,"column":47},"end":{"line":32,"column":3}},"line":29},"4":{"name":"(anonymous_4)","decl":{"start":{"line":34,"column":2},"end":{"line":34,"column":3}},"loc":{"start":{"line":34,"column":70},"end":{"line":37,"column":3}},"line":34},"5":{"name":"(anonymous_5)","decl":{"start":{"line":39,"column":2},"end":{"line":39,"column":3}},"loc":{"start":{"line":39,"column":52},"end":{"line":42,"column":3}},"line":39},"6":{"name":"(anonymous_6)","decl":{"start":{"line":44,"column":2},"end":{"line":44,"column":3}},"loc":{"start":{"line":44,"column":54},"end":{"line":47,"column":3}},"line":44}},"branchMap":{},"s":{"0":1,"1":1,"2":1,"3":1,"4":1,"5":1,"6":1,"7":1,"8":1,"9":1,"10":1,"11":1,"12":1,"13":1,"14":1,"15":1},"f":{"0":1,"1":1,"2":1,"3":1,"4":1,"5":1,"6":1},"b":{},"_coverageSchema":"1a1c01bbd47fc00a2c39e90264f33305004495a9","hash":"8dd4e1e25cc044f4a19e3ededcb1cb1e8310efcf"}
,"/home/xs517-vissai/Documents/code/nexastack-ai-frontend/src/api/clustersApi.ts": {"path":"/home/xs517-vissai/Documents/code/nexastack-ai-frontend/src/api/clustersApi.ts","statementMap":{"0":{"start":{"line":4,"column":26},"end":{"line":4,"column":39}},"1":{"start":{"line":7,"column":21},"end":{"line":7,"column":62}},"2":{"start":{"line":8,"column":4},"end":{"line":8,"column":24}},"3":{"start":{"line":12,"column":21},"end":{"line":12,"column":77}},"4":{"start":{"line":13,"column":4},"end":{"line":13,"column":24}},"5":{"start":{"line":17,"column":20},"end":{"line":17,"column":37}}},"fnMap":{"0":{"name":"(anonymous_0)","decl":{"start":{"line":6,"column":2},"end":{"line":6,"column":3}},"loc":{"start":{"line":6,"column":22},"end":{"line":9,"column":3}},"line":6},"1":{"name":"(anonymous_1)","decl":{"start":{"line":11,"column":2},"end":{"line":11,"column":3}},"loc":{"start":{"line":11,"column":34},"end":{"line":14,"column":3}},"line":11}},"branchMap":{},"s":{"0":2,"1":1,"2":1,"3":1,"4":1,"5":2},"f":{"0":1,"1":1},"b":{},"_coverageSchema":"1a1c01bbd47fc00a2c39e90264f33305004495a9","hash":"def818f133f529c2bedcbb9ddd534d3cc58520e1"}
,"/home/xs517-vissai/Documents/code/nexastack-ai-frontend/src/api/deploymentApi.ts": {"path":"/home/xs517-vissai/Documents/code/nexastack-ai-frontend/src/api/deploymentApi.ts","statementMap":{"0":{"start":{"line":9,"column":26},"end":{"line":9,"column":39}},"1":{"start":{"line":12,"column":21},"end":{"line":12,"column":80}},"2":{"start":{"line":13,"column":4},"end":{"line":13,"column":24}},"3":{"start":{"line":17,"column":21},"end":{"line":20,"column":5}},"4":{"start":{"line":21,"column":4},"end":{"line":21,"column":19}},"5":{"start":{"line":25,"column":21},"end":{"line":25,"column":77}},"6":{"start":{"line":26,"column":4},"end":{"line":26,"column":19}},"7":{"start":{"line":30,"column":21},"end":{"line":30,"column":79}},"8":{"start":{"line":31,"column":4},"end":{"line":31,"column":24}},"9":{"start":{"line":35,"column":22},"end":{"line":35,"column":41}}},"fnMap":{"0":{"name":"(anonymous_0)","decl":{"start":{"line":11,"column":2},"end":{"line":11,"column":3}},"loc":{"start":{"line":11,"column":39},"end":{"line":14,"column":3}},"line":11},"1":{"name":"(anonymous_1)","decl":{"start":{"line":16,"column":2},"end":{"line":16,"column":3}},"loc":{"start":{"line":16,"column":71},"end":{"line":22,"column":3}},"line":16},"2":{"name":"(anonymous_2)","decl":{"start":{"line":24,"column":2},"end":{"line":24,"column":3}},"loc":{"start":{"line":24,"column":53},"end":{"line":27,"column":3}},"line":24},"3":{"name":"(anonymous_3)","decl":{"start":{"line":29,"column":2},"end":{"line":29,"column":3}},"loc":{"start":{"line":29,"column":61},"end":{"line":32,"column":3}},"line":29}},"branchMap":{},"s":{"0":1,"1":1,"2":1,"3":1,"4":1,"5":1,"6":1,"7":1,"8":1,"9":1},"f":{"0":1,"1":1,"2":1,"3":1},"b":{},"_coverageSchema":"1a1c01bbd47fc00a2c39e90264f33305004495a9","hash":"275085014f82035d0b3d419c0a5bb4926b38a6fe"}
,"/home/xs517-vissai/Documents/code/nexastack-ai-frontend/src/api/deploymentsApi.ts": {"path":"/home/xs517-vissai/Documents/code/nexastack-ai-frontend/src/api/deploymentsApi.ts","statementMap":{"0":{"start":{"line":4,"column":26},"end":{"line":4,"column":39}},"1":{"start":{"line":7,"column":21},"end":{"line":7,"column":68}},"2":{"start":{"line":8,"column":4},"end":{"line":8,"column":24}},"3":{"start":{"line":12,"column":21},"end":{"line":12,"column":77}},"4":{"start":{"line":13,"column":4},"end":{"line":13,"column":24}},"5":{"start":{"line":17,"column":23},"end":{"line":17,"column":43}}},"fnMap":{"0":{"name":"(anonymous_0)","decl":{"start":{"line":6,"column":2},"end":{"line":6,"column":3}},"loc":{"start":{"line":6,"column":25},"end":{"line":9,"column":3}},"line":6},"1":{"name":"(anonymous_1)","decl":{"start":{"line":11,"column":2},"end":{"line":11,"column":3}},"loc":{"start":{"line":11,"column":37},"end":{"line":14,"column":3}},"line":11}},"branchMap":{},"s":{"0":1,"1":1,"2":1,"3":1,"4":1,"5":1},"f":{"0":1,"1":1},"b":{},"_coverageSchema":"1a1c01bbd47fc00a2c39e90264f33305004495a9","hash":"9a700552b8d8dbbfc3038ff5d4f19aa0981e7c59"}
,"/home/xs517-vissai/Documents/code/nexastack-ai-frontend/src/api/headerApi.ts": {"path":"/home/xs517-vissai/Documents/code/nexastack-ai-frontend/src/api/headerApi.ts","statementMap":{"0":{"start":{"line":6,"column":26},"end":{"line":6,"column":39}},"1":{"start":{"line":9,"column":21},"end":{"line":9,"column":67}},"2":{"start":{"line":10,"column":4},"end":{"line":10,"column":24}},"3":{"start":{"line":15,"column":20},"end":{"line":18,"column":5}},"4":{"start":{"line":20,"column":21},"end":{"line":20,"column":77}},"5":{"start":{"line":23,"column":4},"end":{"line":27,"column":5}},"6":{"start":{"line":31,"column":18},"end":{"line":31,"column":33}}},"fnMap":{"0":{"name":"(anonymous_0)","decl":{"start":{"line":8,"column":2},"end":{"line":8,"column":3}},"loc":{"start":{"line":8,"column":22},"end":{"line":11,"column":3}},"line":8},"1":{"name":"(anonymous_1)","decl":{"start":{"line":13,"column":2},"end":{"line":13,"column":3}},"loc":{"start":{"line":13,"column":77},"end":{"line":28,"column":3}},"line":13}},"branchMap":{},"s":{"0":1,"1":1,"2":1,"3":1,"4":1,"5":1,"6":1},"f":{"0":1,"1":1},"b":{},"_coverageSchema":"1a1c01bbd47fc00a2c39e90264f33305004495a9","hash":"de97cd72c4b4b34134240328b30f810c20705b77"}
,"/home/xs517-vissai/Documents/code/nexastack-ai-frontend/src/api/marketplaceApi.ts": {"path":"/home/xs517-vissai/Documents/code/nexastack-ai-frontend/src/api/marketplaceApi.ts","statementMap":{"0":{"start":{"line":8,"column":26},"end":{"line":8,"column":39}},"1":{"start":{"line":11,"column":21},"end":{"line":13,"column":5}},"2":{"start":{"line":14,"column":4},"end":{"line":14,"column":24}},"3":{"start":{"line":18,"column":21},"end":{"line":18,"column":74}},"4":{"start":{"line":19,"column":4},"end":{"line":19,"column":24}},"5":{"start":{"line":23,"column":21},"end":{"line":23,"column":72}},"6":{"start":{"line":24,"column":4},"end":{"line":24,"column":24}},"7":{"start":{"line":28,"column":23},"end":{"line":28,"column":43}}},"fnMap":{"0":{"name":"(anonymous_0)","decl":{"start":{"line":10,"column":2},"end":{"line":10,"column":3}},"loc":{"start":{"line":10,"column":36},"end":{"line":15,"column":3}},"line":10},"1":{"name":"(anonymous_1)","decl":{"start":{"line":17,"column":2},"end":{"line":17,"column":3}},"loc":{"start":{"line":17,"column":48},"end":{"line":20,"column":3}},"line":17},"2":{"name":"(anonymous_2)","decl":{"start":{"line":22,"column":2},"end":{"line":22,"column":3}},"loc":{"start":{"line":22,"column":42},"end":{"line":25,"column":3}},"line":22}},"branchMap":{},"s":{"0":1,"1":1,"2":1,"3":1,"4":1,"5":1,"6":1,"7":1},"f":{"0":1,"1":1,"2":1},"b":{},"_coverageSchema":"1a1c01bbd47fc00a2c39e90264f33305004495a9","hash":"9e59748839ad57cb20dfcacfab1cd140283293d2"}
,"/home/xs517-vissai/Documents/code/nexastack-ai-frontend/src/api/memberInvitationApi.ts": {"path":"/home/xs517-vissai/Documents/code/nexastack-ai-frontend/src/api/memberInvitationApi.ts","statementMap":{"0":{"start":{"line":10,"column":26},"end":{"line":10,"column":39}},"1":{"start":{"line":13,"column":21},"end":{"line":13,"column":66}},"2":{"start":{"line":14,"column":4},"end":{"line":14,"column":24}},"3":{"start":{"line":18,"column":21},"end":{"line":18,"column":73}},"4":{"start":{"line":19,"column":4},"end":{"line":19,"column":24}},"5":{"start":{"line":23,"column":21},"end":{"line":23,"column":79}},"6":{"start":{"line":24,"column":4},"end":{"line":24,"column":24}},"7":{"start":{"line":28,"column":21},"end":{"line":31,"column":5}},"8":{"start":{"line":32,"column":4},"end":{"line":32,"column":24}},"9":{"start":{"line":36,"column":28},"end":{"line":36,"column":53}}},"fnMap":{"0":{"name":"(anonymous_0)","decl":{"start":{"line":12,"column":2},"end":{"line":12,"column":3}},"loc":{"start":{"line":12,"column":46},"end":{"line":15,"column":3}},"line":12},"1":{"name":"(anonymous_1)","decl":{"start":{"line":17,"column":2},"end":{"line":17,"column":3}},"loc":{"start":{"line":17,"column":48},"end":{"line":20,"column":3}},"line":17},"2":{"name":"(anonymous_2)","decl":{"start":{"line":22,"column":2},"end":{"line":22,"column":3}},"loc":{"start":{"line":22,"column":60},"end":{"line":25,"column":3}},"line":22},"3":{"name":"(anonymous_3)","decl":{"start":{"line":27,"column":2},"end":{"line":27,"column":3}},"loc":{"start":{"line":27,"column":74},"end":{"line":33,"column":3}},"line":27}},"branchMap":{},"s":{"0":1,"1":1,"2":1,"3":1,"4":1,"5":1,"6":1,"7":1,"8":1,"9":1},"f":{"0":1,"1":1,"2":1,"3":1},"b":{},"_coverageSchema":"1a1c01bbd47fc00a2c39e90264f33305004495a9","hash":"4db1035ede36a52129c3c6baadd0c01a5606cc03"}
,"/home/xs517-vissai/Documents/code/nexastack-ai-frontend/src/api/platformSetupApi.ts": {"path":"/home/xs517-vissai/Documents/code/nexastack-ai-frontend/src/api/platformSetupApi.ts","statementMap":{"0":{"start":{"line":9,"column":26},"end":{"line":9,"column":39}},"1":{"start":{"line":12,"column":21},"end":{"line":12,"column":71}},"2":{"start":{"line":13,"column":4},"end":{"line":13,"column":24}},"3":{"start":{"line":17,"column":21},"end":{"line":20,"column":5}},"4":{"start":{"line":21,"column":4},"end":{"line":21,"column":24}},"5":{"start":{"line":25,"column":21},"end":{"line":25,"column":78}},"6":{"start":{"line":26,"column":4},"end":{"line":26,"column":24}},"7":{"start":{"line":30,"column":25},"end":{"line":30,"column":47}}},"fnMap":{"0":{"name":"(anonymous_0)","decl":{"start":{"line":11,"column":2},"end":{"line":11,"column":3}},"loc":{"start":{"line":11,"column":56},"end":{"line":14,"column":3}},"line":11},"1":{"name":"(anonymous_1)","decl":{"start":{"line":16,"column":2},"end":{"line":16,"column":3}},"loc":{"start":{"line":16,"column":76},"end":{"line":22,"column":3}},"line":16},"2":{"name":"(anonymous_2)","decl":{"start":{"line":24,"column":2},"end":{"line":24,"column":3}},"loc":{"start":{"line":24,"column":50},"end":{"line":27,"column":3}},"line":24}},"branchMap":{},"s":{"0":1,"1":1,"2":1,"3":1,"4":1,"5":1,"6":1,"7":1},"f":{"0":1,"1":1,"2":1},"b":{},"_coverageSchema":"1a1c01bbd47fc00a2c39e90264f33305004495a9","hash":"d3e4daf34b28a7b2f884ee19ad2c1e0291262fff"}
,"/home/xs517-vissai/Documents/code/nexastack-ai-frontend/src/api/playgroundApi.ts": {"path":"/home/xs517-vissai/Documents/code/nexastack-ai-frontend/src/api/playgroundApi.ts","statementMap":{"0":{"start":{"line":8,"column":26},"end":{"line":8,"column":39}},"1":{"start":{"line":11,"column":21},"end":{"line":11,"column":74}},"2":{"start":{"line":12,"column":4},"end":{"line":12,"column":24}},"3":{"start":{"line":16,"column":21},"end":{"line":16,"column":78}},"4":{"start":{"line":17,"column":4},"end":{"line":17,"column":24}},"5":{"start":{"line":21,"column":21},"end":{"line":23,"column":5}},"6":{"start":{"line":24,"column":4},"end":{"line":24,"column":24}},"7":{"start":{"line":28,"column":22},"end":{"line":28,"column":41}}},"fnMap":{"0":{"name":"(anonymous_0)","decl":{"start":{"line":10,"column":2},"end":{"line":10,"column":3}},"loc":{"start":{"line":10,"column":54},"end":{"line":13,"column":3}},"line":10},"1":{"name":"(anonymous_1)","decl":{"start":{"line":15,"column":2},"end":{"line":15,"column":3}},"loc":{"start":{"line":15,"column":49},"end":{"line":18,"column":3}},"line":15},"2":{"name":"(anonymous_2)","decl":{"start":{"line":20,"column":2},"end":{"line":20,"column":3}},"loc":{"start":{"line":20,"column":49},"end":{"line":25,"column":3}},"line":20}},"branchMap":{},"s":{"0":1,"1":1,"2":1,"3":1,"4":1,"5":1,"6":1,"7":1},"f":{"0":1,"1":1,"2":1},"b":{},"_coverageSchema":"1a1c01bbd47fc00a2c39e90264f33305004495a9","hash":"33ac8581a9ad25c7a3bc85c4f1a7bc6cf72c4ca4"}
,"/home/xs517-vissai/Documents/code/nexastack-ai-frontend/src/api/projectApi.ts": {"path":"/home/xs517-vissai/Documents/code/nexastack-ai-frontend/src/api/projectApi.ts","statementMap":{"0":{"start":{"line":5,"column":26},"end":{"line":5,"column":39}},"1":{"start":{"line":8,"column":21},"end":{"line":8,"column":75}},"2":{"start":{"line":9,"column":4},"end":{"line":9,"column":24}},"3":{"start":{"line":13,"column":21},"end":{"line":15,"column":5}},"4":{"start":{"line":16,"column":4},"end":{"line":16,"column":24}},"5":{"start":{"line":20,"column":21},"end":{"line":22,"column":5}},"6":{"start":{"line":23,"column":4},"end":{"line":23,"column":24}},"7":{"start":{"line":27,"column":21},"end":{"line":30,"column":5}},"8":{"start":{"line":31,"column":4},"end":{"line":31,"column":24}},"9":{"start":{"line":35,"column":21},"end":{"line":35,"column":78}},"10":{"start":{"line":36,"column":4},"end":{"line":36,"column":24}},"11":{"start":{"line":40,"column":19},"end":{"line":40,"column":35}}},"fnMap":{"0":{"name":"(anonymous_0)","decl":{"start":{"line":7,"column":2},"end":{"line":7,"column":3}},"loc":{"start":{"line":7,"column":38},"end":{"line":10,"column":3}},"line":7},"1":{"name":"(anonymous_1)","decl":{"start":{"line":12,"column":2},"end":{"line":12,"column":3}},"loc":{"start":{"line":12,"column":48},"end":{"line":17,"column":3}},"line":12},"2":{"name":"(anonymous_2)","decl":{"start":{"line":19,"column":2},"end":{"line":19,"column":3}},"loc":{"start":{"line":19,"column":45},"end":{"line":24,"column":3}},"line":19},"3":{"name":"(anonymous_3)","decl":{"start":{"line":26,"column":2},"end":{"line":26,"column":3}},"loc":{"start":{"line":26,"column":62},"end":{"line":32,"column":3}},"line":26},"4":{"name":"(anonymous_4)","decl":{"start":{"line":34,"column":2},"end":{"line":34,"column":3}},"loc":{"start":{"line":34,"column":41},"end":{"line":37,"column":3}},"line":34}},"branchMap":{},"s":{"0":1,"1":1,"2":1,"3":1,"4":1,"5":1,"6":1,"7":1,"8":1,"9":1,"10":1,"11":1},"f":{"0":1,"1":1,"2":1,"3":1,"4":1},"b":{},"_coverageSchema":"1a1c01bbd47fc00a2c39e90264f33305004495a9","hash":"31ab03b33ab4b4469002e45018c2d6db110f5924"}
,"/home/xs517-vissai/Documents/code/nexastack-ai-frontend/src/api/projectsApi.ts": {"path":"/home/xs517-vissai/Documents/code/nexastack-ai-frontend/src/api/projectsApi.ts","statementMap":{"0":{"start":{"line":5,"column":26},"end":{"line":5,"column":39}},"1":{"start":{"line":8,"column":21},"end":{"line":8,"column":67}},"2":{"start":{"line":9,"column":4},"end":{"line":9,"column":24}},"3":{"start":{"line":13,"column":21},"end":{"line":13,"column":69}},"4":{"start":{"line":14,"column":4},"end":{"line":14,"column":24}},"5":{"start":{"line":18,"column":20},"end":{"line":18,"column":37}}},"fnMap":{"0":{"name":"(anonymous_0)","decl":{"start":{"line":7,"column":2},"end":{"line":7,"column":3}},"loc":{"start":{"line":7,"column":22},"end":{"line":10,"column":3}},"line":7},"1":{"name":"(anonymous_1)","decl":{"start":{"line":12,"column":2},"end":{"line":12,"column":3}},"loc":{"start":{"line":12,"column":47},"end":{"line":15,"column":3}},"line":12}},"branchMap":{},"s":{"0":2,"1":1,"2":1,"3":1,"4":1,"5":2},"f":{"0":1,"1":1},"b":{},"_coverageSchema":"1a1c01bbd47fc00a2c39e90264f33305004495a9","hash":"870fd1a6b3f86dad47041b144156fb43b385397e"}
,"/home/xs517-vissai/Documents/code/nexastack-ai-frontend/src/api/rolesApi.ts": {"path":"/home/xs517-vissai/Documents/code/nexastack-ai-frontend/src/api/rolesApi.ts","statementMap":{"0":{"start":{"line":4,"column":26},"end":{"line":4,"column":39}},"1":{"start":{"line":7,"column":21},"end":{"line":7,"column":59}},"2":{"start":{"line":8,"column":4},"end":{"line":8,"column":24}},"3":{"start":{"line":12,"column":17},"end":{"line":12,"column":31}}},"fnMap":{"0":{"name":"(anonymous_0)","decl":{"start":{"line":6,"column":2},"end":{"line":6,"column":3}},"loc":{"start":{"line":6,"column":19},"end":{"line":9,"column":3}},"line":6}},"branchMap":{},"s":{"0":1,"1":2,"2":1,"3":1},"f":{"0":2},"b":{},"_coverageSchema":"1a1c01bbd47fc00a2c39e90264f33305004495a9","hash":"07fa836b79afb3d532ebd9c3612b103caf2dcf4e"}
,"/home/xs517-vissai/Documents/code/nexastack-ai-frontend/src/api/serverApi.ts": {"path":"/home/xs517-vissai/Documents/code/nexastack-ai-frontend/src/api/serverApi.ts","statementMap":{"0":{"start":{"line":4,"column":26},"end":{"line":4,"column":39}},"1":{"start":{"line":7,"column":21},"end":{"line":11,"column":6}},"2":{"start":{"line":12,"column":4},"end":{"line":12,"column":24}},"3":{"start":{"line":16,"column":21},"end":{"line":18,"column":5}},"4":{"start":{"line":19,"column":4},"end":{"line":19,"column":24}},"5":{"start":{"line":23,"column":18},"end":{"line":23,"column":33}}},"fnMap":{"0":{"name":"(anonymous_0)","decl":{"start":{"line":6,"column":2},"end":{"line":6,"column":3}},"loc":{"start":{"line":6,"column":36},"end":{"line":13,"column":3}},"line":6},"1":{"name":"(anonymous_1)","decl":{"start":{"line":15,"column":2},"end":{"line":15,"column":3}},"loc":{"start":{"line":15,"column":37},"end":{"line":20,"column":3}},"line":15}},"branchMap":{},"s":{"0":2,"1":2,"2":1,"3":2,"4":1,"5":2},"f":{"0":2,"1":2},"b":{},"_coverageSchema":"1a1c01bbd47fc00a2c39e90264f33305004495a9","hash":"5722fa38d801e19eed8d44386e9611a658ff642b"}
,"/home/xs517-vissai/Documents/code/nexastack-ai-frontend/src/api/serversApi.ts": {"path":"/home/xs517-vissai/Documents/code/nexastack-ai-frontend/src/api/serversApi.ts","statementMap":{"0":{"start":{"line":4,"column":26},"end":{"line":4,"column":39}},"1":{"start":{"line":7,"column":21},"end":{"line":9,"column":6}},"2":{"start":{"line":10,"column":4},"end":{"line":10,"column":24}},"3":{"start":{"line":14,"column":19},"end":{"line":14,"column":35}}},"fnMap":{"0":{"name":"(anonymous_0)","decl":{"start":{"line":6,"column":2},"end":{"line":6,"column":3}},"loc":{"start":{"line":6,"column":54},"end":{"line":11,"column":3}},"line":6}},"branchMap":{"0":{"loc":{"start":{"line":6,"column":19},"end":{"line":6,"column":27}},"type":"default-arg","locations":[{"start":{"line":6,"column":26},"end":{"line":6,"column":27}}],"line":6},"1":{"loc":{"start":{"line":6,"column":29},"end":{"line":6,"column":39}},"type":"default-arg","locations":[{"start":{"line":6,"column":37},"end":{"line":6,"column":39}}],"line":6},"2":{"loc":{"start":{"line":6,"column":41},"end":{"line":6,"column":52}},"type":"default-arg","locations":[{"start":{"line":6,"column":50},"end":{"line":6,"column":52}}],"line":6}},"s":{"0":2,"1":3,"2":2,"3":2},"f":{"0":3},"b":{"0":[2],"1":[2],"2":[2]},"_coverageSchema":"1a1c01bbd47fc00a2c39e90264f33305004495a9","hash":"2ef74e877c928b0df3646836d6bb8cee543b1fa5"}
,"/home/xs517-vissai/Documents/code/nexastack-ai-frontend/src/api/userDetailsApi.ts": {"path":"/home/xs517-vissai/Documents/code/nexastack-ai-frontend/src/api/userDetailsApi.ts","statementMap":{"0":{"start":{"line":8,"column":26},"end":{"line":8,"column":39}},"1":{"start":{"line":11,"column":21},"end":{"line":11,"column":73}},"2":{"start":{"line":12,"column":4},"end":{"line":12,"column":24}},"3":{"start":{"line":16,"column":21},"end":{"line":16,"column":70}},"4":{"start":{"line":17,"column":4},"end":{"line":17,"column":24}},"5":{"start":{"line":21,"column":21},"end":{"line":21,"column":61}},"6":{"start":{"line":22,"column":4},"end":{"line":22,"column":24}},"7":{"start":{"line":26,"column":23},"end":{"line":26,"column":43}}},"fnMap":{"0":{"name":"(anonymous_0)","decl":{"start":{"line":10,"column":2},"end":{"line":10,"column":3}},"loc":{"start":{"line":10,"column":54},"end":{"line":13,"column":3}},"line":10},"1":{"name":"(anonymous_1)","decl":{"start":{"line":15,"column":2},"end":{"line":15,"column":3}},"loc":{"start":{"line":15,"column":52},"end":{"line":18,"column":3}},"line":15},"2":{"name":"(anonymous_2)","decl":{"start":{"line":20,"column":2},"end":{"line":20,"column":3}},"loc":{"start":{"line":20,"column":25},"end":{"line":23,"column":3}},"line":20}},"branchMap":{},"s":{"0":2,"1":2,"2":1,"3":2,"4":1,"5":3,"6":2,"7":2},"f":{"0":2,"1":2,"2":3},"b":{},"_coverageSchema":"1a1c01bbd47fc00a2c39e90264f33305004495a9","hash":"4dd8238784b859f511f8a1740739ff65e269fa5f"}
,"/home/xs517-vissai/Documents/code/nexastack-ai-frontend/src/api/workspaceApi.ts": {"path":"/home/xs517-vissai/Documents/code/nexastack-ai-frontend/src/api/workspaceApi.ts","statementMap":{"0":{"start":{"line":5,"column":26},"end":{"line":5,"column":39}},"1":{"start":{"line":8,"column":21},"end":{"line":8,"column":71}},"2":{"start":{"line":9,"column":4},"end":{"line":9,"column":24}},"3":{"start":{"line":13,"column":21},"end":{"line":13,"column":78}},"4":{"start":{"line":14,"column":4},"end":{"line":14,"column":24}},"5":{"start":{"line":18,"column":21},"end":{"line":18,"column":39}}},"fnMap":{"0":{"name":"(anonymous_0)","decl":{"start":{"line":7,"column":2},"end":{"line":7,"column":3}},"loc":{"start":{"line":7,"column":30},"end":{"line":10,"column":3}},"line":7},"1":{"name":"(anonymous_1)","decl":{"start":{"line":12,"column":2},"end":{"line":12,"column":3}},"loc":{"start":{"line":12,"column":68},"end":{"line":15,"column":3}},"line":12}},"branchMap":{},"s":{"0":1,"1":2,"2":1,"3":2,"4":1,"5":1},"f":{"0":2,"1":2},"b":{},"_coverageSchema":"1a1c01bbd47fc00a2c39e90264f33305004495a9","hash":"3fc60e573bc1fc2caef9bb03d35d2404dab2889e"}
,"/home/xs517-vissai/Documents/code/nexastack-ai-frontend/src/assets/agent-icons/index.ts": {"path":"/home/xs517-vissai/Documents/code/nexastack-ai-frontend/src/assets/agent-icons/index.ts","statementMap":{"0":{"start":{"line":36,"column":26},"end":{"line":53,"column":1}}},"fnMap":{},"branchMap":{},"s":{"0":0},"f":{},"b":{}}
,"/home/xs517-vissai/Documents/code/nexastack-ai-frontend/src/assets/mcp-icons/index.ts": {"path":"/home/xs517-vissai/Documents/code/nexastack-ai-frontend/src/assets/mcp-icons/index.ts","statementMap":{"0":{"start":{"line":151,"column":24},"end":{"line":236,"column":1}}},"fnMap":{},"branchMap":{},"s":{"0":2},"f":{},"b":{},"_coverageSchema":"1a1c01bbd47fc00a2c39e90264f33305004495a9","hash":"3cfe2455a17ea5b36d351265a7f68b0a8baa93d7"}
,"/home/xs517-vissai/Documents/code/nexastack-ai-frontend/src/components/RouteProtection.tsx": {"path":"/home/xs517-vissai/Documents/code/nexastack-ai-frontend/src/components/RouteProtection.tsx","statementMap":{"0":{"start":{"line":20,"column":30},"end":{"line":28,"column":1}},"1":{"start":{"line":21,"column":30},"end":{"line":21,"column":49}},"2":{"start":{"line":23,"column":2},"end":{"line":25,"column":3}},"3":{"start":{"line":24,"column":4},"end":{"line":24,"column":15}},"4":{"start":{"line":27,"column":2},"end":{"line":27,"column":24}},"5":{"start":{"line":34,"column":27},"end":{"line":42,"column":1}},"6":{"start":{"line":35,"column":30},"end":{"line":35,"column":46}},"7":{"start":{"line":37,"column":2},"end":{"line":39,"column":3}},"8":{"start":{"line":38,"column":4},"end":{"line":38,"column":15}},"9":{"start":{"line":41,"column":2},"end":{"line":41,"column":24}},"10":{"start":{"line":49,"column":28},"end":{"line":60,"column":1}},"11":{"start":{"line":53,"column":22},"end":{"line":53,"column":53}},"12":{"start":{"line":55,"column":2},"end":{"line":57,"column":3}},"13":{"start":{"line":56,"column":4},"end":{"line":56,"column":15}},"14":{"start":{"line":59,"column":2},"end":{"line":59,"column":24}}},"fnMap":{"0":{"name":"(anonymous_0)","decl":{"start":{"line":20,"column":30},"end":{"line":20,"column":31}},"loc":{"start":{"line":20,"column":60},"end":{"line":28,"column":1}},"line":20},"1":{"name":"(anonymous_1)","decl":{"start":{"line":34,"column":27},"end":{"line":34,"column":28}},"loc":{"start":{"line":34,"column":57},"end":{"line":42,"column":1}},"line":34},"2":{"name":"(anonymous_2)","decl":{"start":{"line":49,"column":28},"end":{"line":49,"column":29}},"loc":{"start":{"line":52,"column":25},"end":{"line":60,"column":1}},"line":52}},"branchMap":{"0":{"loc":{"start":{"line":23,"column":2},"end":{"line":25,"column":3}},"type":"if","locations":[{"start":{"line":23,"column":2},"end":{"line":25,"column":3}},{"start":{},"end":{}}],"line":23},"1":{"loc":{"start":{"line":37,"column":2},"end":{"line":39,"column":3}},"type":"if","locations":[{"start":{"line":37,"column":2},"end":{"line":39,"column":3}},{"start":{},"end":{}}],"line":37},"2":{"loc":{"start":{"line":55,"column":2},"end":{"line":57,"column":3}},"type":"if","locations":[{"start":{"line":55,"column":2},"end":{"line":57,"column":3}},{"start":{},"end":{}}],"line":55}},"s":{"0":1,"1":2,"2":2,"3":1,"4":1,"5":1,"6":2,"7":2,"8":1,"9":1,"10":1,"11":3,"12":3,"13":1,"14":2},"f":{"0":2,"1":2,"2":3},"b":{"0":[1,1],"1":[1,1],"2":[1,2]},"_coverageSchema":"1a1c01bbd47fc00a2c39e90264f33305004495a9","hash":"c648ceeee424c6b797c92f33e4811dda16525fd6"}
,"/home/xs517-vissai/Documents/code/nexastack-ai-frontend/src/components/accountSettings/AccountSettingsBody.tsx": {"path":"/home/xs517-vissai/Documents/code/nexastack-ai-frontend/src/components/accountSettings/AccountSettingsBody.tsx","statementMap":{"0":{"start":{"line":12,"column":40},"end":{"line":12,"column":61}},"1":{"start":{"line":14,"column":19},"end":{"line":14,"column":55}},"2":{"start":{"line":16,"column":15},"end":{"line":35,"column":3}},"3":{"start":{"line":37,"column":2},"end":{"line":77,"column":3}},"4":{"start":{"line":52,"column":12},"end":{"line":61,"column":23}},"5":{"start":{"line":66,"column":10},"end":{"line":73,"column":23}}},"fnMap":{"0":{"name":"AccountSettingsBody","decl":{"start":{"line":11,"column":24},"end":{"line":11,"column":43}},"loc":{"start":{"line":11,"column":46},"end":{"line":78,"column":1}},"line":11},"1":{"name":"(anonymous_1)","decl":{"start":{"line":51,"column":20},"end":{"line":51,"column":21}},"loc":{"start":{"line":52,"column":12},"end":{"line":61,"column":23}},"line":52},"2":{"name":"(anonymous_2)","decl":{"start":{"line":65,"column":18},"end":{"line":65,"column":19}},"loc":{"start":{"line":66,"column":10},"end":{"line":73,"column":23}},"line":66}},"branchMap":{"0":{"loc":{"start":{"line":47,"column":21},"end":{"line":47,"column":57}},"type":"cond-expr","locations":[{"start":{"line":47,"column":32},"end":{"line":47,"column":44}},{"start":{"line":47,"column":47},"end":{"line":47,"column":57}}],"line":47},"1":{"loc":{"start":{"line":69,"column":16},"end":{"line":69,"column":37}},"type":"cond-expr","locations":[{"start":{"line":69,"column":27},"end":{"line":69,"column":28}},{"start":{"line":69,"column":31},"end":{"line":69,"column":37}}],"line":69},"2":{"loc":{"start":{"line":70,"column":16},"end":{"line":70,"column":37}},"type":"cond-expr","locations":[{"start":{"line":70,"column":27},"end":{"line":70,"column":33}},{"start":{"line":70,"column":36},"end":{"line":70,"column":37}}],"line":70}},"s":{"0":10,"1":10,"2":10,"3":10,"4":30,"5":30},"f":{"0":10,"1":30,"2":30},"b":{"0":[5,5],"1":[15,15],"2":[15,15]},"_coverageSchema":"1a1c01bbd47fc00a2c39e90264f33305004495a9","hash":"1f82a76da4fa4da3cce5458418d7e1636c868988"}
,"/home/xs517-vissai/Documents/code/nexastack-ai-frontend/src/components/accountSettings/AccountSettingsFallback.tsx": {"path":"/home/xs517-vissai/Documents/code/nexastack-ai-frontend/src/components/accountSettings/AccountSettingsFallback.tsx","statementMap":{"0":{"start":{"line":14,"column":19},"end":{"line":14,"column":55}},"1":{"start":{"line":16,"column":2},"end":{"line":60,"column":3}},"2":{"start":{"line":65,"column":2},"end":{"line":90,"column":3}},"3":{"start":{"line":95,"column":2},"end":{"line":120,"column":3}},"4":{"start":{"line":125,"column":2},"end":{"line":150,"column":3}},"5":{"start":{"line":138,"column":14},"end":{"line":144,"column":21}}},"fnMap":{"0":{"name":"AccountSettingsFallback","decl":{"start":{"line":13,"column":9},"end":{"line":13,"column":32}},"loc":{"start":{"line":13,"column":35},"end":{"line":61,"column":1}},"line":13},"1":{"name":"UserDetailsSkeleton","decl":{"start":{"line":64,"column":9},"end":{"line":64,"column":28}},"loc":{"start":{"line":64,"column":31},"end":{"line":91,"column":1}},"line":64},"2":{"name":"WorkspaceDetailsSkeleton","decl":{"start":{"line":94,"column":9},"end":{"line":94,"column":33}},"loc":{"start":{"line":94,"column":36},"end":{"line":121,"column":1}},"line":94},"3":{"name":"ProjectDetailsSkeleton","decl":{"start":{"line":124,"column":9},"end":{"line":124,"column":31}},"loc":{"start":{"line":124,"column":34},"end":{"line":151,"column":1}},"line":124},"4":{"name":"(anonymous_4)","decl":{"start":{"line":137,"column":27},"end":{"line":137,"column":28}},"loc":{"start":{"line":138,"column":14},"end":{"line":144,"column":21}},"line":138}},"branchMap":{"0":{"loc":{"start":{"line":22,"column":21},"end":{"line":22,"column":57}},"type":"cond-expr","locations":[{"start":{"line":22,"column":32},"end":{"line":22,"column":44}},{"start":{"line":22,"column":47},"end":{"line":22,"column":57}}],"line":22},"1":{"loc":{"start":{"line":39,"column":14},"end":{"line":39,"column":35}},"type":"cond-expr","locations":[{"start":{"line":39,"column":25},"end":{"line":39,"column":26}},{"start":{"line":39,"column":29},"end":{"line":39,"column":35}}],"line":39},"2":{"loc":{"start":{"line":40,"column":14},"end":{"line":40,"column":35}},"type":"cond-expr","locations":[{"start":{"line":40,"column":25},"end":{"line":40,"column":31}},{"start":{"line":40,"column":34},"end":{"line":40,"column":35}}],"line":40},"3":{"loc":{"start":{"line":46,"column":14},"end":{"line":46,"column":35}},"type":"cond-expr","locations":[{"start":{"line":46,"column":25},"end":{"line":46,"column":26}},{"start":{"line":46,"column":29},"end":{"line":46,"column":35}}],"line":46},"4":{"loc":{"start":{"line":47,"column":14},"end":{"line":47,"column":35}},"type":"cond-expr","locations":[{"start":{"line":47,"column":25},"end":{"line":47,"column":31}},{"start":{"line":47,"column":34},"end":{"line":47,"column":35}}],"line":47},"5":{"loc":{"start":{"line":53,"column":14},"end":{"line":53,"column":35}},"type":"cond-expr","locations":[{"start":{"line":53,"column":25},"end":{"line":53,"column":26}},{"start":{"line":53,"column":29},"end":{"line":53,"column":35}}],"line":53},"6":{"loc":{"start":{"line":54,"column":14},"end":{"line":54,"column":35}},"type":"cond-expr","locations":[{"start":{"line":54,"column":25},"end":{"line":54,"column":31}},{"start":{"line":54,"column":34},"end":{"line":54,"column":35}}],"line":54}},"s":{"0":4,"1":4,"2":4,"3":4,"4":4,"5":12},"f":{"0":4,"1":4,"2":4,"3":4,"4":12},"b":{"0":[0,4],"1":[0,4],"2":[0,4],"3":[0,4],"4":[0,4],"5":[0,4],"6":[0,4]},"_coverageSchema":"1a1c01bbd47fc00a2c39e90264f33305004495a9","hash":"6437129eb2b05ce4bf7a357d103c2e9c4650f7e5"}
,"/home/xs517-vissai/Documents/code/nexastack-ai-frontend/src/components/accountSettings/AccountSettingsHeader.tsx": {"path":"/home/xs517-vissai/Documents/code/nexastack-ai-frontend/src/components/accountSettings/AccountSettingsHeader.tsx","statementMap":{"0":{"start":{"line":8,"column":2},"end":{"line":14,"column":3}}},"fnMap":{"0":{"name":"AccountSettingsHeader","decl":{"start":{"line":3,"column":24},"end":{"line":3,"column":45}},"loc":{"start":{"line":7,"column":3},"end":{"line":15,"column":1}},"line":7}},"branchMap":{},"s":{"0":4},"f":{"0":4},"b":{},"_coverageSchema":"1a1c01bbd47fc00a2c39e90264f33305004495a9","hash":"ea991e6e5df20e485f73d0e837a428e9a867d21b"}
,"/home/xs517-vissai/Documents/code/nexastack-ai-frontend/src/components/accountSettings/ChangePassword.tsx": {"path":"/home/xs517-vissai/Documents/code/nexastack-ai-frontend/src/components/accountSettings/ChangePassword.tsx","statementMap":{"0":{"start":{"line":26,"column":21},"end":{"line":31,"column":1}},"1":{"start":{"line":34,"column":48},"end":{"line":34,"column":75}},"2":{"start":{"line":35,"column":44},"end":{"line":35,"column":59}},"3":{"start":{"line":37,"column":31},"end":{"line":55,"column":6}},"4":{"start":{"line":52,"column":20},"end":{"line":52,"column":61}},"5":{"start":{"line":57,"column":15},"end":{"line":64,"column":4}},"6":{"start":{"line":67,"column":27},"end":{"line":67,"column":50}},"7":{"start":{"line":69,"column":17},"end":{"line":75,"column":4}},"8":{"start":{"line":70,"column":4},"end":{"line":74,"column":6}},"9":{"start":{"line":77,"column":19},"end":{"line":77,"column":48}},"10":{"start":{"line":78,"column":16},"end":{"line":78,"column":76}},"11":{"start":{"line":80,"column":37},"end":{"line":91,"column":3}},"12":{"start":{"line":81,"column":17},"end":{"line":84,"column":5}},"13":{"start":{"line":85,"column":4},"end":{"line":90,"column":6}},"14":{"start":{"line":87,"column":8},"end":{"line":87,"column":20}},"15":{"start":{"line":88,"column":8},"end":{"line":88,"column":15}},"16":{"start":{"line":93,"column":2},"end":{"line":167,"column":3}},"17":{"start":{"line":131,"column":38},"end":{"line":131,"column":60}},"18":{"start":{"line":132,"column":37},"end":{"line":132,"column":60}}},"fnMap":{"0":{"name":"ChangePassword","decl":{"start":{"line":33,"column":24},"end":{"line":33,"column":38}},"loc":{"start":{"line":33,"column":79},"end":{"line":168,"column":1}},"line":33},"1":{"name":"(anonymous_1)","decl":{"start":{"line":52,"column":12},"end":{"line":52,"column":13}},"loc":{"start":{"line":52,"column":20},"end":{"line":52,"column":61}},"line":52},"2":{"name":"(anonymous_2)","decl":{"start":{"line":69,"column":34},"end":{"line":69,"column":35}},"loc":{"start":{"line":70,"column":4},"end":{"line":74,"column":6}},"line":70},"3":{"name":"(anonymous_3)","decl":{"start":{"line":80,"column":37},"end":{"line":80,"column":38}},"loc":{"start":{"line":80,"column":69},"end":{"line":91,"column":3}},"line":80},"4":{"name":"(anonymous_4)","decl":{"start":{"line":86,"column":17},"end":{"line":86,"column":18}},"loc":{"start":{"line":86,"column":23},"end":{"line":89,"column":7}},"line":86},"5":{"name":"(anonymous_5)","decl":{"start":{"line":131,"column":32},"end":{"line":131,"column":33}},"loc":{"start":{"line":131,"column":38},"end":{"line":131,"column":60}},"line":131},"6":{"name":"(anonymous_6)","decl":{"start":{"line":132,"column":31},"end":{"line":132,"column":32}},"loc":{"start":{"line":132,"column":37},"end":{"line":132,"column":60}},"line":132}},"branchMap":{"0":{"loc":{"start":{"line":78,"column":16},"end":{"line":78,"column":76}},"type":"cond-expr","locations":[{"start":{"line":78,"column":35},"end":{"line":78,"column":41}},{"start":{"line":78,"column":44},"end":{"line":78,"column":76}}],"line":78},"1":{"loc":{"start":{"line":78,"column":44},"end":{"line":78,"column":76}},"type":"cond-expr","locations":[{"start":{"line":78,"column":60},"end":{"line":78,"column":68}},{"start":{"line":78,"column":71},"end":{"line":78,"column":76}}],"line":78}},"s":{"0":1,"1":14,"2":14,"3":14,"4":0,"5":14,"6":14,"7":14,"8":56,"9":14,"10":14,"11":14,"12":3,"13":3,"14":1,"15":1,"16":14,"17":0,"18":0},"f":{"0":14,"1":0,"2":56,"3":3,"4":1,"5":0,"6":0},"b":{"0":[0,14],"1":[0,14]},"_coverageSchema":"1a1c01bbd47fc00a2c39e90264f33305004495a9","hash":"8db2fcbdd03e4c492b0bad7a0881297820b20de4"}
,"/home/xs517-vissai/Documents/code/nexastack-ai-frontend/src/components/accountSettings/PasswordRequirement.tsx": {"path":"/home/xs517-vissai/Documents/code/nexastack-ai-frontend/src/components/accountSettings/PasswordRequirement.tsx","statementMap":{"0":{"start":{"line":11,"column":2},"end":{"line":21,"column":3}}},"fnMap":{"0":{"name":"PasswordRequirement","decl":{"start":{"line":4,"column":24},"end":{"line":4,"column":43}},"loc":{"start":{"line":10,"column":3},"end":{"line":22,"column":1}},"line":10}},"branchMap":{"0":{"loc":{"start":{"line":13,"column":9},"end":{"line":13,"column":31}},"type":"cond-expr","locations":[{"start":{"line":13,"column":17},"end":{"line":13,"column":23}},{"start":{"line":13,"column":26},"end":{"line":13,"column":31}}],"line":13},"1":{"loc":{"start":{"line":18,"column":7},"end":{"line":18,"column":60}},"type":"cond-expr","locations":[{"start":{"line":18,"column":15},"end":{"line":18,"column":38}},{"start":{"line":18,"column":41},"end":{"line":18,"column":60}}],"line":18}},"s":{"0":14},"f":{"0":14},"b":{"0":[10,4],"1":[10,4]},"_coverageSchema":"1a1c01bbd47fc00a2c39e90264f33305004495a9","hash":"a791cba59cbb9a31c9e8b8104aed2d5423bbf588"}
,"/home/xs517-vissai/Documents/code/nexastack-ai-frontend/src/components/accountSettings/ProjectDetails.tsx": {"path":"/home/xs517-vissai/Documents/code/nexastack-ai-frontend/src/components/accountSettings/ProjectDetails.tsx","statementMap":{"0":{"start":{"line":28,"column":40},"end":{"line":28,"column":51}},"1":{"start":{"line":29,"column":23},"end":{"line":29,"column":24}},"2":{"start":{"line":32,"column":21},"end":{"line":32,"column":67}},"3":{"start":{"line":33,"column":28},"end":{"line":36,"column":3}},"4":{"start":{"line":39,"column":27},"end":{"line":41,"column":3}},"5":{"start":{"line":40,"column":4},"end":{"line":40,"column":24}},"6":{"start":{"line":43,"column":14},"end":{"line":65,"column":3}},"7":{"start":{"line":44,"column":4},"end":{"line":64,"column":5}},"8":{"start":{"line":67,"column":2},"end":{"line":130,"column":3}},"9":{"start":{"line":97,"column":18},"end":{"line":97,"column":60}}},"fnMap":{"0":{"name":"ProjectDetails","decl":{"start":{"line":24,"column":24},"end":{"line":24,"column":38}},"loc":{"start":{"line":27,"column":24},"end":{"line":131,"column":1}},"line":27},"1":{"name":"(anonymous_1)","decl":{"start":{"line":39,"column":27},"end":{"line":39,"column":28}},"loc":{"start":{"line":39,"column":45},"end":{"line":41,"column":3}},"line":39},"2":{"name":"(anonymous_2)","decl":{"start":{"line":43,"column":14},"end":{"line":43,"column":15}},"loc":{"start":{"line":43,"column":53},"end":{"line":65,"column":3}},"line":43},"3":{"name":"(anonymous_3)","decl":{"start":{"line":96,"column":38},"end":{"line":96,"column":39}},"loc":{"start":{"line":97,"column":18},"end":{"line":97,"column":60}},"line":97}},"branchMap":{"0":{"loc":{"start":{"line":54,"column":19},"end":{"line":54,"column":75}},"type":"cond-expr","locations":[{"start":{"line":54,"column":39},"end":{"line":54,"column":58}},{"start":{"line":54,"column":59},"end":{"line":54,"column":75}}],"line":54},"1":{"loc":{"start":{"line":95,"column":15},"end":{"line":111,"column":15}},"type":"cond-expr","locations":[{"start":{"line":96,"column":16},"end":{"line":98,"column":18}},{"start":{"line":100,"column":16},"end":{"line":110,"column":27}}],"line":95},"2":{"loc":{"start":{"line":95,"column":15},"end":{"line":95,"column":57}},"type":"binary-expr","locations":[{"start":{"line":95,"column":15},"end":{"line":95,"column":25}},{"start":{"line":95,"column":29},"end":{"line":95,"column":57}}],"line":95},"3":{"loc":{"start":{"line":102,"column":21},"end":{"line":108,"column":21}},"type":"cond-expr","locations":[{"start":{"line":103,"column":22},"end":{"line":103,"column":53}},{"start":{"line":105,"column":22},"end":{"line":107,"column":29}}],"line":102},"4":{"loc":{"start":{"line":116,"column":9},"end":{"line":127,"column":9}},"type":"binary-expr","locations":[{"start":{"line":116,"column":9},"end":{"line":116,"column":23}},{"start":{"line":117,"column":10},"end":{"line":126,"column":19}}],"line":116}},"s":{"0":13,"1":13,"2":13,"3":13,"4":13,"5":1,"6":13,"7":51,"8":13,"9":51},"f":{"0":13,"1":1,"2":51,"3":51},"b":{"0":[51,0],"1":[11,2],"2":[13,12],"3":[1,1],"4":[13,12]},"_coverageSchema":"1a1c01bbd47fc00a2c39e90264f33305004495a9","hash":"42314f4d2829b9c895d5ddaed1d426db63fe042d"}
,"/home/xs517-vissai/Documents/code/nexastack-ai-frontend/src/components/accountSettings/UserDetails.tsx": {"path":"/home/xs517-vissai/Documents/code/nexastack-ai-frontend/src/components/accountSettings/UserDetails.tsx","statementMap":{"0":{"start":{"line":25,"column":15},"end":{"line":25,"column":52}},"1":{"start":{"line":26,"column":16},"end":{"line":26,"column":54}},"2":{"start":{"line":27,"column":15},"end":{"line":27,"column":62}},"3":{"start":{"line":28,"column":20},"end":{"line":28,"column":67}},"4":{"start":{"line":29,"column":16},"end":{"line":29,"column":54}},"5":{"start":{"line":33,"column":4},"end":{"line":33,"column":34}},"6":{"start":{"line":34,"column":36},"end":{"line":34,"column":56}},"7":{"start":{"line":36,"column":30},"end":{"line":43,"column":3}},"8":{"start":{"line":45,"column":15},"end":{"line":52,"column":4}},"9":{"start":{"line":54,"column":36},"end":{"line":67,"column":3}},"10":{"start":{"line":55,"column":17},"end":{"line":58,"column":5}},"11":{"start":{"line":60,"column":4},"end":{"line":66,"column":6}},"12":{"start":{"line":63,"column":8},"end":{"line":63,"column":78}},"13":{"start":{"line":64,"column":8},"end":{"line":64,"column":51}},"14":{"start":{"line":69,"column":23},"end":{"line":80,"column":3}},"15":{"start":{"line":70,"column":4},"end":{"line":79,"column":5}},"16":{"start":{"line":72,"column":8},"end":{"line":72,"column":26}},"17":{"start":{"line":74,"column":8},"end":{"line":74,"column":25}},"18":{"start":{"line":76,"column":8},"end":{"line":76,"column":22}},"19":{"start":{"line":78,"column":8},"end":{"line":78,"column":19}},"20":{"start":{"line":82,"column":26},"end":{"line":84,"column":3}},"21":{"start":{"line":83,"column":4},"end":{"line":83,"column":58}},"22":{"start":{"line":86,"column":19},"end":{"line":111,"column":3}},"23":{"start":{"line":113,"column":2},"end":{"line":194,"column":3}},"24":{"start":{"line":128,"column":16},"end":{"line":177,"column":27}}},"fnMap":{"0":{"name":"UserDetails","decl":{"start":{"line":24,"column":24},"end":{"line":24,"column":35}},"loc":{"start":{"line":24,"column":38},"end":{"line":195,"column":1}},"line":24},"1":{"name":"(anonymous_1)","decl":{"start":{"line":54,"column":36},"end":{"line":54,"column":37}},"loc":{"start":{"line":54,"column":67},"end":{"line":67,"column":3}},"line":54},"2":{"name":"(anonymous_2)","decl":{"start":{"line":61,"column":17},"end":{"line":61,"column":18}},"loc":{"start":{"line":61,"column":23},"end":{"line":65,"column":7}},"line":61},"3":{"name":"(anonymous_3)","decl":{"start":{"line":69,"column":23},"end":{"line":69,"column":24}},"loc":{"start":{"line":69,"column":74},"end":{"line":80,"column":3}},"line":69},"4":{"name":"(anonymous_4)","decl":{"start":{"line":82,"column":26},"end":{"line":82,"column":27}},"loc":{"start":{"line":82,"column":54},"end":{"line":84,"column":3}},"line":82},"5":{"name":"(anonymous_5)","decl":{"start":{"line":127,"column":28},"end":{"line":127,"column":29}},"loc":{"start":{"line":128,"column":16},"end":{"line":177,"column":27}},"line":128}},"branchMap":{"0":{"loc":{"start":{"line":25,"column":15},"end":{"line":25,"column":52}},"type":"binary-expr","locations":[{"start":{"line":25,"column":15},"end":{"line":25,"column":43}},{"start":{"line":25,"column":47},"end":{"line":25,"column":52}}],"line":25},"1":{"loc":{"start":{"line":26,"column":16},"end":{"line":26,"column":54}},"type":"binary-expr","locations":[{"start":{"line":26,"column":16},"end":{"line":26,"column":45}},{"start":{"line":26,"column":49},"end":{"line":26,"column":54}}],"line":26},"2":{"loc":{"start":{"line":27,"column":15},"end":{"line":27,"column":62}},"type":"binary-expr","locations":[{"start":{"line":27,"column":15},"end":{"line":27,"column":53}},{"start":{"line":27,"column":57},"end":{"line":27,"column":62}}],"line":27},"3":{"loc":{"start":{"line":28,"column":20},"end":{"line":28,"column":67}},"type":"binary-expr","locations":[{"start":{"line":28,"column":20},"end":{"line":28,"column":58}},{"start":{"line":28,"column":62},"end":{"line":28,"column":67}}],"line":28},"4":{"loc":{"start":{"line":29,"column":16},"end":{"line":29,"column":54}},"type":"binary-expr","locations":[{"start":{"line":29,"column":16},"end":{"line":29,"column":45}},{"start":{"line":29,"column":49},"end":{"line":29,"column":54}}],"line":29},"5":{"loc":{"start":{"line":47,"column":17},"end":{"line":47,"column":42}},"type":"binary-expr","locations":[{"start":{"line":47,"column":17},"end":{"line":47,"column":36}},{"start":{"line":47,"column":40},"end":{"line":47,"column":42}}],"line":47},"6":{"loc":{"start":{"line":48,"column":16},"end":{"line":48,"column":41}},"type":"binary-expr","locations":[{"start":{"line":48,"column":16},"end":{"line":48,"column":35}},{"start":{"line":48,"column":39},"end":{"line":48,"column":41}}],"line":48},"7":{"loc":{"start":{"line":70,"column":4},"end":{"line":79,"column":5}},"type":"switch","locations":[{"start":{"line":71,"column":6},"end":{"line":72,"column":26}},{"start":{"line":73,"column":6},"end":{"line":74,"column":25}},{"start":{"line":75,"column":6},"end":{"line":76,"column":22}},{"start":{"line":77,"column":6},"end":{"line":78,"column":19}}],"line":70},"8":{"loc":{"start":{"line":89,"column":13},"end":{"line":89,"column":38}},"type":"binary-expr","locations":[{"start":{"line":89,"column":13},"end":{"line":89,"column":32}},{"start":{"line":89,"column":36},"end":{"line":89,"column":38}}],"line":89},"9":{"loc":{"start":{"line":93,"column":13},"end":{"line":93,"column":38}},"type":"binary-expr","locations":[{"start":{"line":93,"column":13},"end":{"line":93,"column":32}},{"start":{"line":93,"column":36},"end":{"line":93,"column":38}}],"line":93},"10":{"loc":{"start":{"line":101,"column":13},"end":{"line":101,"column":41}},"type":"cond-expr","locations":[{"start":{"line":101,"column":31},"end":{"line":101,"column":36}},{"start":{"line":101,"column":39},"end":{"line":101,"column":41}}],"line":101},"11":{"loc":{"start":{"line":137,"column":21},"end":{"line":175,"column":21}},"type":"cond-expr","locations":[{"start":{"line":138,"column":22},"end":{"line":154,"column":30}},{"start":{"line":155,"column":24},"end":{"line":175,"column":21}}],"line":137},"12":{"loc":{"start":{"line":142,"column":26},"end":{"line":142,"column":79}},"type":"cond-expr","locations":[{"start":{"line":142,"column":59},"end":{"line":142,"column":67}},{"start":{"line":142,"column":70},"end":{"line":142,"column":79}}],"line":142},"13":{"loc":{"start":{"line":146,"column":28},"end":{"line":150,"column":47}},"type":"cond-expr","locations":[{"start":{"line":147,"column":32},"end":{"line":147,"column":50}},{"start":{"line":148,"column":32},"end":{"line":150,"column":47}}],"line":146},"14":{"loc":{"start":{"line":148,"column":32},"end":{"line":150,"column":47}},"type":"cond-expr","locations":[{"start":{"line":149,"column":34},"end":{"line":149,"column":52}},{"start":{"line":150,"column":34},"end":{"line":150,"column":47}}],"line":148},"15":{"loc":{"start":{"line":155,"column":24},"end":{"line":175,"column":21}},"type":"cond-expr","locations":[{"start":{"line":156,"column":22},"end":{"line":165,"column":24}},{"start":{"line":167,"column":22},"end":{"line":174,"column":24}}],"line":155},"16":{"loc":{"start":{"line":161,"column":29},"end":{"line":164,"column":65}},"type":"cond-expr","locations":[{"start":{"line":163,"column":28},"end":{"line":163,"column":73}},{"start":{"line":164,"column":28},"end":{"line":164,"column":65}}],"line":161},"17":{"loc":{"start":{"line":161,"column":29},"end":{"line":162,"column":48}},"type":"binary-expr","locations":[{"start":{"line":161,"column":29},"end":{"line":161,"column":56}},{"start":{"line":162,"column":24},"end":{"line":162,"column":48}}],"line":161},"18":{"loc":{"start":{"line":170,"column":29},"end":{"line":173,"column":65}},"type":"cond-expr","locations":[{"start":{"line":172,"column":28},"end":{"line":172,"column":73}},{"start":{"line":173,"column":28},"end":{"line":173,"column":65}}],"line":170},"19":{"loc":{"start":{"line":170,"column":29},"end":{"line":171,"column":48}},"type":"binary-expr","locations":[{"start":{"line":170,"column":29},"end":{"line":170,"column":56}},{"start":{"line":171,"column":24},"end":{"line":171,"column":48}}],"line":170}},"s":{"0":7,"1":7,"2":7,"3":7,"4":7,"5":7,"6":7,"7":7,"8":7,"9":7,"10":0,"11":0,"12":0,"13":0,"14":7,"15":42,"16":14,"17":14,"18":14,"19":0,"20":7,"21":70,"22":7,"23":7,"24":42},"f":{"0":7,"1":0,"2":0,"3":42,"4":70,"5":42},"b":{"0":[7,1],"1":[7,1],"2":[7,1],"3":[7,1],"4":[7,7],"5":[7,0],"6":[7,1],"7":[14,14,14,0],"8":[7,0],"9":[7,1],"10":[0,7],"11":[7,35],"12":[4,3],"13":[4,3],"14":[1,2],"15":[7,28],"16":[7,0],"17":[7,7],"18":[14,14],"19":[28,14]},"_coverageSchema":"1a1c01bbd47fc00a2c39e90264f33305004495a9","hash":"46b13beb30e451ddfa7ddb67be91a794869ef853"}
,"/home/xs517-vissai/Documents/code/nexastack-ai-frontend/src/components/accountSettings/UserProfileHeader.tsx": {"path":"/home/xs517-vissai/Documents/code/nexastack-ai-frontend/src/components/accountSettings/UserProfileHeader.tsx","statementMap":{"0":{"start":{"line":19,"column":15},"end":{"line":19,"column":51}},"1":{"start":{"line":20,"column":16},"end":{"line":20,"column":53}},"2":{"start":{"line":21,"column":20},"end":{"line":21,"column":66}},"3":{"start":{"line":24,"column":32},"end":{"line":24,"column":56}},"4":{"start":{"line":26,"column":18},"end":{"line":26,"column":53}},"5":{"start":{"line":27,"column":2},"end":{"line":72,"column":3}}},"fnMap":{"0":{"name":"UserProfileHeader","decl":{"start":{"line":18,"column":24},"end":{"line":18,"column":41}},"loc":{"start":{"line":18,"column":76},"end":{"line":73,"column":1}},"line":18}},"branchMap":{"0":{"loc":{"start":{"line":19,"column":15},"end":{"line":19,"column":51}},"type":"binary-expr","locations":[{"start":{"line":19,"column":15},"end":{"line":19,"column":43}},{"start":{"line":19,"column":47},"end":{"line":19,"column":51}}],"line":19},"1":{"loc":{"start":{"line":20,"column":16},"end":{"line":20,"column":53}},"type":"binary-expr","locations":[{"start":{"line":20,"column":16},"end":{"line":20,"column":45}},{"start":{"line":20,"column":49},"end":{"line":20,"column":53}}],"line":20},"2":{"loc":{"start":{"line":21,"column":20},"end":{"line":21,"column":66}},"type":"binary-expr","locations":[{"start":{"line":21,"column":20},"end":{"line":21,"column":58}},{"start":{"line":21,"column":62},"end":{"line":21,"column":66}}],"line":21},"3":{"loc":{"start":{"line":48,"column":15},"end":{"line":48,"column":50}},"type":"cond-expr","locations":[{"start":{"line":48,"column":25},"end":{"line":48,"column":37}},{"start":{"line":48,"column":40},"end":{"line":48,"column":50}}],"line":48},"4":{"loc":{"start":{"line":49,"column":13},"end":{"line":49,"column":34}},"type":"cond-expr","locations":[{"start":{"line":49,"column":23},"end":{"line":49,"column":27}},{"start":{"line":49,"column":30},"end":{"line":49,"column":34}}],"line":49}},"s":{"0":15,"1":15,"2":15,"3":15,"4":15,"5":15},"f":{"0":15},"b":{"0":[15,2],"1":[15,2],"2":[15,2],"3":[1,14],"4":[1,14]},"_coverageSchema":"1a1c01bbd47fc00a2c39e90264f33305004495a9","hash":"26d04a6e3002212eba478c1541c68edea75a3c67"}
,"/home/xs517-vissai/Documents/code/nexastack-ai-frontend/src/components/accountSettings/WorkspaceDetails.tsx": {"path":"/home/xs517-vissai/Documents/code/nexastack-ai-frontend/src/components/accountSettings/WorkspaceDetails.tsx","statementMap":{"0":{"start":{"line":15,"column":22},"end":{"line":15,"column":58}},"1":{"start":{"line":17,"column":2},"end":{"line":69,"column":3}},"2":{"start":{"line":51,"column":14},"end":{"line":63,"column":24}}},"fnMap":{"0":{"name":"WorkspaceDetails","decl":{"start":{"line":14,"column":24},"end":{"line":14,"column":40}},"loc":{"start":{"line":14,"column":43},"end":{"line":70,"column":1}},"line":14},"1":{"name":"(anonymous_1)","decl":{"start":{"line":50,"column":13},"end":{"line":50,"column":14}},"loc":{"start":{"line":51,"column":14},"end":{"line":63,"column":24}},"line":51}},"branchMap":{"0":{"loc":{"start":{"line":34,"column":13},"end":{"line":34,"column":46}},"type":"binary-expr","locations":[{"start":{"line":34,"column":13},"end":{"line":34,"column":24}},{"start":{"line":34,"column":28},"end":{"line":34,"column":46}}],"line":34},"1":{"loc":{"start":{"line":52,"column":23},"end":{"line":52,"column":49}},"type":"cond-expr","locations":[{"start":{"line":52,"column":32},"end":{"line":52,"column":40}},{"start":{"line":52,"column":43},"end":{"line":52,"column":49}}],"line":52},"2":{"loc":{"start":{"line":57,"column":25},"end":{"line":57,"column":65}},"type":"cond-expr","locations":[{"start":{"line":57,"column":34},"end":{"line":57,"column":56}},{"start":{"line":57,"column":59},"end":{"line":57,"column":65}}],"line":57},"3":{"loc":{"start":{"line":61,"column":19},"end":{"line":61,"column":76}},"type":"cond-expr","locations":[{"start":{"line":61,"column":28},"end":{"line":61,"column":51}},{"start":{"line":61,"column":54},"end":{"line":61,"column":76}}],"line":61}},"s":{"0":8,"1":8,"2":8},"f":{"0":8,"1":8},"b":{"0":[8,1],"1":[0,8],"2":[0,8],"3":[0,8]},"_coverageSchema":"1a1c01bbd47fc00a2c39e90264f33305004495a9","hash":"e49e6630cb5e13106eb0d77f9e51a687129d7b64"}
,"/home/xs517-vissai/Documents/code/nexastack-ai-frontend/src/components/accountSettings/index.ts": {"path":"/home/xs517-vissai/Documents/code/nexastack-ai-frontend/src/components/accountSettings/index.ts","statementMap":{},"fnMap":{},"branchMap":{},"s":{},"f":{},"b":{}}
,"/home/xs517-vissai/Documents/code/nexastack-ai-frontend/src/components/addCluster/AddClusterCards.tsx": {"path":"/home/xs517-vissai/Documents/code/nexastack-ai-frontend/src/components/addCluster/AddClusterCards.tsx","statementMap":{"0":{"start":{"line":15,"column":21},"end":{"line":19,"column":1}},"1":{"start":{"line":21,"column":19},"end":{"line":25,"column":1}},"2":{"start":{"line":28,"column":42},"end":{"line":30,"column":3}},"3":{"start":{"line":31,"column":44},"end":{"line":31,"column":76}},"4":{"start":{"line":34,"column":4},"end":{"line":34,"column":24}},"5":{"start":{"line":38,"column":6},"end":{"line":38,"column":26}},"6":{"start":{"line":39,"column":58},"end":{"line":39,"column":78}},"7":{"start":{"line":40,"column":58},"end":{"line":40,"column":78}},"8":{"start":{"line":42,"column":4},"end":{"line":42,"column":24}},"9":{"start":{"line":44,"column":27},"end":{"line":46,"column":3}},"10":{"start":{"line":45,"column":4},"end":{"line":45,"column":25}},"11":{"start":{"line":48,"column":2},"end":{"line":184,"column":3}},"12":{"start":{"line":76,"column":12},"end":{"line":107,"column":23}},"13":{"start":{"line":86,"column":31},"end":{"line":86,"column":58}},"14":{"start":{"line":119,"column":37},"end":{"line":119,"column":70}}},"fnMap":{"0":{"name":"AddClusterCards","decl":{"start":{"line":27,"column":9},"end":{"line":27,"column":24}},"loc":{"start":{"line":27,"column":27},"end":{"line":185,"column":1}},"line":27},"1":{"name":"(anonymous_1)","decl":{"start":{"line":44,"column":27},"end":{"line":44,"column":28}},"loc":{"start":{"line":44,"column":45},"end":{"line":46,"column":3}},"line":44},"2":{"name":"(anonymous_2)","decl":{"start":{"line":75,"column":16},"end":{"line":75,"column":17}},"loc":{"start":{"line":76,"column":12},"end":{"line":107,"column":23}},"line":76},"3":{"name":"(anonymous_3)","decl":{"start":{"line":86,"column":25},"end":{"line":86,"column":26}},"loc":{"start":{"line":86,"column":31},"end":{"line":86,"column":58}},"line":86},"4":{"name":"(anonymous_4)","decl":{"start":{"line":119,"column":26},"end":{"line":119,"column":27}},"loc":{"start":{"line":119,"column":37},"end":{"line":119,"column":70}},"line":119}},"branchMap":{"0":{"loc":{"start":{"line":83,"column":20},"end":{"line":83,"column":74}},"type":"cond-expr","locations":[{"start":{"line":83,"column":49},"end":{"line":83,"column":69}},{"start":{"line":83,"column":72},"end":{"line":83,"column":74}}],"line":83},"1":{"loc":{"start":{"line":113,"column":11},"end":{"line":146,"column":11}},"type":"binary-expr","locations":[{"start":{"line":113,"column":11},"end":{"line":113,"column":46}},{"start":{"line":114,"column":12},"end":{"line":145,"column":20}}],"line":113},"2":{"loc":{"start":{"line":130,"column":15},"end":{"line":134,"column":15}},"type":"binary-expr","locations":[{"start":{"line":130,"column":15},"end":{"line":130,"column":49}},{"start":{"line":131,"column":16},"end":{"line":133,"column":25}}],"line":130},"3":{"loc":{"start":{"line":135,"column":15},"end":{"line":139,"column":15}},"type":"binary-expr","locations":[{"start":{"line":135,"column":15},"end":{"line":135,"column":47}},{"start":{"line":136,"column":16},"end":{"line":138,"column":25}}],"line":135},"4":{"loc":{"start":{"line":140,"column":15},"end":{"line":144,"column":15}},"type":"binary-expr","locations":[{"start":{"line":140,"column":15},"end":{"line":140,"column":47}},{"start":{"line":141,"column":16},"end":{"line":143,"column":25}}],"line":140},"5":{"loc":{"start":{"line":148,"column":11},"end":{"line":152,"column":11}},"type":"binary-expr","locations":[{"start":{"line":148,"column":11},"end":{"line":148,"column":52}},{"start":{"line":149,"column":12},"end":{"line":151,"column":21}}],"line":148},"6":{"loc":{"start":{"line":154,"column":11},"end":{"line":158,"column":11}},"type":"binary-expr","locations":[{"start":{"line":154,"column":11},"end":{"line":154,"column":58}},{"start":{"line":155,"column":12},"end":{"line":157,"column":21}}],"line":154},"7":{"loc":{"start":{"line":163,"column":7},"end":{"line":165,"column":7}},"type":"binary-expr","locations":[{"start":{"line":163,"column":7},"end":{"line":163,"column":23}},{"start":{"line":164,"column":8},"end":{"line":164,"column":77}}],"line":163},"8":{"loc":{"start":{"line":168,"column":7},"end":{"line":168,"column":68}},"type":"binary-expr","locations":[{"start":{"line":168,"column":7},"end":{"line":168,"column":16}},{"start":{"line":168,"column":20},"end":{"line":168,"column":68}}],"line":168},"9":{"loc":{"start":{"line":171,"column":7},"end":{"line":171,"column":68}},"type":"binary-expr","locations":[{"start":{"line":171,"column":7},"end":{"line":171,"column":16}},{"start":{"line":171,"column":20},"end":{"line":171,"column":68}}],"line":171},"10":{"loc":{"start":{"line":174,"column":7},"end":{"line":174,"column":76}},"type":"binary-expr","locations":[{"start":{"line":174,"column":7},"end":{"line":174,"column":18}},{"start":{"line":174,"column":22},"end":{"line":174,"column":76}}],"line":174},"11":{"loc":{"start":{"line":177,"column":7},"end":{"line":182,"column":7}},"type":"binary-expr","locations":[{"start":{"line":177,"column":7},"end":{"line":177,"column":29}},{"start":{"line":178,"column":8},"end":{"line":181,"column":10}}],"line":177}},"s":{"0":2,"1":2,"2":19,"3":19,"4":19,"5":19,"6":19,"7":19,"8":19,"9":19,"10":8,"11":19,"12":57,"13":8,"14":4},"f":{"0":19,"1":8,"2":57,"3":8,"4":4},"b":{"0":[19,38],"1":[19,7],"2":[7,1],"3":[7,5],"4":[7,1],"5":[19,10],"6":[19,2],"7":[19,19],"8":[19,19],"9":[19,19],"10":[19,19],"11":[19,19]},"_coverageSchema":"1a1c01bbd47fc00a2c39e90264f33305004495a9","hash":"9d420d703dc40afc5d542c0dc1cf9fa9eb4e4b66"}
,"/home/xs517-vissai/Documents/code/nexastack-ai-frontend/src/components/addCluster/AddClusterFallback.tsx": {"path":"/home/xs517-vissai/Documents/code/nexastack-ai-frontend/src/components/addCluster/AddClusterFallback.tsx","statementMap":{"0":{"start":{"line":5,"column":2},"end":{"line":47,"column":3}},"1":{"start":{"line":18,"column":14},"end":{"line":37,"column":25}}},"fnMap":{"0":{"name":"AddClusterFallback","decl":{"start":{"line":4,"column":9},"end":{"line":4,"column":27}},"loc":{"start":{"line":4,"column":30},"end":{"line":48,"column":1}},"line":4},"1":{"name":"(anonymous_1)","decl":{"start":{"line":17,"column":17},"end":{"line":17,"column":18}},"loc":{"start":{"line":18,"column":14},"end":{"line":37,"column":25}},"line":18}},"branchMap":{},"s":{"0":5,"1":15},"f":{"0":5,"1":15},"b":{},"_coverageSchema":"1a1c01bbd47fc00a2c39e90264f33305004495a9","hash":"5e0f429b180513bbe47e74d66edf8f54e54df17b"}
,"/home/xs517-vissai/Documents/code/nexastack-ai-frontend/src/components/addCluster/AddClusterHeader.tsx": {"path":"/home/xs517-vissai/Documents/code/nexastack-ai-frontend/src/components/addCluster/AddClusterHeader.tsx","statementMap":{"0":{"start":{"line":4,"column":2},"end":{"line":8,"column":3}}},"fnMap":{"0":{"name":"AddClusterHeader","decl":{"start":{"line":3,"column":9},"end":{"line":3,"column":25}},"loc":{"start":{"line":3,"column":28},"end":{"line":9,"column":1}},"line":3}},"branchMap":{},"s":{"0":1},"f":{"0":1},"b":{},"_coverageSchema":"1a1c01bbd47fc00a2c39e90264f33305004495a9","hash":"617f4ff3dadc223d2bede6ab368e9e8f52635133"}
,"/home/xs517-vissai/Documents/code/nexastack-ai-frontend/src/components/addCluster/index.ts": {"path":"/home/xs517-vissai/Documents/code/nexastack-ai-frontend/src/components/addCluster/index.ts","statementMap":{},"fnMap":{},"branchMap":{},"s":{},"f":{},"b":{},"_coverageSchema":"1a1c01bbd47fc00a2c39e90264f33305004495a9","hash":"93959a5891413d96e33c4258847c11dfca86fb09"}
,"/home/xs517-vissai/Documents/code/nexastack-ai-frontend/src/components/addCluster/Modals/AWSModal.tsx": {"path":"/home/xs517-vissai/Documents/code/nexastack-ai-frontend/src/components/addCluster/Modals/AWSModal.tsx","statementMap":{"0":{"start":{"line":22,"column":16},"end":{"line":22,"column":47}},"1":{"start":{"line":30,"column":17},"end":{"line":30,"column":53}},"2":{"start":{"line":31,"column":17},"end":{"line":31,"column":53}},"3":{"start":{"line":33,"column":30},"end":{"line":33,"column":41}},"4":{"start":{"line":34,"column":40},"end":{"line":34,"column":52}},"5":{"start":{"line":35,"column":24},"end":{"line":35,"column":44}},"6":{"start":{"line":37,"column":31},"end":{"line":37,"column":65}},"7":{"start":{"line":40,"column":4},"end":{"line":40,"column":32}},"8":{"start":{"line":42,"column":19},"end":{"line":84,"column":3}},"9":{"start":{"line":44,"column":4},"end":{"line":57,"column":5}},"10":{"start":{"line":45,"column":22},"end":{"line":45,"column":65}},"11":{"start":{"line":47,"column":6},"end":{"line":49,"column":7}},"12":{"start":{"line":48,"column":8},"end":{"line":48,"column":14}},"13":{"start":{"line":51,"column":22},"end":{"line":51,"column":69}},"14":{"start":{"line":52,"column":6},"end":{"line":55,"column":7}},"15":{"start":{"line":54,"column":8},"end":{"line":54,"column":29}},"16":{"start":{"line":56,"column":6},"end":{"line":56,"column":12}},"17":{"start":{"line":59,"column":4},"end":{"line":78,"column":5}},"18":{"start":{"line":61,"column":6},"end":{"line":63,"column":7}},"19":{"start":{"line":62,"column":8},"end":{"line":62,"column":14}},"20":{"start":{"line":65,"column":6},"end":{"line":77,"column":7}},"21":{"start":{"line":74,"column":12},"end":{"line":74,"column":33}},"22":{"start":{"line":81,"column":4},"end":{"line":83,"column":5}},"23":{"start":{"line":82,"column":6},"end":{"line":82,"column":27}},"24":{"start":{"line":86,"column":19},"end":{"line":90,"column":3}},"25":{"start":{"line":87,"column":4},"end":{"line":89,"column":5}},"26":{"start":{"line":88,"column":6},"end":{"line":88,"column":27}},"27":{"start":{"line":92,"column":2},"end":{"line":184,"column":3}},"28":{"start":{"line":151,"column":12},"end":{"line":157,"column":27}}},"fnMap":{"0":{"name":"AWSModal","decl":{"start":{"line":29,"column":9},"end":{"line":29,"column":17}},"loc":{"start":{"line":29,"column":52},"end":{"line":185,"column":1}},"line":29},"1":{"name":"(anonymous_1)","decl":{"start":{"line":42,"column":19},"end":{"line":42,"column":20}},"loc":{"start":{"line":42,"column":31},"end":{"line":84,"column":3}},"line":42},"2":{"name":"(anonymous_2)","decl":{"start":{"line":72,"column":21},"end":{"line":72,"column":22}},"loc":{"start":{"line":72,"column":27},"end":{"line":75,"column":11}},"line":72},"3":{"name":"(anonymous_3)","decl":{"start":{"line":86,"column":19},"end":{"line":86,"column":20}},"loc":{"start":{"line":86,"column":25},"end":{"line":90,"column":3}},"line":86},"4":{"name":"(anonymous_4)","decl":{"start":{"line":150,"column":16},"end":{"line":150,"column":17}},"loc":{"start":{"line":151,"column":12},"end":{"line":157,"column":27}},"line":151}},"branchMap":{"0":{"loc":{"start":{"line":44,"column":4},"end":{"line":57,"column":5}},"type":"if","locations":[{"start":{"line":44,"column":4},"end":{"line":57,"column":5}},{"start":{},"end":{}}],"line":44},"1":{"loc":{"start":{"line":44,"column":8},"end":{"line":44,"column":52}},"type":"binary-expr","locations":[{"start":{"line":44,"column":8},"end":{"line":44,"column":20}},{"start":{"line":44,"column":24},"end":{"line":44,"column":52}}],"line":44},"2":{"loc":{"start":{"line":47,"column":6},"end":{"line":49,"column":7}},"type":"if","locations":[{"start":{"line":47,"column":6},"end":{"line":49,"column":7}},{"start":{},"end":{}}],"line":47},"3":{"loc":{"start":{"line":52,"column":6},"end":{"line":55,"column":7}},"type":"if","locations":[{"start":{"line":52,"column":6},"end":{"line":55,"column":7}},{"start":{},"end":{}}],"line":52},"4":{"loc":{"start":{"line":59,"column":4},"end":{"line":78,"column":5}},"type":"if","locations":[{"start":{"line":59,"column":4},"end":{"line":78,"column":5}},{"start":{},"end":{}}],"line":59},"5":{"loc":{"start":{"line":61,"column":6},"end":{"line":63,"column":7}},"type":"if","locations":[{"start":{"line":61,"column":6},"end":{"line":63,"column":7}},{"start":{},"end":{}}],"line":61},"6":{"loc":{"start":{"line":81,"column":4},"end":{"line":83,"column":5}},"type":"if","locations":[{"start":{"line":81,"column":4},"end":{"line":83,"column":5}},{"start":{},"end":{}}],"line":81},"7":{"loc":{"start":{"line":87,"column":4},"end":{"line":89,"column":5}},"type":"if","locations":[{"start":{"line":87,"column":4},"end":{"line":89,"column":5}},{"start":{},"end":{}}],"line":87},"8":{"loc":{"start":{"line":94,"column":12},"end":{"line":94,"column":54}},"type":"cond-expr","locations":[{"start":{"line":94,"column":21},"end":{"line":94,"column":27}},{"start":{"line":94,"column":30},"end":{"line":94,"column":54}}],"line":94},"9":{"loc":{"start":{"line":94,"column":30},"end":{"line":94,"column":54}},"type":"cond-expr","locations":[{"start":{"line":94,"column":39},"end":{"line":94,"column":45}},{"start":{"line":94,"column":48},"end":{"line":94,"column":54}}],"line":94},"10":{"loc":{"start":{"line":167,"column":11},"end":{"line":176,"column":11}},"type":"binary-expr","locations":[{"start":{"line":167,"column":11},"end":{"line":167,"column":21}},{"start":{"line":168,"column":12},"end":{"line":175,"column":21}}],"line":167}},"s":{"0":2,"1":15,"2":15,"3":15,"4":15,"5":15,"6":
[...]
e":162},"46":{"loc":{"start":{"line":174,"column":2},"end":{"line":193,"column":3}},"type":"if","locations":[{"start":{"line":174,"column":2},"end":{"line":193,"column":3}},{"start":{"line":176,"column":9},"end":{"line":193,"column":3}}],"line":174},"47":{"loc":{"start":{"line":176,"column":9},"end":{"line":193,"column":3}},"type":"if","locations":[{"start":{"line":176,"column":9},"end":{"line":193,"column":3}},{"start":{"line":178,"column":9},"end":{"line":193,"column":3}}],"line":176},"48":{"loc":{"start":{"line":178,"column":9},"end":{"line":193,"column":3}},"type":"if","locations":[{"start":{"line":178,"column":9},"end":{"line":193,"column":3}},{"start":{"line":180,"column":9},"end":{"line":193,"column":3}}],"line":178},"49":{"loc":{"start":{"line":180,"column":9},"end":{"line":193,"column":3}},"type":"if","locations":[{"start":{"line":180,"column":9},"end":{"line":193,"column":3}},{"start":{"line":182,"column":9},"end":{"line":193,"column":3}}],"line":180},"50":{"loc":{"start":{"line":182,"column":9},"end":{"line":193,"column":3}},"type":"if","locations":[{"start":{"line":182,"column":9},"end":{"line":193,"column":3}},{"start":{"line":184,"column":9},"end":{"line":193,"column":3}}],"line":182},"51":{"loc":{"start":{"line":184,"column":9},"end":{"line":193,"column":3}},"type":"if","locations":[{"start":{"line":184,"column":9},"end":{"line":193,"column":3}},{"start":{"line":187,"column":9},"end":{"line":193,"column":3}}],"line":184},"52":{"loc":{"start":{"line":186,"column":23},"end":{"line":186,"column":53}},"type":"cond-expr","locations":[{"start":{"line":186,"column":37},"end":{"line":186,"column":43}},{"start":{"line":186,"column":46},"end":{"line":186,"column":53}}],"line":186},"53":{"loc":{"start":{"line":187,"column":9},"end":{"line":193,"column":3}},"type":"if","locations":[{"start":{"line":187,"column":9},"end":{"line":193,"column":3}},{"start":{"line":190,"column":9},"end":{"line":193,"column":3}}],"line":187},"54":{"loc":{"start":{"line":189,"column":24},"end":{"line":189,"column":57}},"type":"cond-expr","locations":[{"start":{"line":189,"column":39},"end":{"line":189,"column":46}},{"start":{"line":189,"column":49},"end":{"line":189,"column":57}}],"line":189},"55":{"loc":{"start":{"line":192,"column":23},"end":{"line":192,"column":53}},"type":"cond-expr","locations":[{"start":{"line":192,"column":37},"end":{"line":192,"column":43}},{"start":{"line":192,"column":46},"end":{"line":192,"column":53}}],"line":192},"56":{"loc":{"start":{"line":207,"column":2},"end":{"line":207,"column":25}},"type":"default-arg","locations":[{"start":{"line":207,"column":19},"end":{"line":207,"column":25}}],"line":207},"57":{"loc":{"start":{"line":213,"column":4},"end":{"line":215,"column":5}},"type":"if","locations":[{"start":{"line":213,"column":4},"end":{"line":215,"column":5}},{"start":{},"end":{}}],"line":213},"58":{"loc":{"start":{"line":213,"column":8},"end":{"line":213,"column":23}},"type":"binary-expr","locations":[{"start":{"line":213,"column":8},"end":{"line":213,"column":14}},{"start":{"line":213,"column":18},"end":{"line":213,"column":23}}],"line":213},"59":{"loc":{"start":{"line":235,"column":4},"end":{"line":290,"column":5}},"type":"if","locations":[{"start":{"line":235,"column":4},"end":{"line":290,"column":5}},{"start":{},"end":{}}],"line":235},"60":{"loc":{"start":{"line":243,"column":10},"end":{"line":282,"column":11}},"type":"if","locations":[{"start":{"line":243,"column":10},"end":{"line":282,"column":11}},{"start":{},"end":{}}],"line":243},"61":{"loc":{"start":{"line":244,"column":12},"end":{"line":246,"column":44}},"type":"binary-expr","locations":[{"start":{"line":244,"column":12},"end":{"line":244,"column":36}},{"start":{"line":245,"column":12},"end":{"line":245,"column":32}},{"start":{"line":246,"column":12},"end":{"line":246,"column":44}}],"line":244},"62":{"loc":{"start":{"line":268,"column":16},"end":{"line":268,"column":68}},"type":"if","locations":[{"start":{"line":268,"column":16},"end":{"line":268,"column":68}},{"start":{},"end":{}}],"line":268},"63":{"loc":{"start":{"line":268,"column":20},"end":{"line":268,"column":57}},"type":"binary-expr","locations":[{"start":{"line":268,"column":20},"end":{"line":268,"column":34}},{"start":{"line":268,"column":38},"end":{"line":268,"column":57}}],"line":268},"64":{"loc":{"start":{"line":269,"column":16},"end":{"line":269,"column":59}},"type":"if","locations":[{"start":{"line":269,"column":16},"end":{"line":269,"column":59}},{"start":{},"end":{}}],"line":269},"65":{"loc":{"start":{"line":303,"column":2},"end":{"line":305,"column":3}},"type":"if","locations":[{"start":{"line":303,"column":2},"end":{"line":305,"column":3}},{"start":{},"end":{}}],"line":303},"66":{"loc":{"start":{"line":303,"column":6},"end":{"line":303,"column":54}},"type":"binary-expr","locations":[{"start":{"line":303,"column":6},"end":{"line":303,"column":29}},{"start":{"line":303,"column":33},"end":{"line":303,"column":54}}],"line":303},"67":{"loc":{"start":{"line":329,"column":19},"end":{"line":329,"column":46}},"type":"cond-expr","locations":[{"start":{"line":329,"column":41},"end":{"line":329,"column":42}},{"start":{"line":329,"column":45},"end":{"line":329,"column":46}}],"line":329},"68":{"loc":{"start":{"line":332,"column":4},"end":{"line":334,"column":5}},"type":"if","locations":[{"start":{"line":332,"column":4},"end":{"line":334,"column":5}},{"start":{},"end":{}}],"line":332}},"s":{"0":3,"1":5,"2":4,"3":1,"4":3,"5":8,"6":3,"7":5,"8":3,"9":5,"10":1,"11":1,"12":1,"13":1,"14":1,"15":3,"16":9,"17":9,"18":1,"19":8,"20":2,"21":6,"22":2,"23":4,"24":2,"25":2,"26":6,"27":3,"28":12,"29":4,"30":8,"31":8,"32":8,"33":8,"34":8,"35":8,"36":1,"37":7,"38":1,"39":6,"40":1,"41":5,"42":1,"43":4,"44":1,"45":3,"46":1,"47":1,"48":2,"49":1,"50":1,"51":1,"52":1,"53":3,"54":5,"55":1,"56":4,"57":1,"58":3,"59":1,"60":2,"61":18,"62":4,"63":14,"64":14,"65":14,"66":14,"67":1,"68":13,"69":0,"70":13,"71":13,"72":13,"73":13,"74":13,"75":13,"76":13,"77":13,"78":1,"79":12,"80":2,"81":2,"82":10,"83":2,"84":2,"85":8,"86":2,"87":2,"88":6,"89":2,"90":2,"91":4,"92":2,"93":2,"94":2,"95":2,"96":3,"97":19,"98":5,"99":14,"100":14,"101":14,"102":14,"103":14,"104":14,"105":1,"106":13,"107":1,"108":12,"109":1,"110":11,"111":1,"112":10,"113":1,"114":9,"115":1,"116":1,"117":8,"118":1,"119":1,"120":7,"121":7,"122":4,"123":4,"124":4,"125":4,"126":2,"127":2,"128":2,"129":2,"130":65,"131":3,"132":23,"133":23,"134":23,"135":6,"136":6,"137":7,"138":7,"139":6,"140":6,"141":6,"142":9,"143":16,"144":6,"145":6,"146":6,"147":6,"148":11,"149":6,"150":9,"151":18,"152":18,"153":3,"154":15,"155":9,"156":6,"157":9,"158":6,"159":6,"160":1,"161":6,"162":0,"163":17,"164":3,"165":15,"166":15,"167":4,"168":15,"169":15,"170":15,"171":15,"172":15,"173":3,"174":14,"175":14,"176":56,"177":28,"178":14},"f":{"0":5,"1":8,"2":5,"3":9,"4":12,"5":5,"6":18,"7":19,"8":4,"9":65,"10":23,"11":7,"12":9,"13":16,"14":11,"15":9,"16":18,"17":15,"18":14,"19":56},"b":{"0":[4,1],"1":[5,2],"2":[3,5],"3":[5,4],"4":[1,1,1,1,1],"5":[1,8],"6":[9,6],"7":[2,6],"8":[8,7],"9":[2,4],"10":[2,2],"11":[2,4],"12":[4,8],"13":[12,9],"14":[1,7],"15":[1,6],"16":[1,5],"17":[1,4],"18":[1,3],"19":[1,2],"20":[0,1],"21":[1,1],"22":[0,1],"23":[0,1],"24":[1,4],"25":[1,3],"26":[1,2],"27":[4,14],"28":[18,15],"29":[2,12],"30":[1,13],"31":[0,13],"32":[1,12],"33":[2,10],"34":[0,2],"35":[2,8],"36":[1,1],"37":[2,6],"38":[1,1],"39":[2,4],"40":[1,1],"41":[2,2],"42":[1,1],"43":[1,1],"44":[5,14],"45":[19,15],"46":[1,13],"47":[1,12],"48":[1,11],"49":[1,10],"50":[1,9],"51":[1,8],"52":[0,1],"53":[1,7],"54":[0,1],"55":[6,1],"56":[3],"57":[2,2],"58":[4,2],"59":[6,17],"60":[6,0],"61":[6,6,6],"62":[3,15],"63":[18,17],"64":[9,6],"65":[4,11],"66":[15,4],"67":[9,5],"68":[28,28]},"_coverageSchema":"1a1c01bbd47fc00a2c39e90264f33305004495a9","hash":"44f6600b8b0b578cfc01567660bf6e39f81a5de5"}
,"/home/xs517-vissai/Documents/code/nexastack-ai-frontend/src/utils/notification.tsx": {"path":"/home/xs517-vissai/Documents/code/nexastack-ai-frontend/src/utils/notification.tsx","statementMap":{"0":{"start":{"line":7,"column":16},"end":{"line":18,"column":1}},"1":{"start":{"line":8,"column":2},"end":{"line":17,"column":3}},"2":{"start":{"line":10,"column":6},"end":{"line":10,"column":36}},"3":{"start":{"line":12,"column":6},"end":{"line":12,"column":44}},"4":{"start":{"line":14,"column":6},"end":{"line":14,"column":32}},"5":{"start":{"line":16,"column":6},"end":{"line":16,"column":17}},"6":{"start":{"line":20,"column":57},"end":{"line":24,"column":1}},"7":{"start":{"line":26,"column":32},"end":{"line":33,"column":1}},"8":{"start":{"line":27,"column":2},"end":{"line":32,"column":4}}},"fnMap":{"0":{"name":"(anonymous_0)","decl":{"start":{"line":7,"column":16},"end":{"line":7,"column":17}},"loc":{"start":{"line":7,"column":44},"end":{"line":18,"column":1}},"line":7},"1":{"name":"(anonymous_1)","decl":{"start":{"line":26,"column":32},"end":{"line":26,"column":33}},"loc":{"start":{"line":26,"column":77},"end":{"line":33,"column":1}},"line":26}},"branchMap":{"0":{"loc":{"start":{"line":8,"column":2},"end":{"line":17,"column":3}},"type":"switch","locations":[{"start":{"line":9,"column":4},"end":{"line":10,"column":36}},{"start":{"line":11,"column":4},"end":{"line":12,"column":44}},{"start":{"line":13,"column":4},"end":{"line":14,"column":32}},{"start":{"line":15,"column":4},"end":{"line":16,"column":17}}],"line":8}},"s":{"0":3,"1":3,"2":1,"3":1,"4":1,"5":0,"6":3,"7":3,"8":3},"f":{"0":3,"1":3},"b":{"0":[1,1,1,0]},"_coverageSchema":"1a1c01bbd47fc00a2c39e90264f33305004495a9","hash":"f4112800c5eb1c40733f420d1dcc5b64f88fbf99"}
,"/home/xs517-vissai/Documents/code/nexastack-ai-frontend/src/utils/routeProtection.ts": {"path":"/home/xs517-vissai/Documents/code/nexastack-ai-frontend/src/utils/routeProtection.ts","statementMap":{"0":{"start":{"line":7,"column":31},"end":{"line":12,"column":1}},"1":{"start":{"line":9,"column":2},"end":{"line":9,"column":37}},"2":{"start":{"line":11,"column":2},"end":{"line":11,"column":22}},"3":{"start":{"line":15,"column":30},"end":{"line":17,"column":1}},"4":{"start":{"line":16,"column":2},"end":{"line":16,"column":58}},"5":{"start":{"line":20,"column":33},"end":{"line":60,"column":1}},"6":{"start":{"line":21,"column":19},"end":{"line":21,"column":32}},"7":{"start":{"line":22,"column":26},"end":{"line":22,"column":72}},"8":{"start":{"line":22,"column":50},"end":{"line":22,"column":71}},"9":{"start":{"line":23,"column":22},"end":{"line":23,"column":64}},"10":{"start":{"line":23,"column":46},"end":{"line":23,"column":63}},"11":{"start":{"line":25,"column":2},"end":{"line":37,"column":46}},"12":{"start":{"line":27,"column":4},"end":{"line":31,"column":5}},"13":{"start":{"line":28,"column":6},"end":{"line":28,"column":23}},"14":{"start":{"line":29,"column":6},"end":{"line":29,"column":50}},"15":{"start":{"line":30,"column":6},"end":{"line":30,"column":12}},"16":{"start":{"line":34,"column":4},"end":{"line":36,"column":5}},"17":{"start":{"line":35,"column":6},"end":{"line":35,"column":50}},"18":{"start":{"line":40,"column":2},"end":{"line":57,"column":16}},"19":{"start":{"line":41,"column":29},"end":{"line":47,"column":5}},"20":{"start":{"line":42,"column":33},"end":{"line":42,"column":68}},"21":{"start":{"line":43,"column":6},"end":{"line":46,"column":7}},"22":{"start":{"line":44,"column":8},"end":{"line":44,"column":25}},"23":{"start":{"line":45,"column":8},"end":{"line":45,"column":52}},"24":{"start":{"line":50,"column":4},"end":{"line":50,"column":22}},"25":{"start":{"line":53,"column":23},"end":{"line":53,"column":63}},"26":{"start":{"line":56,"column":4},"end":{"line":56,"column":42}},"27":{"start":{"line":56,"column":17},"end":{"line":56,"column":42}},"28":{"start":{"line":59,"column":2},"end":{"line":59,"column":28}},"29":{"start":{"line":63,"column":30},"end":{"line":74,"column":1}},"30":{"start":{"line":64,"column":19},"end":{"line":64,"column":32}},"31":{"start":{"line":65,"column":26},"end":{"line":65,"column":72}},"32":{"start":{"line":65,"column":50},"end":{"line":65,"column":71}},"33":{"start":{"line":67,"column":2},"end":{"line":71,"column":33}},"34":{"start":{"line":68,"column":4},"end":{"line":70,"column":5}},"35":{"start":{"line":69,"column":6},"end":{"line":69,"column":56}},"36":{"start":{"line":73,"column":2},"end":{"line":73,"column":28}},"37":{"start":{"line":77,"column":31},"end":{"line":117,"column":1}},"38":{"start":{"line":78,"column":19},"end":{"line":78,"column":32}},"39":{"start":{"line":80,"column":30},"end":{"line":101,"column":3}},"40":{"start":{"line":81,"column":4},"end":{"line":100,"column":5}},"41":{"start":{"line":82,"column":6},"end":{"line":84,"column":7}},"42":{"start":{"line":83,"column":8},"end":{"line":83,"column":20}},"43":{"start":{"line":86,"column":6},"end":{"line":95,"column":7}},"44":{"start":{"line":87,"column":28},"end":{"line":87,"column":55}},"45":{"start":{"line":88,"column":8},"end":{"line":94,"column":9}},"46":{"start":{"line":92,"column":10},"end":{"line":92,"column":67}},"47":{"start":{"line":93,"column":10},"end":{"line":93,"column":22}},"48":{"start":{"line":96,"column":6},"end":{"line":96,"column":17}},"49":{"start":{"line":98,"column":6},"end":{"line":98,"column":61}},"50":{"start":{"line":99,"column":6},"end":{"line":99,"column":18}},"51":{"start":{"line":103,"column":2},"end":{"line":114,"column":32}},"52":{"start":{"line":104,"column":4},"end":{"line":108,"column":5}},"53":{"start":{"line":105,"column":6},"end":{"line":105,"column":69}},"54":{"start":{"line":106,"column":6},"end":{"line":106,"column":51}},"55":{"start":{"line":107,"column":6},"end":{"line":107,"column":12}},"56":{"start":{"line":110,"column":20},"end":{"line":110,"column":41}},"57":{"start":{"line":111,"column":4},"end":{"line":113,"column":5}},"58":{"start":{"line":112,"column":6},"end":{"line":112,"column":51}},"59":{"start":{"line":116,"column":2},"end":{"line":116,"column":43}}},"fnMap":{"0":{"name":"(anonymous_0)","decl":{"start":{"line":7,"column":31},"end":{"line":7,"column":32}},"loc":{"start":{"line":7,"column":37},"end":{"line":12,"column":1}},"line":7},"1":{"name":"(anonymous_1)","decl":{"start":{"line":15,"column":30},"end":{"line":15,"column":31}},"loc":{"start":{"line":15,"column":62},"end":{"line":17,"column":1}},"line":15},"2":{"name":"(anonymous_2)","decl":{"start":{"line":20,"column":33},"end":{"line":20,"column":34}},"loc":{"start":{"line":20,"column":39},"end":{"line":60,"column":1}},"line":20},"3":{"name":"(anonymous_3)","decl":{"start":{"line":22,"column":39},"end":{"line":22,"column":40}},"loc":{"start":{"line":22,"column":50},"end":{"line":22,"column":71}},"line":22},"4":{"name":"(anonymous_4)","decl":{"start":{"line":23,"column":35},"end":{"line":23,"column":36}},"loc":{"start":{"line":23,"column":46},"end":{"line":23,"column":63}},"line":23},"5":{"name":"(anonymous_5)","decl":{"start":{"line":25,"column":12},"end":{"line":25,"column":13}},"loc":{"start":{"line":25,"column":18},"end":{"line":37,"column":3}},"line":25},"6":{"name":"(anonymous_6)","decl":{"start":{"line":40,"column":12},"end":{"line":40,"column":13}},"loc":{"start":{"line":40,"column":18},"end":{"line":57,"column":3}},"line":40},"7":{"name":"(anonymous_7)","decl":{"start":{"line":41,"column":29},"end":{"line":41,"column":30}},"loc":{"start":{"line":41,"column":35},"end":{"line":47,"column":5}},"line":41},"8":{"name":"(anonymous_8)","decl":{"start":{"line":56,"column":11},"end":{"line":56,"column":12}},"loc":{"start":{"line":56,"column":17},"end":{"line":56,"column":42}},"line":56},"9":{"name":"(anonymous_9)","decl":{"start":{"line":63,"column":30},"end":{"line":63,"column":31}},"loc":{"start":{"line":63,"column":36},"end":{"line":74,"column":1}},"line":63},"10":{"name":"(anonymous_10)","decl":{"start":{"line":65,"column":39},"end":{"line":65,"column":40}},"loc":{"start":{"line":65,"column":50},"end":{"line":65,"column":71}},"line":65},"11":{"name":"(anonymous_11)","decl":{"start":{"line":67,"column":12},"end":{"line":67,"column":13}},"loc":{"start":{"line":67,"column":18},"end":{"line":71,"column":3}},"line":67},"12":{"name":"(anonymous_12)","decl":{"start":{"line":77,"column":31},"end":{"line":77,"column":32}},"loc":{"start":{"line":77,"column":79},"end":{"line":117,"column":1}},"line":77},"13":{"name":"(anonymous_13)","decl":{"start":{"line":80,"column":30},"end":{"line":80,"column":31}},"loc":{"start":{"line":80,"column":36},"end":{"line":101,"column":3}},"line":80},"14":{"name":"(anonymous_14)","decl":{"start":{"line":103,"column":12},"end":{"line":103,"column":13}},"loc":{"start":{"line":103,"column":18},"end":{"line":114,"column":3}},"line":103}},"branchMap":{"0":{"loc":{"start":{"line":16,"column":9},"end":{"line":16,"column":58}},"type":"binary-expr","locations":[{"start":{"line":16,"column":9},"end":{"line":16,"column":20}},{"start":{"line":16,"column":24},"end":{"line":16,"column":58}}],"line":16},"1":{"loc":{"start":{"line":27,"column":4},"end":{"line":31,"column":5}},"type":"if","locations":[{"start":{"line":27,"column":4},"end":{"line":31,"column":5}},{"start":{},"end":{}}],"line":27},"2":{"loc":{"start":{"line":34,"column":4},"end":{"line":36,"column":5}},"type":"if","locations":[{"start":{"line":34,"column":4},"end":{"line":36,"column":5}},{"start":{},"end":{}}],"line":34},"3":{"loc":{"start":{"line":43,"column":6},"end":{"line":46,"column":7}},"type":"if","locations":[{"start":{"line":43,"column":6},"end":{"line":46,"column":7}},{"start":{},"end":{}}],"line":43},"4":{"loc":{"start":{"line":68,"column":4},"end":{"line":70,"column":5}},"type":"if","locations":[{"start":{"line":68,"column":4},"end":{"line":70,"column":5}},{"start":{},"end":{}}],"line":68},"5":{"loc":{"start":{"line":82,"column":6},"end":{"line":84,"column":7}},"type":"if","locations":[{"start":{"line":82,"column":6},"end":{"line":84,"column":7}},{"start":{},"end":{}}],"line":82},"6":{"loc":{"start":{"line":82,"column":10},"end":{"line":82,"column":63}},"type":"binary-expr","locations":[{"start":{"line":82,"column":10},"end":{"line":82,"column":25}},{"start":{"line":82,"column":29},"end":{"line":82,"column":63}}],"line":82},"7":{"loc":{"start":{"line":88,"column":8},"end":{"line":94,"column":9}},"type":"if","locations":[{"start":{"line":88,"column":8},"end":{"line":94,"column":9}},{"start":{},"end":{}}],"line":88},"8":{"loc":{"start":{"line":89,"column":10},"end":{"line":90,"column":62}},"type":"binary-expr","locations":[{"start":{"line":89,"column":10},"end":{"line":89,"column":22}},{"start":{"line":90,"column":11},"end":{"line":90,"column":25}},{"start":{"line":90,"column":29},"end":{"line":90,"column":61}}],"line":89},"9":{"loc":{"start":{"line":104,"column":4},"end":{"line":108,"column":5}},"type":"if","locations":[{"start":{"line":104,"column":4},"end":{"line":108,"column":5}},{"start":{},"end":{}}],"line":104},"10":{"loc":{"start":{"line":104,"column":8},"end":{"line":104,"column":61}},"type":"binary-expr","locations":[{"start":{"line":104,"column":8},"end":{"line":104,"column":23}},{"start":{"line":104,"column":27},"end":{"line":104,"column":61}}],"line":104},"11":{"loc":{"start":{"line":111,"column":4},"end":{"line":113,"column":5}},"type":"if","locations":[{"start":{"line":111,"column":4},"end":{"line":113,"column":5}},{"start":{},"end":{}}],"line":111}},"s":{"0":2,"1":3,"2":3,"3":2,"4":12,"5":2,"6":3,"7":3,"8":3,"9":3,"10":3,"11":3,"12":6,"13":2,"14":2,"15":2,"16":4,"17":2,"18":3,"19":6,"20":6,"21":6,"22":1,"23":1,"24":6,"25":6,"26":6,"27":3,"28":3,"29":2,"30":2,"31":2,"32":2,"33":2,"34":4,"35":2,"36":2,"37":2,"38":4,"39":4,"40":10,"41":10,"42":1,"43":9,"44":9,"45":9,"46":6,"47":6,"48":3,"49":0,"50":0,"51":4,"52":8,"53":2,"54":2,"55":2,"56":6,"57":6,"58":4,"59":4},"f":{"0":3,"1":12,"2":3,"3":3,"4":3,"5":6,"6":6,"7":6,"8":3,"9":2,"10":2,"11":4,"12":4,"13":10,"14":8},"b":{"0":[12,3],"1":[2,4],"2":[2,2],"3":[1,5],"4":[2,2],"5":[1,9],"6":[10,9],"7":[6,3],"8":[9,6,6],"9":[2,6],"10":[8,6],"11":[4,2]},"_coverageSchema":"1a1c01bbd47fc00a2c39e90264f33305004495a9","hash":"3e59321d755e9e751d4ad44a442dba27d9d8db8b"}
}
