TN:
SF:src/routeTree.gen.ts
FN:45,(anonymous_0)
FN:51,(anonymous_1)
FN:57,(anonymous_2)
FN:63,(anonymous_3)
FN:69,(anonymous_4)
FN:75,(anonymous_5)
FN:81,(anonymous_6)
FN:87,(anonymous_7)
FN:93,(anonymous_8)
FN:99,(anonymous_9)
FN:104,(anonymous_10)
FN:110,(anonymous_11)
FN:116,(anonymous_12)
FN:122,(anonymous_13)
FN:128,(anonymous_14)
FN:134,(anonymous_15)
FN:140,(anonymous_16)
FN:146,(anonymous_17)
FN:152,(anonymous_18)
FN:158,(anonymous_19)
FN:164,(anonymous_20)
FN:170,(anonymous_21)
FN:176,(anonymous_22)
FN:182,(anonymous_23)
FN:188,(anonymous_24)
FNF:25
FNH:0
FNDA:0,(anonymous_0)
FNDA:0,(anonymous_1)
FNDA:0,(anonymous_2)
FNDA:0,(anonymous_3)
FNDA:0,(anonymous_4)
FNDA:0,(anonymous_5)
FNDA:0,(anonymous_6)
FNDA:0,(anonymous_7)
FNDA:0,(anonymous_8)
FNDA:0,(anonymous_9)
FNDA:0,(anonymous_10)
FNDA:0,(anonymous_11)
FNDA:0,(anonymous_12)
FNDA:0,(anonymous_13)
FNDA:0,(anonymous_14)
FNDA:0,(anonymous_15)
FNDA:0,(anonymous_16)
FNDA:0,(anonymous_17)
FNDA:0,(anonymous_18)
FNDA:0,(anonymous_19)
FNDA:0,(anonymous_20)
FNDA:0,(anonymous_21)
FNDA:0,(anonymous_22)
FNDA:0,(anonymous_23)
FNDA:0,(anonymous_24)
DA:42,0
DA:45,0
DA:48,0
DA:51,0
DA:54,0
DA:57,0
DA:60,0
DA:63,0
DA:66,0
DA:69,0
DA:72,0
DA:75,0
DA:78,0
DA:81,0
DA:84,0
DA:87,0
DA:90,0
DA:93,0
DA:96,0
DA:99,0
DA:102,0
DA:104,0
DA:107,0
DA:110,0
DA:113,0
DA:116,0
DA:119,0
DA:122,0
DA:125,0
DA:128,0
DA:131,0
DA:134,0
DA:137,0
DA:140,0
DA:143,0
DA:146,0
DA:149,0
DA:152,0
DA:155,0
DA:158,0
DA:161,0
DA:164,0
DA:167,0
DA:170,0
DA:173,0
DA:176,0
DA:179,0
DA:182,0
DA:185,0
DA:188,0
DA:391,0
DA:407,0
DA:594,0
DA:609,0
LF:54
LH:0
BRF:0
BRH:0
end_of_record
TN:
SF:src/api/addClusterApi.ts
FN:15,(anonymous_0)
FN:29,(anonymous_1)
FN:38,(anonymous_2)
FN:43,(anonymous_3)
FN:51,(anonymous_4)
FN:58,(anonymous_5)
FN:67,(anonymous_6)
FNF:7
FNH:7
FNDA:1,(anonymous_0)
FNDA:1,(anonymous_1)
FNDA:1,(anonymous_2)
FNDA:1,(anonymous_3)
FNDA:1,(anonymous_4)
FNDA:1,(anonymous_5)
FNDA:1,(anonymous_6)
DA:12,3
DA:16,1
DA:25,1
DA:30,1
DA:34,1
DA:39,1
DA:40,1
DA:44,1
DA:48,1
DA:52,1
DA:55,1
DA:59,1
DA:63,1
DA:68,1
DA:69,1
DA:73,3
LF:16
LH:16
BRF:0
BRH:0
end_of_record
TN:
SF:src/api/authApi.ts
FN:14,(anonymous_0)
FN:19,(anonymous_1)
FN:24,(anonymous_2)
FN:29,(anonymous_3)
FN:34,(anonymous_4)
FN:39,(anonymous_5)
FN:44,(anonymous_6)
FNF:7
FNH:7
FNDA:1,(anonymous_0)
FNDA:1,(anonymous_1)
FNDA:1,(anonymous_2)
FNDA:1,(anonymous_3)
FNDA:1,(anonymous_4)
FNDA:1,(anonymous_5)
FNDA:1,(anonymous_6)
DA:12,1
DA:15,1
DA:16,1
DA:20,1
DA:21,1
DA:25,1
DA:26,1
DA:30,1
DA:31,1
DA:35,1
DA:36,1
DA:40,1
DA:41,1
DA:45,1
DA:46,1
DA:50,1
LF:16
LH:16
BRF:0
BRH:0
end_of_record
TN:
SF:src/api/clustersApi.ts
FN:6,(anonymous_0)
FN:11,(anonymous_1)
FNF:2
FNH:2
FNDA:1,(anonymous_0)
FNDA:1,(anonymous_1)
DA:4,2
DA:7,1
DA:8,1
DA:12,1
DA:13,1
DA:17,2
LF:6
LH:6
BRF:0
BRH:0
end_of_record
TN:
SF:src/api/deploymentApi.ts
FN:11,(anonymous_0)
FN:16,(anonymous_1)
FN:24,(anonymous_2)
FN:29,(anonymous_3)
FNF:4
FNH:4
FNDA:1,(anonymous_0)
FNDA:1,(anonymous_1)
FNDA:1,(anonymous_2)
FNDA:1,(anonymous_3)
DA:9,1
DA:12,1
DA:13,1
DA:17,1
DA:21,1
DA:25,1
DA:26,1
DA:30,1
DA:31,1
DA:35,1
LF:10
LH:10
BRF:0
BRH:0
end_of_record
TN:
SF:src/api/deploymentsApi.ts
FN:6,(anonymous_0)
FN:11,(anonymous_1)
FNF:2
FNH:2
FNDA:1,(anonymous_0)
FNDA:1,(anonymous_1)
DA:4,1
DA:7,1
DA:8,1
DA:12,1
DA:13,1
DA:17,1
LF:6
LH:6
BRF:0
BRH:0
end_of_record
TN:
SF:src/api/headerApi.ts
FN:8,(anonymous_0)
FN:13,(anonymous_1)
FNF:2
FNH:2
FNDA:1,(anonymous_0)
FNDA:1,(anonymous_1)
DA:6,1
DA:9,1
DA:10,1
DA:15,1
DA:20,1
DA:23,1
DA:31,1
LF:7
LH:7
BRF:0
BRH:0
end_of_record
TN:
SF:src/api/marketplaceApi.ts
FN:10,(anonymous_0)
FN:17,(anonymous_1)
FN:22,(anonymous_2)
FNF:3
FNH:3
FNDA:1,(anonymous_0)
FNDA:1,(anonymous_1)
FNDA:1,(anonymous_2)
DA:8,1
DA:11,1
DA:14,1
DA:18,1
DA:19,1
DA:23,1
DA:24,1
DA:28,1
LF:8
LH:8
BRF:0
BRH:0
end_of_record
TN:
SF:src/api/memberInvitationApi.ts
FN:12,(anonymous_0)
FN:17,(anonymous_1)
FN:22,(anonymous_2)
FN:27,(anonymous_3)
FNF:4
FNH:4
FNDA:1,(anonymous_0)
FNDA:1,(anonymous_1)
FNDA:1,(anonymous_2)
FNDA:1,(anonymous_3)
DA:10,1
DA:13,1
DA:14,1
DA:18,1
DA:19,1
DA:23,1
DA:24,1
DA:28,1
DA:32,1
DA:36,1
LF:10
LH:10
BRF:0
BRH:0
end_of_record
TN:
SF:src/api/platformSetupApi.ts
FN:11,(anonymous_0)
FN:16,(anonymous_1)
FN:24,(anonymous_2)
FNF:3
FNH:3
FNDA:1,(anonymous_0)
FNDA:1,(anonymous_1)
FNDA:1,(anonymous_2)
DA:9,1
DA:12,1
DA:13,1
DA:17,1
DA:21,1
DA:25,1
DA:26,1
DA:30,1
LF:8
LH:8
BRF:0
BRH:0
end_of_record
TN:
SF:src/api/playgroundApi.ts
FN:10,(anonymous_0)
FN:15,(anonymous_1)
FN:20,(anonymous_2)
FNF:3
FNH:3
FNDA:1,(anonymous_0)
FNDA:1,(anonymous_1)
FNDA:1,(anonymous_2)
DA:8,1
DA:11,1
DA:12,1
DA:16,1
DA:17,1
DA:21,1
DA:24,1
DA:28,1
LF:8
LH:8
BRF:0
BRH:0
end_of_record
TN:
SF:src/api/projectApi.ts
FN:7,(anonymous_0)
FN:12,(anonymous_1)
FN:19,(anonymous_2)
FN:26,(anonymous_3)
FN:34,(anonymous_4)
FNF:5
FNH:5
FNDA:1,(anonymous_0)
FNDA:1,(anonymous_1)
FNDA:1,(anonymous_2)
FNDA:1,(anonymous_3)
FNDA:1,(anonymous_4)
DA:5,1
DA:8,1
DA:9,1
DA:13,1
DA:16,1
DA:20,1
DA:23,1
DA:27,1
DA:31,1
DA:35,1
DA:36,1
DA:40,1
LF:12
LH:12
BRF:0
BRH:0
end_of_record
TN:
SF:src/api/projectsApi.ts
FN:7,(anonymous_0)
FN:12,(anonymous_1)
FNF:2
FNH:2
FNDA:1,(anonymous_0)
FNDA:1,(anonymous_1)
DA:5,2
DA:8,1
DA:9,1
DA:13,1
DA:14,1
DA:18,2
LF:6
LH:6
BRF:0
BRH:0
end_of_record
TN:
SF:src/api/rolesApi.ts
FN:6,(anonymous_0)
FNF:1
FNH:1
FNDA:2,(anonymous_0)
DA:4,1
DA:7,2
DA:8,1
DA:12,1
LF:4
LH:4
BRF:0
BRH:0
end_of_record
TN:
SF:src/api/serverApi.ts
FN:6,(anonymous_0)
FN:15,(anonymous_1)
FNF:2
FNH:2
FNDA:2,(anonymous_0)
FNDA:2,(anonymous_1)
DA:4,2
DA:7,2
DA:12,1
DA:16,2
DA:19,1
DA:23,2
LF:6
LH:6
BRF:0
BRH:0
end_of_record
TN:
SF:src/api/serversApi.ts
FN:6,(anonymous_0)
FNF:1
FNH:1
FNDA:3,(anonymous_0)
DA:4,2
DA:7,3
DA:10,2
DA:14,2
LF:4
LH:4
BRDA:6,0,0,2
BRDA:6,1,0,2
BRDA:6,2,0,2
BRF:3
BRH:3
end_of_record
TN:
SF:src/api/userDetailsApi.ts
FN:10,(anonymous_0)
FN:15,(anonymous_1)
FN:20,(anonymous_2)
FNF:3
FNH:3
FNDA:2,(anonymous_0)
FNDA:2,(anonymous_1)
FNDA:3,(anonymous_2)
DA:8,2
DA:11,2
DA:12,1
DA:16,2
DA:17,1
DA:21,3
DA:22,2
DA:26,2
LF:8
LH:8
BRF:0
BRH:0
end_of_record
TN:
SF:src/api/workspaceApi.ts
FN:7,(anonymous_0)
FN:12,(anonymous_1)
FNF:2
FNH:2
FNDA:2,(anonymous_0)
FNDA:2,(anonymous_1)
DA:5,1
DA:8,2
DA:9,1
DA:13,2
DA:14,1
DA:18,1
LF:6
LH:6
BRF:0
BRH:0
end_of_record
TN:
SF:src/assets/agent-icons/index.ts
FNF:0
FNH:0
DA:36,0
LF:1
LH:0
BRF:0
BRH:0
end_of_record
TN:
SF:src/assets/mcp-icons/index.ts
FNF:0
FNH:0
DA:151,2
LF:1
LH:1
BRF:0
BRH:0
end_of_record
TN:
SF:src/components/RouteProtection.tsx
FN:20,(anonymous_0)
FN:34,(anonymous_1)
FN:49,(anonymous_2)
FNF:3
FNH:3
FNDA:2,(anonymous_0)
FNDA:2,(anonymous_1)
FNDA:3,(anonymous_2)
DA:20,1
DA:21,2
DA:23,2
DA:24,1
DA:27,1
DA:34,1
DA:35,2
DA:37,2
DA:38,1
DA:41,1
DA:49,1
DA:53,3
DA:55,3
DA:56,1
DA:59,2
LF:15
LH:15
BRDA:23,0,0,1
BRDA:23,0,1,1
BRDA:37,1,0,1
BRDA:37,1,1,1
BRDA:55,2,0,1
BRDA:55,2,1,2
BRF:6
BRH:6
end_of_record
TN:
SF:src/components/accountSettings/AccountSettingsBody.tsx
FN:11,AccountSettingsBody
FN:51,(anonymous_1)
FN:65,(anonymous_2)
FNF:3
FNH:3
FNDA:10,AccountSettingsBody
FNDA:30,(anonymous_1)
FNDA:30,(anonymous_2)
DA:12,10
DA:14,10
DA:16,10
DA:37,10
DA:52,30
DA:66,30
LF:6
LH:6
BRDA:47,0,0,5
BRDA:47,0,1,5
BRDA:69,1,0,15
BRDA:69,1,1,15
BRDA:70,2,0,15
BRDA:70,2,1,15
BRF:6
BRH:6
end_of_record
TN:
SF:src/components/accountSettings/AccountSettingsFallback.tsx
FN:13,AccountSettingsFallback
FN:64,UserDetailsSkeleton
FN:94,WorkspaceDetailsSkeleton
FN:124,ProjectDetailsSkeleton
FN:137,(anonymous_4)
FNF:5
FNH:5
FNDA:4,AccountSettingsFallback
FNDA:4,UserDetailsSkeleton
FNDA:4,WorkspaceDetailsSkeleton
FNDA:4,ProjectDetailsSkeleton
FNDA:12,(anonymous_4)
DA:14,4
DA:16,4
DA:65,4
DA:95,4
DA:125,4
DA:138,12
LF:6
LH:6
BRDA:22,0,0,0
BRDA:22,0,1,4
BRDA:39,1,0,0
BRDA:39,1,1,4
BRDA:40,2,0,0
BRDA:40,2,1,4
BRDA:46,3,0,0
BRDA:46,3,1,4
BRDA:47,4,0,0
BRDA:47,4,1,4
BRDA:53,5,0,0
BRDA:53,5,1,4
BRDA:54,6,0,0
BRDA:54,6,1,4
BRF:14
BRH:7
end_of_record
TN:
SF:src/components/accountSettings/AccountSettingsHeader.tsx
FN:3,AccountSettingsHeader
FNF:1
FNH:1
FNDA:4,AccountSettingsHeader
DA:8,4
LF:1
LH:1
BRF:0
BRH:0
end_of_record
TN:
SF:src/components/accountSettings/ChangePassword.tsx
FN:33,ChangePassword
FN:52,(anonymous_1)
FN:69,(anonymous_2)
FN:80,(anonymous_3)
FN:86,(anonymous_4)
FN:131,(anonymous_5)
FN:132,(anonymous_6)
FNF:7
FNH:4
FNDA:14,ChangePassword
FNDA:0,(anonymous_1)
FNDA:56,(anonymous_2)
FNDA:3,(anonymous_3)
FNDA:1,(anonymous_4)
FNDA:0,(anonymous_5)
FNDA:0,(anonymous_6)
DA:26,1
DA:34,14
DA:35,14
DA:37,14
DA:52,0
DA:57,14
DA:67,14
DA:69,14
DA:70,56
DA:77,14
DA:78,14
DA:80,14
DA:81,3
DA:85,3
DA:87,1
DA:88,1
DA:93,14
DA:131,0
DA:132,0
LF:19
LH:16
BRDA:78,0,0,0
BRDA:78,0,1,14
BRDA:78,1,0,0
BRDA:78,1,1,14
BRF:4
BRH:2
end_of_record
TN:
SF:src/components/accountSettings/PasswordRequirement.tsx
FN:4,PasswordRequirement
FNF:1
FNH:1
FNDA:14,PasswordRequirement
DA:11,14
LF:1
LH:1
BRDA:13,0,0,10
BRDA:13,0,1,4
BRDA:18,1,0,10
BRDA:18,1,1,4
BRF:4
BRH:4
end_of_record
TN:
SF:src/components/accountSettings/ProjectDetails.tsx
FN:24,ProjectDetails
FN:39,(anonymous_1)
FN:43,(anonymous_2)
FN:96,(anonymous_3)
FNF:4
FNH:4
FNDA:13,ProjectDetails
FNDA:1,(anonymous_1)
FNDA:51,(anonymous_2)
FNDA:51,(anonymous_3)
DA:28,13
DA:29,13
DA:32,13
DA:33,13
DA:39,13
DA:40,1
DA:43,13
DA:44,51
DA:67,13
DA:97,51
LF:10
LH:10
BRDA:54,0,0,51
BRDA:54,0,1,0
BRDA:95,1,0,11
BRDA:95,1,1,2
BRDA:95,2,0,13
BRDA:95,2,1,12
BRDA:102,3,0,1
BRDA:102,3,1,1
BRDA:116,4,0,13
BRDA:116,4,1,12
BRF:10
BRH:9
end_of_record
TN:
SF:src/components/accountSettings/UserDetails.tsx
FN:24,UserDetails
FN:54,(anonymous_1)
FN:61,(anonymous_2)
FN:69,(anonymous_3)
FN:82,(anonymous_4)
FN:127,(anonymous_5)
FNF:6
FNH:4
FNDA:7,UserDetails
FNDA:0,(anonymous_1)
FNDA:0,(anonymous_2)
FNDA:42,(anonymous_3)
FNDA:70,(anonymous_4)
FNDA:42,(anonymous_5)
DA:25,7
DA:26,7
DA:27,7
DA:28,7
DA:29,7
DA:33,7
DA:34,7
DA:36,7
DA:45,7
DA:54,7
DA:55,0
DA:60,0
DA:63,0
DA:64,0
DA:69,7
DA:70,42
DA:72,14
DA:74,14
DA:76,14
DA:78,0
DA:82,7
DA:83,70
DA:86,7
DA:113,7
DA:128,42
LF:25
LH:20
BRDA:25,0,0,7
BRDA:25,0,1,1
BRDA:26,1,0,7
BRDA:26,1,1,1
BRDA:27,2,0,7
BRDA:27,2,1,1
BRDA:28,3,0,7
BRDA:28,3,1,1
BRDA:29,4,0,7
BRDA:29,4,1,7
BRDA:47,5,0,7
BRDA:47,5,1,0
BRDA:48,6,0,7
BRDA:48,6,1,1
BRDA:70,7,0,14
BRDA:70,7,1,14
BRDA:70,7,2,14
BRDA:70,7,3,0
BRDA:89,8,0,7
BRDA:89,8,1,0
BRDA:93,9,0,7
BRDA:93,9,1,1
BRDA:101,10,0,0
BRDA:101,10,1,7
BRDA:137,11,0,7
BRDA:137,11,1,35
BRDA:142,12,0,4
BRDA:142,12,1,3
BRDA:146,13,0,4
BRDA:146,13,1,3
BRDA:148,14,0,1
BRDA:148,14,1,2
BRDA:155,15,0,7
BRDA:155,15,1,28
BRDA:161,16,0,7
BRDA:161,16,1,0
BRDA:161,17,0,7
BRDA:161,17,1,7
BRDA:170,18,0,14
BRDA:170,18,1,14
BRDA:170,19,0,28
BRDA:170,19,1,14
BRF:42
BRH:37
end_of_record
TN:
SF:src/components/accountSettings/UserProfileHeader.tsx
FN:18,UserProfileHeader
FNF:1
FNH:1
FNDA:15,UserProfileHeader
DA:19,15
DA:20,15
DA:21,15
DA:24,15
DA:26,15
DA:27,15
LF:6
LH:6
BRDA:19,0,0,15
BRDA:19,0,1,2
BRDA:20,1,0,15
BRDA:20,1,1,2
BRDA:21,2,0,15
BRDA:21,2,1,2
BRDA:48,3,0,1
BRDA:48,3,1,14
BRDA:49,4,0,1
BRDA:49,4,1,14
BRF:10
BRH:10
end_of_record
TN:
SF:src/components/accountSettings/WorkspaceDetails.tsx
FN:14,WorkspaceDetails
FN:50,(anonymous_1)
FNF:2
FNH:2
FNDA:8,WorkspaceDetails
FNDA:8,(anonymous_1)
DA:15,8
DA:17,8
DA:51,8
LF:3
LH:3
BRDA:34,0,0,8
BRDA:34,0,1,1
BRDA:52,1,0,0
BRDA:52,1,1,8
BRDA:57,2,0,0
BRDA:57,2,1,8
BRDA:61,3,0,0
BRDA:61,3,1,8
BRF:8
BRH:5
end_of_record
TN:
SF:src/components/accountSettings/index.ts
FNF:0
FNH:0
LF:0
LH:0
BRF:0
BRH:0
end_of_record
TN:
SF:src/components/addCluster/AddClusterCards.tsx
FN:27,AddClusterCards
FN:44,(anonymous_1)
FN:75,(anonymous_2)
FN:86,(anonymous_3)
FN:119,(anonymous_4)
FNF:5
FNH:5
FNDA:19,AddClusterCards
FNDA:8,(anonymous_1)
FNDA:57,(anonymous_2)
FNDA:8,(anonymous_3)
FNDA:4,(anonymous_4)
DA:15,2
DA:21,2
DA:28,19
DA:31,19
DA:34,19
DA:38,19
DA:39,19
DA:40,19
DA:42,19
DA:44,19
DA:45,8
DA:48,19
DA:76,57
DA:86,8
DA:119,4
LF:15
LH:15
BRDA:83,0,0,19
BRDA:83,0,1,38
BRDA:113,1,0,19
BRDA:113,1,1,7
BRDA:130,2,0,7
BRDA:130,2,1,1
BRDA:135,3,0,7
BRDA:135,3,1,5
BRDA:140,4,0,7
BRDA:140,4,1,1
BRDA:148,5,0,19
BRDA:148,5,1,10
BRDA:154,6,0,19
BRDA:154,6,1,2
BRDA:163,7,0,19
BRDA:163,7,1,19
BRDA:168,8,0,19
BRDA:168,8,1,19
BRDA:171,9,0,19
BRDA:171,9,1,19
BRDA:174,10,0,19
BRDA:174,10,1,19
BRDA:177,11,0,19
BRDA:177,11,1,19
BRF:24
BRH:24
end_of_record
TN:
SF:src/components/addCluster/AddClusterFallback.tsx
FN:4,AddClusterFallback
FN:17,(anonymous_1)
FNF:2
FNH:2
FNDA:5,AddClusterFallback
FNDA:15,(anonymous_1)
DA:5,5
DA:18,15
LF:2
LH:2
BRF:0
BRH:0
end_of_record
TN:
SF:src/components/addCluster/AddClusterHeader.tsx
FN:3,AddClusterHeader
FNF:1
FNH:1
FNDA:1,AddClusterHeader
DA:4,1
LF:1
LH:1
BRF:0
BRH:0
end_of_record
TN:
SF:src/components/addCluster/index.ts
FNF:0
FNH:0
LF:0
LH:0
BRF:0
BRH:0
end_of_record
TN:
SF:src/components/addCluster/Modals/AWSModal.tsx
FN:29,AWSModal
FN:42,(anonymous_1)
FN:72,(anonymous_2)
FN:86,(anonymous_3)
FN:150,(anonymous_4)
FNF:5
FNH:4
FNDA:15,AWSModal
FNDA:12,(anonymous_1)
FNDA:0,(anonymous_2)
FNDA:1,(anonymous_3)
FNDA:60,(anonymous_4)
DA:22,2
DA:30,15
DA:31,15
DA:33,15
DA:34,15
DA:35,15
DA:37,15
DA:40,15
DA:42,15
DA:44,12
DA:45,7
DA:47,7
DA:48,0
DA:51,7
DA:52,7
DA:54,7
DA:56,7
DA:59,5
DA:61,0
DA:62,0
DA:65,0
DA:74,0
DA:81,5
DA:82,5
DA:86,15
DA:87,1
DA:88,1
DA:92,15
DA:151,60
LF:29
LH:24
BRDA:44,0,0,7
BRDA:44,0,1,5
BRDA:44,1,0,12
BRDA:44,1,1,7
BRDA:47,2,0,0
BRDA:47,2,1,7
BRDA:52,3,0,7
BRDA:52,3,1,0
BRDA:59,4,0,0
BRDA:59,4,1,5
BRDA:61,5,0,0
BRDA:61,5,1,0
BRDA:81,6,0,5
BRDA:81,6,1,0
BRDA:87,7,0,1
BRDA:87,7,1,0
BRDA:94,8,0,0
BRDA:94,8,1,15
BRDA:94,9,0,0
BRDA:94,9,1,15
BRDA:167,10,0,15
BRDA:167,10,1,7
BRF:22
BRH:13
end_of_record
TN:
SF:src/components/addCluster/Modals/AzureModal.tsx
FN:43,AzureModal
FN:69,(anonymous_1)
FN:75,(anonymous_2)
FN:86,(anonymous_3)
FN:94,(anonymous_4)
FN:102,(anonymous_5)
FN:217,(anonymous_6)
FN:262,(anonymous_7)
FNF:8
FNH:7
FNDA:28,AzureModal
FNDA:4,(anonymous_1)
FNDA:2,(anonymous_2)
FNDA:2,(anonymous_3)
FNDA:1,(anonymous_4)
FNDA:0,(anonymous_5)
FNDA:4,(anonymous_6)
FNDA:1,(anonymous_7)
DA:37,2
DA:44,28
DA:47,28
DA:50,28
DA:53,28
DA:63,28
DA:69,28
DA:71,4
DA:75,28
DA:76,2
DA:87,2
DA:94,28
DA:95,1
DA:96,1
DA:98,1
DA:102,28
DA:103,0
DA:106,28
DA:218,4
DA:263,1
DA:264,1
LF:21
LH:20
BRDA:212,0,0,4
BRDA:212,0,1,24
BRDA:236,1,0,0
BRDA:236,1,1,4
BRDA:238,2,0,0
BRDA:238,2,1,4
BRF:6
BRH:4
end_of_record
TN:
SF:src/components/addCluster/Modals/GCPModal.tsx
FN:41,GCPModal
FN:64,(anonymous_1)
FN:70,(anonymous_2)
FN:77,(anonymous_3)
FN:85,(anonymous_4)
FN:93,(anonymous_5)
FN:197,(anonymous_6)
FN:242,(anonymous_7)
FNF:8
FNH:8
FNDA:26,GCPModal
FNDA:6,(anonymous_1)
FNDA:2,(anonymous_2)
FNDA:2,(anonymous_3)
FNDA:1,(anonymous_4)
FNDA:1,(anonymous_5)
FNDA:5,(anonymous_6)
FNDA:1,(anonymous_7)
DA:37,2
DA:42,26
DA:44,26
DA:47,26
DA:50,26
DA:58,26
DA:64,26
DA:66,6
DA:70,26
DA:71,2
DA:78,2
DA:85,26
DA:86,1
DA:87,1
DA:89,1
DA:93,26
DA:94,1
DA:97,26
DA:198,5
DA:243,1
DA:244,1
LF:21
LH:21
BRDA:192,0,0,5
BRDA:192,0,1,21
BRDA:216,1,0,0
BRDA:216,1,1,5
BRDA:218,2,0,0
BRDA:218,2,1,5
BRF:6
BRH:4
end_of_record
TN:
SF:src/components/addCluster/Modals/ManagedNexastackModal.tsx
FN:30,ManagedNexastackModal
FN:47,(anonymous_1)
FN:54,(anonymous_2)
FN:62,(anonymous_3)
FNF:4
FNH:4
FNDA:14,ManagedNexastackModal
FNDA:2,(anonymous_1)
FNDA:2,(anonymous_2)
FNDA:1,(anonymous_3)
DA:26,2
DA:31,14
DA:33,14
DA:36,14
DA:39,14
DA:47,14
DA:48,2
DA:55,2
DA:62,14
DA:63,1
DA:64,1
DA:66,1
DA:69,14
LF:13
LH:13
BRF:0
BRH:0
end_of_record
TN:
SF:src/components/addCluster/Modals/OnPremisesModal.tsx
FN:43,OnPremisesModal
FN:69,(anonymous_1)
FN:75,(anonymous_2)
FN:86,(anonymous_3)
FN:94,(anonymous_4)
FN:102,(anonymous_5)
FN:218,(anonymous_6)
FN:263,(anonymous_7)
FNF:8
FNH:8
FNDA:29,OnPremisesModal
FNDA:9,(anonymous_1)
FNDA:3,(anonymous_2)
FNDA:3,(anonymous_3)
FNDA:1,(anonymous_4)
FNDA:1,(anonymous_5)
FNDA:9,(anonymous_6)
FNDA:1,(anonymous_7)
DA:37,2
DA:44,29
DA:47,29
DA:50,29
DA:53,29
DA:63,29
DA:69,29
DA:71,9
DA:75,29
DA:76,3
DA:87,3
DA:94,29
DA:95,1
DA:96,1
DA:98,1
DA:102,29
DA:103,1
DA:106,29
DA:219,9
DA:264,1
DA:265,1
LF:21
LH:21
BRDA:213,0,0,9
BRDA:213,0,1,20
BRDA:237,1,0,0
BRDA:237,1,1,9
BRDA:239,2,0,0
BRDA:239,2,1,9
BRF:6
BRH:4
end_of_record
TN:
SF:src/components/addCluster/Modals/AWSModal/AssignPermissions.tsx
FN:62,(anonymous_0)
FN:76,(anonymous_1)
FN:84,(anonymous_2)
FN:86,(anonymous_3)
FN:88,(anonymous_4)
FN:105,(anonymous_5)
FN:106,(anonymous_6)
FN:110,(anonymous_7)
FN:111,(anonymous_8)
FN:126,(anonymous_9)
FN:130,(anonymous_10)
FN:153,(anonymous_11)
FNF:12
FNH:12
FNDA:19,(anonymous_0)
FNDA:2,(anonymous_1)
FNDA:2,(anonymous_2)
FNDA:1,(anonymous_3)
FNDA:2,(anonymous_4)
FNDA:19,(anonymous_5)
FNDA:2,(anonymous_6)
FNDA:2,(anonymous_7)
FNDA:2,(anonymous_8)
FNDA:1,(anonymous_9)
FNDA:1,(anonymous_10)
FNDA:646,(anonymous_11)
DA:15,2
DA:52,2
DA:62,2
DA:63,19
DA:64,19
DA:65,19
DA:67,19
DA:68,19
DA:76,19
DA:77,2
DA:85,2
DA:87,1
DA:89,2
DA:96,1
DA:97,1
DA:105,19
DA:107,2
DA:108,2
DA:111,2
DA:112,2
DA:114,2
DA:115,0
DA:116,0
DA:119,2
DA:127,1
DA:128,1
DA:131,1
DA:139,19
DA:153,646
LF:29
LH:27
BRDA:114,0,0,0
BRDA:114,0,1,2
BRF:2
BRH:1
end_of_record
TN:
SF:src/components/addCluster/Modals/AWSModal/ConfigureAccount.tsx
FN:3,ConfigureAccount
FNF:1
FNH:1
FNDA:3,ConfigureAccount
DA:4,3
LF:1
LH:1
BRF:0
BRH:0
end_of_record
TN:
SF:src/components/addCluster/Modals/AWSModal/SelectInstances.tsx
FN:9,SelectInstances
FN:29,(anonymous_1)
FNF:2
FNH:2
FNDA:5,SelectInstances
FNDA:5,(anonymous_1)
DA:13,5
DA:15,5
DA:30,5
LF:3
LH:3
BRDA:28,0,0,2
BRDA:28,0,1,3
BRF:2
BRH:2
end_of_record
TN:
SF:src/components/addCluster/Modals/AWSModal/SelectTrustedEntity.tsx
FN:5,SelectTrustedEntity
FN:44,(anonymous_1)
FNF:2
FNH:2
FNDA:5,SelectTrustedEntity
FNDA:1,(anonymous_1)
DA:13,5
DA:15,5
DA:44,1
LF:3
LH:3
BRDA:39,0,0,5
BRDA:39,0,1,1
BRDA:40,1,0,5
BRDA:40,1,1,2
BRDA:47,2,0,5
BRDA:47,2,1,2
BRF:6
BRH:6
end_of_record
TN:
SF:src/components/authContainer/authContainer.tsx
FN:15,AuthContainer
FNF:1
FNH:1
FNDA:14,AuthContainer
DA:16,14
DA:18,14
LF:2
LH:2
BRDA:51,0,0,2
BRDA:51,0,1,12
BRF:2
BRH:2
end_of_record
TN:
SF:src/components/clusters/ClustersCard.tsx
FN:38,getProviderLogo
FN:56,(anonymous_1)
FN:72,ClustersCard
FN:143,(anonymous_3)
FN:153,(anonymous_4)
FN:157,(anonymous_5)
FN:185,(anonymous_6)
FN:195,(anonymous_7)
FN:199,(anonymous_8)
FN:222,(anonymous_9)
FN:230,(anonymous_10)
FN:232,(anonymous_11)
FN:258,(anonymous_12)
FN:268,(anonymous_13)
FN:272,(anonymous_14)
FN:292,(anonymous_15)
FNF:16
FNH:12
FNDA:24,getProviderLogo
FNDA:42,(anonymous_1)
FNDA:24,ClustersCard
FNDA:0,(anonymous_3)
FNDA:0,(anonymous_4)
FNDA:4,(anonymous_5)
FNDA:0,(anonymous_6)
FNDA:0,(anonymous_7)
FNDA:2,(anonymous_8)
FNDA:92,(anonymous_9)
FNDA:46,(anonymous_10)
FNDA:184,(anonymous_11)
FNDA:1,(anonymous_12)
FNDA:1,(anonymous_13)
FNDA:42,(anonymous_14)
FNDA:42,(anonymous_15)
DA:39,24
DA:40,24
DA:42,19
DA:44,1
DA:46,1
DA:48,1
DA:50,1
DA:52,1
DA:56,1
DA:57,42
DA:58,2
DA:59,40
DA:60,2
DA:61,38
DA:62,36
DA:64,2
DA:73,24
DA:74,24
DA:75,24
DA:77,24
DA:90,24
DA:144,0
DA:145,0
DA:154,0
DA:158,4
DA:186,0
DA:187,0
DA:196,0
DA:200,2
DA:223,92
DA:231,46
DA:233,184
DA:259,1
DA:260,1
DA:269,1
DA:273,42
DA:293,42
LF:37
LH:31
BRDA:40,0,0,19
BRDA:40,0,1,1
BRDA:40,0,2,1
BRDA:40,0,3,1
BRDA:40,0,4,1
BRDA:40,0,5,1
BRDA:57,1,0,2
BRDA:57,1,1,40
BRDA:59,2,0,2
BRDA:59,2,1,38
BRDA:61,3,0,36
BRDA:61,3,1,2
BRDA:61,4,0,38
BRDA:61,4,1,38
BRDA:101,5,0,1
BRDA:101,5,1,23
BRDA:103,6,0,1
BRDA:103,6,1,22
BRDA:105,7,0,1
BRDA:105,7,1,21
BRDA:127,8,0,24
BRDA:127,8,1,3
BRDA:129,9,0,2
BRDA:129,9,1,1
BRDA:144,10,0,0
BRDA:144,10,1,0
BRDA:186,11,0,0
BRDA:186,11,1,0
BRDA:218,12,0,24
BRDA:218,12,1,23
BRDA:244,13,0,24
BRDA:244,13,1,21
BRDA:259,14,0,1
BRDA:259,14,1,0
BRDA:301,15,0,2
BRDA:301,15,1,40
BRDA:313,16,0,2
BRDA:313,16,1,40
BRDA:315,17,0,2
BRDA:315,17,1,38
BRDA:317,18,0,36
BRDA:317,18,1,2
BRDA:317,19,0,38
BRDA:317,19,1,38
BRDA:333,20,0,2
BRDA:333,20,1,40
BRDA:335,21,0,2
BRDA:335,21,1,38
BRDA:337,22,0,36
BRDA:337,22,1,2
BRDA:337,23,0,38
BRDA:337,23,1,38
BRDA:355,24,0,24
BRDA:355,24,1,1
BRF:54
BRH:49
end_of_record
TN:
SF:src/components/clusters/ClustersFallback.tsx
FN:4,ClustersFallback
FN:18,(anonymous_1)
FN:42,(anonymous_2)
FN:50,(anonymous_3)
FN:52,(anonymous_4)
FNF:5
FNH:5
FNDA:7,ClustersFallback
FNDA:21,(anonymous_1)
FNDA:84,(anonymous_2)
FNDA:42,(anonymous_3)
FNDA:168,(anonymous_4)
DA:5,7
DA:6,7
DA:8,7
DA:19,21
DA:43,84
DA:51,42
DA:53,168
LF:7
LH:7
BRDA:24,0,0,3
BRDA:24,0,1,18
BRDA:35,1,0,21
BRDA:35,1,1,3
BRDA:63,2,0,21
BRDA:63,2,1,18
BRDA:64,3,0,0
BRDA:64,3,1,18
BRF:8
BRH:7
end_of_record
TN:
SF:src/components/clusters/ClustersHeader.tsx
FN:11,ClustersHeader
FN:17,(anonymous_1)
FNF:2
FNH:2
FNDA:7,ClustersHeader
FNDA:2,(anonymous_1)
DA:12,7
DA:13,7
DA:15,7
DA:17,7
DA:18,2
DA:21,7
LF:6
LH:6
BRDA:25,0,0,4
BRDA:25,0,1,3
BRDA:27,1,0,3
BRDA:27,1,1,1
BRF:4
BRH:4
end_of_record
TN:
SF:src/components/clusters/ClustersList.tsx
FN:9,ClustersList
FN:20,(anonymous_1)
FN:28,(anonymous_2)
FN:42,(anonymous_3)
FNF:4
FNH:4
FNDA:4,ClustersList
FNDA:3,(anonymous_1)
FNDA:2,(anonymous_2)
FNDA:3,(anonymous_3)
DA:10,4
DA:11,2
DA:20,2
DA:21,3
DA:28,2
DA:40,2
DA:43,3
LF:7
LH:7
BRDA:10,0,0,2
BRDA:10,0,1,2
BRDA:10,1,0,4
BRDA:10,1,1,3
BRDA:22,2,0,3
BRDA:22,2,1,0
BRDA:23,3,0,3
BRDA:23,3,1,0
BRDA:25,4,0,3
BRDA:25,4,1,1
BRDA:26,5,0,3
BRDA:26,5,1,1
BRDA:28,6,0,3
BRDA:28,6,1,0
BRDA:34,7,0,3
BRDA:34,7,1,1
BRDA:35,8,0,3
BRDA:35,8,1,1
BRF:18
BRH:15
end_of_record
TN:
SF:src/components/clusters/DeleteClusterModal.tsx
FN:11,DeleteClusterModal
FN:15,(anonymous_1)
FN:17,(anonymous_2)
FNF:3
FNH:3
FNDA:9,DeleteClusterModal
FNDA:2,(anonymous_1)
FNDA:1,(anonymous_2)
DA:12,9
DA:13,9
DA:15,9
DA:16,2
DA:18,1
DA:23,9
LF:6
LH:6
BRDA:25,0,0,2
BRDA:25,0,1,7
BRDA:28,1,0,2
BRDA:28,1,1,7
BRDA:33,2,0,2
BRDA:33,2,1,7
BRDA:45,3,0,2
BRDA:45,3,1,7
BRDA:52,4,0,2
BRDA:52,4,1,7
BRDA:60,5,0,2
BRDA:60,5,1,7
BRF:12
BRH:12
end_of_record
TN:
SF:src/components/clusters/index.ts
FNF:0
FNH:0
LF:0
LH:0
BRF:0
BRH:0
end_of_record
TN:
SF:src/components/confirmEmail/ConfirmEmailFormComponent.tsx
FN:13,ConfirmEmailFormComponent
FN:22,(anonymous_1)
FNF:2
FNH:2
FNDA:8,ConfirmEmailFormComponent
FNDA:1,(anonymous_1)
DA:17,8
DA:19,8
DA:22,8
DA:23,1
DA:29,8
LF:5
LH:5
BRDA:39,0,0,1
BRDA:39,0,1,7
BRDA:44,1,0,8
BRDA:44,1,1,1
BRF:4
BRH:4
end_of_record
TN:
SF:src/components/confirmEmail/ConfirmEmailHeader.tsx
FN:4,ConfirmEmailHeader
FNF:1
FNH:1
FNDA:4,ConfirmEmailHeader
DA:5,4
LF:1
LH:1
BRF:0
BRH:0
end_of_record
TN:
SF:src/components/confirmEmail/index.ts
FNF:0
FNH:0
LF:0
LH:0
BRF:0
BRH:0
end_of_record
TN:
SF:src/components/containerWithTopBar/ContainerWithTopBar.tsx
FN:10,ContainerWithTopBar
FNF:1
FNH:1
FNDA:2,ContainerWithTopBar
DA:11,2
DA:13,2
LF:2
LH:2
BRDA:24,0,0,1
BRDA:24,0,1,1
BRDA:32,1,0,1
BRDA:32,1,1,1
BRF:4
BRH:4
end_of_record
TN:
SF:src/components/deployment/ClusterInfoCard.tsx
FN:9,getProviderLogo
FN:29,ClusterInfoCard
FN:82,(anonymous_2)
FN:90,(anonymous_3)
FN:92,(anonymous_4)
FNF:5
FNH:5
FNDA:8,getProviderLogo
FNDA:8,ClusterInfoCard
FNDA:18,(anonymous_2)
FNDA:9,(anonymous_3)
FNDA:27,(anonymous_4)
DA:10,8
DA:12,3
DA:14,2
DA:16,1
DA:18,1
DA:20,1
DA:30,8
DA:32,8
DA:83,18
DA:91,9
DA:93,27
LF:11
LH:11
BRDA:10,0,0,3
BRDA:10,0,1,2
BRDA:10,0,2,1
BRDA:10,0,3,1
BRDA:10,0,4,1
BRDA:40,1,0,6
BRDA:40,1,1,2
BRDA:46,2,0,6
BRDA:46,2,1,2
BRDA:50,3,0,2
BRDA:50,3,1,4
BRDA:64,4,0,6
BRDA:64,4,1,2
BRDA:78,5,0,8
BRDA:78,5,1,7
BRDA:78,5,2,6
BRDA:105,6,0,8
BRDA:105,6,1,6
BRF:18
BRH:18
end_of_record
TN:
SF:src/components/deployment/ClustersFallback.tsx
FN:3,ClustersFallback
FN:15,(anonymous_1)
FNF:2
FNH:2
FNDA:6,ClustersFallback
FNDA:18,(anonymous_1)
DA:4,6
DA:16,18
LF:2
LH:2
BRF:0
BRH:0
end_of_record
TN:
SF:src/components/deployment/ClustersList.tsx
FN:15,ClustersList
FN:28,(anonymous_1)
FN:37,(anonymous_2)
FNF:3
FNH:3
FNDA:9,ClustersList
FNDA:1,(anonymous_1)
FNDA:1,(anonymous_2)
DA:16,9
DA:18,9
DA:20,9
DA:28,1
DA:37,1
LF:5
LH:5
BRDA:25,0,0,3
BRDA:25,0,1,6
BRF:2
BRH:2
end_of_record
TN:
SF:src/components/deployment/ModalDetails.tsx
FN:26,ModalDetails
FN:31,(anonymous_1)
FN:120,(anonymous_2)
FNF:3
FNH:3
FNDA:12,ModalDetails
FNDA:3,(anonymous_1)
FNDA:44,(anonymous_2)
DA:27,12
DA:29,12
DA:31,12
DA:32,3
DA:33,3
DA:34,3
DA:36,2
DA:40,12
DA:41,1
DA:45,11
DA:46,11
DA:48,11
DA:121,44
LF:13
LH:13
BRDA:40,0,0,1
BRDA:40,0,1,11
BRDA:46,1,0,11
BRDA:46,1,1,1
BRDA:66,2,0,4
BRDA:66,2,1,7
BRDA:124,3,0,16
BRDA:124,3,1,28
BRDA:125,4,0,16
BRDA:125,4,1,28
BRDA:126,5,0,16
BRDA:126,5,1,28
BRDA:132,6,0,16
BRDA:132,6,1,28
BRF:14
BRH:14
end_of_record
TN:
SF:src/components/deployment/RenderClusters.tsx
FN:26,RenderClusters
FN:54,(anonymous_1)
FN:55,(anonymous_2)
FN:73,(anonymous_3)
FN:87,(anonymous_4)
FN:91,(anonymous_5)
FN:99,(anonymous_6)
FNF:7
FNH:7
FNDA:10,RenderClusters
FNDA:13,(anonymous_1)
FNDA:13,(anonymous_2)
FNDA:1,(anonymous_3)
FNDA:13,(anonymous_4)
FNDA:4,(anonymous_5)
FNDA:1,(anonymous_6)
DA:19,1
DA:31,10
DA:34,10
DA:37,10
DA:39,10
DA:40,10
DA:45,2
DA:54,8
DA:55,13
DA:56,13
DA:58,13
DA:74,1
DA:85,8
DA:88,13
DA:92,4
DA:93,4
DA:94,3
DA:100,1
DA:107,3
DA:111,1
LF:20
LH:20
BRDA:40,0,0,2
BRDA:40,0,1,8
BRDA:41,1,0,10
BRDA:41,1,1,9
BRDA:41,1,2,9
BRDA:56,2,0,13
BRDA:56,2,1,1
BRDA:59,3,0,13
BRDA:59,3,1,1
BRDA:63,4,0,13
BRDA:63,4,1,13
BRDA:64,5,0,13
BRDA:64,5,1,13
BRDA:66,6,0,13
BRDA:66,6,1,13
BRDA:67,7,0,13
BRDA:67,7,1,13
BRDA:68,8,0,13
BRDA:68,8,1,13
BRDA:69,9,0,13
BRDA:69,9,1,13
BRDA:70,10,0,13
BRDA:70,10,1,13
BRDA:73,11,0,13
BRDA:73,11,1,12
BRDA:75,12,0,1
BRDA:75,12,1,0
BRDA:76,13,0,1
BRDA:76,13,1,0
BRDA:77,14,0,1
BRDA:77,14,1,0
BRDA:78,15,0,1
BRDA:78,15,1,0
BRDA:81,16,0,11
BRDA:81,16,1,2
BRDA:93,17,0,3
BRDA:93,17,1,1
BRF:37
BRH:33
end_of_record
TN:
SF:src/components/deployment/index.ts
FNF:0
FNH:0
LF:0
LH:0
BRF:0
BRH:0
end_of_record
TN:
SF:src/components/deployments/DeleteDeploymentsModal.tsx
FN:11,(anonymous_0)
FN:19,(anonymous_1)
FN:21,(anonymous_2)
FNF:3
FNH:3
FNDA:8,(anonymous_0)
FNDA:2,(anonymous_1)
FNDA:1,(anonymous_2)
DA:11,1
DA:16,8
DA:17,8
DA:19,8
DA:20,2
DA:22,1
DA:27,8
LF:7
LH:7
BRDA:29,0,0,1
BRDA:29,0,1,7
BRDA:32,1,0,1
BRDA:32,1,1,7
BRDA:37,2,0,1
BRDA:37,2,1,7
BRDA:49,3,0,1
BRDA:49,3,1,7
BRDA:56,4,0,1
BRDA:56,4,1,7
BRDA:64,5,0,1
BRDA:64,5,1,7
BRF:12
BRH:12
end_of_record
TN:
SF:src/components/deployments/DeploymentsCard.tsx
FN:40,DeploymentCard
FN:105,(anonymous_1)
FN:112,(anonymous_2)
FN:123,(anonymous_3)
FN:134,(anonymous_4)
FN:146,(anonymous_5)
FN:174,(anonymous_6)
FN:181,(anonymous_7)
FN:192,(anonymous_8)
FN:203,(anonymous_9)
FN:215,(anonymous_10)
FN:255,(anonymous_11)
FN:278,(anonymous_12)
FN:314,(anonymous_13)
FN:336,(anonymous_14)
FN:342,(anonymous_15)
FNF:16
FNH:14
FNDA:23,DeploymentCard
FNDA:1,(anonymous_1)
FNDA:2,(anonymous_2)
FNDA:0,(anonymous_3)
FNDA:1,(anonymous_4)
FNDA:20,(anonymous_5)
FNDA:1,(anonymous_6)
FNDA:1,(anonymous_7)
FNDA:0,(anonymous_8)
FNDA:1,(anonymous_9)
FNDA:15,(anonymous_10)
FNDA:69,(anonymous_11)
FNDA:23,(anonymous_12)
FNDA:1,(anonymous_13)
FNDA:48,(anonymous_14)
FNDA:4,(anonymous_15)
DA:41,23
DA:42,23
DA:44,23
DA:45,23
DA:46,23
DA:48,23
DA:50,23
DA:105,1
DA:113,2
DA:114,2
DA:124,0
DA:125,0
DA:135,1
DA:136,1
DA:147,20
DA:174,1
DA:182,1
DA:183,1
DA:193,0
DA:194,0
DA:204,1
DA:205,1
DA:216,15
DA:256,69
DA:279,23
DA:314,1
DA:337,48
DA:343,4
DA:344,4
LF:29
LH:25
BRDA:48,0,0,23
BRDA:48,0,1,1
BRDA:89,1,0,23
BRDA:89,1,1,7
BRDA:91,2,0,4
BRDA:91,2,1,3
BRDA:113,3,0,2
BRDA:113,3,1,0
BRDA:124,4,0,0
BRDA:124,4,1,0
BRDA:135,5,0,1
BRDA:135,5,1,0
BRDA:182,6,0,1
BRDA:182,6,1,0
BRDA:193,7,0,0
BRDA:193,7,1,0
BRDA:204,8,0,1
BRDA:204,8,1,0
BRDA:283,9,0,23
BRDA:283,9,1,0
BRDA:288,10,0,23
BRDA:288,10,1,0
BRDA:305,11,0,23
BRDA:305,11,1,16
BRDA:343,12,0,4
BRDA:343,12,1,0
BRDA:373,13,0,14
BRDA:373,13,1,2
BRDA:380,14,0,14
BRDA:380,14,1,2
BRDA:396,15,0,14
BRDA:396,15,1,2
BRDA:409,16,0,23
BRDA:409,16,1,6
BRF:34
BRH:23
end_of_record
TN:
SF:src/components/deployments/DeploymentsFallback.tsx
FN:4,DeploymentsFallback
FN:17,(anonymous_1)
FN:31,(anonymous_2)
FN:54,(anonymous_3)
FN:67,(anonymous_4)
FNF:5
FNH:5
FNDA:3,DeploymentsFallback
FNDA:9,(anonymous_1)
FNDA:27,(anonymous_2)
FNDA:15,(anonymous_3)
FNDA:15,(anonymous_4)
DA:5,3
DA:6,3
DA:8,3
DA:18,9
DA:32,27
DA:55,15
DA:68,15
LF:7
LH:7
BRDA:48,0,0,9
BRDA:48,0,1,6
BRDA:50,1,0,3
BRDA:50,1,1,3
BRDA:64,2,0,9
BRDA:64,2,1,3
BRF:6
BRH:6
end_of_record
TN:
SF:src/components/deployments/DeploymentsHeader.tsx
FN:11,DeploymentsHeader
FN:17,(anonymous_1)
FNF:2
FNH:2
FNDA:6,DeploymentsHeader
FNDA:2,(anonymous_1)
DA:12,6
DA:13,6
DA:15,6
DA:17,6
DA:18,2
DA:21,6
LF:6
LH:6
BRDA:25,0,0,3
BRDA:25,0,1,3
BRDA:27,1,0,2
BRDA:27,1,1,1
BRF:4
BRH:4
end_of_record
TN:
SF:src/components/deployments/DeploymentsList.tsx
FN:13,(anonymous_0)
FN:22,DeploymentsList
FN:35,(anonymous_2)
FN:38,(anonymous_3)
FN:40,(anonymous_4)
FN:53,(anonymous_5)
FN:56,(anonymous_6)
FN:66,(anonymous_7)
FN:92,(anonymous_8)
FNF:9
FNH:9
FNDA:6,(anonymous_0)
FNDA:8,DeploymentsList
FNDA:6,(anonymous_2)
FNDA:7,(anonymous_3)
FNDA:6,(anonymous_4)
FNDA:7,(anonymous_5)
FNDA:8,(anonymous_6)
FNDA:8,(anonymous_7)
FNDA:8,(anonymous_8)
DA:13,1
DA:14,6
DA:15,5
DA:23,8
DA:24,1
DA:34,7
DA:36,6
DA:38,7
DA:41,6
DA:42,0
DA:43,6
DA:44,5
DA:53,7
DA:54,7
DA:56,7
DA:57,8
DA:58,1
DA:62,7
DA:65,7
DA:67,8
DA:90,7
DA:93,8
LF:22
LH:21
BRDA:23,0,0,1
BRDA:23,0,1,7
BRDA:36,1,0,0
BRDA:36,1,1,6
BRDA:41,2,0,0
BRDA:41,2,1,6
BRDA:57,3,0,1
BRDA:57,3,1,7
BRDA:68,4,0,8
BRDA:68,4,1,0
BRDA:69,5,0,8
BRDA:69,5,1,1
BRDA:71,6,0,8
BRDA:71,6,1,1
BRDA:73,7,0,8
BRDA:73,7,1,1
BRDA:74,8,0,8
BRDA:74,8,1,1
BRDA:77,9,0,8
BRDA:77,9,1,7
BRF:20
BRH:17
end_of_record
TN:
SF:src/components/deployments/index.ts
FNF:0
FNH:0
LF:0
LH:0
BRF:0
BRH:0
end_of_record
TN:
SF:src/components/fileUpload/FileUpload.tsx
FN:17,FileUpload
FN:29,(anonymous_1)
FN:43,(anonymous_2)
FN:46,(anonymous_3)
FN:51,(anonymous_4)
FN:56,(anonymous_5)
FN:85,(anonymous_6)
FN:86,(anonymous_7)
FN:96,(anonymous_8)
FN:104,(anonymous_9)
FN:112,(anonymous_10)
FN:118,(anonymous_11)
FN:129,(anonymous_12)
FNF:13
FNH:13
FNDA:38,FileUpload
FNDA:15,(anonymous_1)
FNDA:13,(anonymous_2)
FNDA:34,(anonymous_3)
FNDA:13,(anonymous_4)
FNDA:6,(anonymous_5)
FNDA:6,(anonymous_6)
FNDA:3,(anonymous_7)
FNDA:16,(anonymous_8)
FNDA:2,(anonymous_9)
FNDA:1,(anonymous_10)
FNDA:1,(anonymous_11)
FNDA:2,(anonymous_12)
DA:25,38
DA:26,38
DA:27,38
DA:29,38
DA:30,15
DA:31,12
DA:32,1
DA:33,1
DA:34,1
DA:36,1
DA:38,11
DA:41,11
DA:43,11
DA:44,13
DA:45,13
DA:46,34
DA:50,11
DA:51,13
DA:54,11
DA:55,5
DA:56,6
DA:58,5
DA:60,5
DA:61,4
DA:65,1
DA:71,5
DA:72,5
DA:74,5
DA:77,6
DA:78,1
DA:79,1
DA:80,1
DA:82,1
DA:85,6
DA:86,5
DA:90,5
DA:91,5
DA:96,38
DA:97,16
DA:98,16
DA:99,14
DA:100,14
DA:104,38
DA:105,2
DA:106,2
DA:107,2
DA:108,2
DA:112,38
DA:113,1
DA:114,1
DA:115,1
DA:118,38
DA:119,1
DA:120,1
DA:121,1
DA:123,1
DA:124,1
DA:125,1
DA:129,38
DA:130,2
DA:131,1
DA:135,38
LF:62
LH:62
BRDA:20,0,0,0
BRDA:21,1,0,0
BRDA:30,2,0,12
BRDA:30,2,1,3
BRDA:31,3,0,1
BRDA:31,3,1,11
BRDA:33,4,0,1
BRDA:33,4,1,0
BRDA:44,5,0,13
BRDA:44,5,1,2
BRDA:54,6,0,5
BRDA:54,6,1,6
BRDA:56,7,0,6
BRDA:56,7,1,2
BRDA:60,8,0,4
BRDA:60,8,1,1
BRDA:71,9,0,5
BRDA:71,9,1,0
BRDA:77,10,0,1
BRDA:77,10,1,5
BRDA:79,11,0,1
BRDA:79,11,1,0
BRDA:90,12,0,5
BRDA:90,12,1,0
BRDA:98,13,0,14
BRDA:98,13,1,2
BRDA:107,14,0,2
BRDA:107,14,1,0
BRDA:123,15,0,1
BRDA:123,15,1,0
BRDA:130,16,0,1
BRDA:130,16,1,1
BRDA:130,17,0,2
BRDA:130,17,1,1
BRDA:143,18,0,2
BRDA:143,18,1,36
BRDA:144,19,0,3
BRDA:144,19,1,35
BRDA:149,20,0,3
BRDA:149,20,1,35
BRDA:155,21,0,3
BRDA:155,21,1,35
BRDA:158,22,0,3
BRDA:158,22,1,35
BRDA:174,23,0,38
BRDA:174,23,1,1
BRDA:176,24,0,38
BRDA:176,24,1,7
BRF:48
BRH:40
end_of_record
TN:
SF:src/components/forgetPassword/ForgetPasswordFormComponent.tsx
FN:12,ForgetPasswordFormComponent
FNF:1
FNH:1
FNDA:5,ForgetPasswordFormComponent
DA:16,5
LF:1
LH:1
BRF:0
BRH:0
end_of_record
TN:
SF:src/components/forgetPassword/ForgetPasswordHeader.tsx
FN:3,ForgetPasswordHeader
FNF:1
FNH:1
FNDA:2,ForgetPasswordHeader
DA:4,2
LF:1
LH:1
BRF:0
BRH:0
end_of_record
TN:
SF:src/components/forgetPassword/index.ts
FNF:0
FNH:0
LF:0
LH:0
BRF:0
BRH:0
end_of_record
TN:
SF:src/components/forgetWorkspace/ForgetWorkspaceFormComponent.tsx
FN:12,ForgetWorkspaceFormComponent
FNF:1
FNH:1
FNDA:5,ForgetWorkspaceFormComponent
DA:16,5
LF:1
LH:1
BRF:0
BRH:0
end_of_record
TN:
SF:src/components/forgetWorkspace/ForgetWorkspaceHeader.tsx
FN:4,ForgetWorkspaceHeader
FNF:1
FNH:1
FNDA:4,ForgetWorkspaceHeader
DA:5,4
LF:1
LH:1
BRF:0
BRH:0
end_of_record
TN:
SF:src/components/forgetWorkspace/index.ts
FNF:0
FNH:0
LF:0
LH:0
BRF:0
BRH:0
end_of_record
TN:
SF:src/components/header/Header.tsx
FN:36,Header
FN:47,(anonymous_1)
FN:78,(anonymous_2)
FN:114,(anonymous_3)
FN:130,(anonymous_4)
FNF:5
FNH:5
FNDA:35,Header
FNDA:35,(anonymous_1)
FNDA:2,(anonymous_2)
FNDA:2,(anonymous_3)
FNDA:3,(anonymous_4)
DA:27,1
DA:42,35
DA:43,35
DA:45,35
DA:47,35
DA:48,35
DA:49,5
DA:51,30
DA:55,35
DA:79,2
DA:115,2
DA:131,3
LF:12
LH:12
BRDA:48,0,0,5
BRDA:48,0,1,30
BRDA:59,1,0,3
BRDA:59,1,1,32
BRDA:63,2,0,27
BRDA:63,2,1,5
BRDA:72,3,0,35
BRDA:72,3,1,29
BRDA:88,4,0,35
BRDA:88,4,1,29
BRDA:106,5,0,30
BRDA:106,5,1,5
BRDA:115,6,0,1
BRDA:115,6,1,1
BRDA:118,7,0,30
BRDA:118,7,1,5
BRDA:134,8,0,3
BRDA:134,8,1,32
BRF:18
BRH:18
end_of_record
TN:
SF:src/components/header/ProjectPopover.tsx
FN:9,ProjectPopover
FN:19,(anonymous_1)
FN:31,(anonymous_2)
FN:39,(anonymous_3)
FN:46,(anonymous_4)
FN:75,(anonymous_5)
FN:87,(anonymous_6)
FN:104,(anonymous_7)
FNF:8
FNH:8
FNDA:13,ProjectPopover
FNDA:6,(anonymous_1)
FNDA:1,(anonymous_2)
FNDA:1,(anonymous_3)
FNDA:6,(anonymous_4)
FNDA:6,(anonymous_5)
FNDA:2,(anonymous_6)
FNDA:12,(anonymous_7)
DA:10,13
DA:12,13
DA:14,13
DA:16,13
DA:19,13
DA:21,6
DA:22,6
DA:25,6
DA:26,6
DA:27,6
DA:31,13
DA:35,1
DA:39,13
DA:40,1
DA:41,1
DA:46,13
DA:49,6
DA:50,6
DA:51,6
DA:53,6
DA:54,1
DA:70,1
DA:75,13
DA:76,6
DA:77,4
DA:80,4
DA:81,4
DA:85,4
DA:86,1
DA:87,2
DA:91,4
DA:92,3
DA:96,4
DA:104,13
DA:105,12
DA:107,13
DA:113,13
LF:37
LH:37
BRDA:33,0,0,0
BRDA:33,1,0,0
BRDA:33,1,1,0
BRDA:40,2,0,1
BRDA:40,2,1,0
BRDA:51,3,0,6
BRDA:51,3,1,5
BRDA:53,4,0,1
BRDA:53,4,1,5
BRDA:53,5,0,6
BRDA:53,5,1,1
BRDA:76,6,0,4
BRDA:76,6,1,2
BRDA:76,7,0,6
BRDA:76,7,1,4
BRDA:85,8,0,1
BRDA:85,8,1,3
BRDA:91,9,0,3
BRDA:91,9,1,1
BRDA:98,10,0,4
BRDA:98,10,1,4
BRDA:98,10,2,0
BRDA:105,11,0,12
BRDA:105,11,1,0
BRDA:107,12,0,1
BRDA:107,12,1,12
BRDA:109,13,0,12
BRDA:109,13,1,5
BRDA:110,14,0,12
BRDA:110,14,1,5
BRDA:123,15,0,6
BRDA:123,15,1,7
BRDA:137,16,0,13
BRDA:137,16,1,3
BRDA:138,17,0,13
BRDA:138,17,1,6
BRF:36
BRH:30
end_of_record
TN:
SF:src/components/login/LoginBottomNavigation.tsx
FN:12,LoginBottomNavigation
FN:14,(anonymous_1)
FNF:2
FNH:2
FNDA:4,LoginBottomNavigation
FNDA:4,(anonymous_1)
DA:14,4
DA:15,4
DA:18,4
LF:3
LH:3
BRDA:15,0,0,3
BRDA:15,0,1,1
BRF:2
BRH:2
end_of_record
TN:
SF:src/components/login/LoginFormComponent.tsx
FN:21,LoginFormComponent
FN:23,(anonymous_1)
FNF:2
FNH:2
FNDA:5,LoginFormComponent
FNDA:10,(anonymous_1)
DA:23,5
DA:24,10
DA:27,5
LF:3
LH:3
BRDA:24,0,0,10
BRDA:24,0,1,0
BRF:2
BRH:1
end_of_record
TN:
SF:src/components/login/LoginHeader.tsx
FN:3,LoginHeader
FNF:1
FNH:1
FNDA:2,LoginHeader
DA:4,2
LF:1
LH:1
BRF:0
BRH:0
end_of_record
TN:
SF:src/components/login/index.ts
FNF:0
FNH:0
LF:0
LH:0
BRF:0
BRH:0
end_of_record
TN:
SF:src/components/marketplace/MarketplaceFilters.tsx
FN:8,MarketplaceFilters
FN:24,(anonymous_1)
FN:35,(anonymous_2)
FN:43,(anonymous_3)
FNF:4
FNH:4
FNDA:10,MarketplaceFilters
FNDA:4,(anonymous_1)
FNDA:90,(anonymous_2)
FNDA:4,(anonymous_3)
DA:9,10
DA:10,10
DA:12,10
DA:24,10
DA:25,4
DA:27,4
DA:30,10
DA:36,90
DA:43,4
LF:9
LH:9
BRDA:38,0,0,10
BRDA:38,0,1,80
BRF:2
BRH:2
end_of_record
TN:
SF:src/components/marketplace/MarketplaceHeader.tsx
FN:12,MarketplaceHeader
FN:21,(anonymous_1)
FN:27,(anonymous_2)
FNF:3
FNH:3
FNDA:10,MarketplaceHeader
FNDA:10,(anonymous_1)
FNDA:1,(anonymous_2)
DA:13,10
DA:14,10
DA:16,10
DA:17,10
DA:19,10
DA:21,10
DA:22,10
DA:23,0
DA:27,10
DA:28,1
DA:31,10
LF:11
LH:10
BRDA:22,0,0,0
BRDA:22,0,1,10
BRDA:36,1,0,1
BRDA:36,1,1,9
BRDA:44,2,0,0
BRDA:44,2,1,9
BRDA:53,3,0,10
BRDA:53,3,1,2
BRF:8
BRH:6
end_of_record
TN:
SF:src/components/marketplace/MarketplaceSearch.tsx
FN:24,MarketplaceSearch
FN:40,(anonymous_1)
FN:48,(anonymous_2)
FN:55,(anonymous_3)
FN:83,(anonymous_4)
FN:84,(anonymous_5)
FN:130,(anonymous_6)
FN:131,(anonymous_7)
FN:145,(anonymous_8)
FN:181,(anonymous_9)
FN:186,(anonymous_10)
FN:189,(anonymous_11)
FNF:12
FNH:12
FNDA:55,MarketplaceSearch
FNDA:2,(anonymous_1)
FNDA:1,(anonymous_2)
FNDA:26,(anonymous_3)
FNDA:3,(anonymous_4)
FNDA:3,(anonymous_5)
FNDA:110,(anonymous_6)
FNDA:34,(anonymous_7)
FNDA:1,(anonymous_8)
FNDA:110,(anonymous_9)
FNDA:2,(anonymous_10)
FNDA:275,(anonymous_11)
DA:31,55
DA:33,55
DA:39,55
DA:41,2
DA:47,55
DA:49,1
DA:55,55
DA:56,26
DA:62,55
DA:82,55
DA:84,3
DA:85,3
DA:89,3
DA:90,3
DA:96,55
DA:130,110
DA:132,34
DA:146,1
DA:182,110
DA:186,2
DA:190,275
LF:21
LH:21
BRDA:34,0,0,55
BRDA:34,0,1,35
BRDA:35,1,0,55
BRDA:35,1,1,43
BRDA:57,2,0,26
BRDA:57,2,1,17
BRDA:58,3,0,26
BRDA:58,3,1,21
BRDA:185,4,0,110
BRDA:185,4,1,77
BRF:10
BRH:10
end_of_record
TN:
SF:src/components/marketplace/ModelCard.tsx
FN:22,ModelCard
FN:35,(anonymous_1)
FN:101,(anonymous_2)
FNF:3
FNH:3
FNDA:11,ModelCard
FNDA:1,(anonymous_1)
FNDA:1,(anonymous_2)
DA:23,11
DA:26,11
DA:30,11
DA:36,1
DA:37,1
DA:102,1
DA:103,1
DA:104,1
LF:8
LH:8
BRDA:26,0,0,1
BRDA:26,0,1,10
BRDA:33,1,0,1
BRDA:33,1,1,10
BRDA:43,2,0,11
BRDA:43,2,1,11
BRDA:53,3,0,11
BRDA:53,3,1,11
BRDA:58,4,0,11
BRDA:58,4,1,11
BRDA:62,5,0,10
BRDA:62,5,1,1
BRDA:64,6,0,1
BRDA:64,6,1,0
BRDA:66,7,0,0
BRDA:66,7,1,0
BRDA:94,8,0,1
BRDA:94,8,1,10
BRF:18
BRH:15
end_of_record
TN:
SF:src/components/marketplace/ModelFallback.tsx
FN:5,ModelFallback
FN:9,(anonymous_1)
FN:27,(anonymous_2)
FNF:3
FNH:3
FNDA:6,ModelFallback
FNDA:6,(anonymous_1)
FNDA:39,(anonymous_2)
DA:6,6
DA:7,6
DA:9,6
DA:10,6
DA:11,4
DA:12,3
DA:14,6
DA:28,39
LF:8
LH:8
BRDA:10,0,0,2
BRDA:10,0,1,4
BRDA:11,1,0,1
BRDA:11,1,1,3
BRF:4
BRH:4
end_of_record
TN:
SF:src/components/marketplace/ModelSection.tsx
FN:18,ModelSection
FN:35,(anonymous_1)
FN:44,(anonymous_2)
FN:52,(anonymous_3)
FN:86,(anonymous_4)
FN:106,(anonymous_5)
FNF:6
FNH:6
FNDA:12,ModelSection
FNDA:26,(anonymous_1)
FNDA:3,(anonymous_2)
FNDA:1,(anonymous_3)
FNDA:26,(anonymous_4)
FNDA:3,(anonymous_5)
DA:25,12
DA:27,12
DA:29,12
DA:30,12
DA:33,12
DA:35,12
DA:36,26
DA:44,12
DA:45,3
DA:46,2
DA:47,2
DA:53,1
DA:54,1
DA:66,12
DA:87,26
DA:106,3
LF:16
LH:16
BRDA:30,0,0,2
BRDA:30,0,1,10
BRDA:36,1,0,0
BRDA:36,1,1,26
BRDA:45,2,0,2
BRDA:45,2,1,1
BRDA:73,3,0,1
BRDA:73,3,1,11
BRDA:77,4,0,12
BRDA:77,4,1,12
BRDA:85,5,0,11
BRDA:85,5,1,1
BRDA:101,6,0,12
BRDA:101,6,1,11
BRDA:109,7,0,2
BRDA:109,7,1,9
BRDA:116,8,0,2
BRDA:116,8,1,9
BRF:18
BRH:17
end_of_record
TN:
SF:src/components/marketplace/ModelSectionTable.tsx
FN:15,ModelSectionTable
FN:21,(anonymous_1)
FN:29,(anonymous_2)
FN:43,(anonymous_3)
FN:80,(anonymous_4)
FNF:5
FNH:5
FNDA:13,ModelSectionTable
FNDA:3,(anonymous_1)
FNDA:1,(anonymous_2)
FNDA:24,(anonymous_3)
FNDA:22,(anonymous_4)
DA:16,13
DA:17,13
DA:19,13
DA:21,13
DA:22,3
DA:23,2
DA:24,2
DA:30,1
DA:31,1
DA:43,13
DA:44,24
DA:52,13
DA:81,22
LF:13
LH:13
BRDA:22,0,0,2
BRDA:22,0,1,1
BRDA:44,1,0,4
BRDA:44,1,1,20
BRDA:59,2,0,1
BRDA:59,2,1,12
BRDA:79,3,0,12
BRDA:79,3,1,1
BRF:8
BRH:8
end_of_record
TN:
SF:src/components/marketplace/RenderModelsTable.tsx
FN:12,RenderModelsTable
FN:93,(anonymous_1)
FNF:2
FNH:2
FNDA:25,RenderModelsTable
FNDA:1,(anonymous_1)
DA:17,25
DA:20,25
DA:24,25
DA:94,1
DA:95,1
DA:96,1
LF:6
LH:6
BRDA:20,0,0,2
BRDA:20,0,1,23
BRDA:57,1,0,23
BRDA:57,1,1,2
BRDA:65,2,0,23
BRDA:65,2,1,2
BRDA:69,3,0,20
BRDA:69,3,1,3
BRDA:71,4,0,1
BRDA:71,4,1,2
BRDA:73,5,0,1
BRDA:73,5,1,1
BRF:12
BRH:12
end_of_record
TN:
SF:src/components/marketplace/UploadModel.tsx
FN:27,UploadModel
FN:42,(anonymous_1)
FN:49,(anonymous_2)
FN:60,(anonymous_3)
FN:61,(anonymous_4)
FN:62,(anonymous_5)
FN:63,(anonymous_6)
FN:68,(anonymous_7)
FN:88,(anonymous_8)
FN:107,(anonymous_9)
FN:155,(anonymous_10)
FN:165,(anonymous_11)
FN:173,(anonymous_12)
FNF:13
FNH:13
FNDA:21,UploadModel
FNDA:1,(anonymous_1)
FNDA:1,(anonymous_2)
FNDA:1,(anonymous_3)
FNDA:1,(anonymous_4)
FNDA:1,(anonymous_5)
FNDA:1,(anonymous_6)
FNDA:1,(anonymous_7)
FNDA:11,(anonymous_8)
FNDA:1,(anonymous_9)
FNDA:5,(anonymous_10)
FNDA:1,(anonymous_11)
FNDA:1,(anonymous_12)
DA:28,21
DA:30,21
DA:35,21
DA:44,1
DA:45,1
DA:47,0
DA:51,1
DA:52,1
DA:54,0
DA:60,21
DA:61,1
DA:62,1
DA:63,1
DA:68,21
DA:69,1
DA:72,1
DA:75,1
DA:76,1
DA:77,1
DA:80,1
DA:81,1
DA:82,1
DA:85,1
DA:88,21
DA:99,11
DA:100,8
DA:108,1
DA:115,21
DA:156,5
DA:165,1
DA:173,1
LF:31
LH:29
BRDA:44,0,0,1
BRDA:44,0,1,0
BRDA:44,1,0,1
BRDA:44,1,1,1
BRDA:51,2,0,1
BRDA:51,2,1,0
BRDA:51,3,0,1
BRDA:51,3,1,1
BRDA:99,4,0,8
BRDA:99,4,1,3
BRDA:153,5,0,5
BRDA:153,5,1,16
BRDA:189,6,0,0
BRDA:189,6,1,5
BRDA:191,7,0,0
BRDA:191,7,1,5
BRF:16
BRH:12
end_of_record
TN:
SF:src/components/marketplace/index.ts
FNF:0
FNH:0
LF:0
LH:0
BRF:0
BRH:0
end_of_record
TN:
SF:src/components/memberLogin/MemberLoginBottomNavigation.tsx
FN:6,MemberLoginBottomNavigation
FNF:1
FNH:1
FNDA:2,MemberLoginBottomNavigation
DA:7,2
LF:1
LH:1
BRF:0
BRH:0
end_of_record
TN:
SF:src/components/memberLogin/MemberLoginFormComponent.tsx
FN:13,MemberLoginFormComponent
FNF:1
FNH:1
FNDA:4,MemberLoginFormComponent
DA:17,4
LF:1
LH:1
BRF:0
BRH:0
end_of_record
TN:
SF:src/components/memberLogin/MemberLoginHeader.tsx
FN:3,MemberLoginHeader
FNF:1
FNH:1
FNDA:2,MemberLoginHeader
DA:4,2
DA:6,2
LF:2
LH:2
BRF:0
BRH:0
end_of_record
TN:
SF:src/components/memberLogin/index.ts
FNF:0
FNH:0
LF:0
LH:0
BRF:0
BRH:0
end_of_record
TN:
SF:src/components/memberRegistration/MemberRegistrationBottomNavigation.tsx
FN:6,MemberRegistrationBottomNavigation
FNF:1
FNH:1
FNDA:2,MemberRegistrationBottomNavigation
DA:7,2
LF:1
LH:1
BRF:0
BRH:0
end_of_record
TN:
SF:src/components/memberRegistration/MemberRegistrationFormComponent.tsx
FN:10,MemberRegistrationFormComponent
FNF:1
FNH:1
FNDA:4,MemberRegistrationFormComponent
DA:14,4
LF:1
LH:1
BRF:0
BRH:0
end_of_record
TN:
SF:src/components/memberRegistration/MemberRegistrationHeader.tsx
FN:3,MemberRegistrationHeader
FNF:1
FNH:1
FNDA:2,MemberRegistrationHeader
DA:4,2
DA:6,2
LF:2
LH:2
BRF:0
BRH:0
end_of_record
TN:
SF:src/components/memberRegistration/index.ts
FNF:0
FNH:0
LF:0
LH:0
BRF:0
BRH:0
end_of_record
TN:
SF:src/components/memberSignup/MemberSignupBottomNavigation.tsx
FN:6,MemberSignupBottomNavigation
FNF:1
FNH:1
FNDA:2,MemberSignupBottomNavigation
DA:7,2
LF:1
LH:1
BRF:0
BRH:0
end_of_record
TN:
SF:src/components/memberSignup/MemberSignupFormComponent.tsx
FN:10,MemberSignupFormComponent
FNF:1
FNH:1
FNDA:4,MemberSignupFormComponent
DA:14,4
LF:1
LH:1
BRF:0
BRH:0
end_of_record
TN:
SF:src/components/memberSignup/MemberSignupHeader.tsx
FN:7,MemberSignupHeader
FNF:1
FNH:1
FNDA:3,MemberSignupHeader
DA:8,3
DA:10,3
LF:2
LH:2
BRDA:16,0,0,3
BRDA:16,0,1,1
BRF:2
BRH:2
end_of_record
TN:
SF:src/components/memberSignup/index.ts
FNF:0
FNH:0
LF:0
LH:0
BRF:0
BRH:0
end_of_record
TN:
SF:src/components/navbar/AddNewModal.tsx
FN:32,AddNewModal
FN:42,(anonymous_1)
FN:45,(anonymous_2)
FN:74,(anonymous_3)
FN:78,(anonymous_4)
FNF:5
FNH:4
FNDA:6,AddNewModal
FNDA:2,(anonymous_1)
FNDA:0,(anonymous_2)
FNDA:12,(anonymous_3)
FNDA:2,(anonymous_4)
DA:15,1
DA:38,6
DA:39,6
DA:40,6
DA:42,6
DA:43,2
DA:44,2
DA:45,2
DA:47,2
DA:48,1
DA:50,1
DA:54,6
DA:75,12
DA:78,2
LF:14
LH:14
BRDA:47,0,0,1
BRDA:47,0,1,1
BRDA:58,1,0,1
BRDA:58,1,1,5
BRDA:82,2,0,2
BRDA:82,2,1,10
BRF:6
BRH:6
end_of_record
TN:
SF:src/components/navbar/Navbar.tsx
FN:53,Navbar
FN:64,(anonymous_1)
FN:72,(anonymous_2)
FN:95,(anonymous_3)
FN:96,(anonymous_4)
FN:99,(anonymous_5)
FN:139,(anonymous_6)
FN:139,(anonymous_7)
FNF:8
FNH:6
FNDA:14,Navbar
FNDA:7,(anonymous_1)
FNDA:22,(anonymous_2)
FNDA:28,(anonymous_3)
FNDA:98,(anonymous_4)
FNDA:0,(anonymous_5)
FNDA:1,(anonymous_6)
FNDA:0,(anonymous_7)
DA:37,1
DA:39,1
DA:49,1
DA:60,14
DA:61,14
DA:62,14
DA:64,14
DA:66,7
DA:71,7
DA:74,22
DA:79,22
DA:88,7
DA:89,7
DA:91,0
DA:95,14
DA:96,28
DA:97,98
DA:100,0
DA:122,14
DA:139,1
LF:20
LH:18
BRDA:66,0,0,7
BRDA:66,0,1,0
BRDA:74,1,0,22
BRDA:74,1,1,0
BRDA:80,2,0,22
BRDA:80,2,1,15
BRDA:80,2,2,15
BRDA:88,3,0,7
BRDA:88,3,1,0
BRDA:104,4,0,98
BRDA:104,4,1,90
BRDA:108,5,0,98
BRDA:108,5,1,84
BRDA:125,6,0,2
BRDA:125,6,1,12
BRDA:130,7,0,14
BRDA:130,7,1,12
BRDA:141,8,0,2
BRDA:141,8,1,12
BRDA:148,9,0,14
BRDA:148,9,1,0
BRF:21
BRH:17
end_of_record
TN:
SF:src/components/notificationDrawer/NotificationDrawer.tsx
FN:20,NotificationDrawer
FN:78,(anonymous_1)
FN:81,(anonymous_2)
FN:82,(anonymous_3)
FN:82,(anonymous_4)
FN:135,(anonymous_5)
FN:162,(anonymous_6)
FN:169,(anonymous_7)
FN:170,(anonymous_8)
FN:199,(anonymous_9)
FNF:10
FNH:2
FNDA:26,NotificationDrawer
FNDA:0,(anonymous_1)
FNDA:0,(anonymous_2)
FNDA:0,(anonymous_3)
FNDA:0,(anonymous_4)
FNDA:0,(anonymous_5)
FNDA:260,(anonymous_6)
FNDA:0,(anonymous_7)
FNDA:0,(anonymous_8)
FNDA:0,(anonymous_9)
DA:21,26
DA:73,26
DA:74,26
DA:75,26
DA:76,26
DA:78,26
DA:79,0
DA:81,0
DA:82,0
DA:83,0
DA:87,26
DA:135,0
DA:163,260
DA:164,260
DA:166,260
DA:169,0
DA:170,0
DA:199,0
LF:18
LH:10
BRDA:90,0,0,26
BRDA:90,0,1,26
BRDA:127,1,0,26
BRDA:127,1,1,26
BRDA:127,1,2,26
BRDA:172,2,0,0
BRDA:172,2,1,260
BRDA:175,3,0,0
BRDA:175,3,1,260
BRDA:177,4,0,0
BRDA:177,4,1,260
BRDA:191,5,0,0
BRDA:191,5,1,260
BRDA:196,6,0,0
BRDA:196,6,1,260
BRDA:210,7,0,0
BRDA:210,7,1,260
BRDA:220,8,0,0
BRDA:220,8,1,260
BRDA:235,9,0,0
BRDA:235,9,1,260
BRDA:242,10,0,0
BRDA:242,10,1,260
BRDA:258,11,0,26
BRDA:258,11,1,0
BRF:25
BRH:15
end_of_record
TN:
SF:src/components/notificationDrawer/index.ts
FNF:0
FNH:0
LF:0
LH:0
BRF:0
BRH:0
end_of_record
TN:
SF:src/components/platformSetup/AddMembers.tsx
FN:34,AddMembers
FN:50,(anonymous_1)
FN:63,(anonymous_2)
FN:65,(anonymous_3)
FN:69,(anonymous_4)
FN:71,(anonymous_5)
FN:89,(anonymous_6)
FN:94,(anonymous_7)
FN:98,(anonymous_8)
FN:103,(anonymous_9)
FN:104,(anonymous_10)
FN:124,(anonymous_11)
FN:126,(anonymous_12)
FN:155,(anonymous_13)
FN:177,(anonymous_14)
FN:185,(anonymous_15)
FN:225,(anonymous_16)
FN:233,(anonymous_17)
FN:250,(anonymous_18)
FN:258,(anonymous_19)
FN:259,(anonymous_20)
FN:279,(anonymous_21)
FN:292,(anonymous_22)
FNF:23
FNH:23
FNDA:40,AddMembers
FNDA:4,(anonymous_1)
FNDA:1,(anonymous_2)
FNDA:2,(anonymous_3)
FNDA:13,(anonymous_4)
FNDA:21,(anonymous_5)
FNDA:5,(anonymous_6)
FNDA:6,(anonymous_7)
FNDA:8,(anonymous_8)
FNDA:1,(anonymous_9)
FNDA:2,(anonymous_10)
FNDA:5,(anonymous_11)
FNDA:6,(anonymous_12)
FNDA:6,(anonymous_13)
FNDA:5,(anonymous_14)
FNDA:2,(anonymous_15)
FNDA:1,(anonymous_16)
FNDA:16,(anonymous_17)
FNDA:55,(anonymous_18)
FNDA:1,(anonymous_19)
FNDA:13,(anonymous_20)
FNDA:2,(anonymous_21)
FNDA:1,(anonymous_22)
DA:39,40
DA:42,40
DA:46,40
DA:48,40
DA:50,40
DA:51,4
DA:63,40
DA:64,1
DA:65,2
DA:69,40
DA:70,13
DA:72,21
DA:73,13
DA:76,13
DA:77,8
DA:78,5
DA:79,5
DA:82,13
DA:84,8
DA:89,40
DA:90,5
DA:91,5
DA:94,40
DA:95,6
DA:96,6
DA:98,6
DA:99,8
DA:100,8
DA:102,1
DA:103,1
DA:104,1
DA:105,2
DA:106,2
DA:111,0
DA:114,1
DA:116,7
DA:120,6
DA:124,40
DA:125,5
DA:126,5
DA:127,6
DA:130,6
DA:131,1
DA:132,1
DA:133,5
DA:134,0
DA:135,0
DA:137,5
DA:141,6
DA:142,0
DA:143,0
DA:145,6
DA:148,6
DA:151,5
DA:152,5
DA:155,40
DA:157,6
DA:158,1
DA:162,1
DA:163,1
DA:167,5
DA:168,1
DA:172,1
DA:173,1
DA:177,5
DA:184,4
DA:186,2
DA:188,2
DA:189,2
DA:191,2
DA:195,2
DA:197,2
DA:198,2
DA:204,2
DA:207,2
DA:218,0
DA:222,0
DA:226,1
DA:227,1
DA:233,40
DA:234,16
DA:235,6
DA:239,40
DA:251,55
DA:258,1
DA:261,13
DA:262,8
DA:264,5
DA:280,2
DA:293,1
LF:90
LH:83
BRDA:64,0,0,1
BRDA:64,0,1,0
BRDA:72,1,0,13
BRDA:72,1,1,8
BRDA:76,2,0,8
BRDA:76,2,1,5
BRDA:78,3,0,5
BRDA:78,3,1,0
BRDA:100,4,0,1
BRDA:100,4,1,7
BRDA:100,5,0,8
BRDA:100,5,1,7
BRDA:105,6,0,2
BRDA:105,6,1,0
BRDA:105,7,0,2
BRDA:105,7,1,1
BRDA:130,8,0,1
BRDA:130,8,1,5
BRDA:133,9,0,0
BRDA:133,9,1,5
BRDA:141,10,0,0
BRDA:141,10,1,6
BRDA:157,11,0,1
BRDA:157,11,1,5
BRDA:167,12,0,1
BRDA:167,12,1,4
BRDA:186,13,0,2
BRDA:186,13,1,0
BRDA:188,14,0,2
BRDA:188,14,1,0
BRDA:189,15,0,2
BRDA:189,15,1,0
BRDA:197,16,0,2
BRDA:197,16,1,0
BRDA:234,17,0,6
BRDA:234,17,1,10
BRDA:261,18,0,8
BRDA:261,18,1,5
BRDA:272,19,0,40
BRDA:272,19,1,2
BRDA:274,20,0,2
BRDA:274,20,1,2
BRDA:287,21,0,2
BRDA:287,21,1,1
BRDA:302,22,0,40
BRDA:302,22,1,39
BRF:46
BRH:37
end_of_record
TN:
SF:src/components/platformSetup/CompleteModal.tsx
FN:7,CompleteModal
FN:10,(anonymous_1)
FN:12,(anonymous_2)
FN:16,(anonymous_3)
FN:23,(anonymous_4)
FNF:5
FNH:4
FNDA:5,CompleteModal
FNDA:5,(anonymous_1)
FNDA:1,(anonymous_2)
FNDA:3,(anonymous_3)
FNDA:0,(anonymous_4)
DA:8,5
DA:10,5
DA:11,5
DA:12,3
DA:13,1
DA:16,3
DA:20,5
LF:7
LH:7
BRDA:11,0,0,3
BRDA:11,0,1,2
BRF:2
BRH:2
end_of_record
TN:
SF:src/components/platformSetup/PlatformSetupHeader.tsx
FN:4,PlatformSetupHeader
FNF:1
FNH:1
FNDA:4,PlatformSetupHeader
DA:5,4
LF:1
LH:1
BRF:0
BRH:0
end_of_record
TN:
SF:src/components/platformSetup/PlatformSetupStepper.tsx
FN:21,PlatformSetupStepper
FN:43,(anonymous_1)
FN:63,(anonymous_2)
FN:81,(anonymous_3)
FN:116,(anonymous_4)
FN:136,(anonymous_5)
FN:159,(anonymous_6)
FNF:7
FNH:7
FNDA:48,PlatformSetupStepper
FNDA:3,(anonymous_1)
FNDA:5,(anonymous_2)
FNDA:15,(anonymous_3)
FNDA:48,(anonymous_4)
FNDA:144,(anonymous_5)
FNDA:1,(anonymous_6)
DA:15,1
DA:22,48
DA:23,48
DA:25,48
DA:26,48
DA:27,48
DA:28,48
DA:29,48
DA:32,48
DA:43,48
DA:44,3
DA:45,2
DA:47,3
DA:51,48
DA:63,5
DA:81,48
DA:82,15
DA:85,15
DA:87,6
DA:88,6
DA:89,0
DA:94,15
DA:95,0
DA:96,0
DA:100,15
DA:102,3
DA:103,3
DA:107,12
DA:108,11
DA:109,1
DA:110,1
DA:111,1
DA:116,48
DA:117,48
DA:118,11
DA:120,37
DA:123,48
DA:137,144
DA:160,1
DA:161,1
LF:40
LH:37
BRDA:44,0,0,2
BRDA:44,0,1,1
BRDA:85,1,0,6
BRDA:85,1,1,9
BRDA:88,2,0,0
BRDA:88,2,1,6
BRDA:94,3,0,0
BRDA:94,3,1,15
BRDA:94,4,0,15
BRDA:94,4,1,5
BRDA:100,5,0,3
BRDA:100,5,1,12
BRDA:100,6,0,15
BRDA:100,6,1,4
BRDA:107,7,0,11
BRDA:107,7,1,1
BRDA:109,8,0,1
BRDA:109,8,1,0
BRDA:117,9,0,11
BRDA:117,9,1,37
BRDA:118,10,0,2
BRDA:118,10,1,9
BRDA:133,11,0,2
BRDA:133,11,1,46
BRDA:155,12,0,48
BRDA:155,12,1,11
BRDA:157,13,0,0
BRDA:157,13,1,11
BRDA:169,14,0,3
BRDA:169,14,1,45
BRDA:171,15,0,48
BRDA:171,15,1,11
BRDA:173,16,0,19
BRDA:173,16,1,29
BRDA:174,17,0,19
BRDA:174,17,1,8
BRDA:174,17,2,8
BRDA:177,18,0,16
BRDA:177,18,1,13
BRDA:178,19,0,16
BRDA:178,19,1,10
BRDA:185,20,0,48
BRDA:185,20,1,2
BRF:43
BRH:39
end_of_record
TN:
SF:src/components/platformSetup/TeamDetails.tsx
FN:11,TeamDetails
FN:17,(anonymous_1)
FN:22,(anonymous_2)
FN:44,(anonymous_3)
FN:47,(anonymous_4)
FN:69,(anonymous_5)
FNF:6
FNH:6
FNDA:11,TeamDetails
FNDA:6,(anonymous_1)
FNDA:1,(anonymous_2)
FNDA:77,(anonymous_3)
FNDA:1,(anonymous_4)
FNDA:1,(anonymous_5)
DA:12,11
DA:13,11
DA:14,11
DA:17,6
DA:22,11
DA:23,1
DA:24,1
DA:27,11
DA:45,77
DA:47,1
DA:70,1
DA:71,1
DA:72,1
LF:13
LH:13
BRDA:13,0,0,11
BRDA:13,0,1,8
BRDA:15,1,0,3
BRDA:15,1,1,8
BRDA:16,2,0,3
BRDA:16,2,1,0
BRDA:30,3,0,3
BRDA:30,3,1,8
BRDA:49,4,0,3
BRDA:49,4,1,74
BRDA:56,5,0,11
BRDA:56,5,1,1
BRDA:62,6,0,3
BRDA:62,6,1,8
BRDA:68,7,0,3
BRDA:68,7,1,8
BRDA:71,8,0,1
BRDA:71,8,1,0
BRF:18
BRH:16
end_of_record
TN:
SF:src/components/platformSetup/WorkspaceCreation.tsx
FN:26,WorkspaceCreation
FN:47,(anonymous_1)
FN:59,(anonymous_2)
FN:66,(anonymous_3)
FN:71,(anonymous_4)
FN:83,(anonymous_5)
FN:93,(anonymous_6)
FN:94,(anonymous_7)
FN:101,(anonymous_8)
FN:110,(anonymous_9)
FNF:10
FNH:8
FNDA:7,WorkspaceCreation
FNDA:3,(anonymous_1)
FNDA:0,(anonymous_2)
FNDA:7,(anonymous_3)
FNDA:1,(anonymous_4)
FNDA:1,(anonymous_5)
FNDA:3,(anonymous_6)
FNDA:3,(anonymous_7)
FNDA:1,(anonymous_8)
FNDA:0,(anonymous_9)
DA:30,7
DA:32,7
DA:33,7
DA:34,7
DA:42,7
DA:45,7
DA:47,7
DA:48,3
DA:49,3
DA:52,3
DA:54,3
DA:55,0
DA:59,3
DA:60,0
DA:66,7
DA:67,7
DA:71,7
DA:72,1
DA:73,1
DA:76,1
DA:77,1
DA:81,1
DA:83,1
DA:84,1
DA:88,0
DA:93,7
DA:94,3
DA:95,3
DA:96,3
DA:101,7
DA:102,1
DA:109,1
DA:111,0
DA:113,0
DA:119,7
DA:121,7
LF:36
LH:31
BRDA:52,0,0,3
BRDA:52,0,1,0
BRDA:54,1,0,0
BRDA:54,1,1,3
BRDA:76,2,0,1
BRDA:76,2,1,0
BRDA:81,3,0,1
BRDA:81,3,1,0
BRDA:95,4,0,3
BRDA:95,4,1,0
BRDA:131,5,0,0
BRDA:131,5,1,7
BRDA:139,6,0,7
BRDA:139,6,1,7
BRDA:139,6,2,7
BRDA:152,7,0,7
BRDA:152,7,1,0
BRDA:153,8,0,7
BRDA:153,8,1,0
BRDA:156,9,0,7
BRDA:156,9,1,0
BRDA:167,10,0,0
BRDA:167,10,1,7
BRDA:170,11,0,7
BRDA:170,11,1,4
BRDA:170,11,2,4
BRDA:170,11,3,4
BRDA:170,11,4,4
BRDA:181,12,0,7
BRDA:181,12,1,0
BRDA:187,13,0,7
BRDA:187,13,1,0
BRF:32
BRH:20
end_of_record
TN:
SF:src/components/platformSetup/constant.ts
FNF:0
FNH:0
DA:1,1
DA:11,1
LF:2
LH:2
BRF:0
BRH:0
end_of_record
TN:
SF:src/components/platformSetup/index.ts
FNF:0
FNH:0
LF:0
LH:0
BRF:0
BRH:0
end_of_record
TN:
SF:src/components/platformSetup/teamMember.tsx
FN:19,TeamMember
FN:36,(anonymous_1)
FN:44,(anonymous_2)
FN:45,(anonymous_3)
FN:62,(anonymous_4)
FN:83,(anonymous_5)
FNF:6
FNH:6
FNDA:15,TeamMember
FNDA:1,(anonymous_1)
FNDA:2,(anonymous_2)
FNDA:1,(anonymous_3)
FNDA:1,(anonymous_4)
FNDA:1,(anonymous_5)
DA:29,15
DA:31,15
DA:32,15
DA:36,15
DA:37,1
DA:38,1
DA:42,15
DA:44,2
DA:45,1
DA:62,1
DA:84,1
DA:85,1
DA:86,1
LF:13
LH:13
BRDA:33,0,0,14
BRDA:33,0,1,1
BRDA:33,1,0,1
BRDA:33,1,1,13
BRDA:37,2,0,1
BRDA:37,2,1,0
BRDA:52,3,0,4
BRDA:52,3,1,11
BRDA:59,4,0,4
BRDA:59,4,1,11
BRDA:59,5,0,2
BRDA:59,5,1,9
BRDA:59,6,0,11
BRDA:59,6,1,2
BRDA:78,7,0,14
BRDA:78,7,1,1
BRDA:81,8,0,4
BRDA:81,8,1,11
BRDA:85,9,0,1
BRDA:85,9,1,0
BRDA:93,10,0,15
BRDA:93,10,1,14
BRDA:95,11,0,2
BRDA:95,11,1,12
BRF:24
BRH:22
end_of_record
TN:
SF:src/components/playground/modelPlayground/ModalPlaygroundChatCard.tsx
FN:13,ModalPlaygroundChatCard
FN:20,(anonymous_1)
FN:21,(anonymous_2)
FN:27,(anonymous_3)
FN:31,(anonymous_4)
FN:48,(anonymous_5)
FNF:6
FNH:6
FNDA:26,ModalPlaygroundChatCard
FNDA:26,(anonymous_1)
FNDA:26,(anonymous_2)
FNDA:3,(anonymous_3)
FNDA:2,(anonymous_4)
FNDA:3,(anonymous_5)
DA:16,26
DA:17,26
DA:18,26
DA:20,26
DA:21,26
DA:23,26
DA:25,26
DA:27,26
DA:28,3
DA:30,2
DA:31,2
DA:36,2
DA:44,2
DA:48,26
DA:49,3
DA:50,1
DA:51,1
DA:55,26
LF:18
LH:18
BRDA:23,0,0,26
BRDA:23,0,1,0
BRDA:28,1,0,1
BRDA:28,1,1,2
BRDA:30,2,0,2
BRDA:30,2,1,0
BRDA:49,3,0,1
BRDA:49,3,1,2
BRDA:49,4,0,3
BRDA:49,4,1,3
BRDA:49,4,2,2
BRDA:49,4,3,2
BRF:12
BRH:10
end_of_record
TN:
SF:src/components/playground/modelPlayground/ModalPlaygroundConfiguration.tsx
FN:14,ModalPlaygroundConfiguration
FN:20,(anonymous_1)
FN:39,(anonymous_2)
FN:48,(anonymous_3)
FN:67,(anonymous_4)
FNF:5
FNH:5
FNDA:12,ModalPlaygroundConfiguration
FNDA:1,(anonymous_1)
FNDA:2,(anonymous_2)
FNDA:36,(anonymous_3)
FNDA:1,(anonymous_4)
DA:18,12
DA:20,12
DA:21,1
DA:24,12
DA:39,2
DA:49,36
DA:68,1
LF:7
LH:7
BRDA:59,0,0,12
BRDA:59,0,1,24
BRF:2
BRH:2
end_of_record
TN:
SF:src/components/playground/modelPlayground/ModalPlaygroundHeader.tsx
FN:7,ModalPlaygroundHeader
FN:12,(anonymous_1)
FNF:2
FNH:2
FNDA:4,ModalPlaygroundHeader
FNDA:2,(anonymous_1)
DA:8,4
DA:10,4
DA:12,4
DA:13,2
DA:21,4
LF:5
LH:5
BRF:0
BRH:0
end_of_record
TN:
SF:src/components/playground/modelPlayground/ModalPlaygroundVulnerability.tsx
FN:15,ModalPlaygroundVulnerability
FN:42,(anonymous_1)
FNF:2
FNH:2
FNDA:12,ModalPlaygroundVulnerability
FNDA:11,(anonymous_1)
DA:16,12
DA:18,12
DA:21,12
DA:43,11
LF:4
LH:4
BRDA:19,0,0,12
BRDA:19,0,1,0
BRDA:23,1,0,12
BRDA:23,1,1,12
BRDA:23,1,2,12
BRDA:23,1,3,11
BRDA:68,2,0,1
BRDA:68,2,1,10
BRDA:70,3,0,1
BRDA:70,3,1,9
BRDA:72,4,0,7
BRDA:72,4,1,2
BRDA:74,5,0,1
BRDA:74,5,1,1
BRDA:89,6,0,11
BRDA:89,6,1,0
BRDA:114,7,0,1
BRDA:114,7,1,10
BRDA:117,8,0,7
BRDA:117,8,1,3
BRDA:120,9,0,1
BRDA:120,9,1,2
BRDA:123,10,0,2
BRDA:123,10,1,0
BRDA:123,11,0,2
BRDA:123,11,1,1
BRDA:137,12,0,0
BRDA:137,12,1,11
BRDA:140,13,0,11
BRDA:140,13,1,0
BRF:30
BRH:25
end_of_record
TN:
SF:src/components/playground/modelPlayground/constant.ts
FNF:0
FNH:0
DA:1,1
LF:1
LH:1
BRF:0
BRH:0
end_of_record
TN:
SF:src/components/playground/modelPlayground/index.tsx
FN:8,ModelPlayground
FNF:1
FNH:1
FNDA:4,ModelPlayground
DA:9,4
DA:16,4
LF:2
LH:2
BRF:0
BRH:0
end_of_record
TN:
SF:src/components/playground/modelPlayground/chatCardData/ChatCardBody.tsx
FN:12,ChatCardBody
FN:20,(anonymous_1)
FN:30,(anonymous_2)
FNF:3
FNH:3
FNDA:7,ChatCardBody
FNDA:7,(anonymous_1)
FNDA:12,(anonymous_2)
DA:18,7
DA:20,7
DA:21,7
DA:22,7
DA:27,7
DA:31,12
LF:6
LH:6
BRDA:21,0,0,7
BRDA:21,0,1,0
BRDA:34,1,0,6
BRDA:34,1,1,6
BRDA:39,2,0,6
BRDA:39,2,1,6
BRDA:48,3,0,7
BRDA:48,3,1,1
BRDA:62,4,0,7
BRDA:62,4,1,1
BRDA:62,4,2,1
BRF:11
BRH:10
end_of_record
TN:
SF:src/components/playground/modelPlayground/chatCardData/ChatCardHeader.tsx
FN:13,ChatCardHeader
FN:22,(anonymous_1)
FN:78,(anonymous_2)
FNF:3
FNH:3
FNDA:8,ChatCardHeader
FNDA:8,(anonymous_1)
FNDA:32,(anonymous_2)
DA:14,8
DA:16,8
DA:22,8
DA:23,8
DA:24,2
DA:26,6
DA:30,8
DA:79,32
LF:8
LH:8
BRDA:17,0,0,8
BRDA:17,0,1,1
BRDA:18,1,0,8
BRDA:18,1,1,1
BRDA:19,2,0,8
BRDA:19,2,1,1
BRDA:23,3,0,2
BRDA:23,3,1,6
BRDA:36,4,0,8
BRDA:36,4,1,1
BRDA:42,5,0,7
BRDA:42,5,1,1
BRDA:46,6,0,7
BRDA:46,6,1,1
BRF:14
BRH:14
end_of_record
TN:
SF:src/components/playground/modelPlayground/chatCardData/ChatCardInput.tsx
FN:14,ChatCardInput
FN:28,(anonymous_1)
FNF:2
FNH:2
FNDA:9,ChatCardInput
FNDA:1,(anonymous_1)
DA:22,9
DA:28,1
LF:2
LH:2
BRDA:41,0,0,9
BRDA:41,0,1,8
BRF:2
BRH:2
end_of_record
TN:
SF:src/components/playground/serverPlayground/ServerPlaygroundChatArea.tsx
FN:26,ServerPlaygroundChatArea
FN:35,(anonymous_1)
FN:44,(anonymous_2)
FN:61,(anonymous_3)
FN:66,(anonymous_4)
FN:70,(anonymous_5)
FN:78,(anonymous_6)
FNF:7
FNH:7
FNDA:7,ServerPlaygroundChatArea
FNDA:7,(anonymous_1)
FNDA:2,(anonymous_2)
FNDA:2,(anonymous_3)
FNDA:1,(anonymous_4)
FNDA:1,(anonymous_5)
FNDA:1,(anonymous_6)
DA:27,7
DA:29,7
DA:32,7
DA:35,7
DA:38,7
DA:39,5
DA:40,5
DA:44,2
DA:46,2
DA:49,0
DA:52,2
DA:54,2
DA:57,0
DA:61,2
DA:62,2
DA:66,7
DA:67,1
DA:70,7
DA:72,1
DA:73,0
DA:74,0
DA:78,1
DA:80,1
DA:83,0
DA:86,1
DA:87,1
DA:90,0
DA:96,7
LF:28
LH:22
BRDA:38,0,0,5
BRDA:38,0,1,2
BRDA:46,1,0,2
BRDA:46,1,1,0
BRDA:52,2,0,2
BRDA:52,2,1,0
BRDA:52,3,0,2
BRDA:52,3,1,2
BRDA:54,4,0,0
BRDA:54,4,1,2
BRDA:72,5,0,0
BRDA:72,5,1,1
BRDA:80,6,0,1
BRDA:80,6,1,0
BRDA:86,7,0,1
BRDA:86,7,1,0
BRDA:86,8,0,1
BRDA:86,8,1,1
BRDA:87,9,0,0
BRDA:87,9,1,1
BRDA:102,10,0,1
BRDA:102,10,1,6
BRDA:103,11,0,1
BRDA:103,11,1,6
BRDA:119,12,0,7
BRDA:119,12,1,3
BRDA:119,12,2,3
BRF:27
BRH:20
end_of_record
TN:
SF:src/components/playground/serverPlayground/ServerPlaygroundHeader.tsx
FN:7,ServerPlaygroundHeader
FN:14,(anonymous_1)
FN:17,(anonymous_2)
FN:20,(anonymous_3)
FN:21,(anonymous_4)
FN:43,(anonymous_5)
FNF:6
FNH:6
FNDA:8,ServerPlaygroundHeader
FNDA:6,(anonymous_1)
FNDA:3,(anonymous_2)
FNDA:3,(anonymous_3)
FNDA:3,(anonymous_4)
FNDA:1,(anonymous_5)
DA:8,8
DA:10,8
DA:12,8
DA:14,8
DA:16,6
DA:18,3
DA:19,3
DA:20,3
DA:22,3
DA:23,3
DA:28,0
DA:32,6
DA:35,8
DA:44,1
LF:14
LH:13
BRDA:16,0,0,6
BRDA:16,0,1,3
BRDA:18,1,0,3
BRDA:18,1,1,0
BRDA:24,2,0,3
BRDA:24,2,1,2
BRDA:44,3,0,1
BRDA:44,3,1,0
BRF:8
BRH:6
end_of_record
TN:
SF:src/components/playground/serverPlayground/ServerPlaygroundLists.tsx
FN:26,ServerPlaygroundLists
FN:31,(anonymous_1)
FN:33,(anonymous_2)
FN:36,(anonymous_3)
FN:41,(anonymous_4)
FN:47,(anonymous_5)
FN:53,(anonymous_6)
FN:70,(anonymous_7)
FN:74,(anonymous_8)
FN:90,(anonymous_9)
FN:94,(anonymous_10)
FN:103,(anonymous_11)
FN:105,(anonymous_12)
FN:116,(anonymous_13)
FNF:14
FNH:14
FNDA:8,ServerPlaygroundLists
FNDA:8,(anonymous_1)
FNDA:8,(anonymous_2)
FNDA:8,(anonymous_3)
FNDA:8,(anonymous_4)
FNDA:8,(anonymous_5)
FNDA:6,(anonymous_6)
FNDA:12,(anonymous_7)
FNDA:10,(anonymous_8)
FNDA:8,(anonymous_9)
FNDA:3,(anonymous_10)
FNDA:6,(anonymous_11)
FNDA:12,(anonymous_12)
FNDA:12,(anonymous_13)
DA:28,8
DA:29,8
DA:30,8
DA:31,8
DA:32,8
DA:33,8
DA:35,8
DA:36,8
DA:38,8
DA:39,8
DA:41,8
DA:42,8
DA:43,7
DA:47,8
DA:48,8
DA:50,6
DA:51,6
DA:52,6
DA:53,6
DA:55,6
DA:56,6
DA:57,6
DA:62,6
DA:63,0
DA:68,8
DA:69,8
DA:71,12
DA:72,10
DA:73,10
DA:75,10
DA:76,10
DA:85,10
DA:90,8
DA:91,8
DA:92,1
DA:95,3
DA:99,7
DA:100,1
DA:103,6
DA:104,6
DA:107,12
DA:108,12
DA:109,12
DA:117,12
DA:118,0
DA:122,0
DA:134,8
LF:47
LH:44
BRDA:42,0,0,7
BRDA:42,0,1,1
BRDA:42,1,0,8
BRDA:42,1,1,8
BRDA:48,2,0,6
BRDA:48,2,1,2
BRDA:48,3,0,8
BRDA:48,3,1,8
BRDA:55,4,0,6
BRDA:55,4,1,0
BRDA:62,5,0,0
BRDA:62,5,1,6
BRDA:62,6,0,6
BRDA:62,6,1,0
BRDA:71,7,0,2
BRDA:71,7,1,10
BRDA:72,8,0,5
BRDA:72,8,1,5
BRDA:75,9,0,10
BRDA:75,9,1,0
BRDA:75,10,0,10
BRDA:75,10,1,10
BRDA:91,11,0,1
BRDA:91,11,1,7
BRDA:99,12,0,1
BRDA:99,12,1,6
BRDA:107,13,0,12
BRDA:107,13,1,12
BRDA:113,14,0,6
BRDA:113,14,1,6
BRDA:115,15,0,6
BRDA:115,15,1,6
BRDA:115,16,0,12
BRDA:115,16,1,6
BRDA:117,17,0,0
BRDA:117,17,1,12
BRDA:117,18,0,12
BRDA:117,18,1,6
BRDA:156,19,0,8
BRDA:156,19,1,1
BRF:40
BRH:35
end_of_record
TN:
SF:src/components/playground/serverPlayground/ServerPlaygroundServerCard.tsx
FN:17,(anonymous_0)
FN:33,(anonymous_1)
FN:44,(anonymous_2)
FN:50,(anonymous_3)
FNF:4
FNH:4
FNDA:11,(anonymous_0)
FNDA:758,(anonymous_1)
FNDA:22,(anonymous_2)
FNDA:1,(anonymous_3)
DA:14,1
DA:18,11
DA:19,11
DA:20,11
DA:23,11
DA:28,11
DA:29,11
DA:30,2
DA:33,758
DA:37,11
DA:41,11
DA:46,22
DA:47,20
DA:48,22
DA:50,1
DA:74,1
LF:16
LH:16
BRDA:23,0,0,11
BRDA:23,0,1,0
BRDA:23,1,0,11
BRDA:23,1,1,0
BRDA:29,2,0,2
BRDA:29,2,1,9
BRDA:37,3,0,3
BRDA:37,3,1,8
BRDA:46,4,0,2
BRDA:46,4,1,20
BRDA:47,5,0,0
BRDA:47,5,1,20
BRDA:48,6,0,11
BRDA:48,6,1,11
BRDA:48,7,0,22
BRDA:48,7,1,22
BRDA:53,8,0,2
BRDA:53,8,1,9
BRDA:60,9,0,2
BRDA:60,9,1,9
BRDA:62,10,0,2
BRDA:62,10,1,9
BRDA:66,11,0,11
BRDA:66,11,1,2
BRDA:67,12,0,2
BRDA:67,12,1,0
BRF:26
BRH:22
end_of_record
TN:
SF:src/components/playground/serverPlayground/ServerPlaygroundServerDetails.tsx
FN:8,ServerPlaygroundServerDetails
FN:17,(anonymous_1)
FN:22,(anonymous_2)
FN:29,(anonymous_3)
FN:46,(anonymous_4)
FN:55,(anonymous_5)
FNF:6
FNH:6
FNDA:11,ServerPlaygroundServerDetails
FNDA:11,(anonymous_1)
FNDA:18,(anonymous_2)
FNDA:3,(anonymous_3)
FNDA:18,(anonymous_4)
FNDA:19,(anonymous_5)
DA:14,11
DA:17,11
DA:18,11
DA:22,11
DA:23,18
DA:29,11
DA:30,3
DA:31,3
DA:32,3
DA:43,11
DA:47,18
DA:56,19
DA:58,18
LF:13
LH:13
BRDA:23,0,0,0
BRDA:23,0,1,18
BRDA:45,1,0,11
BRDA:45,1,1,10
BRDA:54,2,0,18
BRDA:54,2,1,0
BRDA:56,3,0,1
BRDA:56,3,1,18
BRF:8
BRH:6
end_of_record
TN:
SF:src/components/playground/serverPlayground/index.tsx
FN:15,ServerPlayground
FNF:1
FNH:1
FNDA:4,ServerPlayground
DA:16,4
DA:19,4
DA:21,4
DA:23,4
LF:4
LH:4
BRDA:36,0,0,0
BRDA:36,0,1,4
BRDA:37,1,0,0
BRDA:37,1,1,4
BRDA:56,2,0,0
BRDA:56,2,1,4
BRDA:57,3,0,0
BRDA:57,3,1,4
BRF:8
BRH:4
end_of_record
TN:
SF:src/components/playground/serverPlayground/reflexbutton.tsx
FN:4,ReflexButton
FNF:1
FNH:1
FNDA:16,ReflexButton
DA:15,16
LF:1
LH:1
BRDA:7,0,0,7
BRDA:8,1,0,7
BRDA:17,2,0,2
BRDA:17,2,1,14
BRF:4
BRH:4
end_of_record
TN:
SF:src/components/playground/serverPlayground/ChatArea/AddFiles.tsx
FN:6,AddFiles
FN:33,(anonymous_1)
FN:33,(anonymous_2)
FN:52,(anonymous_3)
FN:76,(anonymous_4)
FN:79,(anonymous_5)
FN:82,(anonymous_6)
FNF:7
FNH:7
FNDA:43,AddFiles
FNDA:14,(anonymous_1)
FNDA:14,(anonymous_2)
FNDA:129,(anonymous_3)
FNDA:6,(anonymous_4)
FNDA:6,(anonymous_5)
FNDA:4,(anonymous_6)
DA:7,43
DA:8,43
DA:9,43
DA:15,43
DA:33,14
DA:53,129
DA:77,6
DA:80,6
DA:83,4
DA:85,4
DA:86,4
LF:11
LH:11
BRDA:6,0,0,41
BRDA:38,1,0,26
BRDA:38,1,1,17
BRDA:56,2,0,129
BRDA:56,2,1,43
BRDA:65,3,0,6
BRDA:65,3,1,123
BRDA:71,4,0,6
BRDA:71,4,1,123
BRDA:83,5,0,4
BRDA:83,5,1,0
BRF:11
BRH:10
end_of_record
TN:
SF:src/components/playground/serverPlayground/ChatArea/ChatArea.tsx
FN:8,ChatArea
FN:16,(anonymous_1)
FN:32,(anonymous_2)
FN:39,(anonymous_3)
FNF:4
FNH:4
FNDA:4,ChatArea
FNDA:4,(anonymous_1)
FNDA:4,(anonymous_2)
FNDA:4,(anonymous_3)
DA:9,4
DA:10,4
DA:11,4
DA:13,4
DA:16,4
DA:17,4
DA:18,4
DA:21,4
DA:22,4
DA:23,0
DA:24,0
DA:26,4
DA:27,4
DA:28,4
DA:29,4
DA:30,4
DA:32,4
DA:33,4
DA:34,4
DA:39,4
DA:40,4
DA:41,4
DA:48,4
LF:23
LH:21
BRDA:17,0,0,0
BRDA:17,0,1,4
BRDA:22,1,0,0
BRDA:22,1,1,4
BRDA:34,2,0,4
BRDA:34,2,1,0
BRDA:40,3,0,4
BRDA:40,3,1,0
BRDA:58,4,0,4
BRDA:58,4,1,0
BRF:10
BRH:5
end_of_record
TN:
SF:src/components/playground/serverPlayground/ChatArea/ChatInput.tsx
FN:19,ChatInput
FN:27,(anonymous_1)
FN:37,(anonymous_2)
FN:57,(anonymous_3)
FNF:4
FNH:4
FNDA:20,ChatInput
FNDA:2,(anonymous_1)
FNDA:2,(anonymous_2)
FNDA:5,(anonymous_3)
DA:20,20
DA:21,20
DA:25,20
DA:27,20
DA:28,2
DA:31,2
DA:34,2
DA:37,20
DA:39,2
DA:40,1
DA:41,1
DA:45,20
DA:57,5
LF:13
LH:13
BRDA:19,0,0,15
BRDA:28,1,0,0
BRDA:28,1,1,2
BRDA:28,2,0,2
BRDA:28,2,1,2
BRDA:39,3,0,1
BRDA:39,3,1,1
BRDA:39,4,0,2
BRDA:39,4,1,2
BRDA:51,5,0,5
BRDA:51,5,1,15
BRDA:82,6,0,5
BRDA:82,6,1,15
BRDA:88,7,0,20
BRDA:88,7,1,5
BRF:15
BRH:14
end_of_record
TN:
SF:src/components/playground/serverPlayground/ChatArea/CodeHighlightMarkdown.tsx
FN:11,CodeHighlightMarkdown
FNF:1
FNH:1
FNDA:30,CodeHighlightMarkdown
DA:15,30
LF:1
LH:1
BRF:0
BRH:0
end_of_record
TN:
SF:src/components/playground/serverPlayground/ChatArea/RenderMessages.tsx
FN:15,(anonymous_0)
FN:21,RenderMessages
FN:26,(anonymous_2)
FN:45,(anonymous_3)
FN:53,(anonymous_4)
FN:64,(anonymous_5)
FN:66,(anonymous_6)
FN:75,(anonymous_7)
FN:76,(anonymous_8)
FNF:9
FNH:6
FNDA:1,(anonymous_0)
FNDA:34,RenderMessages
FNDA:0,(anonymous_2)
FNDA:0,(anonymous_3)
FNDA:0,(anonymous_4)
FNDA:33,(anonymous_5)
FNDA:35,(anonymous_6)
FNDA:34,(anonymous_7)
FNDA:36,(anonymous_8)
DA:14,1
DA:16,1
DA:22,34
DA:23,34
DA:26,34
DA:27,0
DA:42,34
DA:46,0
DA:54,0
DA:64,34
DA:65,33
DA:67,35
DA:75,34
DA:76,34
DA:77,36
DA:78,12
DA:96,24
DA:100,24
DA:137,34
LF:19
LH:16
BRDA:67,0,0,35
BRDA:67,0,1,30
BRDA:67,0,2,27
BRDA:67,0,3,26
BRDA:77,1,0,12
BRDA:77,1,1,24
BRDA:97,2,0,19
BRDA:97,2,1,5
BRDA:106,3,0,6
BRDA:106,3,1,18
BRDA:123,4,0,24
BRDA:123,4,1,23
BRF:12
BRH:12
end_of_record
TN:
SF:src/components/playground/serverPlayground/ServerDetails/ConnectServers.tsx
FN:20,ConnectServers
FN:32,(anonymous_1)
FN:51,(anonymous_2)
FNF:3
FNH:3
FNDA:3,ConnectServers
FNDA:4,(anonymous_1)
FNDA:1,(anonymous_2)
DA:27,3
DA:30,3
DA:31,3
DA:32,3
DA:33,4
DA:37,3
DA:52,1
LF:7
LH:7
BRDA:31,0,0,3
BRDA:31,0,1,0
BRDA:46,1,0,3
BRDA:46,1,1,0
BRF:4
BRH:2
end_of_record
TN:
SF:src/components/playground/serverPlayground/ServerDetails/ServerDetails.tsx
FN:14,ServerDetails
FN:31,(anonymous_1)
FN:58,(anonymous_2)
FNF:3
FNH:3
FNDA:7,ServerDetails
FNDA:504,(anonymous_1)
FNDA:2,(anonymous_2)
DA:15,7
DA:16,7
DA:17,7
DA:18,7
DA:21,7
DA:26,7
DA:27,7
DA:28,1
DA:29,6
DA:31,504
DA:34,7
DA:38,7
DA:59,2
LF:13
LH:13
BRDA:21,0,0,7
BRDA:21,0,1,0
BRDA:27,1,0,1
BRDA:27,1,1,6
BRDA:27,2,0,7
BRDA:27,2,1,7
BRDA:29,3,0,6
BRDA:29,3,1,0
BRDA:34,4,0,1
BRDA:34,4,1,6
BRDA:51,5,0,7
BRDA:51,5,1,1
BRF:12
BRH:10
end_of_record
TN:
SF:src/components/playground/serverPlayground/ServerDetails/ServerTools.tsx
FN:11,ServerTools
FN:16,(anonymous_1)
FN:32,(anonymous_2)
FN:61,(anonymous_3)
FN:62,(anonymous_4)
FN:63,(anonymous_5)
FNF:6
FNH:6
FNDA:9,ServerTools
FNDA:16,(anonymous_1)
FNDA:22,(anonymous_2)
FNDA:16,(anonymous_3)
FNDA:22,(anonymous_4)
FNDA:22,(anonymous_5)
DA:12,9
DA:13,0
DA:16,9
DA:21,16
DA:23,15
DA:33,22
DA:44,9
DA:62,22
DA:63,22
DA:65,16
LF:10
LH:9
BRDA:12,0,0,0
BRDA:12,0,1,9
BRDA:12,1,0,9
BRDA:12,1,1,9
BRDA:12,1,2,9
BRDA:19,2,0,8
BRDA:21,3,0,1
BRDA:21,3,1,15
BRDA:27,4,0,15
BRDA:27,4,1,8
BRDA:33,5,0,22
BRDA:33,5,1,1
BRDA:77,6,0,8
BRDA:77,6,1,8
BRF:14
BRH:13
end_of_record
TN:
SF:src/components/project/Activity.tsx
FN:29,Activity
FN:42,(anonymous_1)
FN:48,(anonymous_2)
FN:52,(anonymous_3)
FN:60,(anonymous_4)
FN:66,(anonymous_5)
FN:92,(anonymous_6)
FN:195,(anonymous_7)
FNF:8
FNH:7
FNDA:14,Activity
FNDA:1,(anonymous_1)
FNDA:1,(anonymous_2)
FNDA:14,(anonymous_3)
FNDA:1,(anonymous_4)
FNDA:0,(anonymous_5)
FNDA:14,(anonymous_6)
FNDA:1,(anonymous_7)
DA:30,14
DA:31,14
DA:32,14
DA:34,14
DA:36,14
DA:39,14
DA:42,14
DA:43,1
DA:44,1
DA:48,14
DA:49,1
DA:52,14
DA:54,14
DA:56,14
DA:58,1
DA:59,1
DA:60,1
DA:62,0
DA:65,0
DA:66,0
DA:71,14
DA:72,4
DA:79,10
DA:80,10
DA:81,10
DA:82,10
DA:83,10
DA:86,10
DA:87,10
DA:89,10
DA:93,14
DA:153,14
DA:196,1
LF:33
LH:30
BRDA:54,0,0,14
BRDA:54,0,1,1
BRDA:56,1,0,1
BRDA:56,1,1,13
BRDA:58,2,0,1
BRDA:58,2,1,0
BRDA:58,3,0,1
BRDA:58,3,1,1
BRDA:62,4,0,0
BRDA:62,4,1,0
BRDA:71,5,0,4
BRDA:71,5,1,10
BRDA:100,6,0,14
BRDA:100,6,1,3
BRDA:103,7,0,14
BRDA:103,7,1,3
BRDA:108,8,0,14
BRDA:108,8,1,3
BRDA:111,9,0,14
BRDA:111,9,1,3
BRDA:116,10,0,11
BRDA:116,10,1,3
BRDA:118,11,0,0
BRDA:118,11,1,3
BRDA:123,12,0,14
BRDA:123,12,1,3
BRDA:136,13,0,10
BRDA:136,13,1,1
BRDA:161,14,0,0
BRDA:161,14,1,14
BRDA:162,15,0,0
BRDA:162,15,1,14
BRDA:196,16,0,1
BRDA:196,16,1,0
BRF:34
BRH:27
end_of_record
TN:
SF:src/components/project/Environments.tsx
FN:3,Environments
FNF:1
FNH:1
FNDA:3,Environments
DA:4,3
LF:1
LH:1
BRF:0
BRH:0
end_of_record
TN:
SF:src/components/project/InviteProjectMembers.tsx
FN:72,InviteProjectMembers
FN:118,(anonymous_1)
FN:132,(anonymous_2)
FN:137,(anonymous_3)
FN:145,(anonymous_4)
FN:152,(anonymous_5)
FN:170,(anonymous_6)
FN:178,(anonymous_7)
FN:181,(anonymous_8)
FN:188,(anonymous_9)
FN:205,(anonymous_10)
FN:209,(anonymous_11)
FN:230,(anonymous_12)
FN:231,(anonymous_13)
FN:240,(anonymous_14)
FN:246,(anonymous_15)
FN:253,(anonymous_16)
FN:322,(anonymous_17)
FN:350,(anonymous_18)
FN:357,(anonymous_19)
FN:369,(anonymous_20)
FNF:21
FNH:15
FNDA:35,InviteProjectMembers
FNDA:0,(anonymous_1)
FNDA:0,(anonymous_2)
FNDA:1,(anonymous_3)
FNDA:0,(anonymous_4)
FNDA:0,(anonymous_5)
FNDA:1,(anonymous_6)
FNDA:3,(anonymous_7)
FNDA:1,(anonymous_8)
FNDA:2,(anonymous_9)
FNDA:4,(anonymous_10)
FNDA:8,(anonymous_11)
FNDA:93,(anonymous_12)
FNDA:93,(anonymous_13)
FNDA:71,(anonymous_14)
FNDA:67,(anonymous_15)
FNDA:37,(anonymous_16)
FNDA:4,(anonymous_17)
FNDA:18,(anonymous_18)
FNDA:0,(anonymous_19)
FNDA:0,(anonymous_20)
DA:59,1
DA:73,35
DA:74,35
DA:76,35
DA:85,35
DA:88,35
DA:91,35
DA:94,35
DA:97,35
DA:100,35
DA:103,35
DA:105,35
DA:118,35
DA:120,0
DA:121,0
DA:124,0
DA:125,0
DA:128,0
DA:132,0
DA:133,0
DA:137,35
DA:139,1
DA:141,0
DA:145,0
DA:151,0
DA:152,0
DA:155,0
DA:165,0
DA:166,0
DA:170,1
DA:171,0
DA:172,0
DA:176,1
DA:179,3
DA:181,1
DA:187,1
DA:188,2
DA:191,1
DA:201,1
DA:205,35
DA:206,4
DA:208,4
DA:209,8
DA:212,4
DA:213,4
DA:217,4
DA:219,4
DA:222,4
DA:227,35
DA:230,93
DA:231,93
DA:237,35
DA:244,71
DA:247,67
DA:251,71
DA:253,37
DA:258,35
DA:273,35
DA:322,4
DA:351,18
DA:358,0
DA:370,0
LF:62
LH:44
BRDA:124,0,0,0
BRDA:124,0,1,0
BRDA:132,1,0,0
BRDA:132,1,1,0
BRDA:139,2,0,0
BRDA:139,2,1,1
BRDA:139,3,0,1
BRDA:139,3,1,1
BRDA:157,4,0,0
BRDA:157,4,1,0
BRDA:170,5,0,0
BRDA:170,5,1,1
BRDA:179,6,0,3
BRDA:179,6,1,1
BRDA:183,7,0,0
BRDA:183,7,1,1
BRDA:193,8,0,1
BRDA:193,8,1,0
BRDA:206,9,0,0
BRDA:206,9,1,4
BRDA:206,10,0,4
BRDA:206,10,1,4
BRDA:217,11,0,4
BRDA:217,11,1,2
BRDA:227,12,0,4
BRDA:227,12,1,31
BRDA:227,13,0,35
BRDA:227,13,1,33
BRDA:237,14,0,35
BRDA:237,14,1,34
BRDA:237,14,2,34
BRDA:244,15,0,64
BRDA:244,15,1,7
BRDA:251,16,0,71
BRDA:251,16,1,39
BRDA:288,17,0,35
BRDA:288,17,1,3
BRDA:295,18,0,3
BRDA:295,18,1,1
BRDA:333,19,0,35
BRDA:333,19,1,6
BRDA:339,20,0,6
BRDA:339,20,1,0
BRDA:365,21,0,18
BRDA:365,21,1,7
BRDA:411,22,0,2
BRDA:411,22,1,33
BRF:47
BRH:35
end_of_record
TN:
SF:src/components/project/Members.tsx
FN:34,Members
FN:39,(anonymous_1)
FN:56,(anonymous_2)
FN:62,(anonymous_3)
FN:73,(anonymous_4)
FN:89,(anonymous_5)
FN:100,(anonymous_6)
FN:105,(anonymous_7)
FN:111,(anonymous_8)
FN:116,(anonymous_9)
FN:151,(anonymous_10)
FN:236,(anonymous_11)
FN:260,(anonymous_12)
FNF:13
FNH:13
FNDA:15,Members
FNDA:12,(anonymous_1)
FNDA:37,(anonymous_2)
FNDA:47,(anonymous_3)
FNDA:49,(anonymous_4)
FNDA:32,(anonymous_5)
FNDA:1,(anonymous_6)
FNDA:1,(anonymous_7)
FNDA:1,(anonymous_8)
FNDA:37,(anonymous_9)
FNDA:47,(anonymous_10)
FNDA:1,(anonymous_11)
FNDA:37,(anonymous_12)
DA:35,15
DA:36,15
DA:38,15
DA:39,15
DA:40,12
DA:43,15
DA:45,15
DA:46,15
DA:48,15
DA:49,15
DA:50,15
DA:51,15
DA:53,15
DA:56,15
DA:57,37
DA:59,37
DA:64,47
DA:72,15
DA:75,49
DA:80,49
DA:83,49
DA:88,15
DA:89,32
DA:93,15
DA:94,15
DA:100,15
DA:101,1
DA:105,15
DA:106,1
DA:107,1
DA:111,15
DA:112,1
DA:113,1
DA:116,15
DA:117,37
DA:119,37
DA:152,47
DA:178,15
DA:237,1
DA:261,37
LF:40
LH:40
BRDA:57,0,0,0
BRDA:57,0,1,37
BRDA:72,1,0,14
BRDA:72,1,1,1
BRDA:75,2,0,49
BRDA:75,2,1,3
BRDA:75,2,2,2
BRDA:80,3,0,49
BRDA:80,3,1,3
BRDA:83,4,0,49
BRDA:83,4,1,47
BRDA:136,5,0,0
BRDA:136,5,1,37
BRDA:139,6,0,0
BRDA:139,6,1,37
BRDA:141,7,0,0
BRDA:141,7,1,37
BRDA:185,8,0,2
BRDA:185,8,1,13
BRDA:190,9,0,2
BRDA:190,9,1,2
BRDA:197,10,0,0
BRDA:197,10,1,13
BRDA:200,11,0,13
BRDA:200,11,1,12
BRDA:227,12,0,2
BRDA:227,12,1,13
BRDA:237,13,0,1
BRDA:237,13,1,0
BRDA:259,14,0,13
BRDA:259,14,1,2
BRDA:259,15,0,15
BRDA:259,15,1,14
BRDA:266,16,0,1
BRDA:266,16,1,1
BRDA:280,17,0,15
BRDA:280,17,1,2
BRDA:295,18,0,15
BRDA:295,18,1,6
BRF:39
BRH:33
end_of_record
TN:
SF:src/components/project/ProjectBody.tsx
FN:11,ProjectBody
FNF:1
FNH:1
FNDA:9,ProjectBody
DA:12,9
DA:13,9
DA:14,9
DA:16,9
LF:4
LH:4
BRDA:23,0,0,1
BRDA:23,0,1,8
BRDA:25,1,0,1
BRDA:25,1,1,8
BRDA:44,2,0,9
BRDA:44,2,1,7
BRDA:45,3,0,9
BRDA:45,3,1,0
BRDA:46,4,0,9
BRDA:46,4,1,1
BRDA:47,5,0,9
BRDA:47,5,1,0
BRDA:48,6,0,9
BRDA:48,6,1,1
BRF:14
BRH:12
end_of_record
TN:
SF:src/components/project/ProjectHeader.tsx
FN:15,ProjectHeader
FN:23,(anonymous_1)
FN:25,(anonymous_2)
FN:36,(anonymous_3)
FNF:4
FNH:4
FNDA:12,ProjectHeader
FNDA:2,(anonymous_1)
FNDA:1,(anonymous_2)
FNDA:1,(anonymous_3)
DA:16,12
DA:17,12
DA:19,12
DA:21,12
DA:23,12
DA:24,2
DA:26,1
DA:31,12
DA:36,1
LF:9
LH:9
BRDA:46,0,0,1
BRDA:46,0,1,11
BRDA:52,1,0,1
BRDA:52,1,1,11
BRF:4
BRH:4
end_of_record
TN:
SF:src/components/project/Settings.tsx
FN:3,Settings
FNF:1
FNH:1
FNDA:1,Settings
DA:4,1
LF:1
LH:1
BRF:0
BRH:0
end_of_record
TN:
SF:src/components/project/index.ts
FNF:0
FNH:0
LF:0
LH:0
BRF:0
BRH:0
end_of_record
TN:
SF:src/components/project/overview/Environments.tsx
FN:5,Environments
FN:31,(anonymous_1)
FNF:2
FNH:2
FNDA:6,Environments
FNDA:18,(anonymous_1)
DA:6,6
DA:32,18
LF:2
LH:2
BRF:0
BRH:0
end_of_record
TN:
SF:src/components/project/overview/Overview.tsx
FN:7,Overview
FNF:1
FNH:1
FNDA:5,Overview
DA:8,5
LF:1
LH:1
BRF:0
BRH:0
end_of_record
TN:
SF:src/components/project/overview/ProjectDetails.tsx
FN:8,ProjectDetails
FNF:1
FNH:1
FNDA:7,ProjectDetails
DA:9,7
DA:11,7
DA:13,7
LF:3
LH:3
BRDA:33,0,0,7
BRDA:33,0,1,4
BRDA:39,1,0,7
BRDA:39,1,1,5
BRF:4
BRH:4
end_of_record
TN:
SF:src/components/project/overview/RecentActivity.tsx
FN:16,RecentActivity
FN:23,(anonymous_1)
FN:48,(anonymous_2)
FNF:3
FNH:3
FNDA:7,RecentActivity
FNDA:7,(anonymous_1)
FNDA:14,(anonymous_2)
DA:17,7
DA:18,7
DA:20,7
DA:21,7
DA:23,7
DA:24,7
DA:25,2
DA:32,5
DA:33,5
DA:34,5
DA:35,5
DA:36,5
DA:39,5
DA:40,5
DA:45,5
DA:49,14
DA:80,7
LF:17
LH:17
BRDA:24,0,0,2
BRDA:24,0,1,5
BRDA:32,1,0,5
BRDA:32,1,1,0
BRDA:36,2,0,5
BRDA:36,2,1,0
BRDA:51,3,0,14
BRDA:51,3,1,1
BRDA:54,4,0,14
BRDA:54,4,1,1
BRDA:57,5,0,14
BRDA:57,5,1,1
BRDA:63,6,0,5
BRDA:63,6,1,3
BRF:14
BRH:12
end_of_record
TN:
SF:src/components/project/overview/TeamMembers.tsx
FN:24,TeamMembers
FN:36,(anonymous_1)
FN:47,(anonymous_2)
FN:67,(anonymous_3)
FNF:4
FNH:4
FNDA:10,TeamMembers
FNDA:10,(anonymous_1)
FNDA:14,(anonymous_2)
FNDA:11,(anonymous_3)
DA:25,10
DA:27,10
DA:28,10
DA:30,10
DA:32,10
DA:34,10
DA:36,10
DA:37,10
DA:38,5
DA:46,5
DA:47,14
DA:51,5
DA:52,5
DA:53,5
DA:54,5
DA:55,5
DA:58,5
DA:59,5
DA:64,5
DA:68,11
DA:118,10
LF:21
LH:21
BRDA:37,0,0,5
BRDA:37,0,1,5
BRDA:37,1,0,10
BRDA:37,1,1,10
BRDA:51,2,0,5
BRDA:51,2,1,0
BRDA:55,3,0,5
BRDA:55,3,1,0
BRDA:73,4,0,11
BRDA:73,4,1,0
BRDA:76,5,0,11
BRDA:76,5,1,0
BRDA:84,6,0,2
BRDA:84,6,1,9
BRDA:88,7,0,2
BRDA:88,7,1,9
BRDA:90,8,0,2
BRDA:90,8,1,7
BRDA:101,9,0,5
BRDA:101,9,1,2
BRDA:143,10,0,10
BRDA:143,10,1,1
BRF:22
BRH:18
end_of_record
TN:
SF:src/components/projectMemberRegistration/ProjectMemberRegistrationFooter.tsx
FN:6,ProjectMemberRegistrationFooter
FNF:1
FNH:1
FNDA:4,ProjectMemberRegistrationFooter
DA:7,4
LF:1
LH:1
BRF:0
BRH:0
end_of_record
TN:
SF:src/components/projectMemberRegistration/ProjectMemberRegistrationFormComponent.tsx
FN:11,ProjectMemberRegistrationFormComponent
FNF:1
FNH:1
FNDA:8,ProjectMemberRegistrationFormComponent
DA:15,8
LF:1
LH:1
BRF:0
BRH:0
end_of_record
TN:
SF:src/components/projectMemberRegistration/ProjectMemberRegistrationHeader.tsx
FN:3,ProjectMemberRegistrationHeader
FNF:1
FNH:1
FNDA:1,ProjectMemberRegistrationHeader
DA:4,1
LF:1
LH:1
BRF:0
BRH:0
end_of_record
TN:
SF:src/components/projectMemberRegistration/index.ts
FNF:0
FNH:0
LF:0
LH:0
BRF:0
BRH:0
end_of_record
TN:
SF:src/components/projects/AddProjectsModal.tsx
FN:25,AddProjectsModal
FN:39,(anonymous_1)
FN:47,(anonymous_2)
FNF:3
FNH:3
FNDA:19,AddProjectsModal
FNDA:3,(anonymous_1)
FNDA:1,(anonymous_2)
DA:10,2
DA:26,19
DA:28,19
DA:37,19
DA:39,19
DA:40,3
DA:41,2
DA:46,2
DA:48,1
DA:54,19
LF:10
LH:10
BRDA:40,0,0,2
BRDA:40,0,1,1
BRF:2
BRH:2
end_of_record
TN:
SF:src/components/projects/ProjectsBody.tsx
FN:20,ProjectsBody
FN:52,(anonymous_1)
FNF:2
FNH:2
FNDA:3,ProjectsBody
FNDA:2,(anonymous_1)
DA:21,3
DA:23,3
DA:24,2
DA:50,1
DA:53,2
LF:5
LH:5
BRDA:23,0,0,2
BRDA:23,0,1,1
BRDA:23,1,0,3
BRDA:23,1,1,3
BRDA:45,2,0,2
BRDA:45,2,1,1
BRF:6
BRH:6
end_of_record
TN:
SF:src/components/projects/ProjectsCard.tsx
FN:13,ProjectsCard
FN:16,(anonymous_1)
FNF:2
FNH:2
FNDA:13,ProjectsCard
FNDA:2,(anonymous_1)
DA:14,13
DA:16,13
DA:17,2
DA:23,13
LF:4
LH:4
BRDA:32,0,0,13
BRDA:32,0,1,5
BRF:2
BRH:2
end_of_record
TN:
SF:src/components/projects/ProjectsFallback.tsx
FN:3,ProjectsFallback
FN:14,(anonymous_1)
FNF:2
FNH:2
FNDA:1,ProjectsFallback
FNDA:6,(anonymous_1)
DA:4,1
DA:15,6
LF:2
LH:2
BRF:0
BRH:0
end_of_record
TN:
SF:src/components/projects/ProjectsHeader.tsx
FN:11,ProjectsHeader
FNF:1
FNH:1
FNDA:1,ProjectsHeader
DA:12,1
DA:13,1
DA:15,1
DA:17,1
DA:19,1
LF:5
LH:5
BRDA:24,0,0,0
BRDA:24,0,1,1
BRDA:32,1,0,0
BRDA:32,1,1,1
BRDA:41,2,0,1
BRDA:41,2,1,0
BRF:6
BRH:3
end_of_record
TN:
SF:src/components/projects/index.ts
FNF:0
FNH:0
LF:0
LH:0
BRF:0
BRH:0
end_of_record
TN:
SF:src/components/server/ServerBody.tsx
FN:14,ServerBody
FNF:1
FNH:1
FNDA:14,ServerBody
DA:15,14
DA:17,14
DA:18,14
DA:19,13
DA:20,13
DA:21,13
DA:23,13
LF:7
LH:7
BRDA:57,0,0,13
BRDA:57,0,1,10
BRDA:57,0,2,9
BRDA:57,0,3,9
BRDA:63,1,0,13
BRDA:63,1,1,3
BRDA:63,1,2,3
BRDA:71,2,0,13
BRDA:71,2,1,12
BRDA:71,2,2,12
BRF:10
BRH:10
end_of_record
TN:
SF:src/components/server/ServerContent.tsx
FN:14,ServerContent
FNF:1
FNH:1
FNDA:6,ServerContent
DA:15,6
DA:16,6
DA:18,6
DA:19,1
DA:26,5
LF:5
LH:5
BRDA:18,0,0,1
BRDA:18,0,1,5
BRF:2
BRH:2
end_of_record
TN:
SF:src/components/server/ServerHeader.tsx
FN:24,ServerHeader
FN:44,(anonymous_1)
FN:52,(anonymous_2)
FN:79,(anonymous_3)
FNF:4
FNH:4
FNDA:13,ServerHeader
FNDA:6,(anonymous_1)
FNDA:2,(anonymous_2)
FNDA:1,(anonymous_3)
DA:25,13
DA:26,13
DA:27,13
DA:29,13
DA:31,13
DA:32,13
DA:34,13
DA:39,13
DA:40,13
DA:41,11
DA:42,2
DA:44,6
DA:48,13
DA:52,13
DA:53,2
DA:59,13
DA:80,1
LF:17
LH:17
BRDA:34,0,0,13
BRDA:34,0,1,0
BRDA:40,1,0,11
BRDA:40,1,1,2
BRDA:40,2,0,13
BRDA:40,2,1,13
BRDA:42,3,0,2
BRDA:42,3,1,0
BRDA:48,4,0,12
BRDA:48,4,1,1
BRDA:61,5,0,1
BRDA:61,5,1,12
BRDA:71,6,0,13
BRDA:71,6,1,0
BRDA:89,7,0,2
BRDA:89,7,1,11
BRDA:97,8,0,1
BRDA:97,8,1,10
BRF:18
BRH:15
end_of_record
TN:
SF:src/components/server/ServerOverview.tsx
FN:10,ServerOverview
FN:20,(anonymous_1)
FNF:2
FNH:2
FNDA:7,ServerOverview
FNDA:48,(anonymous_1)
DA:14,7
DA:21,48
LF:2
LH:2
BRF:0
BRH:0
end_of_record
TN:
SF:src/components/server/ServerTools.tsx
FN:23,ServerTools
FN:26,(anonymous_1)
FN:46,(anonymous_2)
FN:67,(anonymous_3)
FNF:4
FNH:4
FNDA:9,ServerTools
FNDA:1,(anonymous_1)
FNDA:15,(anonymous_2)
FNDA:14,(anonymous_3)
DA:24,9
DA:26,9
DA:27,1
DA:30,9
DA:47,15
DA:68,14
LF:6
LH:6
BRDA:66,0,0,7
BRDA:66,0,1,8
BRDA:72,1,0,7
BRDA:72,1,1,7
BRF:4
BRH:4
end_of_record
TN:
SF:src/components/server/index.ts
FNF:0
FNH:0
LF:0
LH:0
BRF:0
BRH:0
end_of_record
TN:
SF:src/components/servers/ServersCard.tsx
FN:15,ServersCard
FN:29,(anonymous_1)
FN:37,(anonymous_2)
FNF:3
FNH:3
FNDA:7,ServersCard
FNDA:10,(anonymous_1)
FNDA:1,(anonymous_2)
DA:16,7
DA:17,7
DA:19,7
DA:24,7
DA:25,7
DA:26,1
DA:29,10
DA:33,7
DA:37,7
DA:38,1
DA:44,7
LF:11
LH:11
BRDA:19,0,0,7
BRDA:19,0,1,0
BRDA:25,1,0,1
BRDA:25,1,1,6
BRDA:33,2,0,6
BRDA:33,2,1,1
BRF:6
BRH:5
end_of_record
TN:
SF:src/components/servers/ServersFallback.tsx
FN:12,ServersFallback
FN:35,(anonymous_1)
FNF:2
FNH:2
FNDA:6,ServersFallback
FNDA:48,(anonymous_1)
DA:13,6
DA:36,48
LF:2
LH:2
BRF:0
BRH:0
end_of_record
TN:
SF:src/components/servers/ServersHeader.tsx
FN:7,ServersHeader
FNF:1
FNH:1
FNDA:4,ServersHeader
DA:8,4
LF:1
LH:1
BRF:0
BRH:0
end_of_record
TN:
SF:src/components/servers/ServersSection.tsx
FN:14,ServersSection
FN:24,(anonymous_1)
FN:28,(anonymous_2)
FN:32,(anonymous_3)
FN:39,(anonymous_4)
FN:49,(anonymous_5)
FN:55,(anonymous_6)
FN:86,(anonymous_7)
FNF:8
FNH:8
FNDA:28,ServersSection
FNDA:13,(anonymous_1)
FNDA:13,(anonymous_2)
FNDA:1,(anonymous_3)
FNDA:5,(anonymous_4)
FNDA:3,(anonymous_5)
FNDA:1,(anonymous_6)
FNDA:81,(anonymous_7)
DA:20,28
DA:21,28
DA:22,28
DA:24,28
DA:25,13
DA:28,28
DA:29,13
DA:32,28
DA:33,1
DA:34,1
DA:35,1
DA:39,28
DA:40,5
DA:41,5
DA:44,5
DA:45,1
DA:49,28
DA:50,3
DA:51,3
DA:55,28
DA:56,1
DA:57,1
[...]
BRDA:45,0,1,4
BRDA:52,1,0,2
BRDA:52,1,1,5
BRDA:55,2,0,0
BRDA:55,2,1,2
BRF:6
BRH:5
end_of_record
TN:
SF:src/routes/platform-setup.tsx
FN:14,(anonymous_0)
FN:15,(anonymous_1)
FN:19,PrivateRouteWrapper
FN:33,PlatformSetupComponent
FNF:4
FNH:4
FNDA:1,(anonymous_0)
FNDA:1,(anonymous_1)
FNDA:3,PrivateRouteWrapper
FNDA:3,PlatformSetupComponent
DA:12,1
DA:14,1
DA:15,1
DA:21,3
DA:26,3
DA:34,3
DA:36,3
LF:7
LH:7
BRDA:42,0,0,1
BRDA:42,0,1,2
BRF:2
BRH:2
end_of_record
TN:
SF:src/routes/project-onboarding.tsx
FN:23,(anonymous_0)
FN:35,RouteComponent
FN:50,(anonymous_2)
FN:69,(anonymous_3)
FN:83,(anonymous_4)
FNF:5
FNH:4
FNDA:0,(anonymous_0)
FNDA:8,RouteComponent
FNDA:8,(anonymous_2)
FNDA:2,(anonymous_3)
FNDA:1,(anonymous_4)
DA:21,1
DA:23,0
DA:30,1
DA:36,8
DA:37,8
DA:40,8
DA:42,8
DA:50,8
DA:51,8
DA:52,2
DA:56,2
DA:57,2
DA:61,6
DA:62,6
DA:63,6
DA:67,8
DA:69,6
DA:70,2
DA:71,0
DA:74,2
DA:82,2
DA:84,1
DA:87,1
DA:88,1
DA:89,1
DA:94,6
LF:26
LH:24
BRDA:51,0,0,2
BRDA:51,0,1,6
BRDA:51,1,0,8
BRDA:51,1,1,6
BRDA:51,1,2,6
BRDA:67,2,0,2
BRDA:67,2,1,6
BRDA:67,3,0,8
BRDA:67,3,1,6
BRDA:67,3,2,6
BRDA:70,4,0,0
BRDA:70,4,1,2
BRDA:70,5,0,2
BRDA:70,5,1,2
BRDA:70,5,2,2
BRF:15
BRH:14
end_of_record
TN:
SF:src/routes/signup.tsx
FN:21,(anonymous_0)
FN:22,(anonymous_1)
FN:25,PublicRouteWrapper
FN:50,RouteComponent
FN:67,(anonymous_4)
FN:71,(anonymous_5)
FNF:6
FNH:0
FNDA:0,(anonymous_0)
FNDA:0,(anonymous_1)
FNDA:0,PublicRouteWrapper
FNDA:0,RouteComponent
FNDA:0,(anonymous_4)
FNDA:0,(anonymous_5)
DA:19,0
DA:21,0
DA:22,0
DA:26,0
DA:34,0
DA:51,0
DA:52,0
DA:54,0
DA:67,0
DA:68,0
DA:70,0
DA:72,0
DA:73,0
DA:78,0
LF:14
LH:0
BRF:0
BRH:0
end_of_record
TN:
SF:src/routes/_app/accounts.tsx
FN:7,RouteComponent
FNF:1
FNH:0
FNDA:0,RouteComponent
DA:3,0
DA:8,0
LF:2
LH:0
BRF:0
BRH:0
end_of_record
TN:
SF:src/routes/_app/add-cluster.tsx
FN:12,(anonymous_0)
FN:13,(anonymous_1)
FN:16,RouteComponent
FNF:3
FNH:3
FNDA:2,(anonymous_0)
FNDA:2,(anonymous_1)
FNDA:2,RouteComponent
DA:10,2
DA:12,2
DA:13,2
DA:17,2
LF:4
LH:4
BRF:0
BRH:0
end_of_record
TN:
SF:src/routes/_app/clusters.tsx
FN:15,(anonymous_0)
FN:21,(anonymous_1)
FN:22,(anonymous_2)
FN:25,RouteComponent
FNF:4
FNH:4
FNDA:1,(anonymous_0)
FNDA:1,(anonymous_1)
FNDA:1,(anonymous_2)
FNDA:1,RouteComponent
DA:14,4
DA:16,1
DA:17,1
DA:18,1
DA:21,1
DA:22,1
DA:26,1
DA:27,1
DA:29,1
LF:9
LH:9
BRF:0
BRH:0
end_of_record
TN:
SF:src/routes/_app/deployment.tsx
FN:14,(anonymous_0)
FN:19,RouteComponent
FN:28,(anonymous_2)
FNF:3
FNH:2
FNDA:0,(anonymous_0)
FNDA:4,RouteComponent
FNDA:4,(anonymous_2)
DA:11,1
DA:14,0
DA:20,4
DA:21,4
DA:22,4
DA:24,4
DA:28,4
DA:29,4
DA:30,0
DA:34,4
LF:10
LH:8
BRDA:25,0,0,4
BRDA:25,0,1,0
BRDA:29,1,0,0
BRDA:29,1,1,4
BRDA:47,2,0,4
BRDA:47,2,1,0
BRF:6
BRH:3
end_of_record
TN:
SF:src/routes/_app/deployments.tsx
FN:15,(anonymous_0)
FN:21,(anonymous_1)
FN:22,(anonymous_2)
FN:25,RouteComponent
FNF:4
FNH:4
FNDA:1,(anonymous_0)
FNDA:1,(anonymous_1)
FNDA:1,(anonymous_2)
FNDA:1,RouteComponent
DA:14,1
DA:16,1
DA:17,1
DA:18,1
DA:21,1
DA:22,1
DA:26,1
DA:28,1
DA:30,1
LF:9
LH:9
BRF:0
BRH:0
end_of_record
TN:
SF:src/routes/_app/marketplace.tsx
FN:28,(anonymous_0)
FN:35,(anonymous_1)
FN:36,(anonymous_2)
FN:37,(anonymous_3)
FN:40,MarketplacePage
FN:51,(anonymous_5)
FN:57,(anonymous_6)
FN:62,(anonymous_7)
FN:84,(anonymous_8)
FN:85,(anonymous_9)
FNF:10
FNH:0
FNDA:0,(anonymous_0)
FNDA:0,(anonymous_1)
FNDA:0,(anonymous_2)
FNDA:0,(anonymous_3)
FNDA:0,MarketplacePage
FNDA:0,(anonymous_5)
FNDA:0,(anonymous_6)
FNDA:0,(anonymous_7)
FNDA:0,(anonymous_8)
FNDA:0,(anonymous_9)
DA:21,0
DA:27,0
DA:29,0
DA:31,0
DA:32,0
DA:35,0
DA:36,0
DA:37,0
DA:41,0
DA:43,0
DA:44,0
DA:46,0
DA:48,0
DA:49,0
DA:51,0
DA:52,0
DA:53,0
DA:54,0
DA:57,0
DA:58,0
DA:59,0
DA:60,0
DA:62,0
DA:63,0
DA:67,0
DA:68,0
DA:72,0
DA:73,0
DA:77,0
DA:80,0
DA:83,0
DA:84,0
DA:85,0
DA:88,0
LF:34
LH:0
BRDA:52,0,0,0
BRDA:52,0,1,0
BRDA:53,1,0,0
BRDA:53,1,1,0
BRDA:59,2,0,0
BRDA:59,2,1,0
BRDA:60,3,0,0
BRDA:60,3,1,0
BRDA:63,4,0,0
BRDA:63,4,1,0
BRDA:64,5,0,0
BRDA:64,5,1,0
BRDA:68,6,0,0
BRDA:68,6,1,0
BRDA:69,7,0,0
BRDA:69,7,1,0
BRDA:93,8,0,0
BRDA:93,8,1,0
BRDA:102,9,0,0
BRDA:102,9,1,0
BRDA:115,10,0,0
BRDA:115,10,1,0
BRF:22
BRH:0
end_of_record
TN:
SF:src/routes/_app/playground.tsx
FN:10,(anonymous_0)
FN:11,(anonymous_1)
FN:17,RouteComponent
FN:21,(anonymous_3)
FNF:4
FNH:3
FNDA:1,(anonymous_0)
FNDA:0,(anonymous_1)
FNDA:4,RouteComponent
FNDA:4,(anonymous_3)
DA:8,1
DA:10,1
DA:11,0
DA:18,4
DA:19,4
DA:21,4
DA:22,4
DA:23,2
DA:28,4
DA:30,2
DA:31,1
DA:34,1
DA:35,1
DA:38,0
LF:14
LH:12
BRDA:22,0,0,2
BRDA:22,0,1,2
BRDA:22,1,0,4
BRDA:22,1,1,3
BRDA:28,2,0,2
BRDA:28,2,1,2
BRDA:28,3,0,4
BRDA:28,3,1,3
BRDA:30,4,0,1
BRDA:30,4,1,1
BRDA:34,5,0,1
BRDA:34,5,1,0
BRF:12
BRH:11
end_of_record
TN:
SF:src/routes/_app/project.$projectId.tsx
FN:14,(anonymous_0)
FN:22,(anonymous_1)
FN:25,RouteComponent
FN:31,(anonymous_3)
FNF:4
FNH:0
FNDA:0,(anonymous_0)
FNDA:0,(anonymous_1)
FNDA:0,RouteComponent
FNDA:0,(anonymous_3)
DA:13,0
DA:15,0
DA:16,0
DA:17,0
DA:18,0
DA:19,0
DA:22,0
DA:26,0
DA:27,0
DA:29,0
DA:31,0
DA:32,0
DA:35,0
LF:13
LH:0
BRF:0
BRH:0
end_of_record
TN:
SF:src/routes/_app/projects.tsx
FN:17,(anonymous_0)
FN:23,(anonymous_1)
FN:24,(anonymous_2)
FN:27,RouteComponent
FN:31,(anonymous_4)
FNF:5
FNH:0
FNDA:0,(anonymous_0)
FNDA:0,(anonymous_1)
FNDA:0,(anonymous_2)
FNDA:0,RouteComponent
FNDA:0,(anonymous_4)
DA:16,1
DA:18,0
DA:19,0
DA:20,0
DA:23,0
DA:24,0
DA:28,0
DA:29,0
DA:31,0
DA:32,0
DA:35,0
DA:37,0
LF:12
LH:1
BRF:0
BRH:0
end_of_record
TN:
SF:src/routes/_app/server.$serverId.tsx
FN:10,(anonymous_0)
FN:13,RouteComponent
FN:19,(anonymous_2)
FNF:3
FNH:0
FNDA:0,(anonymous_0)
FNDA:0,RouteComponent
FNDA:0,(anonymous_2)
DA:8,0
DA:10,0
DA:14,0
DA:16,0
DA:19,0
DA:20,0
DA:23,0
DA:25,0
DA:26,0
DA:33,0
LF:10
LH:0
BRDA:25,0,0,0
BRDA:25,0,1,0
BRF:2
BRH:0
end_of_record
TN:
SF:src/routes/_app/servers.tsx
FN:16,(anonymous_0)
FN:22,(anonymous_1)
FN:23,(anonymous_2)
FN:26,RouteComponent
FN:35,(anonymous_4)
FN:42,(anonymous_5)
FN:46,(anonymous_6)
FN:49,(anonymous_7)
FN:53,(anonymous_8)
FNF:9
FNH:0
FNDA:0,(anonymous_0)
FNDA:0,(anonymous_1)
FNDA:0,(anonymous_2)
FNDA:0,RouteComponent
FNDA:0,(anonymous_4)
FNDA:0,(anonymous_5)
FNDA:0,(anonymous_6)
FNDA:0,(anonymous_7)
FNDA:0,(anonymous_8)
DA:15,1
DA:17,0
DA:18,0
DA:19,0
DA:22,0
DA:23,0
DA:27,0
DA:28,0
DA:29,0
DA:30,0
DA:31,0
DA:33,0
DA:35,0
DA:37,0
DA:38,0
DA:42,0
DA:43,0
DA:46,0
DA:49,0
DA:50,0
DA:53,0
DA:54,0
DA:57,0
LF:23
LH:1
BRDA:37,0,0,0
BRDA:37,0,1,0
BRF:2
BRH:0
end_of_record
TN:
SF:src/routes/_app/settings.tsx
FN:12,(anonymous_0)
FN:18,(anonymous_1)
FN:19,(anonymous_2)
FN:22,RouteComponent
FNF:4
FNH:3
FNDA:0,(anonymous_0)
FNDA:1,(anonymous_1)
FNDA:1,(anonymous_2)
FNDA:1,RouteComponent
DA:11,1
DA:13,0
DA:15,0
DA:18,1
DA:19,1
DA:23,1
LF:6
LH:4
BRF:0
BRH:0
end_of_record
TN:
SF:src/routes/_app/workspace.tsx
FN:14,(anonymous_0)
FN:20,(anonymous_1)
FN:21,(anonymous_2)
FN:24,RouteComponent
FN:27,(anonymous_4)
FNF:5
FNH:5
FNDA:1,(anonymous_0)
FNDA:1,(anonymous_1)
FNDA:1,(anonymous_2)
FNDA:2,RouteComponent
FNDA:2,(anonymous_4)
DA:13,1
DA:15,1
DA:16,1
DA:17,1
DA:20,1
DA:21,1
DA:25,2
DA:27,2
DA:28,2
DA:31,2
LF:10
LH:10
BRF:0
BRH:0
end_of_record
TN:
SF:src/store/addClusterStore.ts
FN:10,(anonymous_0)
FN:13,(anonymous_1)
FN:14,(anonymous_2)
FNF:3
FNH:3
FNDA:2,(anonymous_0)
FNDA:8,(anonymous_1)
FNDA:8,(anonymous_2)
DA:10,2
DA:13,8
DA:14,8
LF:3
LH:3
BRF:0
BRH:0
end_of_record
TN:
SF:src/store/authStore.ts
FN:28,(anonymous_0)
FN:41,(anonymous_1)
FN:56,(anonymous_2)
FN:73,(anonymous_3)
FNF:4
FNH:4
FNDA:4,(anonymous_0)
FNDA:5,(anonymous_1)
FNDA:1,(anonymous_2)
FNDA:4,(anonymous_3)
DA:26,4
DA:28,4
DA:42,5
DA:57,1
DA:73,4
LF:5
LH:5
BRDA:29,0,0,4
BRDA:29,0,1,4
BRDA:30,1,0,4
BRDA:30,1,1,4
BRDA:31,2,0,4
BRDA:31,2,1,4
BRDA:32,3,0,4
BRDA:32,3,1,4
BRDA:33,4,0,4
BRDA:33,4,1,4
BRDA:34,5,0,4
BRDA:34,5,1,4
BRDA:35,6,0,4
BRDA:35,6,1,4
BRDA:36,7,0,4
BRDA:36,7,1,4
BRDA:37,8,0,4
BRDA:37,8,1,4
BRDA:39,9,0,4
BRDA:39,9,1,4
BRF:20
BRH:20
end_of_record
TN:
SF:src/store/chatStore.ts
FN:19,(anonymous_0)
FN:28,(anonymous_1)
FN:29,(anonymous_2)
FN:40,(anonymous_3)
FN:54,(anonymous_4)
FNF:5
FNH:5
FNDA:2,(anonymous_0)
FNDA:4,(anonymous_1)
FNDA:4,(anonymous_2)
FNDA:1,(anonymous_3)
FNDA:2,(anonymous_4)
DA:17,2
DA:19,2
DA:29,4
DA:41,1
DA:54,2
LF:5
LH:5
BRF:0
BRH:0
end_of_record
TN:
SF:src/store/modelStore.ts
FN:27,(anonymous_0)
FN:34,(anonymous_1)
FN:35,(anonymous_2)
FN:36,(anonymous_3)
FN:37,(anonymous_4)
FN:38,(anonymous_5)
FN:39,(anonymous_6)
FN:44,(anonymous_7)
FNF:8
FNH:8
FNDA:1,(anonymous_0)
FNDA:2,(anonymous_1)
FNDA:2,(anonymous_2)
FNDA:4,(anonymous_3)
FNDA:4,(anonymous_4)
FNDA:2,(anonymous_5)
FNDA:2,(anonymous_6)
FNDA:1,(anonymous_7)
DA:25,1
DA:27,1
DA:34,2
DA:35,2
DA:36,4
DA:37,4
DA:38,2
DA:40,2
DA:44,1
LF:9
LH:9
BRF:0
BRH:0
end_of_record
TN:
SF:src/store/roleStore.ts
FN:10,(anonymous_0)
FN:14,(anonymous_1)
FNF:2
FNH:2
FNDA:2,(anonymous_0)
FNDA:5,(anonymous_1)
DA:10,2
DA:16,5
DA:18,5
LF:3
LH:3
BRDA:16,0,0,5
BRDA:16,0,1,1
BRF:2
BRH:2
end_of_record
TN:
SF:src/store/selectedServersStore.ts
FN:36,(anonymous_0)
FN:41,(anonymous_1)
FN:42,(anonymous_2)
FN:43,(anonymous_3)
FN:47,(anonymous_4)
FN:56,(anonymous_5)
FN:80,(anonymous_6)
FN:81,(anonymous_7)
FN:84,(anonymous_8)
FN:91,(anonymous_9)
FN:92,(anonymous_10)
FN:95,(anonymous_11)
FN:97,(anonymous_12)
FN:112,(anonymous_13)
FN:113,(anonymous_14)
FN:115,(anonymous_15)
FN:123,(anonymous_16)
FNF:17
FNH:16
FNDA:2,(anonymous_0)
FNDA:8,(anonymous_1)
FNDA:8,(anonymous_2)
FNDA:3,(anonymous_3)
FNDA:1,(anonymous_4)
FNDA:0,(anonymous_5)
FNDA:2,(anonymous_6)
FNDA:2,(anonymous_7)
FNDA:1,(anonymous_8)
FNDA:8,(anonymous_9)
FNDA:8,(anonymous_10)
FNDA:9,(anonymous_11)
FNDA:16,(anonymous_12)
FNDA:1,(anonymous_13)
FNDA:1,(anonymous_14)
FNDA:2,(anonymous_15)
FNDA:1,(anonymous_16)
DA:34,2
DA:36,2
DA:42,8
DA:43,8
DA:44,8
DA:46,1
DA:47,1
DA:51,1
DA:52,1
DA:53,0
DA:56,0
DA:57,0
DA:60,0
DA:65,1
DA:71,7
DA:77,8
DA:81,2
DA:85,1
DA:92,8
DA:93,8
DA:95,8
DA:96,9
DA:97,9
DA:98,16
DA:108,8
DA:113,1
DA:116,2
DA:124,1
LF:28
LH:24
BRDA:44,0,0,1
BRDA:44,0,1,7
BRDA:52,1,0,0
BRDA:52,1,1,1
BRDA:52,2,0,1
BRDA:52,2,1,0
BRDA:96,3,0,9
BRDA:96,3,1,0
BRDA:96,4,0,9
BRDA:96,4,1,9
BRDA:116,5,0,1
BRDA:116,5,1,1
BRDA:116,6,0,2
BRDA:116,6,1,2
BRF:14
BRH:11
end_of_record
TN:
SF:src/store/websocketStore.ts
FN:17,(anonymous_0)
FN:25,(anonymous_1)
FN:54,(anonymous_2)
FN:79,(anonymous_3)
FN:93,(anonymous_4)
FN:101,(anonymous_5)
FN:132,(anonymous_6)
FN:152,(anonymous_7)
FN:164,(anonymous_8)
FN:166,(anonymous_9)
FN:171,(anonymous_10)
FNF:11
FNH:10
FNDA:2,(anonymous_0)
FNDA:11,(anonymous_1)
FNDA:5,(anonymous_2)
FNDA:0,(anonymous_3)
FNDA:1,(anonymous_4)
FNDA:4,(anonymous_5)
FNDA:1,(anonymous_6)
FNDA:2,(anonymous_7)
FNDA:1,(anonymous_8)
FNDA:1,(anonymous_9)
FNDA:2,(anonymous_10)
DA:17,2
DA:27,11
DA:28,0
DA:31,11
DA:36,11
DA:39,11
DA:41,0
DA:46,11
DA:50,11
DA:52,11
DA:54,11
DA:55,5
DA:63,5
DA:66,5
DA:67,1
DA:71,1
DA:72,1
DA:74,0
DA:79,11
DA:80,0
DA:83,0
DA:84,0
DA:90,0
DA:93,11
DA:94,1
DA:95,1
DA:101,11
DA:102,4
DA:109,4
DA:116,4
DA:117,1
DA:121,3
DA:122,1
DA:125,2
DA:126,2
DA:132,4
DA:133,1
DA:134,1
DA:135,1
DA:140,11
DA:142,0
DA:143,0
DA:153,2
DA:154,2
DA:155,1
DA:156,1
DA:165,1
DA:166,1
DA:167,1
DA:172,2
DA:173,2
DA:174,2
DA:175,2
DA:177,2
DA:180,2
DA:182,2
DA:186,1
DA:187,0
DA:190,1
DA:191,1
LF:60
LH:50
BRDA:27,0,0,0
BRDA:27,0,1,11
BRDA:39,1,0,0
BRDA:39,1,1,11
BRDA:41,2,0,0
BRDA:41,2,1,0
BRDA:66,3,0,1
BRDA:66,3,1,4
BRDA:116,4,0,1
BRDA:116,4,1,3
BRDA:121,5,0,1
BRDA:121,5,1,2
BRDA:125,6,0,2
BRDA:125,6,1,0
BRDA:133,7,0,1
BRDA:133,7,1,0
BRDA:146,8,0,0
BRDA:146,8,1,0
BRDA:154,9,0,1
BRDA:154,9,1,1
BRDA:173,10,0,2
BRDA:173,10,1,0
BRDA:173,11,0,2
BRDA:173,11,1,2
BRDA:180,12,0,1
BRDA:180,12,1,1
BRDA:186,13,0,0
BRDA:186,13,1,1
BRDA:194,14,0,1
BRDA:194,14,1,0
BRF:30
BRH:19
end_of_record
TN:
SF:src/theme/mantineTheme.ts
FNF:0
FNH:0
DA:3,0
LF:1
LH:0
BRF:0
BRH:0
end_of_record
TN:
SF:src/types/accountDetailsType.ts
FNF:0
FNH:0
LF:0
LH:0
BRF:0
BRH:0
end_of_record
TN:
SF:src/types/addClusterType.ts
FNF:0
FNH:0
LF:0
LH:0
BRF:0
BRH:0
end_of_record
TN:
SF:src/types/clustersType.ts
FNF:0
FNH:0
LF:0
LH:0
BRF:0
BRH:0
end_of_record
TN:
SF:src/types/confirmEmailType.ts
FNF:0
FNH:0
LF:0
LH:0
BRF:0
BRH:0
end_of_record
TN:
SF:src/types/deploymentType.ts
FNF:0
FNH:0
LF:0
LH:0
BRF:0
BRH:0
end_of_record
TN:
SF:src/types/deploymentsType.ts
FNF:0
FNH:0
LF:0
LH:0
BRF:0
BRH:0
end_of_record
TN:
SF:src/types/fileUploadType.ts
FNF:0
FNH:0
LF:0
LH:0
BRF:0
BRH:0
end_of_record
TN:
SF:src/types/forgetPasswordType.ts
FNF:0
FNH:0
LF:0
LH:0
BRF:0
BRH:0
end_of_record
TN:
SF:src/types/forgetWorkspaceType.ts
FNF:0
FNH:0
LF:0
LH:0
BRF:0
BRH:0
end_of_record
TN:
SF:src/types/headerType.ts
FNF:0
FNH:0
LF:0
LH:0
BRF:0
BRH:0
end_of_record
TN:
SF:src/types/loginType.ts
FNF:0
FNH:0
LF:0
LH:0
BRF:0
BRH:0
end_of_record
TN:
SF:src/types/marketplaceType.ts
FNF:0
FNH:0
LF:0
LH:0
BRF:0
BRH:0
end_of_record
TN:
SF:src/types/memberInvitationType.ts
FNF:0
FNH:0
LF:0
LH:0
BRF:0
BRH:0
end_of_record
TN:
SF:src/types/platformSetupType.ts
FNF:0
FNH:0
LF:0
LH:0
BRF:0
BRH:0
end_of_record
TN:
SF:src/types/playgroundType.ts
FNF:0
FNH:0
LF:0
LH:0
BRF:0
BRH:0
end_of_record
TN:
SF:src/types/projectType.ts
FNF:0
FNH:0
LF:0
LH:0
BRF:0
BRH:0
end_of_record
TN:
SF:src/types/projectsType.ts
FNF:0
FNH:0
LF:0
LH:0
BRF:0
BRH:0
end_of_record
TN:
SF:src/types/serverType.ts
FNF:0
FNH:0
LF:0
LH:0
BRF:0
BRH:0
end_of_record
TN:
SF:src/types/serversType.ts
FNF:0
FNH:0
LF:0
LH:0
BRF:0
BRH:0
end_of_record
TN:
SF:src/types/signupType.ts
FNF:0
FNH:0
LF:0
LH:0
BRF:0
BRH:0
end_of_record
TN:
SF:src/types/workspaceType.ts
FNF:0
FNH:0
LF:0
LH:0
BRF:0
BRH:0
end_of_record
TN:
SF:src/utils/commonFunction.tsx
FN:3,(anonymous_0)
FN:13,(anonymous_1)
FN:18,(anonymous_2)
FN:33,(anonymous_3)
FN:58,(anonymous_4)
FN:94,(anonymous_5)
FN:101,timeAgo
FN:160,(anonymous_7)
FN:204,getRawGithubFileUrl
FN:225,removeBackticks
FN:230,(anonymous_10)
FN:238,(anonymous_11)
FN:250,(anonymous_12)
FN:251,(anonymous_13)
FN:262,(anonymous_14)
FN:265,(anonymous_15)
FN:266,(anonymous_16)
FN:300,(anonymous_17)
FN:328,getStrength
FN:331,(anonymous_19)
FNF:20
FNH:20
FNDA:5,(anonymous_0)
FNDA:8,(anonymous_1)
FNDA:5,(anonymous_2)
FNDA:9,(anonymous_3)
FNDA:12,(anonymous_4)
FNDA:5,(anonymous_5)
FNDA:18,timeAgo
FNDA:19,(anonymous_7)
FNDA:4,getRawGithubFileUrl
FNDA:65,removeBackticks
FNDA:23,(anonymous_10)
FNDA:7,(anonymous_11)
FNDA:9,(anonymous_12)
FNDA:16,(anonymous_13)
FNDA:11,(anonymous_14)
FNDA:9,(anonymous_15)
FNDA:18,(anonymous_16)
FNDA:15,(anonymous_17)
FNDA:14,getStrength
FNDA:56,(anonymous_19)
DA:3,3
DA:4,5
DA:5,4
DA:8,1
DA:13,3
DA:14,8
DA:15,5
DA:18,3
DA:19,5
DA:21,1
DA:23,1
DA:25,1
DA:27,1
DA:29,1
DA:33,3
DA:34,9
DA:36,9
DA:37,1
DA:40,8
DA:41,2
DA:45,6
DA:46,2
DA:47,4
DA:48,2
DA:50,2
DA:53,6
DA:58,3
DA:60,12
DA:61,4
DA:64,8
DA:65,8
DA:68,8
DA:69,8
DA:70,8
DA:72,8
DA:73,1
DA:74,7
DA:75,1
DA:76,6
DA:77,1
DA:78,5
DA:79,1
DA:80,4
DA:81,1
DA:82,3
DA:83,1
DA:84,1
DA:85,2
DA:86,1
DA:87,1
DA:89,1
DA:90,1
DA:94,3
DA:95,5
DA:96,4
DA:97,3
DA:98,2
DA:103,18
DA:104,4
DA:108,14
DA:112,14
DA:115,14
DA:118,14
DA:119,1
DA:121,13
DA:123,0
DA:126,13
DA:129,13
DA:130,13
DA:131,13
DA:132,13
DA:133,13
DA:134,13
DA:137,13
DA:138,1
DA:139,12
DA:140,2
DA:141,2
DA:142,10
DA:143,2
DA:144,2
DA:145,8
DA:146,2
DA:147,2
DA:148,6
DA:149,2
DA:150,2
DA:151,4
DA:152,2
DA:153,2
DA:155,2
DA:156,2
DA:160,3
DA:162,19
DA:163,5
DA:166,14
DA:167,14
DA:170,14
DA:171,14
DA:172,14
DA:174,14
DA:175,1
DA:176,13
DA:177,1
DA:178,12
DA:179,1
DA:180,11
DA:181,1
DA:182,10
DA:183,1
DA:184,9
DA:185,1
DA:186,1
DA:187,8
DA:188,1
DA:189,1
DA:191,7
DA:192,7
DA:209,4
DA:210,4
DA:211,4
DA:213,4
DA:214,2
DA:217,2
DA:219,2
DA:220,2
DA:226,65
DA:230,3
DA:231,23
DA:233,23
DA:235,23
DA:236,6
DA:238,6
DA:239,7
DA:240,7
DA:243,6
DA:249,6
DA:250,6
DA:251,16
DA:254,6
DA:257,6
DA:260,6
DA:261,6
DA:262,11
DA:265,6
DA:266,9
DA:267,18
DA:268,18
DA:269,15
DA:270,6
DA:272,9
DA:275,6
DA:278,6
DA:285,1
DA:289,6
DA:293,0
DA:296,17
DA:300,3
DA:301,15
DA:303,15
DA:304,4
DA:307,15
DA:309,15
DA:312,15
DA:315,15
DA:317,15
DA:321,3
DA:329,14
DA:331,14
DA:332,56
DA:333,28
DA:337,14
LF:172
LH:170
BRDA:4,0,0,4
BRDA:4,0,1,1
BRDA:4,1,0,5
BRDA:4,1,1,2
BRDA:14,2,0,3
BRDA:14,2,1,5
BRDA:15,3,0,5
BRDA:15,3,1,4
BRDA:19,4,0,1
BRDA:19,4,1,1
BRDA:19,4,2,1
BRDA:19,4,3,1
BRDA:19,4,4,1
BRDA:36,5,0,1
BRDA:36,5,1,8
BRDA:36,6,0,9
BRDA:36,6,1,6
BRDA:40,7,0,2
BRDA:40,7,1,6
BRDA:40,8,0,8
BRDA:40,8,1,7
BRDA:45,9,0,2
BRDA:45,9,1,4
BRDA:47,10,0,2
BRDA:47,10,1,2
BRDA:54,11,0,2
BRDA:54,11,1,4
BRDA:60,12,0,4
BRDA:60,12,1,8
BRDA:60,13,0,12
BRDA:60,13,1,9
BRDA:72,14,0,1
BRDA:72,14,1,7
BRDA:74,15,0,1
BRDA:74,15,1,6
BRDA:76,16,0,1
BRDA:76,16,1,5
BRDA:78,17,0,1
BRDA:78,17,1,4
BRDA:80,18,0,1
BRDA:80,18,1,3
BRDA:82,19,0,1
BRDA:82,19,1,2
BRDA:84,20,0,0
BRDA:84,20,1,1
BRDA:85,21,0,1
BRDA:85,21,1,1
BRDA:87,22,0,0
BRDA:87,22,1,1
BRDA:90,23,0,0
BRDA:90,23,1,1
BRDA:95,24,0,1
BRDA:95,24,1,4
BRDA:96,25,0,1
BRDA:96,25,1,3
BRDA:97,26,0,1
BRDA:97,26,1,2
BRDA:103,27,0,4
BRDA:103,27,1,14
BRDA:103,28,0,18
BRDA:103,28,1,15
BRDA:112,29,0,2
BRDA:112,29,1,12
BRDA:118,30,0,1
BRDA:118,30,1,13
BRDA:121,31,0,0
BRDA:121,31,1,13
BRDA:137,32,0,1
BRDA:137,32,1,12
BRDA:139,33,0,2
BRDA:139,33,1,10
BRDA:141,34,0,0
BRDA:141,34,1,2
BRDA:142,35,0,2
BRDA:142,35,1,8
BRDA:144,36,0,1
BRDA:144,36,1,1
BRDA:145,37,0,2
BRDA:145,37,1,6
BRDA:147,38,0,1
BRDA:147,38,1,1
BRDA:148,39,0,2
BRDA:148,39,1,4
BRDA:150,40,0,1
BRDA:150,40,1,1
BRDA:151,41,0,2
BRDA:151,41,1,2
BRDA:153,42,0,1
BRDA:153,42,1,1
BRDA:156,43,0,1
BRDA:156,43,1,1
BRDA:162,44,0,5
BRDA:162,44,1,14
BRDA:162,45,0,19
BRDA:162,45,1,15
BRDA:174,46,0,1
BRDA:174,46,1,13
BRDA:176,47,0,1
BRDA:176,47,1,12
BRDA:178,48,0,1
BRDA:178,48,1,11
BRDA:180,49,0,1
BRDA:180,49,1,10
BRDA:182,50,0,1
BRDA:182,50,1,9
BRDA:184,51,0,1
BRDA:184,51,1,8
BRDA:186,52,0,0
BRDA:186,52,1,1
BRDA:187,53,0,1
BRDA:187,53,1,7
BRDA:189,54,0,0
BRDA:189,54,1,1
BRDA:192,55,0,6
BRDA:192,55,1,1
BRDA:207,56,0,3
BRDA:213,57,0,2
BRDA:213,57,1,2
BRDA:213,58,0,4
BRDA:213,58,1,2
BRDA:235,59,0,6
BRDA:235,59,1,17
BRDA:243,60,0,6
BRDA:243,60,1,0
BRDA:244,61,0,6
BRDA:244,61,1,6
BRDA:244,61,2,6
BRDA:268,62,0,3
BRDA:268,62,1,15
BRDA:268,63,0,18
BRDA:268,63,1,17
BRDA:269,64,0,9
BRDA:269,64,1,6
BRDA:303,65,0,4
BRDA:303,65,1,11
BRDA:303,66,0,15
BRDA:303,66,1,4
BRDA:329,67,0,9
BRDA:329,67,1,5
BRDA:332,68,0,28
BRDA:332,68,1,28
BRF:141
BRH:133
end_of_record
TN:
SF:src/utils/notification.tsx
FN:7,(anonymous_0)
FN:26,(anonymous_1)
FNF:2
FNH:2
FNDA:3,(anonymous_0)
FNDA:3,(anonymous_1)
DA:7,3
DA:8,3
DA:10,1
DA:12,1
DA:14,1
DA:16,0
DA:20,3
DA:26,3
DA:27,3
LF:9
LH:8
BRDA:8,0,0,1
BRDA:8,0,1,1
BRDA:8,0,2,1
BRDA:8,0,3,0
BRF:4
BRH:3
end_of_record
TN:
SF:src/utils/routeProtection.ts
FN:7,(anonymous_0)
FN:15,(anonymous_1)
FN:20,(anonymous_2)
FN:22,(anonymous_3)
FN:23,(anonymous_4)
FN:25,(anonymous_5)
FN:40,(anonymous_6)
FN:41,(anonymous_7)
FN:56,(anonymous_8)
FN:63,(anonymous_9)
FN:65,(anonymous_10)
FN:67,(anonymous_11)
FN:77,(anonymous_12)
FN:80,(anonymous_13)
FN:103,(anonymous_14)
FNF:15
FNH:15
FNDA:3,(anonymous_0)
FNDA:12,(anonymous_1)
FNDA:3,(anonymous_2)
FNDA:3,(anonymous_3)
FNDA:3,(anonymous_4)
FNDA:6,(anonymous_5)
FNDA:6,(anonymous_6)
FNDA:6,(anonymous_7)
FNDA:3,(anonymous_8)
FNDA:2,(anonymous_9)
FNDA:2,(anonymous_10)
FNDA:4,(anonymous_11)
FNDA:4,(anonymous_12)
FNDA:10,(anonymous_13)
FNDA:8,(anonymous_14)
DA:7,2
DA:9,3
DA:11,3
DA:15,2
DA:16,12
DA:20,2
DA:21,3
DA:22,3
DA:23,3
DA:25,3
DA:27,6
DA:28,2
DA:29,2
DA:30,2
DA:34,4
DA:35,2
DA:40,3
DA:41,6
DA:42,6
DA:43,6
DA:44,1
DA:45,1
DA:50,6
DA:53,6
DA:56,6
DA:59,3
DA:63,2
DA:64,2
DA:65,2
DA:67,2
DA:68,4
DA:69,2
DA:73,2
DA:77,2
DA:78,4
DA:80,4
DA:81,10
DA:82,10
DA:83,1
DA:86,9
DA:87,9
DA:88,9
DA:92,6
DA:93,6
DA:96,3
DA:98,0
DA:99,0
DA:103,4
DA:104,8
DA:105,2
DA:106,2
DA:107,2
DA:110,6
DA:111,6
DA:112,4
DA:116,4
LF:56
LH:54
BRDA:16,0,0,12
BRDA:16,0,1,3
BRDA:27,1,0,2
BRDA:27,1,1,4
BRDA:34,2,0,2
BRDA:34,2,1,2
BRDA:43,3,0,1
BRDA:43,3,1,5
BRDA:68,4,0,2
BRDA:68,4,1,2
BRDA:82,5,0,1
BRDA:82,5,1,9
BRDA:82,6,0,10
BRDA:82,6,1,9
BRDA:88,7,0,6
BRDA:88,7,1,3
BRDA:89,8,0,9
BRDA:89,8,1,6
BRDA:89,8,2,6
BRDA:104,9,0,2
BRDA:104,9,1,6
BRDA:104,10,0,8
BRDA:104,10,1,6
BRDA:111,11,0,4
BRDA:111,11,1,2
BRF:25
BRH:25
end_of_record
